Log file open, 11/15/19 11:24:36
LogWindows: Failed to load 'aqProf.dll' (GetLastError=126)
LogWindows: File 'aqProf.dll' does not exist
LogWindows: Failed to load 'VtuneApi.dll' (GetLastError=126)
LogWindows: File 'VtuneApi.dll' does not exist
LogWindows: Failed to load 'VtuneApi32e.dll' (GetLastError=126)
LogWindows: File 'VtuneApi32e.dll' does not exist
LogConsoleResponse: Display: Failed to find resolution value strings in scalability ini. Falling back to default.
LogInit: Display: Running engine for game: Space_Game
LogPlatformFile: Not using cached read wrapper
LogTaskGraph: Started task graph with 5 named threads and 23 total threads with 3 sets of task threads.
LogStats: Stats thread started at 0.083487
LogD3D11RHI: Loaded GFSDK_Aftermath_Lib.x64.dll
LogICUInternationalization: ICU TimeZone Detection - Raw Offset: -8:00, Platform Override: ''
LogPluginManager: Mounting plugin Paper2D
LogPluginManager: Mounting plugin AISupport
LogPluginManager: Mounting plugin LightPropagationVolume
LogPluginManager: Mounting plugin ActorLayerUtilities
LogPluginManager: Mounting plugin AnimationSharing
LogPluginManager: Mounting plugin CLionSourceCodeAccess
LogPluginManager: Mounting plugin CodeLiteSourceCodeAccess
LogPluginManager: Mounting plugin GitSourceControl
LogPluginManager: Mounting plugin KDevelopSourceCodeAccess
LogPluginManager: Mounting plugin NullSourceCodeAccess
LogPluginManager: Mounting plugin PerforceSourceControl
LogPluginManager: Mounting plugin SubversionSourceControl
LogPluginManager: Mounting plugin UObjectPlugin
LogPluginManager: Mounting plugin VisualStudioCodeSourceCodeAccess
LogPluginManager: Mounting plugin VisualStudioSourceCodeAccess
LogPluginManager: Mounting plugin XCodeSourceCodeAccess
LogPluginManager: Mounting plugin AssetManagerEditor
LogPluginManager: Mounting plugin CryptoKeys
LogPluginManager: Mounting plugin CurveEditorTools
LogPluginManager: Mounting plugin DataValidation
LogPluginManager: Mounting plugin FacialAnimation
LogPluginManager: Mounting plugin GameplayTagsEditor
LogPluginManager: Mounting plugin MacGraphicsSwitching
LogPluginManager: Mounting plugin MaterialAnalyzer
LogPluginManager: Mounting plugin MobileLauncherProfileWizard
LogPluginManager: Mounting plugin PluginBrowser
LogPluginManager: Mounting plugin SpeedTreeImporter
LogPluginManager: Mounting plugin DatasmithContent
LogPluginManager: Mounting plugin VariantManagerContent
LogPluginManager: Mounting plugin AlembicImporter
LogPluginManager: Mounting plugin AutomationUtils
LogPluginManager: Mounting plugin BackChannel
LogPluginManager: Mounting plugin CharacterAI
LogPluginManager: Mounting plugin GeometryCache
LogPluginManager: Mounting plugin HTML5Networking
LogPluginManager: Mounting plugin PlatformCrypto
LogPluginManager: Mounting plugin ProxyLODPlugin
LogPluginManager: Mounting plugin SkeletalReduction
LogPluginManager: Mounting plugin MagicLeap
LogPluginManager: Mounting plugin MagicLeapMedia
LogPluginManager: Mounting plugin AndroidMedia
LogPluginManager: Mounting plugin AvfMedia
LogPluginManager: Mounting plugin ImgMedia
LogPluginManager: Mounting plugin MediaCompositing
LogPluginManager: Mounting plugin MediaPlayerEditor
LogPluginManager: Mounting plugin WebMMedia
LogPluginManager: Mounting plugin WmfMedia
LogPluginManager: Mounting plugin TcpMessaging
LogPluginManager: Mounting plugin UdpMessaging
LogPluginManager: Mounting plugin ActorSequence
LogPluginManager: Mounting plugin LevelSequenceEditor
LogPluginManager: Mounting plugin MatineeToLevelSequence
LogPluginManager: Mounting plugin NetcodeUnitTest
LogPluginManager: Mounting plugin NUTUnrealEngine4
LogPluginManager: Mounting plugin OnlineSubsystemGooglePlay
LogPluginManager: Mounting plugin OnlineSubsystemIOS
LogPluginManager: Mounting plugin OnlineSubsystem
LogPluginManager: Mounting plugin OnlineSubsystemNull
LogPluginManager: Mounting plugin OnlineSubsystemUtils
LogPluginManager: Mounting plugin LauncherChunkInstaller
LogPluginManager: Mounting plugin AndroidDeviceProfileSelector
LogPluginManager: Mounting plugin AndroidMoviePlayer
LogPluginManager: Mounting plugin AndroidPermission
LogPluginManager: Mounting plugin AppleImageUtils
LogPluginManager: Mounting plugin AppleMoviePlayer
LogPluginManager: Mounting plugin ArchVisCharacter
LogPluginManager: Mounting plugin AudioCapture
LogPluginManager: Mounting plugin CableComponent
LogPluginManager: Mounting plugin CustomMeshComponent
LogPluginManager: Mounting plugin EditableMesh
LogPluginManager: Mounting plugin ExampleDeviceProfileSelector
LogPluginManager: Mounting plugin GoogleCloudMessaging
LogPluginManager: Mounting plugin IOSDeviceProfileSelector
LogPluginManager: Mounting plugin LinuxDeviceProfileSelector
LogPluginManager: Mounting plugin LocationServicesBPLibrary
LogPluginManager: Mounting plugin MobilePatchingUtils
LogPluginManager: Mounting plugin OculusVR
LogPluginManager: Mounting plugin PhysXVehicles
LogPluginManager: Mounting plugin ProceduralMeshComponent
LogPluginManager: Mounting plugin RuntimePhysXCooking
LogPluginManager: Mounting plugin SignificanceManager
LogPluginManager: Mounting plugin SteamVR
LogPluginManager: Mounting plugin WebMMoviePlayer
LogPluginManager: Mounting plugin WindowsMoviePlayer
LogPluginManager: Mounting plugin ScreenshotTools
LogInit: Using libcurl 7.55.1-DEV
LogInit:  - built for x86_64-pc-win32
LogInit:  - supports SSL with OpenSSL/1.1.1
LogInit:  - supports HTTP deflate (compression) using libz 1.2.8
LogInit:  - other features:
LogInit:      CURL_VERSION_SSL
LogInit:      CURL_VERSION_LIBZ
LogInit:      CURL_VERSION_IPV6
LogInit:      CURL_VERSION_ASYNCHDNS
LogInit:      CURL_VERSION_LARGEFILE
LogInit:      CURL_VERSION_IDN
LogInit:  CurlRequestOptions (configurable via config and command line):
LogInit:  - bVerifyPeer = true  - Libcurl will verify peer certificate
LogInit:  - bUseHttpProxy = false  - Libcurl will NOT use HTTP proxy
LogInit:  - bDontReuseConnections = false  - Libcurl will reuse connections
LogInit:  - MaxHostConnections = 16  - Libcurl will limit the number of connections to a host
LogInit:  - LocalHostAddr = Default
LogInit:  - BufferSize = 65536
LogOnline: OSS: Creating online subsystem instance for: NULL
LogInit: WinSock: version 1.1 (2.2), MaxSocks=32767, MaxUdp=65467
LogInit: Build: ++UE4+Release-4.23-CL-8386587
LogInit: Engine Version: 4.23.0-8386587+++UE4+Release-4.23
LogInit: Compatible Engine Version: 4.23.0-8386587+++UE4+Release-4.23
LogInit: Net CL: 8386587
LogInit: OS: Windows 10 (Release 1803) (), CPU: Intel(R) Core(TM) i7-4790K CPU @ 4.00GHz, GPU: NVIDIA GeForce GTX 960
LogInit: Compiled (64-bit): Aug 31 2019 02:04:44
LogInit: Compiled with Visual C++: 19.16.27030.01
LogInit: Build Configuration: Development
LogInit: Branch Name: ++UE4+Release-4.23
LogInit: Command Line:  /Game/Levels/testmap -game -PIEVIACONSOLE -ResX=1280 -ResY=720 -Multiprocess -messaging -SessionName="Play in Standalone Game" -windowed
LogInit: Base Directory: D:/Program Files/Unreal Engine 4/UE_4.23/Engine/Binaries/Win64/
LogInit: Installed Engine Build: 1
LogDevObjectVersion: Number of dev versions registered: 23
LogDevObjectVersion:   Dev-Blueprints (B0D832E4-1F89-4F0D-ACCF-7EB736FD4AA2): 10
LogDevObjectVersion:   Dev-Build (E1C64328-A22C-4D53-A36C-8E866417BD8C): 0
LogDevObjectVersion:   Dev-Core (375EC13C-06E4-48FB-B500-84F0262A717E): 3
LogDevObjectVersion:   Dev-Editor (E4B068ED-F494-42E9-A231-DA0B2E46BB41): 34
LogDevObjectVersion:   Dev-Framework (CFFC743F-43B0-4480-9391-14DF171D2073): 35
LogDevObjectVersion:   Dev-Mobile (B02B49B5-BB20-44E9-A304-32B752E40360): 2
LogDevObjectVersion:   Dev-Networking (A4E4105C-59A1-49B5-A7C5-40C4547EDFEE): 0
LogDevObjectVersion:   Dev-Online (39C831C9-5AE6-47DC-9A44-9C173E1C8E7C): 0
LogDevObjectVersion:   Dev-Physics (78F01B33-EBEA-4F98-B9B4-84EACCB95AA2): 0
LogDevObjectVersion:   Dev-Platform (6631380F-2D4D-43E0-8009-CF276956A95A): 0
LogDevObjectVersion:   Dev-Rendering (12F88B9F-8875-4AFC-A67C-D90C383ABD29): 31
LogDevObjectVersion:   Dev-Sequencer (7B5AE74C-D270-4C10-A958-57980B212A5A): 11
LogDevObjectVersion:   Dev-VR (D7296918-1DD6-4BDD-9DE2-64A83CC13884): 2
LogDevObjectVersion:   Dev-LoadTimes (C2A15278-BFE7-4AFE-6C17-90FF531DF755): 1
LogDevObjectVersion:   Private-Geometry (6EACA3D4-40EC-4CC1-B786-8BED09428FC5): 3
LogDevObjectVersion:   Dev-AnimPhys (29E575DD-E0A3-4627-9D10-D276232CDCEA): 17
LogDevObjectVersion:   Dev-Anim (AF43A65D-7FD3-4947-9873-3E8ED9C1BB05): 2
LogDevObjectVersion:   Dev-ReflectionCapture (6B266CEC-1EC7-4B8F-A30B-E4D90942FC07): 1
LogDevObjectVersion:   Dev-Automation (0DF73D61-A23F-47EA-B727-89E90C41499A): 1
LogDevObjectVersion:   FortniteMain (601D1886-AC64-4F84-AA16-D3DE0DEAC7D6): 27
LogDevObjectVersion:   Dev-Enterprise (9DFFBCD6-494F-0158-E221-12823C92A888): 6
LogDevObjectVersion:   Dev-Niagara (F2AED0AC-9AFE-416F-8664-AA7FFA26D6FC): 1
LogDevObjectVersion:   Dev-Destruction (174F1F0B-B4C6-45A5-B13F-2EE8D0FB917D): 9
LogInit: Presizing for max 16777216 objects, including 0 objects not considered by GC, pre-allocating 0 bytes for permanent pool.
LogInit: Object subsystem initialized
LogConfig: Setting CVar [[con.DebugEarlyDefault:1]]
LogConfig: Setting CVar [[r.setres:1280x720]]
[2019.11.15-19.24.37:175][  0]LogConfig: Setting CVar [[con.DebugEarlyDefault:1]]
[2019.11.15-19.24.37:175][  0]LogConfig: Setting CVar [[r.setres:1280x720]]
[2019.11.15-19.24.37:175][  0]LogConfig: Applying CVar settings from Section [/Script/Engine.RendererSettings] File [D:/Unreal Projects/Von Smith/Space-Game/Space_Game/Saved/Config/Windows/Engine.ini]
[2019.11.15-19.24.37:175][  0]LogConfig: Setting CVar [[r.GPUCrashDebugging:0]]
[2019.11.15-19.24.37:175][  0]LogConfig: Applying CVar settings from Section [/Script/Engine.RendererOverrideSettings] File [D:/Unreal Projects/Von Smith/Space-Game/Space_Game/Saved/Config/Windows/Engine.ini]
[2019.11.15-19.24.37:175][  0]LogConfig: Applying CVar settings from Section [/Script/Engine.StreamingSettings] File [D:/Unreal Projects/Von Smith/Space-Game/Space_Game/Saved/Config/Windows/Engine.ini]
[2019.11.15-19.24.37:175][  0]LogConfig: Setting CVar [[s.MinBulkDataSizeForAsyncLoading:131072]]
[2019.11.15-19.24.37:175][  0]LogConfig: Setting CVar [[s.AsyncLoadingThreadEnabled:0]]
[2019.11.15-19.24.37:175][  0]LogConfig: Setting CVar [[s.EventDrivenLoaderEnabled:1]]
[2019.11.15-19.24.37:175][  0]LogConfig: Setting CVar [[s.WarnIfTimeLimitExceeded:0]]
[2019.11.15-19.24.37:175][  0]LogConfig: Setting CVar [[s.TimeLimitExceededMultiplier:1.5]]
[2019.11.15-19.24.37:175][  0]LogConfig: Setting CVar [[s.TimeLimitExceededMinTime:0.005]]
[2019.11.15-19.24.37:175][  0]LogConfig: Setting CVar [[s.UseBackgroundLevelStreaming:1]]
[2019.11.15-19.24.37:175][  0]LogConfig: Setting CVar [[s.PriorityAsyncLoadingExtraTime:15.0]]
[2019.11.15-19.24.37:175][  0]LogConfig: Setting CVar [[s.LevelStreamingActorsUpdateTimeLimit:5.0]]
[2019.11.15-19.24.37:175][  0]LogConfig: Setting CVar [[s.PriorityLevelStreamingActorsUpdateExtraTime:5.0]]
[2019.11.15-19.24.37:175][  0]LogConfig: Setting CVar [[s.LevelStreamingComponentsRegistrationGranularity:10]]
[2019.11.15-19.24.37:175][  0]LogConfig: Setting CVar [[s.UnregisterComponentsTimeLimit:1.0]]
[2019.11.15-19.24.37:175][  0]LogConfig: Setting CVar [[s.LevelStreamingComponentsUnregistrationGranularity:5]]
[2019.11.15-19.24.37:175][  0]LogConfig: Applying CVar settings from Section [/Script/Engine.GarbageCollectionSettings] File [D:/Unreal Projects/Von Smith/Space-Game/Space_Game/Saved/Config/Windows/Engine.ini]
[2019.11.15-19.24.37:175][  0]LogConfig: Setting CVar [[gc.MaxObjectsNotConsideredByGC:1]]
[2019.11.15-19.24.37:175][  0]LogConfig: Setting CVar [[gc.SizeOfPermanentObjectPool:0]]
[2019.11.15-19.24.37:175][  0]LogConfig: Setting CVar [[gc.FlushStreamingOnGC:0]]
[2019.11.15-19.24.37:175][  0]LogConfig: Setting CVar [[gc.NumRetriesBeforeForcingGC:10]]
[2019.11.15-19.24.37:175][  0]LogConfig: Setting CVar [[gc.AllowParallelGC:1]]
[2019.11.15-19.24.37:175][  0]LogConfig: Setting CVar [[gc.TimeBetweenPurgingPendingKillObjects:61.1]]
[2019.11.15-19.24.37:175][  0]LogConfig: Setting CVar [[gc.MaxObjectsInEditor:16777216]]
[2019.11.15-19.24.37:175][  0]LogConfig: Setting CVar [[gc.IncrementalBeginDestroyEnabled:1]]
[2019.11.15-19.24.37:175][  0]LogConfig: Setting CVar [[gc.CreateGCClusters:1]]
[2019.11.15-19.24.37:175][  0]LogConfig: Setting CVar [[gc.MinGCClusterSize:5]]
[2019.11.15-19.24.37:175][  0]LogConfig: Setting CVar [[gc.ActorClusteringEnabled:0]]
[2019.11.15-19.24.37:175][  0]LogConfig: Setting CVar [[gc.BlueprintClusteringEnabled:0]]
[2019.11.15-19.24.37:175][  0]LogConfig: Setting CVar [[gc.UseDisregardForGCOnDedicatedServers:0]]
[2019.11.15-19.24.37:175][  0]LogConfig: Applying CVar settings from Section [/Script/Engine.NetworkSettings] File [D:/Unreal Projects/Von Smith/Space-Game/Space_Game/Saved/Config/Windows/Engine.ini]
[2019.11.15-19.24.37:175][  0]LogConfig: Applying CVar settings from Section [/Script/UnrealEd.CookerSettings] File [D:/Unreal Projects/Von Smith/Space-Game/Space_Game/Saved/Config/Windows/Engine.ini]
[2019.11.15-19.24.37:178][  0]LogConfig: Applying CVar settings from Section [ViewDistanceQuality@3] File [D:/Unreal Projects/Von Smith/Space-Game/Space_Game/Saved/Config/Windows/Scalability.ini]
[2019.11.15-19.24.37:178][  0]LogConfig: Setting CVar [[r.SkeletalMeshLODBias:0]]
[2019.11.15-19.24.37:178][  0]LogConfig: Setting CVar [[r.ViewDistanceScale:1.0]]
[2019.11.15-19.24.37:178][  0]LogConfig: Applying CVar settings from Section [AntiAliasingQuality@3] File [D:/Unreal Projects/Von Smith/Space-Game/Space_Game/Saved/Config/Windows/Scalability.ini]
[2019.11.15-19.24.37:178][  0]LogConfig: Setting CVar [[r.PostProcessAAQuality:4]]
[2019.11.15-19.24.37:178][  0]LogConfig: Applying CVar settings from Section [ShadowQuality@3] File [D:/Unreal Projects/Von Smith/Space-Game/Space_Game/Saved/Config/Windows/Scalability.ini]
[2019.11.15-19.24.37:179][  0]LogConfig: Setting CVar [[r.LightFunctionQuality:1]]
[2019.11.15-19.24.37:179][  0]LogConfig: Setting CVar [[r.ShadowQuality:5]]
[2019.11.15-19.24.37:179][  0]LogConfig: Setting CVar [[r.Shadow.CSM.MaxCascades:10]]
[2019.11.15-19.24.37:179][  0]LogConfig: Setting CVar [[r.Shadow.MaxResolution:2048]]
[2019.11.15-19.24.37:179][  0]LogConfig: Setting CVar [[r.Shadow.MaxCSMResolution:2048]]
[2019.11.15-19.24.37:179][  0]LogConfig: Setting CVar [[r.Shadow.RadiusThreshold:0.01]]
[2019.11.15-19.24.37:179][  0]LogConfig: Setting CVar [[r.Shadow.DistanceScale:1.0]]
[2019.11.15-19.24.37:179][  0]LogConfig: Setting CVar [[r.Shadow.CSM.TransitionScale:1.0]]
[2019.11.15-19.24.37:179][  0]LogConfig: Setting CVar [[r.Shadow.PreShadowResolutionFactor:1.0]]
[2019.11.15-19.24.37:179][  0]LogConfig: Setting CVar [[r.DistanceFieldShadowing:1]]
[2019.11.15-19.24.37:179][  0]LogConfig: Setting CVar [[r.DistanceFieldAO:1]]
[2019.11.15-19.24.37:179][  0]LogConfig: Setting CVar [[r.AOQuality:2]]
[2019.11.15-19.24.37:179][  0]LogConfig: Setting CVar [[r.VolumetricFog:1]]
[2019.11.15-19.24.37:179][  0]LogConfig: Setting CVar [[r.VolumetricFog.GridPixelSize:8]]
[2019.11.15-19.24.37:179][  0]LogConfig: Setting CVar [[r.VolumetricFog.GridSizeZ:128]]
[2019.11.15-19.24.37:179][  0]LogConfig: Setting CVar [[r.VolumetricFog.HistoryMissSupersampleCount:4]]
[2019.11.15-19.24.37:179][  0]LogConfig: Setting CVar [[r.LightMaxDrawDistanceScale:1]]
[2019.11.15-19.24.37:179][  0]LogConfig: Setting CVar [[r.CapsuleShadows:1]]
[2019.11.15-19.24.37:179][  0]LogConfig: Applying CVar settings from Section [PostProcessQuality@3] File [D:/Unreal Projects/Von Smith/Space-Game/Space_Game/Saved/Config/Windows/Scalability.ini]
[2019.11.15-19.24.37:179][  0]LogConfig: Setting CVar [[r.MotionBlurQuality:4]]
[2019.11.15-19.24.37:179][  0]LogConfig: Setting CVar [[r.AmbientOcclusionMipLevelFactor:0.4]]
[2019.11.15-19.24.37:179][  0]LogConfig: Setting CVar [[r.AmbientOcclusionMaxQuality:100]]
[2019.11.15-19.24.37:179][  0]LogConfig: Setting CVar [[r.AmbientOcclusionLevels:-1]]
[2019.11.15-19.24.37:179][  0]LogConfig: Setting CVar [[r.AmbientOcclusionRadiusScale:1.0]]
[2019.11.15-19.24.37:179][  0]LogConfig: Setting CVar [[r.DepthOfFieldQuality:2]]
[2019.11.15-19.24.37:179][  0]LogConfig: Setting CVar [[r.RenderTargetPoolMin:400]]
[2019.11.15-19.24.37:179][  0]LogConfig: Setting CVar [[r.LensFlareQuality:2]]
[2019.11.15-19.24.37:179][  0]LogConfig: Setting CVar [[r.SceneColorFringeQuality:1]]
[2019.11.15-19.24.37:179][  0]LogConfig: Setting CVar [[r.EyeAdaptationQuality:2]]
[2019.11.15-19.24.37:179][  0]LogConfig: Setting CVar [[r.BloomQuality:5]]
[2019.11.15-19.24.37:179][  0]LogConfig: Setting CVar [[r.FastBlurThreshold:100]]
[2019.11.15-19.24.37:179][  0]LogConfig: Setting CVar [[r.Upscale.Quality:3]]
[2019.11.15-19.24.37:179][  0]LogConfig: Setting CVar [[r.Tonemapper.GrainQuantization:1]]
[2019.11.15-19.24.37:179][  0]LogConfig: Setting CVar [[r.LightShaftQuality:1]]
[2019.11.15-19.24.37:179][  0]LogConfig: Setting CVar [[r.Filter.SizeScale:1]]
[2019.11.15-19.24.37:179][  0]LogConfig: Setting CVar [[r.Tonemapper.Quality:5]]
[2019.11.15-19.24.37:179][  0]LogConfig: Setting CVar [[r.DOF.Gather.AccumulatorQuality:1        ; higher gathering accumulator quality]]
[2019.11.15-19.24.37:179][  0]LogConfig: Setting CVar [[r.DOF.Gather.PostfilterMethod:1          ; Median3x3 postfilering method]]
[2019.11.15-19.24.37:179][  0]LogConfig: Setting CVar [[r.DOF.Gather.EnableBokehSettings:0       ; no bokeh simulation when gathering]]
[2019.11.15-19.24.37:179][  0]LogConfig: Setting CVar [[r.DOF.Gather.RingCount:4                 ; medium number of samples when gathering]]
[2019.11.15-19.24.37:179][  0]LogConfig: Setting CVar [[r.DOF.Scatter.ForegroundCompositing:1    ; additive foreground scattering]]
[2019.11.15-19.24.37:179][  0]LogConfig: Setting CVar [[r.DOF.Scatter.BackgroundCompositing:2    ; additive background scattering]]
[2019.11.15-19.24.37:179][  0]LogConfig: Setting CVar [[r.DOF.Scatter.EnableBokehSettings:1      ; bokeh simulation when scattering]]
[2019.11.15-19.24.37:179][  0]LogConfig: Setting CVar [[r.DOF.Scatter.MaxSpriteRatio:0.1         ; only a maximum of 10% of scattered bokeh]]
[2019.11.15-19.24.37:179][  0]LogConfig: Setting CVar [[r.DOF.Recombine.Quality:1                ; cheap slight out of focus]]
[2019.11.15-19.24.37:179][  0]LogConfig: Setting CVar [[r.DOF.Recombine.EnableBokehSettings:0    ; no bokeh simulation on slight out of focus]]
[2019.11.15-19.24.37:179][  0]LogConfig: Setting CVar [[r.DOF.TemporalAAQuality:1                ; more stable temporal accumulation]]
[2019.11.15-19.24.37:179][  0]LogConfig: Setting CVar [[r.DOF.Kernel.MaxForegroundRadius:0.025]]
[2019.11.15-19.24.37:179][  0]LogConfig: Setting CVar [[r.DOF.Kernel.MaxBackgroundRadius:0.025]]
[2019.11.15-19.24.37:179][  0]LogConfig: Applying CVar settings from Section [TextureQuality@3] File [D:/Unreal Projects/Von Smith/Space-Game/Space_Game/Saved/Config/Windows/Scalability.ini]
[2019.11.15-19.24.37:179][  0]LogConfig: Setting CVar [[r.Streaming.MipBias:0]]
[2019.11.15-19.24.37:179][  0]LogConfig: Setting CVar [[r.Streaming.AmortizeCPUToGPUCopy:0]]
[2019.11.15-19.24.37:179][  0]LogConfig: Setting CVar [[r.Streaming.MaxNumTexturesToStreamPerFrame:0]]
[2019.11.15-19.24.37:179][  0]LogConfig: Setting CVar [[r.Streaming.Boost:1]]
[2019.11.15-19.24.37:179][  0]LogConfig: Setting CVar [[r.MaxAnisotropy:8]]
[2019.11.15-19.24.37:179][  0]LogConfig: Setting CVar [[r.Streaming.LimitPoolSizeToVRAM:0]]
[2019.11.15-19.24.37:179][  0]LogConfig: Setting CVar [[r.Streaming.PoolSize:1000]]
[2019.11.15-19.24.37:179][  0]LogConfig: Setting CVar [[r.Streaming.MaxEffectiveScreenSize:0]]
[2019.11.15-19.24.37:179][  0]LogConfig: Applying CVar settings from Section [EffectsQuality@3] File [D:/Unreal Projects/Von Smith/Space-Game/Space_Game/Saved/Config/Windows/Scalability.ini]
[2019.11.15-19.24.37:179][  0]LogConfig: Setting CVar [[r.TranslucencyLightingVolumeDim:64]]
[2019.11.15-19.24.37:179][  0]LogConfig: Setting CVar [[r.RefractionQuality:2]]
[2019.11.15-19.24.37:179][  0]LogConfig: Setting CVar [[r.SSR.Quality:3]]
[2019.11.15-19.24.37:179][  0]LogConfig: Setting CVar [[r.SceneColorFormat:4]]
[2019.11.15-19.24.37:179][  0]LogConfig: Setting CVar [[r.DetailMode:2]]
[2019.11.15-19.24.37:179][  0]LogConfig: Setting CVar [[r.TranslucencyVolumeBlur:1]]
[2019.11.15-19.24.37:179][  0]LogConfig: Setting CVar [[r.MaterialQualityLevel:1 ; High quality]]
[2019.11.15-19.24.37:179][  0]LogConfig: Setting CVar [[r.SSS.Scale:1]]
[2019.11.15-19.24.37:179][  0]LogConfig: Setting CVar [[r.SSS.SampleSet:2]]
[2019.11.15-19.24.37:179][  0]LogConfig: Setting CVar [[r.SSS.Quality:1]]
[2019.11.15-19.24.37:179][  0]LogConfig: Setting CVar [[r.SSS.HalfRes:1]]
[2019.11.15-19.24.37:179][  0]LogConfig: Setting CVar [[r.EmitterSpawnRateScale:1.0]]
[2019.11.15-19.24.37:179][  0]LogConfig: Setting CVar [[r.ParticleLightQuality:2]]
[2019.11.15-19.24.37:179][  0]LogConfig: Applying CVar settings from Section [FoliageQuality@3] File [D:/Unreal Projects/Von Smith/Space-Game/Space_Game/Saved/Config/Windows/Scalability.ini]
[2019.11.15-19.24.37:179][  0]LogConfig: Setting CVar [[foliage.DensityScale:1.0]]
[2019.11.15-19.24.37:179][  0]LogConfig: Setting CVar [[grass.DensityScale:1.0]]
[2019.11.15-19.24.37:179][  0]LogInit: Selected Device Profile: [Windows]
[2019.11.15-19.24.37:179][  0]LogInit: Applying CVar settings loaded from the selected device profile: [Windows]
[2019.11.15-19.24.37:182][  0]LogHAL: Display: Platform has ~ 8 GB [8538304512 / 8589934592 / 8], which maps to Default [LargestMinGB=32, LargerMinGB=12, DefaultMinGB=8, SmallerMinGB=6, SmallestMinGB=0)
[2019.11.15-19.24.37:182][  0]LogInit: Going up to parent DeviceProfile []
[2019.11.15-19.24.37:182][  0]LogConfig: Applying CVar settings from Section [ViewDistanceQuality@3] File [D:/Unreal Projects/Von Smith/Space-Game/Space_Game/Saved/Config/Windows/Scalability.ini]
[2019.11.15-19.24.37:182][  0]LogConfig: Setting CVar [[r.SkeletalMeshLODBias:0]]
[2019.11.15-19.24.37:182][  0]LogConfig: Setting CVar [[r.ViewDistanceScale:1.0]]
[2019.11.15-19.24.37:182][  0]LogConfig: Applying CVar settings from Section [AntiAliasingQuality@3] File [D:/Unreal Projects/Von Smith/Space-Game/Space_Game/Saved/Config/Windows/Scalability.ini]
[2019.11.15-19.24.37:182][  0]LogConfig: Setting CVar [[r.PostProcessAAQuality:4]]
[2019.11.15-19.24.37:182][  0]LogConfig: Applying CVar settings from Section [ShadowQuality@3] File [D:/Unreal Projects/Von Smith/Space-Game/Space_Game/Saved/Config/Windows/Scalability.ini]
[2019.11.15-19.24.37:182][  0]LogConfig: Setting CVar [[r.LightFunctionQuality:1]]
[2019.11.15-19.24.37:182][  0]LogConfig: Setting CVar [[r.ShadowQuality:5]]
[2019.11.15-19.24.37:182][  0]LogConfig: Setting CVar [[r.Shadow.CSM.MaxCascades:10]]
[2019.11.15-19.24.37:182][  0]LogConfig: Setting CVar [[r.Shadow.MaxResolution:2048]]
[2019.11.15-19.24.37:182][  0]LogConfig: Setting CVar [[r.Shadow.MaxCSMResolution:2048]]
[2019.11.15-19.24.37:182][  0]LogConfig: Setting CVar [[r.Shadow.RadiusThreshold:0.01]]
[2019.11.15-19.24.37:182][  0]LogConfig: Setting CVar [[r.Shadow.DistanceScale:1.0]]
[2019.11.15-19.24.37:182][  0]LogConfig: Setting CVar [[r.Shadow.CSM.TransitionScale:1.0]]
[2019.11.15-19.24.37:182][  0]LogConfig: Setting CVar [[r.Shadow.PreShadowResolutionFactor:1.0]]
[2019.11.15-19.24.37:182][  0]LogConfig: Setting CVar [[r.DistanceFieldShadowing:1]]
[2019.11.15-19.24.37:182][  0]LogConfig: Setting CVar [[r.DistanceFieldAO:1]]
[2019.11.15-19.24.37:182][  0]LogConfig: Setting CVar [[r.AOQuality:2]]
[2019.11.15-19.24.37:182][  0]LogConfig: Setting CVar [[r.VolumetricFog:1]]
[2019.11.15-19.24.37:182][  0]LogConfig: Setting CVar [[r.VolumetricFog.GridPixelSize:8]]
[2019.11.15-19.24.37:182][  0]LogConfig: Setting CVar [[r.VolumetricFog.GridSizeZ:128]]
[2019.11.15-19.24.37:182][  0]LogConfig: Setting CVar [[r.VolumetricFog.HistoryMissSupersampleCount:4]]
[2019.11.15-19.24.37:182][  0]LogConfig: Setting CVar [[r.LightMaxDrawDistanceScale:1]]
[2019.11.15-19.24.37:182][  0]LogConfig: Setting CVar [[r.CapsuleShadows:1]]
[2019.11.15-19.24.37:182][  0]LogConfig: Applying CVar settings from Section [PostProcessQuality@3] File [D:/Unreal Projects/Von Smith/Space-Game/Space_Game/Saved/Config/Windows/Scalability.ini]
[2019.11.15-19.24.37:182][  0]LogConfig: Setting CVar [[r.MotionBlurQuality:4]]
[2019.11.15-19.24.37:182][  0]LogConfig: Setting CVar [[r.AmbientOcclusionMipLevelFactor:0.4]]
[2019.11.15-19.24.37:182][  0]LogConfig: Setting CVar [[r.AmbientOcclusionMaxQuality:100]]
[2019.11.15-19.24.37:182][  0]LogConfig: Setting CVar [[r.AmbientOcclusionLevels:-1]]
[2019.11.15-19.24.37:182][  0]LogConfig: Setting CVar [[r.AmbientOcclusionRadiusScale:1.0]]
[2019.11.15-19.24.37:182][  0]LogConfig: Setting CVar [[r.DepthOfFieldQuality:2]]
[2019.11.15-19.24.37:182][  0]LogConfig: Setting CVar [[r.RenderTargetPoolMin:400]]
[2019.11.15-19.24.37:182][  0]LogConfig: Setting CVar [[r.LensFlareQuality:2]]
[2019.11.15-19.24.37:182][  0]LogConfig: Setting CVar [[r.SceneColorFringeQuality:1]]
[2019.11.15-19.24.37:182][  0]LogConfig: Setting CVar [[r.EyeAdaptationQuality:2]]
[2019.11.15-19.24.37:182][  0]LogConfig: Setting CVar [[r.BloomQuality:5]]
[2019.11.15-19.24.37:182][  0]LogConfig: Setting CVar [[r.FastBlurThreshold:100]]
[2019.11.15-19.24.37:182][  0]LogConfig: Setting CVar [[r.Upscale.Quality:3]]
[2019.11.15-19.24.37:183][  0]LogConfig: Setting CVar [[r.Tonemapper.GrainQuantization:1]]
[2019.11.15-19.24.37:183][  0]LogConfig: Setting CVar [[r.LightShaftQuality:1]]
[2019.11.15-19.24.37:183][  0]LogConfig: Setting CVar [[r.Filter.SizeScale:1]]
[2019.11.15-19.24.37:183][  0]LogConfig: Setting CVar [[r.Tonemapper.Quality:5]]
[2019.11.15-19.24.37:183][  0]LogConfig: Setting CVar [[r.DOF.Gather.AccumulatorQuality:1        ; higher gathering accumulator quality]]
[2019.11.15-19.24.37:183][  0]LogConfig: Setting CVar [[r.DOF.Gather.PostfilterMethod:1          ; Median3x3 postfilering method]]
[2019.11.15-19.24.37:183][  0]LogConfig: Setting CVar [[r.DOF.Gather.EnableBokehSettings:0       ; no bokeh simulation when gathering]]
[2019.11.15-19.24.37:183][  0]LogConfig: Setting CVar [[r.DOF.Gather.RingCount:4                 ; medium number of samples when gathering]]
[2019.11.15-19.24.37:183][  0]LogConfig: Setting CVar [[r.DOF.Scatter.ForegroundCompositing:1    ; additive foreground scattering]]
[2019.11.15-19.24.37:183][  0]LogConfig: Setting CVar [[r.DOF.Scatter.BackgroundCompositing:2    ; additive background scattering]]
[2019.11.15-19.24.37:183][  0]LogConfig: Setting CVar [[r.DOF.Scatter.EnableBokehSettings:1      ; bokeh simulation when scattering]]
[2019.11.15-19.24.37:183][  0]LogConfig: Setting CVar [[r.DOF.Scatter.MaxSpriteRatio:0.1         ; only a maximum of 10% of scattered bokeh]]
[2019.11.15-19.24.37:183][  0]LogConfig: Setting CVar [[r.DOF.Recombine.Quality:1                ; cheap slight out of focus]]
[2019.11.15-19.24.37:183][  0]LogConfig: Setting CVar [[r.DOF.Recombine.EnableBokehSettings:0    ; no bokeh simulation on slight out of focus]]
[2019.11.15-19.24.37:183][  0]LogConfig: Setting CVar [[r.DOF.TemporalAAQuality:1                ; more stable temporal accumulation]]
[2019.11.15-19.24.37:183][  0]LogConfig: Setting CVar [[r.DOF.Kernel.MaxForegroundRadius:0.025]]
[2019.11.15-19.24.37:183][  0]LogConfig: Setting CVar [[r.DOF.Kernel.MaxBackgroundRadius:0.025]]
[2019.11.15-19.24.37:183][  0]LogConfig: Applying CVar settings from Section [TextureQuality@3] File [D:/Unreal Projects/Von Smith/Space-Game/Space_Game/Saved/Config/Windows/Scalability.ini]
[2019.11.15-19.24.37:183][  0]LogConfig: Setting CVar [[r.Streaming.MipBias:0]]
[2019.11.15-19.24.37:183][  0]LogConfig: Setting CVar [[r.Streaming.AmortizeCPUToGPUCopy:0]]
[2019.11.15-19.24.37:183][  0]LogConfig: Setting CVar [[r.Streaming.MaxNumTexturesToStreamPerFrame:0]]
[2019.11.15-19.24.37:183][  0]LogConfig: Setting CVar [[r.Streaming.Boost:1]]
[2019.11.15-19.24.37:183][  0]LogConfig: Setting CVar [[r.MaxAnisotropy:8]]
[2019.11.15-19.24.37:183][  0]LogConfig: Setting CVar [[r.Streaming.LimitPoolSizeToVRAM:0]]
[2019.11.15-19.24.37:183][  0]LogConfig: Setting CVar [[r.Streaming.PoolSize:1000]]
[2019.11.15-19.24.37:183][  0]LogConfig: Setting CVar [[r.Streaming.MaxEffectiveScreenSize:0]]
[2019.11.15-19.24.37:183][  0]LogConfig: Applying CVar settings from Section [EffectsQuality@3] File [D:/Unreal Projects/Von Smith/Space-Game/Space_Game/Saved/Config/Windows/Scalability.ini]
[2019.11.15-19.24.37:183][  0]LogConfig: Setting CVar [[r.TranslucencyLightingVolumeDim:64]]
[2019.11.15-19.24.37:183][  0]LogConfig: Setting CVar [[r.RefractionQuality:2]]
[2019.11.15-19.24.37:183][  0]LogConfig: Setting CVar [[r.SSR.Quality:3]]
[2019.11.15-19.24.37:183][  0]LogConfig: Setting CVar [[r.SceneColorFormat:4]]
[2019.11.15-19.24.37:183][  0]LogConfig: Setting CVar [[r.DetailMode:2]]
[2019.11.15-19.24.37:183][  0]LogConfig: Setting CVar [[r.TranslucencyVolumeBlur:1]]
[2019.11.15-19.24.37:183][  0]LogConfig: Setting CVar [[r.MaterialQualityLevel:1 ; High quality]]
[2019.11.15-19.24.37:183][  0]LogConfig: Setting CVar [[r.SSS.Scale:1]]
[2019.11.15-19.24.37:183][  0]LogConfig: Setting CVar [[r.SSS.SampleSet:2]]
[2019.11.15-19.24.37:183][  0]LogConfig: Setting CVar [[r.SSS.Quality:1]]
[2019.11.15-19.24.37:183][  0]LogConfig: Setting CVar [[r.SSS.HalfRes:1]]
[2019.11.15-19.24.37:183][  0]LogConfig: Setting CVar [[r.EmitterSpawnRateScale:1.0]]
[2019.11.15-19.24.37:183][  0]LogConfig: Setting CVar [[r.ParticleLightQuality:2]]
[2019.11.15-19.24.37:183][  0]LogConfig: Applying CVar settings from Section [FoliageQuality@3] File [D:/Unreal Projects/Von Smith/Space-Game/Space_Game/Saved/Config/Windows/Scalability.ini]
[2019.11.15-19.24.37:183][  0]LogConfig: Setting CVar [[foliage.DensityScale:1.0]]
[2019.11.15-19.24.37:183][  0]LogConfig: Setting CVar [[grass.DensityScale:1.0]]
[2019.11.15-19.24.37:183][  0]LogConfig: Applying CVar settings from Section [Startup] File [../../../Engine/Config/ConsoleVariables.ini]
[2019.11.15-19.24.37:183][  0]LogConfig: Setting CVar [[net.UseAdaptiveNetUpdateFrequency:0]]
[2019.11.15-19.24.37:183][  0]LogConfig: Setting CVar [[p.chaos.AllowCreatePhysxBodies:1]]
[2019.11.15-19.24.37:183][  0]LogConfig: Applying CVar settings from Section [ConsoleVariables] File [D:/Unreal Projects/Von Smith/Space-Game/Space_Game/Saved/Config/Windows/Engine.ini]
[2019.11.15-19.24.37:183][  0]LogInit: Computer: IT00-177084
[2019.11.15-19.24.37:183][  0]LogInit: User: vsmith1868
[2019.11.15-19.24.37:183][  0]LogInit: CPU Page size=4096, Cores=4
[2019.11.15-19.24.37:183][  0]LogInit: High frequency timer resolution =3.905119 MHz
[2019.11.15-19.24.37:184][  0]LogMemory: Memory total: Physical=8.0GB (8GB approx)
[2019.11.15-19.24.37:184][  0]LogMemory: Platform Memory Stats for Windows
[2019.11.15-19.24.37:184][  0]LogMemory: Process Physical Memory: 100.39 MB used, 100.39 MB peak
[2019.11.15-19.24.37:184][  0]LogMemory: Process Virtual Memory: 100.28 MB used, 100.28 MB peak
[2019.11.15-19.24.37:184][  0]LogMemory: Physical Memory: 5488.46 MB used,  2654.30 MB free, 8142.76 MB total
[2019.11.15-19.24.37:184][  0]LogMemory: Virtual Memory: 4679.91 MB used,  134213048.00 MB free, 134217728.00 MB total
[2019.11.15-19.24.37:186][  0]LogWindows: WindowsPlatformFeatures enabled
[2019.11.15-19.24.37:209][  0]LogInit: Using OS detected language (en-US).
[2019.11.15-19.24.37:209][  0]LogInit: Using OS detected locale (en-US).
[2019.11.15-19.24.37:210][  0]LogTextLocalizationManager: No specific localization for 'en-US' exists, so the 'en' localization will be used.
[2019.11.15-19.24.37:429][  0]LogSlate: New Slate User Created.  User Index 0, Is Virtual User: 0
[2019.11.15-19.24.37:429][  0]LogSlate: Slate User Registered.  User Index 0, Is Virtual User: 0
[2019.11.15-19.24.37:437][  0]LogHMD: Failed to initialize OpenVR with code 110
[2019.11.15-19.24.37:437][  0]LogD3D11RHI: D3D11 adapters:
[2019.11.15-19.24.37:485][  0]LogD3D11RHI:    0. 'NVIDIA GeForce GTX 960' (Feature Level 11_0)
[2019.11.15-19.24.37:485][  0]LogD3D11RHI:       2016/0/4071 MB DedicatedVideo/DedicatedSystem/SharedSystem, Outputs:1, VendorId:0x10de
[2019.11.15-19.24.37:487][  0]LogD3D11RHI:    1. 'Microsoft Basic Render Driver' (Feature Level 11_0)
[2019.11.15-19.24.37:487][  0]LogD3D11RHI:       0/0/4071 MB DedicatedVideo/DedicatedSystem/SharedSystem, Outputs:0, VendorId:0x1414
[2019.11.15-19.24.37:487][  0]LogD3D11RHI: Chosen D3D11 Adapter: 0
[2019.11.15-19.24.37:493][  0]LogD3D11RHI: Creating new Direct3DDevice
[2019.11.15-19.24.37:493][  0]LogD3D11RHI:     GPU DeviceId: 0x1401 (for the marketing name, search the web for "GPU Device Id")
[2019.11.15-19.24.37:493][  0]LogWindows: EnumDisplayDevices:
[2019.11.15-19.24.37:494][  0]LogWindows:    0. 'NVIDIA GeForce GTX 960' (P:1 D:1)
[2019.11.15-19.24.37:494][  0]LogWindows:    1. 'NVIDIA GeForce GTX 960' (P:0 D:0)
[2019.11.15-19.24.37:494][  0]LogWindows:    2. 'NVIDIA GeForce GTX 960' (P:0 D:0)
[2019.11.15-19.24.37:495][  0]LogWindows:    3. 'NVIDIA GeForce GTX 960' (P:0 D:0)
[2019.11.15-19.24.37:495][  0]LogWindows: DebugString: FoundDriverCount:4 
[2019.11.15-19.24.37:495][  0]LogD3D11RHI:     Adapter Name: NVIDIA GeForce GTX 960
[2019.11.15-19.24.37:495][  0]LogD3D11RHI:   Driver Version: 388.13 (internal:23.21.13.8813, unified:388.13)
[2019.11.15-19.24.37:495][  0]LogD3D11RHI:      Driver Date: 10-27-2017
[2019.11.15-19.24.37:495][  0]LogRHI: Texture pool is 1411 MB (70% of 2016 MB)
[2019.11.15-19.24.37:522][  0]LogD3D11RHI: Async texture creation enabled
[2019.11.15-19.24.37:533][  0]LogD3D11RHI: GPU Timing Frequency: 1000.000000 (Debug: 2 1)
[2019.11.15-19.24.37:836][  0]LogTemp: Display: Module 'WindowsClientTargetPlatform' loaded TargetPlatform 'WindowsClient'
[2019.11.15-19.24.37:843][  0]LogTemp: Display: Module 'WindowsNoEditorTargetPlatform' loaded TargetPlatform 'WindowsNoEditor'
[2019.11.15-19.24.37:856][  0]LogTemp: Display: Module 'WindowsServerTargetPlatform' loaded TargetPlatform 'WindowsServer'
[2019.11.15-19.24.37:861][  0]LogTemp: Display: Module 'WindowsTargetPlatform' loaded TargetPlatform 'Windows'
[2019.11.15-19.24.37:861][  0]LogTargetPlatformManager: Display: Building Assets For Windows
[2019.11.15-19.24.37:869][  0]LogAudioDebug: Display: Lib vorbis DLL was dynamically loaded.
[2019.11.15-19.24.37:910][  0]LogShaderCompilers: Guid format shader working directory is -14 characters bigger than the processId version (../../../../../../Unreal Projects/Von Smith/Space-Game/Space_Game/Intermediate/Shaders/WorkingDirectory/4936/).
[2019.11.15-19.24.37:911][  0]LogShaderCompilers: Cleaned the shader compiler working directory 'C:/Users/vsmith1868/AppData/Local/Temp/UnrealShaderWorkingDir/F2C5E9B040C5CBDCDC6618894E852EB1/'.
[2019.11.15-19.24.37:912][  0]LogXGEController: Cannot use XGE Controller as Incredibuild is not installed on this machine.
[2019.11.15-19.24.37:912][  0]LogShaderCompilers: Cannot use XGE Shader Compiler as Incredibuild is not installed on this machine.
[2019.11.15-19.24.37:912][  0]LogShaderCompilers: Display: Using Local Shader Compiler.
[2019.11.15-19.24.38:432][  0]LogDerivedDataCache: Display: Max Cache Size: 512 MB
[2019.11.15-19.24.38:500][  0]LogDerivedDataCache: Loaded boot cache 0.07s 73MB C:/Users/vsmith1868/AppData/Local/UnrealEngine/4.23/DerivedDataCache/Boot.ddc.
[2019.11.15-19.24.38:500][  0]LogDerivedDataCache: Display: Loaded Boot cache: C:/Users/vsmith1868/AppData/Local/UnrealEngine/4.23/DerivedDataCache/Boot.ddc
[2019.11.15-19.24.38:501][  0]LogDerivedDataCache: FDerivedDataBackendGraph:  Pak pak cache file ../../../../../../Unreal Projects/Von Smith/Space-Game/Space_Game/DerivedDataCache/DDC.ddp not found, will not use a pak cache.
[2019.11.15-19.24.38:501][  0]LogDerivedDataCache: Unable to find inner node Pak for hierarchical cache Hierarchy.
[2019.11.15-19.24.38:501][  0]LogDerivedDataCache: FDerivedDataBackendGraph:  CompressedPak pak cache file ../../../../../../Unreal Projects/Von Smith/Space-Game/Space_Game/DerivedDataCache/Compressed.ddp not found, will not use a pak cache.
[2019.11.15-19.24.38:501][  0]LogDerivedDataCache: Unable to find inner node CompressedPak for hierarchical cache Hierarchy.
[2019.11.15-19.24.38:511][  0]LogDerivedDataCache: Display: Pak cache opened for reading ../../../Engine/DerivedDataCache/Compressed.ddp.
[2019.11.15-19.24.38:511][  0]LogDerivedDataCache: FDerivedDataBackendGraph:  EnterprisePak pak cache file ../../../Enterprise/DerivedDataCache/Compressed.ddp not found, will not use a pak cache.
[2019.11.15-19.24.38:511][  0]LogDerivedDataCache: Unable to find inner node EnterprisePak for hierarchical cache Hierarchy.
[2019.11.15-19.24.38:512][  0]LogDerivedDataCache: Using Local data cache path C:/Users/vsmith1868/AppData/Local/UnrealEngine/Common/DerivedDataCache: Writable
[2019.11.15-19.24.38:512][  0]LogDerivedDataCache: Shared data cache path not found in *engine.ini, will not use an Shared cache.
[2019.11.15-19.24.38:512][  0]LogDerivedDataCache: Unable to find inner node Shared for hierarchical cache Hierarchy.
[2019.11.15-19.24.38:532][  0]LogMaterial: Verifying Global Shaders for PCD3D_SM5
[2019.11.15-19.24.38:534][  0]LogSlate: Using FreeType 2.6.0
[2019.11.15-19.24.38:534][  0]LogSlate: SlateFontServices - WITH_FREETYPE: 1, WITH_HARFBUZZ: 1
[2019.11.15-19.24.38:623][  0]LogInit: Using OS detected language (en-US).
[2019.11.15-19.24.38:623][  0]LogInit: Using OS detected locale (en-US).
[2019.11.15-19.24.38:624][  0]LogTextLocalizationManager: No localization for 'en-US' exists, so 'en' will be used for the language.
[2019.11.15-19.24.38:624][  0]LogTextLocalizationManager: No localization for 'en-US' exists, so 'en' will be used for the locale.
[2019.11.15-19.24.38:624][  0]LogSlate: FontCache flush requested. Reason: Culture for localization was changed
[2019.11.15-19.24.38:624][  0]LogSlate: FontCache flush requested. Reason: Culture for localization was changed
[2019.11.15-19.24.38:625][  0]LogTextLocalizationManager: Compacting localization data took   0.00ms
[2019.11.15-19.24.38:628][  0]LogAssetRegistry: FAssetRegistry took 0.0014 seconds to start up
[2019.11.15-19.24.38:817][  0]LogPackageLocalizationCache: Processed 12 localized package path(s) for 1 prioritized culture(s) in 0.000443 seconds
[2019.11.15-19.24.38:860][  0]LogInit: Selected Device Profile: [Windows]
[2019.11.15-19.24.38:981][  0]LogMeshReduction: Using QuadricMeshReduction for automatic static mesh reduction
[2019.11.15-19.24.38:981][  0]LogMeshReduction: Using SimplygonMeshReduction for automatic skeletal mesh reduction
[2019.11.15-19.24.38:981][  0]LogMeshReduction: Using ProxyLODMeshReduction for automatic mesh merging
[2019.11.15-19.24.38:981][  0]LogMeshReduction: No distributed automatic mesh merging module available
[2019.11.15-19.24.38:981][  0]LogMeshMerging: No distributed automatic mesh merging module available
[2019.11.15-19.24.38:989][  0]LogNetVersion: Space_Game 1.0.0, NetCL: 8386587, EngineNetVer: 11, GameNetVer: 0 (Checksum: 1558173762)
[2019.11.15-19.24.39:425][  0]LogMoviePlayer: Initializing movie player
[2019.11.15-19.24.39:504][  0]LogTcpMessaging: Initializing TcpMessaging bridge
[2019.11.15-19.24.39:505][  0]LogUdpMessaging: Initializing bridge on interface 0.0.0.0:0 to multicast group 230.0.0.1:6666.
[2019.11.15-19.24.39:533][  0]SourceControl: Source control is disabled
[2019.11.15-19.24.39:533][  0]SourceControl: Source control is disabled
[2019.11.15-19.24.39:534][  0]SourceControl: Source control is disabled
[2019.11.15-19.24.39:569][  0]LogAndroidPermission: UAndroidPermissionCallbackProxy::GetInstance
[2019.11.15-19.24.39:660][  0]LogOcInput: OculusInput pre-init called
[2019.11.15-19.24.39:670][  0]LogUObjectArray: 48866 objects as part of root set at end of initial load.
[2019.11.15-19.24.39:670][  0]LogUObjectAllocator: 8609784 out of 0 bytes used by permanent object pool.
[2019.11.15-19.24.39:670][  0]LogUObjectArray: CloseDisregardForGC: 0/0 objects in disregard for GC pool
[2019.11.15-19.24.39:720][  0]LogEngine: Initializing Engine...
[2019.11.15-19.24.39:721][  0]LogHMD: Failed to initialize OpenVR with code 110
[2019.11.15-19.24.39:722][  0]LogStats: UGameplayTagsManager::InitializeManager -  0.000 s
[2019.11.15-19.24.39:876][  0]LogInit: Initializing FReadOnlyCVARCache
[2019.11.15-19.24.39:889][  0]LogInit: XAudio2 using 'Speakers (Logitech USB Headset)' : 2 channels at 48 kHz using 16 bits per sample (channel mask 0x3)
[2019.11.15-19.24.39:902][  0]LogInit: FAudioDevice initialized.
[2019.11.15-19.24.39:903][  0]LogNetVersion: Set ProjectVersion to 1.0.0.0. Version Checksum will be recalculated on next use.
[2019.11.15-19.24.39:913][  0]LogInit: Texture streaming: Enabled
[2019.11.15-19.24.40:044][  0]LogSlate: Updating window title bar state: overlay mode, drag disabled, window buttons hidden, title bar hidden
[2019.11.15-19.24.40:045][  0]LogInit: Display: Game Engine Initialized.
[2019.11.15-19.24.40:099][  0]LogInit: Display: Starting Game.
[2019.11.15-19.24.40:099][  0]LogNet: Browse: /Game/Levels/testmap?Name=Player
[2019.11.15-19.24.40:099][  0]LogLoad: LoadMap: /Game/Levels/testmap?Name=Player
[2019.11.15-19.24.40:100][  0]LogWorld: BeginTearingDown for /Temp/Untitled_0
[2019.11.15-19.24.40:101][  0]LogWorld: UWorld::CleanupWorld for Untitled, bSessionEnded=true, bCleanupResources=true
[2019.11.15-19.24.40:120][  0]LogUObjectHash: Compacting FUObjectHashTables data took   1.56ms
[2019.11.15-19.24.40:455][  0]LogAIModule: Creating AISystem for world testmap
[2019.11.15-19.24.40:463][  0]LogLoad: Game class is 'FirstPersonGameMode_C'
[2019.11.15-19.24.40:502][  0]LogWorld: Bringing World /Game/Levels/testmap.testmap up for play (max tick rate 0) at 2019.11.15-11.24.40
[2019.11.15-19.24.40:505][  0]LogWorld: Bringing up level for play took: 0.041527
[2019.11.15-19.24.40:511][  0]LogLoad: Took 0.411000 seconds to LoadMap(/Game/Levels/testmap)
[2019.11.15-19.24.40:534][  0]LogRenderer: Reallocating scene render targets to support 1280x720 Format 10 NumSamples 1 (Frame:1).
[2019.11.15-19.24.40:535][  0]LogLoad: (Engine Initialization) Total time: 4.64 seconds
[2019.11.15-19.24.40:535][  0]LogLoad: (Engine Initialization) Total Blueprint compile time: 0.00 seconds
[2019.11.15-19.24.40:578][  0]LogWindowsTextInputMethodSystem: Display: IME system now deactivated.
[2019.11.15-19.24.40:580][  0]LogContentStreaming: Texture pool size now 1000 MB
[2019.11.15-19.24.44:303][218]PIE: Warning: FirstPersonProjectile_C_0.Orange FirstPersonProjectileMesh has to have 'Simulate Physics' enabled if you'd like to AddImpulse. 
[2019.11.15-19.24.44:803][249]PIE: Warning: FirstPersonProjectile_C_1.Orange FirstPersonProjectileMesh has to have 'Simulate Physics' enabled if you'd like to AddImpulse. 
[2019.11.15-19.24.44:964][259]PIE: Warning: FirstPersonProjectile_C_2.Orange FirstPersonProjectileMesh has to have 'Simulate Physics' enabled if you'd like to AddImpulse. 
[2019.11.15-19.24.45:303][280]PIE: Warning: FirstPersonProjectile_C_3.Orange FirstPersonProjectileMesh has to have 'Simulate Physics' enabled if you'd like to AddImpulse. 
[2019.11.15-19.24.45:335][282]PIE: Warning: FirstPersonProjectile_C_4.Orange FirstPersonProjectileMesh has to have 'Simulate Physics' enabled if you'd like to AddImpulse. 
[2019.11.15-19.24.45:464][290]PIE: Warning: FirstPersonProjectile_C_5.Orange FirstPersonProjectileMesh has to have 'Simulate Physics' enabled if you'd like to AddImpulse. 
[2019.11.15-19.24.45:803][311]PIE: Warning: FirstPersonProjectile_C_6.Orange FirstPersonProjectileMesh has to have 'Simulate Physics' enabled if you'd like to AddImpulse. 
[2019.11.15-19.24.45:803][311]PIE: Warning: FirstPersonProjectile_C_7.Orange FirstPersonProjectileMesh has to have 'Simulate Physics' enabled if you'd like to AddImpulse. 
[2019.11.15-19.24.45:835][313]PIE: Warning: FirstPersonProjectile_C_8.Orange FirstPersonProjectileMesh has to have 'Simulate Physics' enabled if you'd like to AddImpulse. 
[2019.11.15-19.24.45:964][321]PIE: Warning: FirstPersonProjectile_C_9.Orange FirstPersonProjectileMesh has to have 'Simulate Physics' enabled if you'd like to AddImpulse. 
[2019.11.15-19.24.46:046][326]PIE: Warning: FirstPersonProjectile_C_10.Orange FirstPersonProjectileMesh has to have 'Simulate Physics' enabled if you'd like to AddImpulse. 
[2019.11.15-19.24.46:303][342]PIE: Warning: FirstPersonProjectile_C_11.Orange FirstPersonProjectileMesh has to have 'Simulate Physics' enabled if you'd like to AddImpulse. 
[2019.11.15-19.24.46:304][342]PIE: Warning: FirstPersonProjectile_C_12.Orange FirstPersonProjectileMesh has to have 'Simulate Physics' enabled if you'd like to AddImpulse. 
[2019.11.15-19.24.46:304][342]PIE: Warning: FirstPersonProjectile_C_13.Orange FirstPersonProjectileMesh has to have 'Simulate Physics' enabled if you'd like to AddImpulse. 
[2019.11.15-19.24.46:305][342]PIE: Warning: FirstPersonProjectile_C_14.Orange FirstPersonProjectileMesh has to have 'Simulate Physics' enabled if you'd like to AddImpulse. 
[2019.11.15-19.24.46:319][343]PIE: Warning: FirstPersonProjectile_C_15.Orange FirstPersonProjectileMesh has to have 'Simulate Physics' enabled if you'd like to AddImpulse. 
[2019.11.15-19.24.46:335][344]PIE: Warning: FirstPersonProjectile_C_16.Orange FirstPersonProjectileMesh has to have 'Simulate Physics' enabled if you'd like to AddImpulse. 
[2019.11.15-19.24.46:465][352]PIE: Warning: FirstPersonProjectile_C_17.Orange FirstPersonProjectileMesh has to have 'Simulate Physics' enabled if you'd like to AddImpulse. 
[2019.11.15-19.24.46:545][357]PIE: Warning: FirstPersonProjectile_C_18.Orange FirstPersonProjectileMesh has to have 'Simulate Physics' enabled if you'd like to AddImpulse. 
[2019.11.15-19.24.46:803][373]PIE: Warning: FirstPersonProjectile_C_19.Orange FirstPersonProjectileMesh has to have 'Simulate Physics' enabled if you'd like to AddImpulse. 
[2019.11.15-19.24.46:804][373]PIE: Warning: FirstPersonProjectile_C_20.Orange FirstPersonProjectileMesh has to have 'Simulate Physics' enabled if you'd like to AddImpulse. 
[2019.11.15-19.24.46:804][373]PIE: Warning: FirstPersonProjectile_C_21.Orange FirstPersonProjectileMesh has to have 'Simulate Physics' enabled if you'd like to AddImpulse. 
[2019.11.15-19.24.46:805][373]PIE: Warning: FirstPersonProjectile_C_22.Orange FirstPersonProjectileMesh has to have 'Simulate Physics' enabled if you'd like to AddImpulse. 
[2019.11.15-19.24.46:805][373]PIE: Warning: FirstPersonProjectile_C_23.Orange FirstPersonProjectileMesh has to have 'Simulate Physics' enabled if you'd like to AddImpulse. 
[2019.11.15-19.24.46:820][374]PIE: Warning: FirstPersonProjectile_C_24.Orange FirstPersonProjectileMesh has to have 'Simulate Physics' enabled if you'd like to AddImpulse. 
[2019.11.15-19.24.46:836][375]PIE: Warning: FirstPersonProjectile_C_25.Orange FirstPersonProjectileMesh has to have 'Simulate Physics' enabled if you'd like to AddImpulse. 
[2019.11.15-19.24.46:964][383]PIE: Warning: FirstPersonProjectile_C_26.Orange FirstPersonProjectileMesh has to have 'Simulate Physics' enabled if you'd like to AddImpulse. 
[2019.11.15-19.24.47:045][388]PIE: Warning: FirstPersonProjectile_C_27.Orange FirstPersonProjectileMesh has to have 'Simulate Physics' enabled if you'd like to AddImpulse. 
[2019.11.15-19.24.47:303][404]PIE: Warning: FirstPersonProjectile_C_28.Orange FirstPersonProjectileMesh has to have 'Simulate Physics' enabled if you'd like to AddImpulse. 
[2019.11.15-19.24.47:304][404]PIE: Warning: FirstPersonProjectile_C_29.Orange FirstPersonProjectileMesh has to have 'Simulate Physics' enabled if you'd like to AddImpulse. 
[2019.11.15-19.24.47:305][404]PIE: Warning: FirstPersonProjectile_C_30.Orange FirstPersonProjectileMesh has to have 'Simulate Physics' enabled if you'd like to AddImpulse. 
[2019.11.15-19.24.47:306][404]PIE: Warning: FirstPersonProjectile_C_31.Orange FirstPersonProjectileMesh has to have 'Simulate Physics' enabled if you'd like to AddImpulse. 
[2019.11.15-19.24.47:306][404]PIE: Warning: FirstPersonProjectile_C_32.Orange FirstPersonProjectileMesh has to have 'Simulate Physics' enabled if you'd like to AddImpulse. 
[2019.11.15-19.24.47:307][404]PIE: Warning: FirstPersonProjectile_C_33.Orange FirstPersonProjectileMesh has to have 'Simulate Physics' enabled if you'd like to AddImpulse. 
[2019.11.15-19.24.47:320][405]PIE: Warning: FirstPersonProjectile_C_34.Orange FirstPersonProjectileMesh has to have 'Simulate Physics' enabled if you'd like to AddImpulse. 
[2019.11.15-19.24.47:336][406]PIE: Warning: FirstPersonProjectile_C_35.Orange FirstPersonProjectileMesh has to have 'Simulate Physics' enabled if you'd like to AddImpulse. 
[2019.11.15-19.24.47:465][414]PIE: Warning: FirstPersonProjectile_C_36.Orange FirstPersonProjectileMesh has to have 'Simulate Physics' enabled if you'd like to AddImpulse. 
[2019.11.15-19.24.47:545][419]PIE: Warning: FirstPersonProjectile_C_37.Orange FirstPersonProjectileMesh has to have 'Simulate Physics' enabled if you'd like to AddImpulse. 
[2019.11.15-19.24.47:803][435]PIE: Warning: FirstPersonProjectile_C_38.Orange FirstPersonProjectileMesh has to have 'Simulate Physics' enabled if you'd like to AddImpulse. 
[2019.11.15-19.24.47:804][435]PIE: Warning: FirstPersonProjectile_C_39.Orange FirstPersonProjectileMesh has to have 'Simulate Physics' enabled if you'd like to AddImpulse. 
[2019.11.15-19.24.47:804][435]PIE: Warning: FirstPersonProjectile_C_40.Orange FirstPersonProjectileMesh has to have 'Simulate Physics' enabled if you'd like to AddImpulse. 
[2019.11.15-19.24.47:805][435]PIE: Warning: FirstPersonProjectile_C_41.Orange FirstPersonProjectileMesh has to have 'Simulate Physics' enabled if you'd like to AddImpulse. 
[2019.11.15-19.24.47:805][435]PIE: Warning: FirstPersonProjectile_C_42.Orange FirstPersonProjectileMesh has to have 'Simulate Physics' enabled if you'd like to AddImpulse. 
[2019.11.15-19.24.47:806][435]PIE: Warning: FirstPersonProjectile_C_43.Orange FirstPersonProjectileMesh has to have 'Simulate Physics' enabled if you'd like to AddImpulse. 
[2019.11.15-19.24.47:819][436]PIE: Warning: FirstPersonProjectile_C_44.Orange FirstPersonProjectileMesh has to have 'Simulate Physics' enabled if you'd like to AddImpulse. 
[2019.11.15-19.24.47:835][437]PIE: Warning: FirstPersonProjectile_C_45.Orange FirstPersonProjectileMesh has to have 'Simulate Physics' enabled if you'd like to AddImpulse. 
[2019.11.15-19.24.47:964][445]PIE: Warning: FirstPersonProjectile_C_46.Orange FirstPersonProjectileMesh has to have 'Simulate Physics' enabled if you'd like to AddImpulse. 
[2019.11.15-19.24.48:045][450]PIE: Warning: FirstPersonProjectile_C_47.Orange FirstPersonProjectileMesh has to have 'Simulate Physics' enabled if you'd like to AddImpulse. 
[2019.11.15-19.24.48:303][466]PIE: Warning: FirstPersonProjectile_C_48.Orange FirstPersonProjectileMesh has to have 'Simulate Physics' enabled if you'd like to AddImpulse. 
[2019.11.15-19.24.48:303][466]PIE: Warning: FirstPersonProjectile_C_49.Orange FirstPersonProjectileMesh has to have 'Simulate Physics' enabled if you'd like to AddImpulse. 
[2019.11.15-19.24.48:304][466]PIE: Warning: FirstPersonProjectile_C_50.Orange FirstPersonProjectileMesh has to have 'Simulate Physics' enabled if you'd like to AddImpulse. 
[2019.11.15-19.24.48:304][466]PIE: Warning: FirstPersonProjectile_C_51.Orange FirstPersonProjectileMesh has to have 'Simulate Physics' enabled if you'd like to AddImpulse. 
[2019.11.15-19.24.48:305][466]PIE: Warning: FirstPersonProjectile_C_52.Orange FirstPersonProjectileMesh has to have 'Simulate Physics' enabled if you'd like to AddImpulse. 
[2019.11.15-19.24.48:319][467]PIE: Warning: FirstPersonProjectile_C_53.Orange FirstPersonProjectileMesh has to have 'Simulate Physics' enabled if you'd like to AddImpulse. 
[2019.11.15-19.24.48:335][468]PIE: Warning: FirstPersonProjectile_C_54.Orange FirstPersonProjectileMesh has to have 'Simulate Physics' enabled if you'd like to AddImpulse. 
[2019.11.15-19.24.48:464][476]PIE: Warning: FirstPersonProjectile_C_55.Orange FirstPersonProjectileMesh has to have 'Simulate Physics' enabled if you'd like to AddImpulse. 
[2019.11.15-19.24.48:544][481]PIE: Warning: FirstPersonProjectile_C_56.Orange FirstPersonProjectileMesh has to have 'Simulate Physics' enabled if you'd like to AddImpulse. 
[2019.11.15-19.24.48:802][497]PIE: Warning: FirstPersonProjectile_C_57.Orange FirstPersonProjectileMesh has to have 'Simulate Physics' enabled if you'd like to AddImpulse. 
[2019.11.15-19.24.48:803][497]PIE: Warning: FirstPersonProjectile_C_58.Orange FirstPersonProjectileMesh has to have 'Simulate Physics' enabled if you'd like to AddImpulse. 
[2019.11.15-19.24.48:803][497]PIE: Warning: FirstPersonProjectile_C_59.Orange FirstPersonProjectileMesh has to have 'Simulate Physics' enabled if you'd like to AddImpulse. 
[2019.11.15-19.24.48:804][497]PIE: Warning: FirstPersonProjectile_C_60.Orange FirstPersonProjectileMesh has to have 'Simulate Physics' enabled if you'd like to AddImpulse. 
[2019.11.15-19.24.48:804][497]PIE: Warning: FirstPersonProjectile_C_61.Orange FirstPersonProjectileMesh has to have 'Simulate Physics' enabled if you'd like to AddImpulse. 
[2019.11.15-19.24.48:819][498]PIE: Warning: FirstPersonProjectile_C_62.Orange FirstPersonProjectileMesh has to have 'Simulate Physics' enabled if you'd like to AddImpulse. 
[2019.11.15-19.24.48:835][499]PIE: Warning: FirstPersonProjectile_C_63.Orange FirstPersonProjectileMesh has to have 'Simulate Physics' enabled if you'd like to AddImpulse. 
[2019.11.15-19.24.48:964][507]PIE: Warning: FirstPersonProjectile_C_64.Orange FirstPersonProjectileMesh has to have 'Simulate Physics' enabled if you'd like to AddImpulse. 
[2019.11.15-19.24.49:045][512]PIE: Warning: FirstPersonProjectile_C_65.Orange FirstPersonProjectileMesh has to have 'Simulate Physics' enabled if you'd like to AddImpulse. 
[2019.11.15-19.24.49:303][528]PIE: Warning: FirstPersonProjectile_C_66.Orange FirstPersonProjectileMesh has to have 'Simulate Physics' enabled if you'd like to AddImpulse. 
[2019.11.15-19.24.49:304][528]PIE: Warning: FirstPersonProjectile_C_67.Orange FirstPersonProjectileMesh has to have 'Simulate Physics' enabled if you'd like to AddImpulse. 
[2019.11.15-19.24.49:304][528]PIE: Warning: FirstPersonProjectile_C_68.Orange FirstPersonProjectileMesh has to have 'Simulate Physics' enabled if you'd like to AddImpulse. 
[2019.11.15-19.24.49:304][528]PIE: Warning: FirstPersonProjectile_C_69.Orange FirstPersonProjectileMesh has to have 'Simulate Physics' enabled if you'd like to AddImpulse. 
[2019.11.15-19.24.49:305][528]PIE: Warning: FirstPersonProjectile_C_70.Orange FirstPersonProjectileMesh has to have 'Simulate Physics' enabled if you'd like to AddImpulse. 
[2019.11.15-19.24.49:320][529]PIE: Warning: FirstPersonProjectile_C_71.Orange FirstPersonProjectileMesh has to have 'Simulate Physics' enabled if you'd like to AddImpulse. 
[2019.11.15-19.24.49:335][530]PIE: Warning: FirstPersonProjectile_C_72.Orange FirstPersonProjectileMesh has to have 'Simulate Physics' enabled if you'd like to AddImpulse. 
[2019.11.15-19.24.49:465][538]PIE: Warning: FirstPersonProjectile_C_73.Orange FirstPersonProjectileMesh has to have 'Simulate Physics' enabled if you'd like to AddImpulse. 
[2019.11.15-19.24.49:546][543]PIE: Warning: FirstPersonProjectile_C_74.Orange FirstPersonProjectileMesh has to have 'Simulate Physics' enabled if you'd like to AddImpulse. 
[2019.11.15-19.24.49:805][559]PIE: Warning: FirstPersonProjectile_C_75.Orange FirstPersonProjectileMesh has to have 'Simulate Physics' enabled if you'd like to AddImpulse. 
[2019.11.15-19.24.49:806][559]PIE: Warning: FirstPersonProjectile_C_76.Orange FirstPersonProjectileMesh has to have 'Simulate Physics' enabled if you'd like to AddImpulse. 
[2019.11.15-19.24.49:807][559]PIE: Warning: FirstPersonProjectile_C_77.Orange FirstPersonProjectileMesh has to have 'Simulate Physics' enabled if you'd like to AddImpulse. 
[2019.11.15-19.24.49:807][559]PIE: Warning: FirstPersonProjectile_C_78.Orange FirstPersonProjectileMesh has to have 'Simulate Physics' enabled if you'd like to AddImpulse. 
[2019.11.15-19.24.49:820][560]PIE: Warning: FirstPersonProjectile_C_79.Orange FirstPersonProjectileMesh has to have 'Simulate Physics' enabled if you'd like to AddImpulse. 
[2019.11.15-19.24.49:836][561]PIE: Warning: FirstPersonProjectile_C_80.Orange FirstPersonProjectileMesh has to have 'Simulate Physics' enabled if you'd like to AddImpulse. 
[2019.11.15-19.24.49:965][569]PIE: Warning: FirstPersonProjectile_C_81.Orange FirstPersonProjectileMesh has to have 'Simulate Physics' enabled if you'd like to AddImpulse. 
[2019.11.15-19.24.50:046][574]PIE: Warning: FirstPersonProjectile_C_82.Orange FirstPersonProjectileMesh has to have 'Simulate Physics' enabled if you'd like to AddImpulse. 
[2019.11.15-19.24.50:304][590]PIE: Warning: FirstPersonProjectile_C_83.Orange FirstPersonProjectileMesh has to have 'Simulate Physics' enabled if you'd like to AddImpulse. 
[2019.11.15-19.24.50:305][590]PIE: Warning: FirstPersonProjectile_C_84.Orange FirstPersonProjectileMesh has to have 'Simulate Physics' enabled if you'd like to AddImpulse. 
[2019.11.15-19.24.50:305][590]PIE: Warning: FirstPersonProjectile_C_85.Orange FirstPersonProjectileMesh has to have 'Simulate Physics' enabled if you'd like to AddImpulse. 
[2019.11.15-19.24.50:306][590]PIE: Warning: FirstPersonProjectile_C_86.Orange FirstPersonProjectileMesh has to have 'Simulate Physics' enabled if you'd like to AddImpulse. 
[2019.11.15-19.24.50:306][590]PIE: Warning: FirstPersonProjectile_C_87.Orange FirstPersonProjectileMesh has to have 'Simulate Physics' enabled if you'd like to AddImpulse. 
[2019.11.15-19.24.50:307][590]PIE: Warning: FirstPersonProjectile_C_88.Orange FirstPersonProjectileMesh has to have 'Simulate Physics' enabled if you'd like to AddImpulse. 
[2019.11.15-19.24.50:320][591]PIE: Warning: FirstPersonProjectile_C_89.Orange FirstPersonProjectileMesh has to have 'Simulate Physics' enabled if you'd like to AddImpulse. 
[2019.11.15-19.24.50:337][592]PIE: Warning: FirstPersonProjectile_C_90.Orange FirstPersonProjectileMesh has to have 'Simulate Physics' enabled if you'd like to AddImpulse. 
[2019.11.15-19.24.50:465][600]PIE: Warning: FirstPersonProjectile_C_91.Orange FirstPersonProjectileMesh has to have 'Simulate Physics' enabled if you'd like to AddImpulse. 
[2019.11.15-19.24.50:623][610]LogWindowsDesktop: Alt-F4 pressed!
[2019.11.15-19.24.50:625][610]LogSlate: Window 'Space_Game (64-bit Development PCD3D_SM5) ' being destroyed
[2019.11.15-19.24.50:626][610]LogWindowsTextInputMethodSystem: Display: IME system now deactivated.
[2019.11.15-19.24.50:629][610]LogWindowsTextInputMethodSystem: Display: IME system now deactivated.
[2019.11.15-19.24.50:630][610]LogSlate: Updating window title bar state: overlay mode, drag disabled, window buttons hidden, title bar hidden
[2019.11.15-19.24.50:630][610]LogEngine: All Windows Closed
[2019.11.15-19.24.50:630][610]LogWindows: FPlatformMisc::RequestExit(0)
[2019.11.15-19.24.50:634][611]LogWorld: BeginTearingDown for /Game/Levels/testmap
[2019.11.15-19.24.50:635][611]LogWorld: UWorld::CleanupWorld for testmap, bSessionEnded=true, bCleanupResources=true
[2019.11.15-19.24.50:730][611]LogExit: Preparing to exit.
[2019.11.15-19.24.50:730][611]LogMoviePlayer: Shutting down movie player
[2019.11.15-19.24.51:526][611]LogSlate: Updating window title bar state: overlay mode, drag disabled, window buttons hidden, title bar hidden
[2019.11.15-19.24.51:531][611]LogDemo: Cleaned up 0 splitscreen connections with owner deletion
[2019.11.15-19.24.51:538][611]LogExit: Game engine shut down
[2019.11.15-19.24.51:604][611]LogExit: Object subsystem successfully closed.
[2019.11.15-19.24.51:622][611]LogShaderCompilers: Display: Shaders left to compile 0
[2019.11.15-19.24.51:632][611]LogModuleManager: Shutting down and abandoning module SequenceRecorderSections (408)
[2019.11.15-19.24.51:632][611]LogModuleManager: Shutting down and abandoning module SequenceRecorder (406)
[2019.11.15-19.24.51:632][611]LogModuleManager: Shutting down and abandoning module AutomationController (404)
[2019.11.15-19.24.51:632][611]LogModuleManager: Shutting down and abandoning module AutomationWorker (402)
[2019.11.15-19.24.51:632][611]LogModuleManager: Shutting down and abandoning module Voice (400)
[2019.11.15-19.24.51:632][611]LogModuleManager: Shutting down and abandoning module AIModule (398)
[2019.11.15-19.24.51:632][611]LogModuleManager: Shutting down and abandoning module GameplayDebugger (397)
[2019.11.15-19.24.51:632][611]LogModuleManager: Shutting down and abandoning module AITestSuite (395)
[2019.11.15-19.24.51:632][611]LogModuleManager: Shutting down and abandoning module NavigationSystem (393)
[2019.11.15-19.24.51:632][611]LogModuleManager: Shutting down and abandoning module OculusMR (390)
[2019.11.15-19.24.51:632][611]LogModuleManager: Shutting down and abandoning module WmfMediaFactory (388)
[2019.11.15-19.24.51:632][611]LogModuleManager: Shutting down and abandoning module WebMMediaFactory (386)
[2019.11.15-19.24.51:632][611]LogModuleManager: Shutting down and abandoning module WebMMedia (384)
[2019.11.15-19.24.51:632][611]LogModuleManager: Shutting down and abandoning module OpenExrWrapper (382)
[2019.11.15-19.24.51:632][611]LogModuleManager: Shutting down and abandoning module ImgMediaFactory (380)
[2019.11.15-19.24.51:632][611]LogModuleManager: Shutting down and abandoning module AvfMediaFactory (378)
[2019.11.15-19.24.51:632][611]LogModuleManager: Shutting down and abandoning module MagicLeapCameraPreviewFactory (376)
[2019.11.15-19.24.51:632][611]LogModuleManager: Shutting down and abandoning module MagicLeapMediaCodecFactory (374)
[2019.11.15-19.24.51:632][611]LogModuleManager: Shutting down and abandoning module MagicLeapMediaFactory (372)
[2019.11.15-19.24.51:632][611]LogModuleManager: Shutting down and abandoning module CharacterAI (370)
[2019.11.15-19.24.51:632][611]LogModuleManager: Shutting down and abandoning module SessionServices (368)
[2019.11.15-19.24.51:632][611]LogModuleManager: Shutting down and abandoning module MovieSceneCapture (366)
[2019.11.15-19.24.51:632][611]LogModuleManager: Shutting down and abandoning module LiveCoding (364)
[2019.11.15-19.24.51:632][611]LogModuleManager: Shutting down and abandoning module LevelSequence (362)
[2019.11.15-19.24.51:632][611]LogModuleManager: Shutting down and abandoning module MovieSceneTracks (360)
[2019.11.15-19.24.51:632][611]LogModuleManager: Shutting down and abandoning module MovieScene (358)
[2019.11.15-19.24.51:632][611]LogModuleManager: Shutting down and abandoning module StreamingPauseRendering (356)
[2019.11.15-19.24.51:632][611]LogModuleManager: Shutting down and abandoning module PortalServices (354)
[2019.11.15-19.24.51:632][611]LogModuleManager: Shutting down and abandoning module PortalRpc (352)
[2019.11.15-19.24.51:632][611]LogModuleManager: Shutting down and abandoning module MessagingRpc (350)
[2019.11.15-19.24.51:632][611]LogModuleManager: Shutting down and abandoning module ImageWriteQueue (348)
[2019.11.15-19.24.51:634][611]LogModuleManager: Shutting down and abandoning module ProfilerService (346)
[2019.11.15-19.24.51:703][611]LogModuleManager: Shutting down and abandoning module TaskGraph (344)
[2019.11.15-19.24.51:703][611]LogModuleManager: Shutting down and abandoning module SteamVRController (342)
[2019.11.15-19.24.51:703][611]LogModuleManager: Shutting down and abandoning module ProceduralMeshComponent (340)
[2019.11.15-19.24.51:703][611]LogModuleManager: Shutting down and abandoning module OculusInput (338)
[2019.11.15-19.24.51:703][611]LogModuleManager: Shutting down and abandoning module MobilePatchingUtils (336)
[2019.11.15-19.24.51:703][611]LogModuleManager: Shutting down and abandoning module EditableMesh (334)
[2019.11.15-19.24.51:703][611]LogModuleManager: Shutting down and abandoning module CustomMeshComponent (332)
[2019.11.15-19.24.51:703][611]LogModuleManager: Shutting down and abandoning module CableComponent (330)
[2019.11.15-19.24.51:703][611]LogModuleManager: Shutting down and abandoning module AudioCapture (328)
[2019.11.15-19.24.51:703][611]LogModuleManager: Shutting down and abandoning module ArchVisCharacter (326)
[2019.11.15-19.24.51:703][611]LogModuleManager: Shutting down and abandoning module AppleImageUtilsBlueprintSupport (324)
[2019.11.15-19.24.51:703][611]LogModuleManager: Shutting down and abandoning module AppleImageUtils (322)
[2019.11.15-19.24.51:703][611]LogModuleManager: Shutting down and abandoning module AndroidPermission (320)
[2019.11.15-19.24.51:703][611]LogModuleManager: Shutting down and abandoning module NUTUnrealEngine4 (318)
[2019.11.15-19.24.51:703][611]LogModuleManager: Shutting down and abandoning module NetcodeUnitTest (316)
[2019.11.15-19.24.51:703][611]LogModuleManager: Shutting down and abandoning module MediaCompositing (314)
[2019.11.15-19.24.51:703][611]LogModuleManager: Shutting down and abandoning module ImgMedia (312)
[2019.11.15-19.24.51:703][611]LogModuleManager: Shutting down and abandoning module MagicLeapHelperVulkan (310)
[2019.11.15-19.24.51:704][611]LogModuleManager: Shutting down and abandoning module MagicLeapHelperOpenGL (308)
[2019.11.15-19.24.51:704][611]LogModuleManager: Shutting down and abandoning module MagicLeapAudio (306)
[2019.11.15-19.24.51:704][611]LogModuleManager: Shutting down and abandoning module HTML5Networking (304)
[2019.11.15-19.24.51:704][611]LogModuleManager: Shutting down and abandoning module GeometryCacheTracks (302)
[2019.11.15-19.24.51:704][611]LogModuleManager: Shutting down and abandoning module GeometryCacheSequencer (301)
[2019.11.15-19.24.51:704][611]LogModuleManager: Shutting down and abandoning module GeometryCache (298)
[2019.11.15-19.24.51:704][611]LogModuleManager: Shutting down and abandoning module GeometryCacheEd (297)
[2019.11.15-19.24.51:704][611]LogModuleManager: Shutting down and abandoning module BackChannel (294)
[2019.11.15-19.24.51:704][611]LogModuleManager: Shutting down and abandoning module AutomationUtils (292)
[2019.11.15-19.24.51:704][611]LogModuleManager: Shutting down and abandoning module VariantManagerContent (290)
[2019.11.15-19.24.51:704][611]LogModuleManager: Shutting down and abandoning module CryptoKeysOpenSSL (288)
[2019.11.15-19.24.51:704][611]LogModuleManager: Shutting down and abandoning module CryptoKeys (286)
[2019.11.15-19.24.51:704][611]LogModuleManager: Shutting down and abandoning module VisualStudioSourceCodeAccess (284)
[2019.11.15-19.24.51:704][611]LogModuleManager: Shutting down and abandoning module HotReload (283)
[2019.11.15-19.24.51:704][611]LogModuleManager: Shutting down and abandoning module DirectoryWatcher (282)
[2019.11.15-19.24.51:704][611]LogModuleManager: Shutting down and abandoning module VisualStudioCodeSourceCodeAccess (278)
[2019.11.15-19.24.51:704][611]LogModuleManager: Shutting down and abandoning module UObjectPlugin (276)
[2019.11.15-19.24.51:704][611]LogModuleManager: Shutting down and abandoning module SubversionSourceControl (274)
[2019.11.15-19.24.51:704][611]LogModuleManager: Shutting down and abandoning module PerforceSourceControl (272)
[2019.11.15-19.24.51:704][611]LogModuleManager: Shutting down and abandoning module SourceControl (271)
[2019.11.15-19.24.51:704][611]LogModuleManager: Shutting down and abandoning module CLionSourceCodeAccess (268)
[2019.11.15-19.24.51:704][611]LogModuleManager: Shutting down and abandoning module ActorLayerUtilities (266)
[2019.11.15-19.24.51:704][611]LogModuleManager: Shutting down and abandoning module SignificanceManager (264)
[2019.11.15-19.24.51:704][611]LogModuleManager: Shutting down and abandoning module RuntimePhysXCooking (262)
[2019.11.15-19.24.51:704][611]LogModuleManager: Shutting down and abandoning module PhysXVehiclesEditor (260)
[2019.11.15-19.24.51:704][611]LogModuleManager: Shutting down and abandoning module LocationServicesBPLibrary (256)
[2019.11.15-19.24.51:704][611]LogModuleManager: Shutting down and abandoning module ActorSequence (254)
[2019.11.15-19.24.51:704][611]LogModuleManager: Shutting down and abandoning module UdpMessaging (252)
[2019.11.15-19.24.51:805][611]LogModuleManager: Shutting down and abandoning module TcpMessaging (250)
[2019.11.15-19.24.52:513][611]LogModuleManager: Shutting down and abandoning module MagicLeapIdentity (248)
[2019.11.15-19.24.52:513][611]LogModuleManager: Shutting down and abandoning module MagicLeapSecureStorage (246)
[2019.11.15-19.24.52:513][611]LogModuleManager: Shutting down and abandoning module MagicLeapHandTracking (244)
[2019.11.15-19.24.52:513][611]LogModuleManager: Shutting down and abandoning module MagicLeapEyeTracker (242)
[2019.11.15-19.24.52:513][611]LogModuleManager: Shutting down and abandoning module MagicLeapController (240)
[2019.11.15-19.24.52:513][611]LogSlate: Slate User Destroyed.  User Index 0, Is Virtual User: 0
[2019.11.15-19.24.52:513][611]LogModuleManager: Shutting down and abandoning module MagicLeapAR (238)
[2019.11.15-19.24.52:513][611]LogModuleManager: Shutting down and abandoning module AugmentedReality (237)
[2019.11.15-19.24.52:513][611]LogModuleManager: Shutting down and abandoning module GameplayTagsEditor (234)
[2019.11.15-19.24.52:513][611]LogModuleManager: Shutting down and abandoning module FacialAnimation (232)
[2019.11.15-19.24.52:513][611]LogModuleManager: Shutting down and abandoning module AssetManagerEditor (230)
[2019.11.15-19.24.52:514][611]LogModuleManager: Shutting down and abandoning module TreeMap (229)
[2019.11.15-19.24.52:514][611]LogModuleManager: Shutting down and abandoning module AnimationSharing (226)
[2019.11.15-19.24.52:514][611]LogModuleManager: Shutting down and abandoning module LightPropagationVolumeRuntime (224)
[2019.11.15-19.24.52:514][611]LogModuleManager: Shutting down and abandoning module Paper2D (222)
[2019.11.15-19.24.52:514][611]LogModuleManager: Shutting down and abandoning module WindowsMoviePlayer (220)
[2019.11.15-19.24.52:516][611]LogModuleManager: Shutting down and abandoning module WebMMoviePlayer (218)
[2019.11.15-19.24.52:516][611]LogModuleManager: Shutting down and abandoning module NetworkReplayStreaming (216)
[2019.11.15-19.24.52:516][611]LogModuleManager: Shutting down and abandoning module PacketHandler (214)
[2019.11.15-19.24.52:516][611]LogModuleManager: Shutting down and abandoning module ClothingSystemEditor (212)
[2019.11.15-19.24.52:516][611]LogModuleManager: Shutting down and abandoning module ClothingSystemRuntime (210)
[2019.11.15-19.24.52:516][611]LogModuleManager: Shutting down and abandoning module MediaAssets (208)
[2019.11.15-19.24.52:516][611]LogModuleManager: Shutting down and abandoning module Overlay (206)
[2019.11.15-19.24.52:516][611]LogModuleManager: Shutting down and abandoning module OverlayEditor (205)
[2019.11.15-19.24.52:516][611]LogModuleManager: Shutting down and abandoning module VREditor (202)
[2019.11.15-19.24.52:516][611]LogModuleManager: Shutting down and abandoning module StringTableEditor (200)
[2019.11.15-19.24.52:516][611]LogModuleManager: Shutting down and abandoning module GameplayTasksEditor (198)
[2019.11.15-19.24.52:516][611]LogModuleManager: Shutting down and abandoning module BehaviorTreeEditor (196)
[2019.11.15-19.24.52:516][611]LogModuleManager: Shutting down and abandoning module FunctionalTesting (194)
[2019.11.15-19.24.52:516][611]LogModuleManager: Shutting down and abandoning module CollisionAnalyzer (192)
[2019.11.15-19.24.52:516][611]LogModuleManager: Shutting down and abandoning module WorkspaceMenuStructure (191)
[2019.11.15-19.24.52:516][611]LogModuleManager: Shutting down and abandoning module UMG (188)
[2019.11.15-19.24.52:516][611]LogModuleManager: Shutting down and abandoning module UMGEditor (187)
[2019.11.15-19.24.52:516][611]LogModuleManager: Shutting down and abandoning module Sequencer (186)
[2019.11.15-19.24.52:516][611]LogModuleManager: Shutting down and abandoning module MessageLog (183)
[2019.11.15-19.24.52:516][611]LogModuleManager: Shutting down and abandoning module SlateReflector (178)
[2019.11.15-19.24.52:517][611]LogModuleManager: Shutting down and abandoning module Slate (176)
[2019.11.15-19.24.52:517][611]LogModuleManager: Shutting down and abandoning module LandscapeEditorUtilities (174)
[2019.11.15-19.24.52:517][611]LogModuleManager: Shutting down and abandoning module EditorStyle (172)
[2019.11.15-19.24.52:517][611]LogModuleManager: Shutting down and abandoning module UnrealEd (170)
[2019.11.15-19.24.52:517][611]LogModuleManager: Shutting down and abandoning module MRMesh (168)
[2019.11.15-19.24.52:517][611]LogModuleManager: Shutting down and abandoning module Messaging (166)
[2019.11.15-19.24.52:517][611]LogModuleManager: Shutting down and abandoning module SourceCodeAccess (164)
[2019.11.15-19.24.52:517][611]LogModuleManager: Shutting down and abandoning module HeadMountedDisplay (162)
[2019.11.15-19.24.52:517][611]LogModuleManager: Shutting down and abandoning module XAudio2 (160)
[2019.11.15-19.24.52:517][611]LogModuleManager: Shutting down and abandoning module Networking (158)
[2019.11.15-19.24.52:517][611]LogModuleManager: Shutting down and abandoning module Core (156)
[2019.11.15-19.24.52:517][611]LogModuleManager: Shutting down and abandoning module KismetCompiler (154)
[2019.11.15-19.24.52:517][611]LogModuleManager: Shutting down and abandoning module MeshUtilities (152)
[2019.11.15-19.24.52:517][611]LogModuleManager: Shutting down and abandoning module MeshMergeUtilities (151)
[2019.11.15-19.24.52:517][611]LogModuleManager: Shutting down and abandoning module MeshReductionInterface (150)
[2019.11.15-19.24.52:517][611]LogModuleManager: Shutting down and abandoning module SkeletalMeshReduction (149)
[2019.11.15-19.24.52:517][611]LogModuleManager: Shutting down and abandoning module ProxyLODMeshReduction (147)
[2019.11.15-19.24.52:517][611]LogModuleManager: Shutting down and abandoning module QuadricMeshReduction (145)
[2019.11.15-19.24.52:517][611]LogModuleManager: Shutting down and abandoning module MaterialBaking (141)
[2019.11.15-19.24.52:518][611]LogModuleManager: Shutting down and abandoning module NullInstallBundleManager (136)
[2019.11.15-19.24.52:518][611]LogModuleManager: Shutting down and abandoning module PIEPreviewDeviceProfileSelector (134)
[2019.11.15-19.24.52:518][611]LogModuleManager: Shutting down and abandoning module DerivedDataCache (132)
[2019.11.15-19.24.52:531][611]LogDerivedDataCache: Shutdown
[2019.11.15-19.24.52:531][611]LogModuleManager: Shutting down and abandoning module XGEController (130)
[2019.11.15-19.24.52:531][611]LogModuleManager: Shutting down and abandoning module TargetPlatform (128)
[2019.11.15-19.24.52:531][611]LogModuleManager: Shutting down and abandoning module VulkanShaderFormat (127)
[2019.11.15-19.24.52:531][611]LogModuleManager: Shutting down and abandoning module ShaderFormatVectorVM (125)
[2019.11.15-19.24.52:531][611]LogModuleManager: Shutting down and abandoning module ShaderFormatOpenGL (123)
[2019.11.15-19.24.52:531][611]LogModuleManager: Shutting down and abandoning module ShaderFormatD3D (121)
[2019.11.15-19.24.52:531][611]LogModuleManager: Shutting down and abandoning module MetalShaderFormat (119)
[2019.11.15-19.24.52:531][611]LogModuleManager: Shutting down and abandoning module TextureFormatUncompressed (117)
[2019.11.15-19.24.52:531][611]LogModuleManager: Shutting down and abandoning module TextureFormatPVR (115)
[2019.11.15-19.24.52:531][611]LogModuleManager: Shutting down and abandoning module TextureFormatDXT (113)
[2019.11.15-19.24.52:531][611]LogModuleManager: Shutting down and abandoning module TextureFormatIntelISPCTexComp (111)
[2019.11.15-19.24.52:531][611]LogModuleManager: Shutting down and abandoning module TextureFormatASTC (109)
[2019.11.15-19.24.52:531][611]LogModuleManager: Shutting down and abandoning module ImageWrapper (108)
[2019.11.15-19.24.52:531][611]LogModuleManager: Shutting down and abandoning module TextureFormatAndroid (105)
[2019.11.15-19.24.52:531][611]LogModuleManager: Shutting down and abandoning module AudioFormatOpus (103)
[2019.11.15-19.24.52:531][611]LogModuleManager: Shutting down and abandoning module AudioFormatOgg (101)
[2019.11.15-19.24.52:531][611]LogModuleManager: Shutting down and abandoning module AudioFormatADPCM (99)
[2019.11.15-19.24.52:531][611]LogModuleManager: Shutting down and abandoning module WindowsTargetPlatform (97)
[2019.11.15-19.24.52:531][611]LogModuleManager: Shutting down and abandoning module WindowsServerTargetPlatform (95)
[2019.11.15-19.24.52:531][611]LogModuleManager: Shutting down and abandoning module WindowsNoEditorTargetPlatform (93)
[2019.11.15-19.24.52:531][611]LogModuleManager: Shutting down and abandoning module WindowsClientTargetPlatform (91)
[2019.11.15-19.24.52:531][611]LogModuleManager: Shutting down and abandoning module InputCore (88)
[2019.11.15-19.24.52:531][611]LogModuleManager: Shutting down and abandoning module Settings (86)
[2019.11.15-19.24.52:531][611]LogModuleManager: Shutting down and abandoning module PhysXCooking (84)
[2019.11.15-19.24.52:531][611]LogModuleManager: Shutting down and abandoning module WindowsPlatformFeatures (82)
[2019.11.15-19.24.52:531][611]LogModuleManager: Shutting down and abandoning module GameplayMediaEncoder (81)
[2019.11.15-19.24.52:531][611]LogModuleManager: Shutting down and abandoning module SteamVR (78)
[2019.11.15-19.24.52:531][611]LogHMD: Freeing OpenVRDLLHandle.
[2019.11.15-19.24.52:531][611]LogModuleManager: Shutting down and abandoning module OculusHMD (76)
[2019.11.15-19.24.52:531][611]LogModuleManager: Shutting down and abandoning module ExampleDeviceProfileSelector (74)
[2019.11.15-19.24.52:531][611]LogModuleManager: Shutting down and abandoning module LauncherChunkInstaller (72)
[2019.11.15-19.24.52:531][611]LogModuleManager: Shutting down and abandoning module OnlineBlueprintSupport (70)
[2019.11.15-19.24.52:531][611]LogModuleManager: Shutting down and abandoning module OnlineSubsystem (66)
[2019.11.15-19.24.52:532][611]LogModuleManager: Shutting down and abandoning module XMPP (61)
[2019.11.15-19.24.52:532][611]LogModuleManager: Shutting down and abandoning module WebSockets (60)
[2019.11.15-19.24.52:539][611]LogModuleManager: Shutting down and abandoning module HTTP (57)
[2019.11.15-19.24.52:559][611]LogModuleManager: Shutting down and abandoning module SSL (56)
[2019.11.15-19.24.52:560][611]LogModuleManager: Shutting down and abandoning module WmfMedia (52)
[2019.11.15-19.24.52:561][611]LogModuleManager: Shutting down and abandoning module Media (51)
[2019.11.15-19.24.52:561][611]LogModuleManager: Shutting down and abandoning module MagicLeap (48)
[2019.11.15-19.24.52:561][611]LogModuleManager: Shutting down and abandoning module DatasmithContent (46)
[2019.11.15-19.24.52:562][611]LogModuleManager: Shutting down and abandoning module AISupportModule (44)
[2019.11.15-19.24.52:562][611]LogModuleManager: Shutting down and abandoning module PlatformCryptoOpenSSL (42)
[2019.11.15-19.24.52:562][611]LogModuleManager: Shutting down and abandoning module PlatformCrypto (40)
[2019.11.15-19.24.52:562][611]LogModuleManager: Shutting down and abandoning module AnimationModifiers (38)
[2019.11.15-19.24.52:562][611]LogModuleManager: Shutting down and abandoning module PropertyEditor (37)
[2019.11.15-19.24.52:562][611]LogModuleManager: Shutting down and abandoning module AudioEditor (34)
[2019.11.15-19.24.52:562][611]LogModuleManager: Shutting down and abandoning module TextureCompressor (32)
[2019.11.15-19.24.52:562][611]LogModuleManager: Shutting down and abandoning module RenderCore (30)
[2019.11.15-19.24.52:562][611]LogModuleManager: Shutting down and abandoning module Landscape (28)
[2019.11.15-19.24.52:562][611]LogModuleManager: Shutting down and abandoning module SlateRHIRenderer (26)
[2019.11.15-19.24.52:563][611]LogModuleManager: Shutting down and abandoning module OpenGLDrv (24)
[2019.11.15-19.24.52:563][611]LogModuleManager: Shutting down and abandoning module D3D11RHI (22)
[2019.11.15-19.24.52:563][611]LogModuleManager: Shutting down and abandoning module AnimGraphRuntime (20)
[2019.11.15-19.24.52:563][611]LogModuleManager: Shutting down and abandoning module Renderer (18)
[2019.11.15-19.24.52:563][611]LogModuleManager: Shutting down and abandoning module Engine (16)
[2019.11.15-19.24.52:563][611]LogModuleManager: Shutting down and abandoning module CoreUObject (14)
[2019.11.15-19.24.52:563][611]LogModuleManager: Shutting down and abandoning module NetworkFile (12)
[2019.11.15-19.24.52:563][611]LogModuleManager: Shutting down and abandoning module CookedIterativeFile (10)
[2019.11.15-19.24.52:563][611]LogModuleManager: Shutting down and abandoning module StreamingFile (8)
[2019.11.15-19.24.52:563][611]LogModuleManager: Shutting down and abandoning module SandboxFile (6)
[2019.11.15-19.24.52:563][611]LogModuleManager: Shutting down and abandoning module PakFile (4)
[2019.11.15-19.24.52:563][611]LogModuleManager: Shutting down and abandoning module RSA (3)
[2019.11.15-19.24.52:564][611]LogD3D11RHI: Shutdown
[2019.11.15-19.24.52:564][611]LogD3D11RHI: CleanupD3DDevice
[2019.11.15-19.24.52:564][611]LogRendererCore: FGlobalDynamicReadBuffer::Cleanup()
[2019.11.15-19.24.52:564][611]LogRendererCore: FGlobalDynamicReadBuffer::Cleanup()
[2019.11.15-19.24.52:564][611]LogRendererCore: FGlobalDynamicReadBuffer::Cleanup()
[2019.11.15-19.24.52:631][611]LogD3D11RHI: ~FD3D11DynamicRHI
[2019.11.15-19.24.52:636][611]LogExit: Exiting.
[2019.11.15-19.24.52:659][611]Log file closed, 11/15/19 11:24:52
