Log file open, 11/13/19 11:17:48
LogWindows: Failed to load 'aqProf.dll' (GetLastError=126)
LogWindows: File 'aqProf.dll' does not exist
LogWindows: Failed to load 'VtuneApi.dll' (GetLastError=126)
LogWindows: File 'VtuneApi.dll' does not exist
LogWindows: Failed to load 'VtuneApi32e.dll' (GetLastError=126)
LogWindows: File 'VtuneApi32e.dll' does not exist
LogConsoleResponse: Display: Failed to find resolution value strings in scalability ini. Falling back to default.
LogInit: Display: Running engine for game: Space_Game
LogPlatformFile: Not using cached read wrapper
LogTaskGraph: Started task graph with 5 named threads and 23 total threads with 3 sets of task threads.
LogStats: Stats thread started at 0.109298
LogD3D11RHI: Loaded GFSDK_Aftermath_Lib.x64.dll
LogICUInternationalization: ICU TimeZone Detection - Raw Offset: -8:00, Platform Override: ''
LogPluginManager: Mounting plugin Paper2D
LogPluginManager: Mounting plugin AISupport
LogPluginManager: Mounting plugin LightPropagationVolume
LogPluginManager: Mounting plugin ActorLayerUtilities
LogPluginManager: Mounting plugin AnimationSharing
LogPluginManager: Mounting plugin CLionSourceCodeAccess
LogPluginManager: Mounting plugin CodeLiteSourceCodeAccess
LogPluginManager: Mounting plugin GitSourceControl
LogPluginManager: Mounting plugin KDevelopSourceCodeAccess
LogPluginManager: Mounting plugin NullSourceCodeAccess
LogPluginManager: Mounting plugin PerforceSourceControl
LogPluginManager: Mounting plugin SubversionSourceControl
LogPluginManager: Mounting plugin UObjectPlugin
LogPluginManager: Mounting plugin VisualStudioCodeSourceCodeAccess
LogPluginManager: Mounting plugin VisualStudioSourceCodeAccess
LogPluginManager: Mounting plugin XCodeSourceCodeAccess
LogPluginManager: Mounting plugin AssetManagerEditor
LogPluginManager: Mounting plugin CryptoKeys
LogPluginManager: Mounting plugin CurveEditorTools
LogPluginManager: Mounting plugin DataValidation
LogPluginManager: Mounting plugin FacialAnimation
LogPluginManager: Mounting plugin GameplayTagsEditor
LogPluginManager: Mounting plugin MacGraphicsSwitching
LogPluginManager: Mounting plugin MaterialAnalyzer
LogPluginManager: Mounting plugin MobileLauncherProfileWizard
LogPluginManager: Mounting plugin PluginBrowser
LogPluginManager: Mounting plugin SpeedTreeImporter
LogPluginManager: Mounting plugin DatasmithContent
LogPluginManager: Mounting plugin VariantManagerContent
LogPluginManager: Mounting plugin AlembicImporter
LogPluginManager: Mounting plugin AutomationUtils
LogPluginManager: Mounting plugin BackChannel
LogPluginManager: Mounting plugin CharacterAI
LogPluginManager: Mounting plugin GeometryCache
LogPluginManager: Mounting plugin HTML5Networking
LogPluginManager: Mounting plugin PlatformCrypto
LogPluginManager: Mounting plugin ProxyLODPlugin
LogPluginManager: Mounting plugin SkeletalReduction
LogPluginManager: Mounting plugin MagicLeap
LogPluginManager: Mounting plugin MagicLeapMedia
LogPluginManager: Mounting plugin AndroidMedia
LogPluginManager: Mounting plugin AvfMedia
LogPluginManager: Mounting plugin ImgMedia
LogPluginManager: Mounting plugin MediaCompositing
LogPluginManager: Mounting plugin MediaPlayerEditor
LogPluginManager: Mounting plugin WebMMedia
LogPluginManager: Mounting plugin WmfMedia
LogPluginManager: Mounting plugin TcpMessaging
LogPluginManager: Mounting plugin UdpMessaging
LogPluginManager: Mounting plugin ActorSequence
LogPluginManager: Mounting plugin LevelSequenceEditor
LogPluginManager: Mounting plugin MatineeToLevelSequence
LogPluginManager: Mounting plugin NetcodeUnitTest
LogPluginManager: Mounting plugin NUTUnrealEngine4
LogPluginManager: Mounting plugin OnlineSubsystemGooglePlay
LogPluginManager: Mounting plugin OnlineSubsystemIOS
LogPluginManager: Mounting plugin OnlineSubsystem
LogPluginManager: Mounting plugin OnlineSubsystemNull
LogPluginManager: Mounting plugin OnlineSubsystemUtils
LogPluginManager: Mounting plugin LauncherChunkInstaller
LogPluginManager: Mounting plugin AndroidDeviceProfileSelector
LogPluginManager: Mounting plugin AndroidMoviePlayer
LogPluginManager: Mounting plugin AndroidPermission
LogPluginManager: Mounting plugin AppleImageUtils
LogPluginManager: Mounting plugin AppleMoviePlayer
LogPluginManager: Mounting plugin ArchVisCharacter
LogPluginManager: Mounting plugin AudioCapture
LogPluginManager: Mounting plugin CableComponent
LogPluginManager: Mounting plugin CustomMeshComponent
LogPluginManager: Mounting plugin EditableMesh
LogPluginManager: Mounting plugin ExampleDeviceProfileSelector
LogPluginManager: Mounting plugin GoogleCloudMessaging
LogPluginManager: Mounting plugin IOSDeviceProfileSelector
LogPluginManager: Mounting plugin LinuxDeviceProfileSelector
LogPluginManager: Mounting plugin LocationServicesBPLibrary
LogPluginManager: Mounting plugin MobilePatchingUtils
LogPluginManager: Mounting plugin OculusVR
LogPluginManager: Mounting plugin PhysXVehicles
LogPluginManager: Mounting plugin ProceduralMeshComponent
LogPluginManager: Mounting plugin RuntimePhysXCooking
LogPluginManager: Mounting plugin SignificanceManager
LogPluginManager: Mounting plugin SteamVR
LogPluginManager: Mounting plugin WebMMoviePlayer
LogPluginManager: Mounting plugin WindowsMoviePlayer
LogPluginManager: Mounting plugin ScreenshotTools
LogInit: Using libcurl 7.55.1-DEV
LogInit:  - built for x86_64-pc-win32
LogInit:  - supports SSL with OpenSSL/1.1.1
LogInit:  - supports HTTP deflate (compression) using libz 1.2.8
LogInit:  - other features:
LogInit:      CURL_VERSION_SSL
LogInit:      CURL_VERSION_LIBZ
LogInit:      CURL_VERSION_IPV6
LogInit:      CURL_VERSION_ASYNCHDNS
LogInit:      CURL_VERSION_LARGEFILE
LogInit:      CURL_VERSION_IDN
LogInit:  CurlRequestOptions (configurable via config and command line):
LogInit:  - bVerifyPeer = true  - Libcurl will verify peer certificate
LogInit:  - bUseHttpProxy = false  - Libcurl will NOT use HTTP proxy
LogInit:  - bDontReuseConnections = false  - Libcurl will reuse connections
LogInit:  - MaxHostConnections = 16  - Libcurl will limit the number of connections to a host
LogInit:  - LocalHostAddr = Default
LogInit:  - BufferSize = 65536
LogOnline: OSS: Creating online subsystem instance for: NULL
LogInit: WinSock: version 1.1 (2.2), MaxSocks=32767, MaxUdp=65467
LogInit: Build: ++UE4+Release-4.23-CL-8386587
LogInit: Engine Version: 4.23.0-8386587+++UE4+Release-4.23
LogInit: Compatible Engine Version: 4.23.0-8386587+++UE4+Release-4.23
LogInit: Net CL: 8386587
LogInit: OS: Windows 10 (Release 1803) (), CPU: Intel(R) Core(TM) i7-4790K CPU @ 4.00GHz, GPU: NVIDIA GeForce GTX 960
LogInit: Compiled (64-bit): Aug 31 2019 02:04:44
LogInit: Compiled with Visual C++: 19.16.27030.01
LogInit: Build Configuration: Development
LogInit: Branch Name: ++UE4+Release-4.23
LogInit: Command Line:  /Game/Levels/testmap -game -PIEVIACONSOLE -ResX=1280 -ResY=720 -Multiprocess -messaging -SessionName="Play in Standalone Game" -windowed
LogInit: Base Directory: D:/Program Files/Unreal Engine 4/UE_4.23/Engine/Binaries/Win64/
LogInit: Installed Engine Build: 1
LogDevObjectVersion: Number of dev versions registered: 23
LogDevObjectVersion:   Dev-Blueprints (B0D832E4-1F89-4F0D-ACCF-7EB736FD4AA2): 10
LogDevObjectVersion:   Dev-Build (E1C64328-A22C-4D53-A36C-8E866417BD8C): 0
LogDevObjectVersion:   Dev-Core (375EC13C-06E4-48FB-B500-84F0262A717E): 3
LogDevObjectVersion:   Dev-Editor (E4B068ED-F494-42E9-A231-DA0B2E46BB41): 34
LogDevObjectVersion:   Dev-Framework (CFFC743F-43B0-4480-9391-14DF171D2073): 35
LogDevObjectVersion:   Dev-Mobile (B02B49B5-BB20-44E9-A304-32B752E40360): 2
LogDevObjectVersion:   Dev-Networking (A4E4105C-59A1-49B5-A7C5-40C4547EDFEE): 0
LogDevObjectVersion:   Dev-Online (39C831C9-5AE6-47DC-9A44-9C173E1C8E7C): 0
LogDevObjectVersion:   Dev-Physics (78F01B33-EBEA-4F98-B9B4-84EACCB95AA2): 0
LogDevObjectVersion:   Dev-Platform (6631380F-2D4D-43E0-8009-CF276956A95A): 0
LogDevObjectVersion:   Dev-Rendering (12F88B9F-8875-4AFC-A67C-D90C383ABD29): 31
LogDevObjectVersion:   Dev-Sequencer (7B5AE74C-D270-4C10-A958-57980B212A5A): 11
LogDevObjectVersion:   Dev-VR (D7296918-1DD6-4BDD-9DE2-64A83CC13884): 2
LogDevObjectVersion:   Dev-LoadTimes (C2A15278-BFE7-4AFE-6C17-90FF531DF755): 1
LogDevObjectVersion:   Private-Geometry (6EACA3D4-40EC-4CC1-B786-8BED09428FC5): 3
LogDevObjectVersion:   Dev-AnimPhys (29E575DD-E0A3-4627-9D10-D276232CDCEA): 17
LogDevObjectVersion:   Dev-Anim (AF43A65D-7FD3-4947-9873-3E8ED9C1BB05): 2
LogDevObjectVersion:   Dev-ReflectionCapture (6B266CEC-1EC7-4B8F-A30B-E4D90942FC07): 1
LogDevObjectVersion:   Dev-Automation (0DF73D61-A23F-47EA-B727-89E90C41499A): 1
LogDevObjectVersion:   FortniteMain (601D1886-AC64-4F84-AA16-D3DE0DEAC7D6): 27
LogDevObjectVersion:   Dev-Enterprise (9DFFBCD6-494F-0158-E221-12823C92A888): 6
LogDevObjectVersion:   Dev-Niagara (F2AED0AC-9AFE-416F-8664-AA7FFA26D6FC): 1
LogDevObjectVersion:   Dev-Destruction (174F1F0B-B4C6-45A5-B13F-2EE8D0FB917D): 9
LogInit: Presizing for max 16777216 objects, including 0 objects not considered by GC, pre-allocating 0 bytes for permanent pool.
LogInit: Object subsystem initialized
LogConfig: Setting CVar [[con.DebugEarlyDefault:1]]
LogConfig: Setting CVar [[r.setres:1280x720]]
[2019.11.13-19.17.49:013][  0]LogConfig: Setting CVar [[con.DebugEarlyDefault:1]]
[2019.11.13-19.17.49:013][  0]LogConfig: Setting CVar [[r.setres:1280x720]]
[2019.11.13-19.17.49:013][  0]LogConfig: Applying CVar settings from Section [/Script/Engine.RendererSettings] File [D:/Unreal Projects/Von Smith/Space-Game/Space_Game/Saved/Config/Windows/Engine.ini]
[2019.11.13-19.17.49:013][  0]LogConfig: Setting CVar [[r.GPUCrashDebugging:0]]
[2019.11.13-19.17.49:013][  0]LogConfig: Applying CVar settings from Section [/Script/Engine.RendererOverrideSettings] File [D:/Unreal Projects/Von Smith/Space-Game/Space_Game/Saved/Config/Windows/Engine.ini]
[2019.11.13-19.17.49:013][  0]LogConfig: Applying CVar settings from Section [/Script/Engine.StreamingSettings] File [D:/Unreal Projects/Von Smith/Space-Game/Space_Game/Saved/Config/Windows/Engine.ini]
[2019.11.13-19.17.49:013][  0]LogConfig: Setting CVar [[s.MinBulkDataSizeForAsyncLoading:131072]]
[2019.11.13-19.17.49:013][  0]LogConfig: Setting CVar [[s.AsyncLoadingThreadEnabled:0]]
[2019.11.13-19.17.49:013][  0]LogConfig: Setting CVar [[s.EventDrivenLoaderEnabled:1]]
[2019.11.13-19.17.49:013][  0]LogConfig: Setting CVar [[s.WarnIfTimeLimitExceeded:0]]
[2019.11.13-19.17.49:013][  0]LogConfig: Setting CVar [[s.TimeLimitExceededMultiplier:1.5]]
[2019.11.13-19.17.49:013][  0]LogConfig: Setting CVar [[s.TimeLimitExceededMinTime:0.005]]
[2019.11.13-19.17.49:013][  0]LogConfig: Setting CVar [[s.UseBackgroundLevelStreaming:1]]
[2019.11.13-19.17.49:013][  0]LogConfig: Setting CVar [[s.PriorityAsyncLoadingExtraTime:15.0]]
[2019.11.13-19.17.49:013][  0]LogConfig: Setting CVar [[s.LevelStreamingActorsUpdateTimeLimit:5.0]]
[2019.11.13-19.17.49:013][  0]LogConfig: Setting CVar [[s.PriorityLevelStreamingActorsUpdateExtraTime:5.0]]
[2019.11.13-19.17.49:013][  0]LogConfig: Setting CVar [[s.LevelStreamingComponentsRegistrationGranularity:10]]
[2019.11.13-19.17.49:013][  0]LogConfig: Setting CVar [[s.UnregisterComponentsTimeLimit:1.0]]
[2019.11.13-19.17.49:013][  0]LogConfig: Setting CVar [[s.LevelStreamingComponentsUnregistrationGranularity:5]]
[2019.11.13-19.17.49:013][  0]LogConfig: Applying CVar settings from Section [/Script/Engine.GarbageCollectionSettings] File [D:/Unreal Projects/Von Smith/Space-Game/Space_Game/Saved/Config/Windows/Engine.ini]
[2019.11.13-19.17.49:013][  0]LogConfig: Setting CVar [[gc.MaxObjectsNotConsideredByGC:1]]
[2019.11.13-19.17.49:013][  0]LogConfig: Setting CVar [[gc.SizeOfPermanentObjectPool:0]]
[2019.11.13-19.17.49:013][  0]LogConfig: Setting CVar [[gc.FlushStreamingOnGC:0]]
[2019.11.13-19.17.49:013][  0]LogConfig: Setting CVar [[gc.NumRetriesBeforeForcingGC:10]]
[2019.11.13-19.17.49:013][  0]LogConfig: Setting CVar [[gc.AllowParallelGC:1]]
[2019.11.13-19.17.49:013][  0]LogConfig: Setting CVar [[gc.TimeBetweenPurgingPendingKillObjects:61.1]]
[2019.11.13-19.17.49:013][  0]LogConfig: Setting CVar [[gc.MaxObjectsInEditor:16777216]]
[2019.11.13-19.17.49:013][  0]LogConfig: Setting CVar [[gc.IncrementalBeginDestroyEnabled:1]]
[2019.11.13-19.17.49:013][  0]LogConfig: Setting CVar [[gc.CreateGCClusters:1]]
[2019.11.13-19.17.49:013][  0]LogConfig: Setting CVar [[gc.MinGCClusterSize:5]]
[2019.11.13-19.17.49:013][  0]LogConfig: Setting CVar [[gc.ActorClusteringEnabled:0]]
[2019.11.13-19.17.49:013][  0]LogConfig: Setting CVar [[gc.BlueprintClusteringEnabled:0]]
[2019.11.13-19.17.49:013][  0]LogConfig: Setting CVar [[gc.UseDisregardForGCOnDedicatedServers:0]]
[2019.11.13-19.17.49:013][  0]LogConfig: Applying CVar settings from Section [/Script/Engine.NetworkSettings] File [D:/Unreal Projects/Von Smith/Space-Game/Space_Game/Saved/Config/Windows/Engine.ini]
[2019.11.13-19.17.49:013][  0]LogConfig: Applying CVar settings from Section [/Script/UnrealEd.CookerSettings] File [D:/Unreal Projects/Von Smith/Space-Game/Space_Game/Saved/Config/Windows/Engine.ini]
[2019.11.13-19.17.49:016][  0]LogConfig: Applying CVar settings from Section [ViewDistanceQuality@3] File [D:/Unreal Projects/Von Smith/Space-Game/Space_Game/Saved/Config/Windows/Scalability.ini]
[2019.11.13-19.17.49:016][  0]LogConfig: Setting CVar [[r.SkeletalMeshLODBias:0]]
[2019.11.13-19.17.49:016][  0]LogConfig: Setting CVar [[r.ViewDistanceScale:1.0]]
[2019.11.13-19.17.49:016][  0]LogConfig: Applying CVar settings from Section [AntiAliasingQuality@3] File [D:/Unreal Projects/Von Smith/Space-Game/Space_Game/Saved/Config/Windows/Scalability.ini]
[2019.11.13-19.17.49:016][  0]LogConfig: Setting CVar [[r.PostProcessAAQuality:4]]
[2019.11.13-19.17.49:016][  0]LogConfig: Applying CVar settings from Section [ShadowQuality@3] File [D:/Unreal Projects/Von Smith/Space-Game/Space_Game/Saved/Config/Windows/Scalability.ini]
[2019.11.13-19.17.49:016][  0]LogConfig: Setting CVar [[r.LightFunctionQuality:1]]
[2019.11.13-19.17.49:016][  0]LogConfig: Setting CVar [[r.ShadowQuality:5]]
[2019.11.13-19.17.49:016][  0]LogConfig: Setting CVar [[r.Shadow.CSM.MaxCascades:10]]
[2019.11.13-19.17.49:016][  0]LogConfig: Setting CVar [[r.Shadow.MaxResolution:2048]]
[2019.11.13-19.17.49:016][  0]LogConfig: Setting CVar [[r.Shadow.MaxCSMResolution:2048]]
[2019.11.13-19.17.49:016][  0]LogConfig: Setting CVar [[r.Shadow.RadiusThreshold:0.01]]
[2019.11.13-19.17.49:016][  0]LogConfig: Setting CVar [[r.Shadow.DistanceScale:1.0]]
[2019.11.13-19.17.49:016][  0]LogConfig: Setting CVar [[r.Shadow.CSM.TransitionScale:1.0]]
[2019.11.13-19.17.49:016][  0]LogConfig: Setting CVar [[r.Shadow.PreShadowResolutionFactor:1.0]]
[2019.11.13-19.17.49:016][  0]LogConfig: Setting CVar [[r.DistanceFieldShadowing:1]]
[2019.11.13-19.17.49:016][  0]LogConfig: Setting CVar [[r.DistanceFieldAO:1]]
[2019.11.13-19.17.49:016][  0]LogConfig: Setting CVar [[r.AOQuality:2]]
[2019.11.13-19.17.49:016][  0]LogConfig: Setting CVar [[r.VolumetricFog:1]]
[2019.11.13-19.17.49:016][  0]LogConfig: Setting CVar [[r.VolumetricFog.GridPixelSize:8]]
[2019.11.13-19.17.49:016][  0]LogConfig: Setting CVar [[r.VolumetricFog.GridSizeZ:128]]
[2019.11.13-19.17.49:016][  0]LogConfig: Setting CVar [[r.VolumetricFog.HistoryMissSupersampleCount:4]]
[2019.11.13-19.17.49:016][  0]LogConfig: Setting CVar [[r.LightMaxDrawDistanceScale:1]]
[2019.11.13-19.17.49:016][  0]LogConfig: Setting CVar [[r.CapsuleShadows:1]]
[2019.11.13-19.17.49:016][  0]LogConfig: Applying CVar settings from Section [PostProcessQuality@3] File [D:/Unreal Projects/Von Smith/Space-Game/Space_Game/Saved/Config/Windows/Scalability.ini]
[2019.11.13-19.17.49:016][  0]LogConfig: Setting CVar [[r.MotionBlurQuality:4]]
[2019.11.13-19.17.49:016][  0]LogConfig: Setting CVar [[r.AmbientOcclusionMipLevelFactor:0.4]]
[2019.11.13-19.17.49:016][  0]LogConfig: Setting CVar [[r.AmbientOcclusionMaxQuality:100]]
[2019.11.13-19.17.49:016][  0]LogConfig: Setting CVar [[r.AmbientOcclusionLevels:-1]]
[2019.11.13-19.17.49:016][  0]LogConfig: Setting CVar [[r.AmbientOcclusionRadiusScale:1.0]]
[2019.11.13-19.17.49:016][  0]LogConfig: Setting CVar [[r.DepthOfFieldQuality:2]]
[2019.11.13-19.17.49:016][  0]LogConfig: Setting CVar [[r.RenderTargetPoolMin:400]]
[2019.11.13-19.17.49:016][  0]LogConfig: Setting CVar [[r.LensFlareQuality:2]]
[2019.11.13-19.17.49:016][  0]LogConfig: Setting CVar [[r.SceneColorFringeQuality:1]]
[2019.11.13-19.17.49:016][  0]LogConfig: Setting CVar [[r.EyeAdaptationQuality:2]]
[2019.11.13-19.17.49:016][  0]LogConfig: Setting CVar [[r.BloomQuality:5]]
[2019.11.13-19.17.49:016][  0]LogConfig: Setting CVar [[r.FastBlurThreshold:100]]
[2019.11.13-19.17.49:016][  0]LogConfig: Setting CVar [[r.Upscale.Quality:3]]
[2019.11.13-19.17.49:016][  0]LogConfig: Setting CVar [[r.Tonemapper.GrainQuantization:1]]
[2019.11.13-19.17.49:016][  0]LogConfig: Setting CVar [[r.LightShaftQuality:1]]
[2019.11.13-19.17.49:016][  0]LogConfig: Setting CVar [[r.Filter.SizeScale:1]]
[2019.11.13-19.17.49:016][  0]LogConfig: Setting CVar [[r.Tonemapper.Quality:5]]
[2019.11.13-19.17.49:016][  0]LogConfig: Setting CVar [[r.DOF.Gather.AccumulatorQuality:1        ; higher gathering accumulator quality]]
[2019.11.13-19.17.49:016][  0]LogConfig: Setting CVar [[r.DOF.Gather.PostfilterMethod:1          ; Median3x3 postfilering method]]
[2019.11.13-19.17.49:016][  0]LogConfig: Setting CVar [[r.DOF.Gather.EnableBokehSettings:0       ; no bokeh simulation when gathering]]
[2019.11.13-19.17.49:016][  0]LogConfig: Setting CVar [[r.DOF.Gather.RingCount:4                 ; medium number of samples when gathering]]
[2019.11.13-19.17.49:016][  0]LogConfig: Setting CVar [[r.DOF.Scatter.ForegroundCompositing:1    ; additive foreground scattering]]
[2019.11.13-19.17.49:016][  0]LogConfig: Setting CVar [[r.DOF.Scatter.BackgroundCompositing:2    ; additive background scattering]]
[2019.11.13-19.17.49:016][  0]LogConfig: Setting CVar [[r.DOF.Scatter.EnableBokehSettings:1      ; bokeh simulation when scattering]]
[2019.11.13-19.17.49:016][  0]LogConfig: Setting CVar [[r.DOF.Scatter.MaxSpriteRatio:0.1         ; only a maximum of 10% of scattered bokeh]]
[2019.11.13-19.17.49:016][  0]LogConfig: Setting CVar [[r.DOF.Recombine.Quality:1                ; cheap slight out of focus]]
[2019.11.13-19.17.49:016][  0]LogConfig: Setting CVar [[r.DOF.Recombine.EnableBokehSettings:0    ; no bokeh simulation on slight out of focus]]
[2019.11.13-19.17.49:016][  0]LogConfig: Setting CVar [[r.DOF.TemporalAAQuality:1                ; more stable temporal accumulation]]
[2019.11.13-19.17.49:016][  0]LogConfig: Setting CVar [[r.DOF.Kernel.MaxForegroundRadius:0.025]]
[2019.11.13-19.17.49:016][  0]LogConfig: Setting CVar [[r.DOF.Kernel.MaxBackgroundRadius:0.025]]
[2019.11.13-19.17.49:016][  0]LogConfig: Applying CVar settings from Section [TextureQuality@3] File [D:/Unreal Projects/Von Smith/Space-Game/Space_Game/Saved/Config/Windows/Scalability.ini]
[2019.11.13-19.17.49:016][  0]LogConfig: Setting CVar [[r.Streaming.MipBias:0]]
[2019.11.13-19.17.49:016][  0]LogConfig: Setting CVar [[r.Streaming.AmortizeCPUToGPUCopy:0]]
[2019.11.13-19.17.49:016][  0]LogConfig: Setting CVar [[r.Streaming.MaxNumTexturesToStreamPerFrame:0]]
[2019.11.13-19.17.49:016][  0]LogConfig: Setting CVar [[r.Streaming.Boost:1]]
[2019.11.13-19.17.49:016][  0]LogConfig: Setting CVar [[r.MaxAnisotropy:8]]
[2019.11.13-19.17.49:016][  0]LogConfig: Setting CVar [[r.Streaming.LimitPoolSizeToVRAM:0]]
[2019.11.13-19.17.49:016][  0]LogConfig: Setting CVar [[r.Streaming.PoolSize:1000]]
[2019.11.13-19.17.49:016][  0]LogConfig: Setting CVar [[r.Streaming.MaxEffectiveScreenSize:0]]
[2019.11.13-19.17.49:016][  0]LogConfig: Applying CVar settings from Section [EffectsQuality@3] File [D:/Unreal Projects/Von Smith/Space-Game/Space_Game/Saved/Config/Windows/Scalability.ini]
[2019.11.13-19.17.49:016][  0]LogConfig: Setting CVar [[r.TranslucencyLightingVolumeDim:64]]
[2019.11.13-19.17.49:016][  0]LogConfig: Setting CVar [[r.RefractionQuality:2]]
[2019.11.13-19.17.49:016][  0]LogConfig: Setting CVar [[r.SSR.Quality:3]]
[2019.11.13-19.17.49:016][  0]LogConfig: Setting CVar [[r.SceneColorFormat:4]]
[2019.11.13-19.17.49:017][  0]LogConfig: Setting CVar [[r.DetailMode:2]]
[2019.11.13-19.17.49:017][  0]LogConfig: Setting CVar [[r.TranslucencyVolumeBlur:1]]
[2019.11.13-19.17.49:017][  0]LogConfig: Setting CVar [[r.MaterialQualityLevel:1 ; High quality]]
[2019.11.13-19.17.49:017][  0]LogConfig: Setting CVar [[r.SSS.Scale:1]]
[2019.11.13-19.17.49:017][  0]LogConfig: Setting CVar [[r.SSS.SampleSet:2]]
[2019.11.13-19.17.49:017][  0]LogConfig: Setting CVar [[r.SSS.Quality:1]]
[2019.11.13-19.17.49:017][  0]LogConfig: Setting CVar [[r.SSS.HalfRes:1]]
[2019.11.13-19.17.49:017][  0]LogConfig: Setting CVar [[r.EmitterSpawnRateScale:1.0]]
[2019.11.13-19.17.49:017][  0]LogConfig: Setting CVar [[r.ParticleLightQuality:2]]
[2019.11.13-19.17.49:017][  0]LogConfig: Applying CVar settings from Section [FoliageQuality@3] File [D:/Unreal Projects/Von Smith/Space-Game/Space_Game/Saved/Config/Windows/Scalability.ini]
[2019.11.13-19.17.49:017][  0]LogConfig: Setting CVar [[foliage.DensityScale:1.0]]
[2019.11.13-19.17.49:017][  0]LogConfig: Setting CVar [[grass.DensityScale:1.0]]
[2019.11.13-19.17.49:017][  0]LogInit: Selected Device Profile: [Windows]
[2019.11.13-19.17.49:017][  0]LogInit: Applying CVar settings loaded from the selected device profile: [Windows]
[2019.11.13-19.17.49:021][  0]LogHAL: Display: Platform has ~ 8 GB [8538304512 / 8589934592 / 8], which maps to Default [LargestMinGB=32, LargerMinGB=12, DefaultMinGB=8, SmallerMinGB=6, SmallestMinGB=0)
[2019.11.13-19.17.49:021][  0]LogInit: Going up to parent DeviceProfile []
[2019.11.13-19.17.49:021][  0]LogConfig: Applying CVar settings from Section [ViewDistanceQuality@3] File [D:/Unreal Projects/Von Smith/Space-Game/Space_Game/Saved/Config/Windows/Scalability.ini]
[2019.11.13-19.17.49:021][  0]LogConfig: Setting CVar [[r.SkeletalMeshLODBias:0]]
[2019.11.13-19.17.49:021][  0]LogConfig: Setting CVar [[r.ViewDistanceScale:1.0]]
[2019.11.13-19.17.49:021][  0]LogConfig: Applying CVar settings from Section [AntiAliasingQuality@3] File [D:/Unreal Projects/Von Smith/Space-Game/Space_Game/Saved/Config/Windows/Scalability.ini]
[2019.11.13-19.17.49:021][  0]LogConfig: Setting CVar [[r.PostProcessAAQuality:4]]
[2019.11.13-19.17.49:021][  0]LogConfig: Applying CVar settings from Section [ShadowQuality@3] File [D:/Unreal Projects/Von Smith/Space-Game/Space_Game/Saved/Config/Windows/Scalability.ini]
[2019.11.13-19.17.49:021][  0]LogConfig: Setting CVar [[r.LightFunctionQuality:1]]
[2019.11.13-19.17.49:021][  0]LogConfig: Setting CVar [[r.ShadowQuality:5]]
[2019.11.13-19.17.49:021][  0]LogConfig: Setting CVar [[r.Shadow.CSM.MaxCascades:10]]
[2019.11.13-19.17.49:021][  0]LogConfig: Setting CVar [[r.Shadow.MaxResolution:2048]]
[2019.11.13-19.17.49:021][  0]LogConfig: Setting CVar [[r.Shadow.MaxCSMResolution:2048]]
[2019.11.13-19.17.49:021][  0]LogConfig: Setting CVar [[r.Shadow.RadiusThreshold:0.01]]
[2019.11.13-19.17.49:021][  0]LogConfig: Setting CVar [[r.Shadow.DistanceScale:1.0]]
[2019.11.13-19.17.49:021][  0]LogConfig: Setting CVar [[r.Shadow.CSM.TransitionScale:1.0]]
[2019.11.13-19.17.49:021][  0]LogConfig: Setting CVar [[r.Shadow.PreShadowResolutionFactor:1.0]]
[2019.11.13-19.17.49:021][  0]LogConfig: Setting CVar [[r.DistanceFieldShadowing:1]]
[2019.11.13-19.17.49:021][  0]LogConfig: Setting CVar [[r.DistanceFieldAO:1]]
[2019.11.13-19.17.49:021][  0]LogConfig: Setting CVar [[r.AOQuality:2]]
[2019.11.13-19.17.49:021][  0]LogConfig: Setting CVar [[r.VolumetricFog:1]]
[2019.11.13-19.17.49:021][  0]LogConfig: Setting CVar [[r.VolumetricFog.GridPixelSize:8]]
[2019.11.13-19.17.49:021][  0]LogConfig: Setting CVar [[r.VolumetricFog.GridSizeZ:128]]
[2019.11.13-19.17.49:021][  0]LogConfig: Setting CVar [[r.VolumetricFog.HistoryMissSupersampleCount:4]]
[2019.11.13-19.17.49:021][  0]LogConfig: Setting CVar [[r.LightMaxDrawDistanceScale:1]]
[2019.11.13-19.17.49:021][  0]LogConfig: Setting CVar [[r.CapsuleShadows:1]]
[2019.11.13-19.17.49:021][  0]LogConfig: Applying CVar settings from Section [PostProcessQuality@3] File [D:/Unreal Projects/Von Smith/Space-Game/Space_Game/Saved/Config/Windows/Scalability.ini]
[2019.11.13-19.17.49:021][  0]LogConfig: Setting CVar [[r.MotionBlurQuality:4]]
[2019.11.13-19.17.49:021][  0]LogConfig: Setting CVar [[r.AmbientOcclusionMipLevelFactor:0.4]]
[2019.11.13-19.17.49:021][  0]LogConfig: Setting CVar [[r.AmbientOcclusionMaxQuality:100]]
[2019.11.13-19.17.49:021][  0]LogConfig: Setting CVar [[r.AmbientOcclusionLevels:-1]]
[2019.11.13-19.17.49:021][  0]LogConfig: Setting CVar [[r.AmbientOcclusionRadiusScale:1.0]]
[2019.11.13-19.17.49:021][  0]LogConfig: Setting CVar [[r.DepthOfFieldQuality:2]]
[2019.11.13-19.17.49:021][  0]LogConfig: Setting CVar [[r.RenderTargetPoolMin:400]]
[2019.11.13-19.17.49:021][  0]LogConfig: Setting CVar [[r.LensFlareQuality:2]]
[2019.11.13-19.17.49:021][  0]LogConfig: Setting CVar [[r.SceneColorFringeQuality:1]]
[2019.11.13-19.17.49:021][  0]LogConfig: Setting CVar [[r.EyeAdaptationQuality:2]]
[2019.11.13-19.17.49:021][  0]LogConfig: Setting CVar [[r.BloomQuality:5]]
[2019.11.13-19.17.49:021][  0]LogConfig: Setting CVar [[r.FastBlurThreshold:100]]
[2019.11.13-19.17.49:022][  0]LogConfig: Setting CVar [[r.Upscale.Quality:3]]
[2019.11.13-19.17.49:022][  0]LogConfig: Setting CVar [[r.Tonemapper.GrainQuantization:1]]
[2019.11.13-19.17.49:022][  0]LogConfig: Setting CVar [[r.LightShaftQuality:1]]
[2019.11.13-19.17.49:022][  0]LogConfig: Setting CVar [[r.Filter.SizeScale:1]]
[2019.11.13-19.17.49:022][  0]LogConfig: Setting CVar [[r.Tonemapper.Quality:5]]
[2019.11.13-19.17.49:022][  0]LogConfig: Setting CVar [[r.DOF.Gather.AccumulatorQuality:1        ; higher gathering accumulator quality]]
[2019.11.13-19.17.49:022][  0]LogConfig: Setting CVar [[r.DOF.Gather.PostfilterMethod:1          ; Median3x3 postfilering method]]
[2019.11.13-19.17.49:022][  0]LogConfig: Setting CVar [[r.DOF.Gather.EnableBokehSettings:0       ; no bokeh simulation when gathering]]
[2019.11.13-19.17.49:022][  0]LogConfig: Setting CVar [[r.DOF.Gather.RingCount:4                 ; medium number of samples when gathering]]
[2019.11.13-19.17.49:022][  0]LogConfig: Setting CVar [[r.DOF.Scatter.ForegroundCompositing:1    ; additive foreground scattering]]
[2019.11.13-19.17.49:022][  0]LogConfig: Setting CVar [[r.DOF.Scatter.BackgroundCompositing:2    ; additive background scattering]]
[2019.11.13-19.17.49:022][  0]LogConfig: Setting CVar [[r.DOF.Scatter.EnableBokehSettings:1      ; bokeh simulation when scattering]]
[2019.11.13-19.17.49:022][  0]LogConfig: Setting CVar [[r.DOF.Scatter.MaxSpriteRatio:0.1         ; only a maximum of 10% of scattered bokeh]]
[2019.11.13-19.17.49:022][  0]LogConfig: Setting CVar [[r.DOF.Recombine.Quality:1                ; cheap slight out of focus]]
[2019.11.13-19.17.49:022][  0]LogConfig: Setting CVar [[r.DOF.Recombine.EnableBokehSettings:0    ; no bokeh simulation on slight out of focus]]
[2019.11.13-19.17.49:022][  0]LogConfig: Setting CVar [[r.DOF.TemporalAAQuality:1                ; more stable temporal accumulation]]
[2019.11.13-19.17.49:022][  0]LogConfig: Setting CVar [[r.DOF.Kernel.MaxForegroundRadius:0.025]]
[2019.11.13-19.17.49:022][  0]LogConfig: Setting CVar [[r.DOF.Kernel.MaxBackgroundRadius:0.025]]
[2019.11.13-19.17.49:022][  0]LogConfig: Applying CVar settings from Section [TextureQuality@3] File [D:/Unreal Projects/Von Smith/Space-Game/Space_Game/Saved/Config/Windows/Scalability.ini]
[2019.11.13-19.17.49:022][  0]LogConfig: Setting CVar [[r.Streaming.MipBias:0]]
[2019.11.13-19.17.49:022][  0]LogConfig: Setting CVar [[r.Streaming.AmortizeCPUToGPUCopy:0]]
[2019.11.13-19.17.49:022][  0]LogConfig: Setting CVar [[r.Streaming.MaxNumTexturesToStreamPerFrame:0]]
[2019.11.13-19.17.49:022][  0]LogConfig: Setting CVar [[r.Streaming.Boost:1]]
[2019.11.13-19.17.49:022][  0]LogConfig: Setting CVar [[r.MaxAnisotropy:8]]
[2019.11.13-19.17.49:022][  0]LogConfig: Setting CVar [[r.Streaming.LimitPoolSizeToVRAM:0]]
[2019.11.13-19.17.49:022][  0]LogConfig: Setting CVar [[r.Streaming.PoolSize:1000]]
[2019.11.13-19.17.49:022][  0]LogConfig: Setting CVar [[r.Streaming.MaxEffectiveScreenSize:0]]
[2019.11.13-19.17.49:022][  0]LogConfig: Applying CVar settings from Section [EffectsQuality@3] File [D:/Unreal Projects/Von Smith/Space-Game/Space_Game/Saved/Config/Windows/Scalability.ini]
[2019.11.13-19.17.49:022][  0]LogConfig: Setting CVar [[r.TranslucencyLightingVolumeDim:64]]
[2019.11.13-19.17.49:022][  0]LogConfig: Setting CVar [[r.RefractionQuality:2]]
[2019.11.13-19.17.49:022][  0]LogConfig: Setting CVar [[r.SSR.Quality:3]]
[2019.11.13-19.17.49:022][  0]LogConfig: Setting CVar [[r.SceneColorFormat:4]]
[2019.11.13-19.17.49:022][  0]LogConfig: Setting CVar [[r.DetailMode:2]]
[2019.11.13-19.17.49:022][  0]LogConfig: Setting CVar [[r.TranslucencyVolumeBlur:1]]
[2019.11.13-19.17.49:022][  0]LogConfig: Setting CVar [[r.MaterialQualityLevel:1 ; High quality]]
[2019.11.13-19.17.49:022][  0]LogConfig: Setting CVar [[r.SSS.Scale:1]]
[2019.11.13-19.17.49:022][  0]LogConfig: Setting CVar [[r.SSS.SampleSet:2]]
[2019.11.13-19.17.49:022][  0]LogConfig: Setting CVar [[r.SSS.Quality:1]]
[2019.11.13-19.17.49:022][  0]LogConfig: Setting CVar [[r.SSS.HalfRes:1]]
[2019.11.13-19.17.49:022][  0]LogConfig: Setting CVar [[r.EmitterSpawnRateScale:1.0]]
[2019.11.13-19.17.49:022][  0]LogConfig: Setting CVar [[r.ParticleLightQuality:2]]
[2019.11.13-19.17.49:022][  0]LogConfig: Applying CVar settings from Section [FoliageQuality@3] File [D:/Unreal Projects/Von Smith/Space-Game/Space_Game/Saved/Config/Windows/Scalability.ini]
[2019.11.13-19.17.49:022][  0]LogConfig: Setting CVar [[foliage.DensityScale:1.0]]
[2019.11.13-19.17.49:022][  0]LogConfig: Setting CVar [[grass.DensityScale:1.0]]
[2019.11.13-19.17.49:022][  0]LogConfig: Applying CVar settings from Section [Startup] File [../../../Engine/Config/ConsoleVariables.ini]
[2019.11.13-19.17.49:023][  0]LogConfig: Setting CVar [[net.UseAdaptiveNetUpdateFrequency:0]]
[2019.11.13-19.17.49:023][  0]LogConfig: Setting CVar [[p.chaos.AllowCreatePhysxBodies:1]]
[2019.11.13-19.17.49:023][  0]LogConfig: Applying CVar settings from Section [ConsoleVariables] File [D:/Unreal Projects/Von Smith/Space-Game/Space_Game/Saved/Config/Windows/Engine.ini]
[2019.11.13-19.17.49:023][  0]LogInit: Computer: IT00-177084
[2019.11.13-19.17.49:023][  0]LogInit: User: vsmith1868
[2019.11.13-19.17.49:023][  0]LogInit: CPU Page size=4096, Cores=4
[2019.11.13-19.17.49:023][  0]LogInit: High frequency timer resolution =3.905119 MHz
[2019.11.13-19.17.49:023][  0]LogMemory: Memory total: Physical=8.0GB (8GB approx)
[2019.11.13-19.17.49:023][  0]LogMemory: Platform Memory Stats for Windows
[2019.11.13-19.17.49:023][  0]LogMemory: Process Physical Memory: 100.16 MB used, 100.16 MB peak
[2019.11.13-19.17.49:023][  0]LogMemory: Process Virtual Memory: 100.28 MB used, 100.28 MB peak
[2019.11.13-19.17.49:023][  0]LogMemory: Physical Memory: 5452.96 MB used,  2689.80 MB free, 8142.76 MB total
[2019.11.13-19.17.49:023][  0]LogMemory: Virtual Memory: 4679.91 MB used,  134213048.00 MB free, 134217728.00 MB total
[2019.11.13-19.17.49:026][  0]LogWindows: WindowsPlatformFeatures enabled
[2019.11.13-19.17.49:049][  0]LogInit: Using OS detected language (en-US).
[2019.11.13-19.17.49:049][  0]LogInit: Using OS detected locale (en-US).
[2019.11.13-19.17.49:049][  0]LogTextLocalizationManager: No specific localization for 'en-US' exists, so the 'en' localization will be used.
[2019.11.13-19.17.49:296][  0]LogSlate: New Slate User Created.  User Index 0, Is Virtual User: 0
[2019.11.13-19.17.49:296][  0]LogSlate: Slate User Registered.  User Index 0, Is Virtual User: 0
[2019.11.13-19.17.49:303][  0]LogHMD: Failed to initialize OpenVR with code 110
[2019.11.13-19.17.49:303][  0]LogD3D11RHI: D3D11 adapters:
[2019.11.13-19.17.49:349][  0]LogD3D11RHI:    0. 'NVIDIA GeForce GTX 960' (Feature Level 11_0)
[2019.11.13-19.17.49:349][  0]LogD3D11RHI:       2016/0/4071 MB DedicatedVideo/DedicatedSystem/SharedSystem, Outputs:1, VendorId:0x10de
[2019.11.13-19.17.49:352][  0]LogD3D11RHI:    1. 'Microsoft Basic Render Driver' (Feature Level 11_0)
[2019.11.13-19.17.49:352][  0]LogD3D11RHI:       0/0/4071 MB DedicatedVideo/DedicatedSystem/SharedSystem, Outputs:0, VendorId:0x1414
[2019.11.13-19.17.49:352][  0]LogD3D11RHI: Chosen D3D11 Adapter: 0
[2019.11.13-19.17.49:360][  0]LogD3D11RHI: Creating new Direct3DDevice
[2019.11.13-19.17.49:360][  0]LogD3D11RHI:     GPU DeviceId: 0x1401 (for the marketing name, search the web for "GPU Device Id")
[2019.11.13-19.17.49:360][  0]LogWindows: EnumDisplayDevices:
[2019.11.13-19.17.49:360][  0]LogWindows:    0. 'NVIDIA GeForce GTX 960' (P:1 D:1)
[2019.11.13-19.17.49:360][  0]LogWindows:    1. 'NVIDIA GeForce GTX 960' (P:0 D:0)
[2019.11.13-19.17.49:361][  0]LogWindows:    2. 'NVIDIA GeForce GTX 960' (P:0 D:0)
[2019.11.13-19.17.49:361][  0]LogWindows:    3. 'NVIDIA GeForce GTX 960' (P:0 D:0)
[2019.11.13-19.17.49:361][  0]LogWindows: DebugString: FoundDriverCount:4 
[2019.11.13-19.17.49:361][  0]LogD3D11RHI:     Adapter Name: NVIDIA GeForce GTX 960
[2019.11.13-19.17.49:361][  0]LogD3D11RHI:   Driver Version: 388.13 (internal:23.21.13.8813, unified:388.13)
[2019.11.13-19.17.49:361][  0]LogD3D11RHI:      Driver Date: 10-27-2017
[2019.11.13-19.17.49:361][  0]LogRHI: Texture pool is 1411 MB (70% of 2016 MB)
[2019.11.13-19.17.49:393][  0]LogD3D11RHI: Async texture creation enabled
[2019.11.13-19.17.49:411][  0]LogD3D11RHI: GPU Timing Frequency: 1000.000000 (Debug: 2 2)
[2019.11.13-19.17.49:765][  0]LogTemp: Display: Module 'WindowsClientTargetPlatform' loaded TargetPlatform 'WindowsClient'
[2019.11.13-19.17.49:772][  0]LogTemp: Display: Module 'WindowsNoEditorTargetPlatform' loaded TargetPlatform 'WindowsNoEditor'
[2019.11.13-19.17.49:780][  0]LogTemp: Display: Module 'WindowsServerTargetPlatform' loaded TargetPlatform 'WindowsServer'
[2019.11.13-19.17.49:784][  0]LogTemp: Display: Module 'WindowsTargetPlatform' loaded TargetPlatform 'Windows'
[2019.11.13-19.17.49:784][  0]LogTargetPlatformManager: Display: Building Assets For Windows
[2019.11.13-19.17.49:791][  0]LogAudioDebug: Display: Lib vorbis DLL was dynamically loaded.
[2019.11.13-19.17.49:838][  0]LogShaderCompilers: Guid format shader working directory is -14 characters bigger than the processId version (../../../../../../Unreal Projects/Von Smith/Space-Game/Space_Game/Intermediate/Shaders/WorkingDirectory/9336/).
[2019.11.13-19.17.49:838][  0]LogShaderCompilers: Cleaned the shader compiler working directory 'C:/Users/vsmith1868/AppData/Local/Temp/UnrealShaderWorkingDir/A7D6D8454926DE80073E20913DC664D7/'.
[2019.11.13-19.17.49:840][  0]LogXGEController: Cannot use XGE Controller as Incredibuild is not installed on this machine.
[2019.11.13-19.17.49:840][  0]LogShaderCompilers: Cannot use XGE Shader Compiler as Incredibuild is not installed on this machine.
[2019.11.13-19.17.49:840][  0]LogShaderCompilers: Display: Using Local Shader Compiler.
[2019.11.13-19.17.50:470][  0]LogDerivedDataCache: Display: Max Cache Size: 512 MB
[2019.11.13-19.17.50:554][  0]LogDerivedDataCache: Loaded boot cache 0.08s 73MB C:/Users/vsmith1868/AppData/Local/UnrealEngine/4.23/DerivedDataCache/Boot.ddc.
[2019.11.13-19.17.50:554][  0]LogDerivedDataCache: Display: Loaded Boot cache: C:/Users/vsmith1868/AppData/Local/UnrealEngine/4.23/DerivedDataCache/Boot.ddc
[2019.11.13-19.17.50:554][  0]LogDerivedDataCache: FDerivedDataBackendGraph:  Pak pak cache file ../../../../../../Unreal Projects/Von Smith/Space-Game/Space_Game/DerivedDataCache/DDC.ddp not found, will not use a pak cache.
[2019.11.13-19.17.50:554][  0]LogDerivedDataCache: Unable to find inner node Pak for hierarchical cache Hierarchy.
[2019.11.13-19.17.50:554][  0]LogDerivedDataCache: FDerivedDataBackendGraph:  CompressedPak pak cache file ../../../../../../Unreal Projects/Von Smith/Space-Game/Space_Game/DerivedDataCache/Compressed.ddp not found, will not use a pak cache.
[2019.11.13-19.17.50:554][  0]LogDerivedDataCache: Unable to find inner node CompressedPak for hierarchical cache Hierarchy.
[2019.11.13-19.17.50:564][  0]LogDerivedDataCache: Display: Pak cache opened for reading ../../../Engine/DerivedDataCache/Compressed.ddp.
[2019.11.13-19.17.50:564][  0]LogDerivedDataCache: FDerivedDataBackendGraph:  EnterprisePak pak cache file ../../../Enterprise/DerivedDataCache/Compressed.ddp not found, will not use a pak cache.
[2019.11.13-19.17.50:564][  0]LogDerivedDataCache: Unable to find inner node EnterprisePak for hierarchical cache Hierarchy.
[2019.11.13-19.17.50:565][  0]LogDerivedDataCache: Using Local data cache path C:/Users/vsmith1868/AppData/Local/UnrealEngine/Common/DerivedDataCache: Writable
[2019.11.13-19.17.50:565][  0]LogDerivedDataCache: Shared data cache path not found in *engine.ini, will not use an Shared cache.
[2019.11.13-19.17.50:565][  0]LogDerivedDataCache: Unable to find inner node Shared for hierarchical cache Hierarchy.
[2019.11.13-19.17.50:585][  0]LogMaterial: Verifying Global Shaders for PCD3D_SM5
[2019.11.13-19.17.50:625][  0]LogSlate: Using FreeType 2.6.0
[2019.11.13-19.17.50:626][  0]LogSlate: SlateFontServices - WITH_FREETYPE: 1, WITH_HARFBUZZ: 1
[2019.11.13-19.17.50:751][  0]LogInit: Using OS detected language (en-US).
[2019.11.13-19.17.50:751][  0]LogInit: Using OS detected locale (en-US).
[2019.11.13-19.17.50:752][  0]LogTextLocalizationManager: No localization for 'en-US' exists, so 'en' will be used for the language.
[2019.11.13-19.17.50:752][  0]LogTextLocalizationManager: No localization for 'en-US' exists, so 'en' will be used for the locale.
[2019.11.13-19.17.50:752][  0]LogSlate: FontCache flush requested. Reason: Culture for localization was changed
[2019.11.13-19.17.50:752][  0]LogSlate: FontCache flush requested. Reason: Culture for localization was changed
[2019.11.13-19.17.50:753][  0]LogTextLocalizationManager: Compacting localization data took   0.00ms
[2019.11.13-19.17.50:756][  0]LogAssetRegistry: FAssetRegistry took 0.0013 seconds to start up
[2019.11.13-19.17.50:942][  0]LogPackageLocalizationCache: Processed 12 localized package path(s) for 1 prioritized culture(s) in 0.000474 seconds
[2019.11.13-19.17.50:985][  0]LogInit: Selected Device Profile: [Windows]
[2019.11.13-19.17.51:109][  0]LogMeshReduction: Using QuadricMeshReduction for automatic static mesh reduction
[2019.11.13-19.17.51:109][  0]LogMeshReduction: Using SimplygonMeshReduction for automatic skeletal mesh reduction
[2019.11.13-19.17.51:109][  0]LogMeshReduction: Using ProxyLODMeshReduction for automatic mesh merging
[2019.11.13-19.17.51:109][  0]LogMeshReduction: No distributed automatic mesh merging module available
[2019.11.13-19.17.51:109][  0]LogMeshMerging: No distributed automatic mesh merging module available
[2019.11.13-19.17.51:116][  0]LogNetVersion: Space_Game 1.0.0, NetCL: 8386587, EngineNetVer: 11, GameNetVer: 0 (Checksum: 1558173762)
[2019.11.13-19.17.51:857][  0]LogMoviePlayer: Initializing movie player
[2019.11.13-19.17.51:944][  0]LogTcpMessaging: Initializing TcpMessaging bridge
[2019.11.13-19.17.51:945][  0]LogUdpMessaging: Initializing bridge on interface 0.0.0.0:0 to multicast group 230.0.0.1:6666.
[2019.11.13-19.17.52:009][  0]SourceControl: Source control is disabled
[2019.11.13-19.17.52:009][  0]SourceControl: Source control is disabled
[2019.11.13-19.17.52:010][  0]SourceControl: Source control is disabled
[2019.11.13-19.17.52:045][  0]LogAndroidPermission: UAndroidPermissionCallbackProxy::GetInstance
[2019.11.13-19.17.52:136][  0]LogOcInput: OculusInput pre-init called
[2019.11.13-19.17.52:146][  0]LogUObjectArray: 48866 objects as part of root set at end of initial load.
[2019.11.13-19.17.52:146][  0]LogUObjectAllocator: 8609784 out of 0 bytes used by permanent object pool.
[2019.11.13-19.17.52:146][  0]LogUObjectArray: CloseDisregardForGC: 0/0 objects in disregard for GC pool
[2019.11.13-19.17.52:199][  0]LogEngine: Initializing Engine...
[2019.11.13-19.17.52:200][  0]LogHMD: Failed to initialize OpenVR with code 110
[2019.11.13-19.17.52:201][  0]LogStats: UGameplayTagsManager::InitializeManager -  0.000 s
[2019.11.13-19.17.52:483][  0]LogInit: Initializing FReadOnlyCVARCache
[2019.11.13-19.17.52:499][  0]LogInit: XAudio2 using 'Speakers (Logitech USB Headset)' : 2 channels at 48 kHz using 16 bits per sample (channel mask 0x3)
[2019.11.13-19.17.52:517][  0]LogInit: FAudioDevice initialized.
[2019.11.13-19.17.52:518][  0]LogNetVersion: Set ProjectVersion to 1.0.0.0. Version Checksum will be recalculated on next use.
[2019.11.13-19.17.52:529][  0]LogInit: Texture streaming: Enabled
[2019.11.13-19.17.52:849][  0]LogSlate: Updating window title bar state: overlay mode, drag disabled, window buttons hidden, title bar hidden
[2019.11.13-19.17.52:850][  0]LogInit: Display: Game Engine Initialized.
[2019.11.13-19.17.52:933][  0]LogInit: Display: Starting Game.
[2019.11.13-19.17.52:934][  0]LogNet: Browse: /Game/Levels/testmap?Name=Player
[2019.11.13-19.17.52:947][  0]LogLoad: LoadMap: /Game/Levels/testmap?Name=Player
[2019.11.13-19.17.52:947][  0]LogWorld: BeginTearingDown for /Temp/Untitled_0
[2019.11.13-19.17.52:957][  0]LogWorld: UWorld::CleanupWorld for Untitled, bSessionEnded=true, bCleanupResources=true
[2019.11.13-19.17.52:975][  0]LogUObjectHash: Compacting FUObjectHashTables data took   1.31ms
[2019.11.13-19.17.53:355][  0]LogAIModule: Creating AISystem for world testmap
[2019.11.13-19.17.53:363][  0]LogLoad: Game class is 'FirstPersonGameMode_C'
[2019.11.13-19.17.53:384][  0]LogWorld: Bringing World /Game/Levels/testmap.testmap up for play (max tick rate 0) at 2019.11.13-11.17.53
[2019.11.13-19.17.53:386][  0]LogWorld: Bringing up level for play took: 0.022161
[2019.11.13-19.17.53:401][  0]LogLoad: Took 0.454472 seconds to LoadMap(/Game/Levels/testmap)
[2019.11.13-19.17.53:484][  0]LogRenderer: Reallocating scene render targets to support 1280x720 Format 10 NumSamples 1 (Frame:1).
[2019.11.13-19.17.53:484][  0]LogLoad: (Engine Initialization) Total time: 6.02 seconds
[2019.11.13-19.17.53:484][  0]LogLoad: (Engine Initialization) Total Blueprint compile time: 0.00 seconds
[2019.11.13-19.17.53:552][  0]LogContentStreaming: Texture pool size now 1000 MB
[2019.11.13-19.18.07:803][883]LogCharacterMovement: bp_zombie3_5 is stuck and failed to move! Velocity: X=-51.22 Y=-41.74 Z=0.00 Location: X=76.24 Y=-1982.73 Z=357.14 Normal: X=-0.26 Y=-0.84 Z=-0.48 PenetrationDepth:4.990 Actor:bp_zombie4 Component:knife001 BoneName:None (0 other events since notify)
[2019.11.13-19.18.08:061][899]LogCharacterMovement: bp_zombie11 is stuck and failed to move! Velocity: X=-24.11 Y=-22.58 Z=0.00 Location: X=250.96 Y=-1688.29 Z=330.25 Normal: X=-0.32 Y=-0.83 Z=-0.45 PenetrationDepth:5.037 Actor:bp_zombie10 Component:knife001 BoneName:None (0 other events since notify)
[2019.11.13-19.18.08:062][899]LogCharacterMovement: bp_zombie4 is stuck and failed to move! Velocity: X=-24.11 Y=-22.58 Z=0.00 Location: X=51.91 Y=-1874.79 Z=358.13 Normal: X=0.77 Y=0.63 Z=0.00 PenetrationDepth:15.894 Actor:bp_zombie3_5 Component:Cylinder1 BoneName:None (0 other events since notify)
[2019.11.13-19.18.08:222][909]LogCharacterMovement: bp_zombie5 is stuck and failed to move! Velocity: X=-27.42 Y=-18.42 Z=0.00 Location: X=255.85 Y=-1804.09 Z=330.98 Normal: X=-0.46 Y=-0.78 Z=-0.43 PenetrationDepth:1.782 Actor:bp_zombie11 Component:knife001 BoneName:None (0 other events since notify)
[2019.11.13-19.18.08:335][916]LogCharacterMovement: bp_zombie6 is stuck and failed to move! Velocity: X=-25.64 Y=-20.84 Z=0.00 Location: X=152.39 Y=-1850.74 Z=344.13 Normal: X=-0.21 Y=-0.84 Z=-0.50 PenetrationDepth:5.324 Actor:bp_zombie12 Component:knife001 BoneName:None (0 other events since notify)
[2019.11.13-19.18.09:060][961]LogCharacterMovement: bp_zombie11 is stuck and failed to move! Velocity: X=-25.16 Y=-21.40 Z=0.00 Location: X=160.52 Y=-1762.97 Z=341.69 Normal: X=-0.28 Y=-0.83 Z=-0.48 PenetrationDepth:5.545 Actor:bp_zombie10 Component:knife001 BoneName:None (11 other events since notify)
[2019.11.13-19.18.09:076][962]LogCharacterMovement: bp_zombie3_5 is stuck and failed to move! Velocity: X=-26.83 Y=-19.26 Z=0.00 Location: X=34.65 Y=-2025.70 Z=363.85 Normal: X=-0.97 Y=0.24 Z=-0.00 PenetrationDepth:6.555 Actor:bp_zombie2_2 Component:Cylinder1 BoneName:None (26 other events since notify)
[2019.11.13-19.18.09:092][963]LogCharacterMovement: bp_zombie2_2 is stuck and failed to move! Velocity: X=-21.84 Y=-24.78 Z=0.00 Location: X=140.85 Y=-2070.70 Z=353.42 Normal: X=0.91 Y=0.01 Z=0.41 PenetrationDepth:0.000 Actor:bp_zombie3_5 Component:Cylinder2 BoneName:None (0 other events since notify)
[2019.11.13-19.18.09:594][994]LogCharacterMovement: bp_zombie8 is stuck and failed to move! Velocity: X=-256.99 Y=-227.90 Z=0.00 Location: X=-234.56 Y=-2280.57 Z=461.44 Normal: X=0.58 Y=-0.62 Z=-0.53 PenetrationDepth:1.646 Actor:bp_zombie_2 Component:knife001 BoneName:None (0 other events since notify)
[2019.11.13-19.18.10:479][ 49]LogCharacterMovement: bp_zombie11 is stuck and failed to move! Velocity: X=-18.28 Y=-27.51 Z=0.00 Location: X=-99.83 Y=-2065.29 Z=380.76 Normal: X=-0.10 Y=-0.88 Z=-0.46 PenetrationDepth:4.024 Actor:bp_zombie10 Component:knife001 BoneName:None (2 other events since notify)
[2019.11.13-19.18.10:738][ 65]LogCharacterMovement: bp_zombie5 is stuck and failed to move! Velocity: X=-20.57 Y=-25.84 Z=0.00 Location: X=-40.33 Y=-2173.49 Z=390.36 Normal: X=0.55 Y=0.81 Z=-0.20 PenetrationDepth:12.072 Actor:bp_zombie6 Component:Cylinder1 BoneName:None (15 other events since notify)
[2019.11.13-19.18.11:592][118]LogCharacterMovement: bp_zombie12 is stuck and failed to move! Velocity: X=-24.98 Y=-21.61 Z=0.00 Location: X=-211.86 Y=-2062.64 Z=408.64 Normal: X=-0.19 Y=0.87 Z=0.46 PenetrationDepth:0.000 Actor:bp_zombie6 Component:Cylinder3 BoneName:None (0 other events since notify)
[2019.11.13-19.18.11:593][118]LogCharacterMovement: bp_zombie11 is stuck and failed to move! Velocity: X=-26.13 Y=-20.20 Z=0.00 Location: X=-100.33 Y=-2065.27 Z=380.82 Normal: X=0.32 Y=-0.78 Z=-0.53 PenetrationDepth:13.656 Actor:bp_zombie10 Component:knife001 BoneName:None (25 other events since notify)
[2019.11.13-19.18.11:593][118]LogCharacterMovement: bp_zombie6 is stuck and failed to move! Velocity: X=-26.89 Y=-19.18 Z=0.00 Location: X=-148.56 Y=-2165.44 Z=413.95 Normal: X=0.59 Y=-0.65 Z=-0.47 PenetrationDepth:7.251 Actor:bp_zombie12 Component:knife001 BoneName:None (16 other events since notify)
[2019.11.13-19.18.11:689][124]LogCharacterMovement: bp_zombie2_2 is stuck and failed to move! Velocity: X=-22.24 Y=-24.42 Z=0.00 Location: X=-34.48 Y=-2292.71 Z=414.23 Normal: X=-0.54 Y=-0.72 Z=-0.45 PenetrationDepth:17.902 Actor:bp_zombie5 Component:knife001 BoneName:None (0 other events since notify)
[2019.11.13-19.18.11:932][139]LogCharacterMovement: bp_zombie8 is stuck and failed to move! Velocity: X=-302.01 Y=-176.90 Z=0.00 Location: X=-304.06 Y=-2379.35 Z=501.61 Normal: X=-0.62 Y=-0.68 Z=-0.39 PenetrationDepth:11.216 Actor:bp_zombie4 Component:knife001 BoneName:None (2 other events since notify)
[2019.11.13-19.18.12:028][145]LogCharacterMovement: bp_zombie4 is stuck and failed to move! Velocity: X=-26.80 Y=-19.31 Z=0.00 Location: X=-306.62 Y=-2268.35 Z=478.74 Normal: X=-0.59 Y=-0.71 Z=-0.38 PenetrationDepth:4.166 Actor:bp_zombie12 Component:knife001 BoneName:None (0 other events since notify)
[2019.11.13-19.18.12:092][149]LogCharacterMovement: bp_zombie3_5 is stuck and failed to move! Velocity: X=-28.41 Y=-16.85 Z=0.00 Location: X=-143.57 Y=-2278.18 Z=438.33 Normal: X=0.28 Y=-0.96 Z=0.00 PenetrationDepth:7.412 Actor:bp_zombie6 Component:Cylinder1 BoneName:None (1 other events since notify)
[2019.11.13-19.18.12:108][150]LogCharacterMovement: bp_zombie5 is stuck and failed to move! Velocity: X=-154.56 Y=-75.98 Z=0.00 Location: X=-63.45 Y=-2183.31 Z=396.95 Normal: X=-0.09 Y=1.00 Z=-0.00 PenetrationDepth:2.344 Actor:bp_zombie2_2 Component:Cylinder3 BoneName:None (59 other events since notify)
[2019.11.13-19.18.12:641][183]LogCharacterMovement: bp_zombie12 is stuck and failed to move! Velocity: X=-24.93 Y=-21.67 Z=0.00 Location: X=-321.18 Y=-2157.38 Z=457.45 Normal: X=-0.76 Y=-0.60 Z=-0.25 PenetrationDepth:1.059 Actor:bp_zombie10 Component:knife001 BoneName:None (0 other events since notify)
[2019.11.13-19.18.12:641][183]LogCharacterMovement: bp_zombie6 is stuck and failed to move! Velocity: X=-27.22 Y=-19.92 Z=0.00 Location: X=-214.20 Y=-2183.31 Z=465.33 Normal: X=-0.94 Y=-0.32 Z=-0.11 PenetrationDepth:4.834 Actor:bp_zombie11 Component:knife001 BoneName:None (13 other events since notify)
[2019.11.13-19.18.13:028][207]LogCharacterMovement: bp_zombie4 is stuck and failed to move! Velocity: X=-133.47 Y=-228.08 Z=0.00 Location: X=-307.70 Y=-2270.21 Z=477.95 Normal: X=-0.40 Y=-0.80 Z=-0.45 PenetrationDepth:17.765 Actor:bp_zombie12 Component:knife001 BoneName:None (7 other events since notify)
[2019.11.13-19.18.13:092][211]LogCharacterMovement: bp_zombie2_2 is stuck and failed to move! Velocity: X=-22.49 Y=-24.20 Z=0.00 Location: X=-57.27 Y=-2343.80 Z=434.41 Normal: X=0.91 Y=-0.06 Z=0.40 PenetrationDepth:0.000 Actor:bp_zombie3_5 Component:Cylinder2 BoneName:None (16 other events since notify)
[2019.11.13-19.18.13:092][211]LogCharacterMovement: bp_zombie3_5 is stuck and failed to move! Velocity: X=-301.28 Y=-178.13 Z=0.00 Location: X=-160.84 Y=-2290.06 Z=445.30 Normal: X=0.52 Y=-0.86 Z=-0.00 PenetrationDepth:0.408 Actor:bp_zombie6 Component:Cylinder1 BoneName:None (38 other events since notify)
[2019.11.13-19.18.14:028][269]LogCharacterMovement: bp_zombie4 is stuck and failed to move! Velocity: X=-176.80 Y=-302.06 Z=0.00 Location: X=-310.59 Y=-2275.32 Z=479.39 Normal: X=-0.07 Y=-0.89 Z=-0.45 PenetrationDepth:6.989 Actor:bp_zombie12 Component:knife001 BoneName:None (60 other events since notify)
[2019.11.13-19.18.14:092][273]LogCharacterMovement: bp_zombie3_5 is stuck and failed to move! Velocity: X=-212.74 Y=-277.93 Z=0.00 Location: X=-160.53 Y=-2290.55 Z=445.30 Normal: X=0.74 Y=-0.55 Z=-0.39 PenetrationDepth:6.204 Actor:bp_zombie6 Component:knife001 BoneName:None (60 other events since notify)
[2019.11.13-19.18.15:028][331]LogCharacterMovement: bp_zombie4 is stuck and failed to move! Velocity: X=-176.80 Y=-302.06 Z=0.00 Location: X=-310.59 Y=-2275.32 Z=479.39 Normal: X=-0.07 Y=-0.89 Z=-0.45 PenetrationDepth:6.989 Actor:bp_zombie12 Component:knife001 BoneName:None (61 other events since notify)
[2019.11.13-19.18.15:092][335]LogCharacterMovement: bp_zombie3_5 is stuck and failed to move! Velocity: X=-212.74 Y=-277.93 Z=0.00 Location: X=-160.53 Y=-2290.55 Z=445.30 Normal: X=0.74 Y=-0.55 Z=-0.39 PenetrationDepth:6.204 Actor:bp_zombie6 Component:knife001 BoneName:None (61 other events since notify)
[2019.11.13-19.18.16:028][393]LogCharacterMovement: bp_zombie4 is stuck and failed to move! Velocity: X=-176.80 Y=-302.06 Z=0.00 Location: X=-310.59 Y=-2275.32 Z=479.39 Normal: X=-0.07 Y=-0.89 Z=-0.45 PenetrationDepth:6.989 Actor:bp_zombie12 Component:knife001 BoneName:None (61 other events since notify)
[2019.11.13-19.18.16:092][397]LogCharacterMovement: bp_zombie3_5 is stuck and failed to move! Velocity: X=-212.74 Y=-277.93 Z=0.00 Location: X=-160.53 Y=-2290.55 Z=445.30 Normal: X=0.74 Y=-0.55 Z=-0.39 PenetrationDepth:6.204 Actor:bp_zombie6 Component:knife001 BoneName:None (61 other events since notify)
[2019.11.13-19.18.17:028][455]LogCharacterMovement: bp_zombie4 is stuck and failed to move! Velocity: X=-176.80 Y=-302.06 Z=0.00 Location: X=-310.59 Y=-2275.32 Z=479.39 Normal: X=-0.07 Y=-0.89 Z=-0.45 PenetrationDepth:6.989 Actor:bp_zombie12 Component:knife001 BoneName:None (61 other events since notify)
[2019.11.13-19.18.17:092][459]LogCharacterMovement: bp_zombie3_5 is stuck and failed to move! Velocity: X=-212.74 Y=-277.93 Z=0.00 Location: X=-160.53 Y=-2290.55 Z=445.30 Normal: X=0.74 Y=-0.55 Z=-0.39 PenetrationDepth:6.204 Actor:bp_zombie6 Component:knife001 BoneName:None (61 other events since notify)
[2019.11.13-19.18.18:028][517]LogCharacterMovement: bp_zombie4 is stuck and failed to move! Velocity: X=-176.80 Y=-302.06 Z=0.00 Location: X=-310.59 Y=-2275.32 Z=479.39 Normal: X=-0.07 Y=-0.89 Z=-0.45 PenetrationDepth:6.989 Actor:bp_zombie12 Component:knife001 BoneName:None (61 other events since notify)
[2019.11.13-19.18.18:092][521]LogCharacterMovement: bp_zombie3_5 is stuck and failed to move! Velocity: X=-212.74 Y=-277.93 Z=0.00 Location: X=-160.53 Y=-2290.55 Z=445.30 Normal: X=0.74 Y=-0.55 Z=-0.39 PenetrationDepth:6.204 Actor:bp_zombie6 Component:knife001 BoneName:None (61 other events since notify)
[2019.11.13-19.18.18:771][563]LogCharacterMovement: bp_zombie10 is stuck and failed to move! Velocity: X=-16.87 Y=-28.48 Z=0.00 Location: X=-426.25 Y=-2083.85 Z=467.48 Normal: X=-0.12 Y=0.87 Z=0.48 PenetrationDepth:0.000 Actor:bp_zombie12 Component:Cylinder3 BoneName:None (0 other events since notify)
[2019.11.13-19.18.18:802][565]LogCharacterMovement: bp_zombie12 is stuck and failed to move! Velocity: X=-20.27 Y=-26.08 Z=0.00 Location: X=-365.57 Y=-2178.38 Z=473.23 Normal: X=0.17 Y=-0.84 Z=-0.52 PenetrationDepth:12.713 Actor:bp_zombie10 Component:knife001 BoneName:None (14 other events since notify)
[2019.11.13-19.18.19:142][586]LogCharacterMovement: bp_zombie4 is stuck and failed to move! Velocity: X=-27.37 Y=-18.50 Z=0.00 Location: X=-310.34 Y=-2276.02 Z=479.39 Normal: X=0.53 Y=-0.69 Z=-0.49 PenetrationDepth:10.932 Actor:bp_zombie12 Component:knife001 BoneName:None (57 other events since notify)
[2019.11.13-19.18.19:738][623]LogCharacterMovement: bp_zombie11 is stuck and failed to move! Velocity: X=-29.77 Y=-14.32 Z=0.00 Location: X=-236.94 Y=-2078.61 Z=419.22 Normal: X=0.26 Y=0.92 Z=0.30 PenetrationDepth:0.000 Actor:bp_zombie6 Component:Cylinder3 BoneName:None (5 other events since notify)
[2019.11.13-19.18.19:772][625]LogCharacterMovement: bp_zombie6 is stuck and failed to move! Velocity: X=-61.74 Y=-23.55 Z=0.00 Location: X=-226.28 Y=-2194.61 Z=440.32 Normal: X=0.03 Y=-0.85 Z=-0.53 PenetrationDepth:15.850 Actor:bp_zombie11 Component:knife001 BoneName:None (11 other events since notify)
[2019.11.13-19.18.22:609][801]LogCharacterMovement: bp_zombie10 is stuck and failed to move! Velocity: X=-28.36 Y=-16.94 Z=0.00 Location: X=-1539.07 Y=-2510.62 Z=800.97 Normal: X=0.75 Y=0.62 Z=-0.22 PenetrationDepth:6.251 Actor:FirstPersonCharacter_C_0 Component:short870 BoneName:None (0 other events since notify)
[2019.11.13-19.18.23:691][868]LogCharacterMovement: bp_zombie4 is stuck and failed to move! Velocity: X=-341.99 Y=-74.47 Z=0.00 Location: X=-1474.84 Y=-2626.96 Z=823.99 Normal: X=-0.85 Y=-0.43 Z=-0.30 PenetrationDepth:4.918 Actor:bp_zombie11 Component:knife001 BoneName:None (13 other events since notify)
[2019.11.13-19.18.23:899][881]LogCharacterMovement: bp_zombie11 is stuck and failed to move! Velocity: X=-29.06 Y=-15.70 Z=0.00 Location: X=-1455.03 Y=-2516.95 Z=790.88 Normal: X=0.40 Y=0.91 Z=0.00 PenetrationDepth:0.000 Actor:bp_zombie4 Component:Cylinder3 BoneName:None (0 other events since notify)
[2019.11.13-19.18.25:415][975]LogCharacterMovement: bp_zombie4 is stuck and failed to move! Velocity: X=-32.86 Y=-3.41 Z=0.00 Location: X=-1474.84 Y=-2626.96 Z=823.99 Normal: X=-0.46 Y=-0.75 Z=-0.48 PenetrationDepth:19.883 Actor:bp_zombie11 Component:knife001 BoneName:None (36 other events since notify)
[2019.11.13-19.18.25:464][978]LogCharacterMovement: bp_zombie6 is stuck and failed to move! Velocity: X=-31.96 Y=-8.36 Z=0.00 Location: X=-1379.53 Y=-2563.87 Z=793.86 Normal: X=0.86 Y=0.51 Z=0.00 PenetrationDepth:11.530 Actor:bp_zombie11 Component:Cylinder1 BoneName:None (20 other events since notify)
[2019.11.13-19.18.25:948][  8]LogCharacterMovement: bp_zombie3_5 is stuck and failed to move! Velocity: X=-88.40 Y=-111.51 Z=0.00 Location: X=-1287.93 Y=-2627.90 Z=799.12 Normal: X=0.91 Y=0.42 Z=0.00 PenetrationDepth:11.449 Actor:bp_zombie6 Component:Cylinder1 BoneName:None (26 other events since notify)
[2019.11.13-19.18.34:608][545]LogCharacterMovement: bp_zombie3_5 is stuck and failed to move! Velocity: X=-27.40 Y=18.45 Z=0.00 Location: X=-1290.84 Y=-2641.48 Z=802.02 Normal: X=0.90 Y=-0.44 Z=0.00 PenetrationDepth:5.588 Actor:bp_zombie6 Component:Cylinder1 BoneName:None (1 other events since notify)
[2019.11.13-19.18.35:254][585]LogCharacterMovement: bp_zombie6 is stuck and failed to move! Velocity: X=-32.31 Y=6.87 Z=0.00 Location: X=-1375.03 Y=-2570.42 Z=795.25 Normal: X=0.93 Y=-0.36 Z=0.00 PenetrationDepth:3.155 Actor:bp_zombie11 Component:Cylinder1 BoneName:None (22 other events since notify)
[2019.11.13-19.18.35:706][613]LogCharacterMovement: bp_zombie3_5 is stuck and failed to move! Velocity: X=-32.66 Y=4.95 Z=0.00 Location: X=-1319.23 Y=-2666.77 Z=815.32 Normal: X=-0.96 Y=0.10 Z=-0.25 PenetrationDepth:7.451 Actor:bp_zombie2_2 Component:knife001 BoneName:None (13 other events since notify)
[2019.11.13-19.18.38:255][771]LogCharacterMovement: bp_zombie11 is stuck and failed to move! Velocity: X=26.08 Y=-20.40 Z=0.00 Location: X=-1471.78 Y=-2605.07 Z=819.22 Normal: X=0.35 Y=-0.94 Z=-0.00 PenetrationDepth:12.192 Actor:bp_zombie6 Component:Cylinder1 BoneName:None (0 other events since notify)
[2019.11.13-19.18.38:271][772]LogCharacterMovement: bp_zombie2_2 is stuck and failed to move! Velocity: X=12.72 Y=-30.49 Z=0.00 Location: X=-1341.24 Y=-2647.65 Z=813.08 Normal: X=-0.89 Y=0.31 Z=-0.34 PenetrationDepth:14.630 Actor:bp_zombie5 Component:Cylinder1 BoneName:None (0 other events since notify)
[2019.11.13-19.19.03:612][343]LogWindowsDesktop: Alt-F4 pressed!
[2019.11.13-19.19.03:617][343]LogSlate: Window 'Space_Game (64-bit Development PCD3D_SM5) ' being destroyed
[2019.11.13-19.19.03:617][343]LogWindowsTextInputMethodSystem: Display: IME system now deactivated.
[2019.11.13-19.19.03:620][343]LogSlate: Updating window title bar state: overlay mode, drag disabled, window buttons hidden, title bar hidden
[2019.11.13-19.19.03:620][343]LogEngine: All Windows Closed
[2019.11.13-19.19.03:620][343]LogWindows: FPlatformMisc::RequestExit(0)
[2019.11.13-19.19.03:625][344]LogWorld: BeginTearingDown for /Game/Levels/testmap
[2019.11.13-19.19.03:627][344]LogWorld: UWorld::CleanupWorld for testmap, bSessionEnded=true, bCleanupResources=true
[2019.11.13-19.19.04:240][344]LogExit: Preparing to exit.
[2019.11.13-19.19.04:240][344]LogMoviePlayer: Shutting down movie player
[2019.11.13-19.19.05:003][344]LogSlate: Updating window title bar state: overlay mode, drag disabled, window buttons hidden, title bar hidden
[2019.11.13-19.19.05:011][344]LogDemo: Cleaned up 0 splitscreen connections with owner deletion
[2019.11.13-19.19.05:018][344]LogExit: Game engine shut down
[2019.11.13-19.19.05:135][344]LogExit: Object subsystem successfully closed.
[2019.11.13-19.19.05:156][344]LogShaderCompilers: Display: Shaders left to compile 0
[2019.11.13-19.19.05:166][344]LogModuleManager: Shutting down and abandoning module SequenceRecorderSections (408)
[2019.11.13-19.19.05:166][344]LogModuleManager: Shutting down and abandoning module SequenceRecorder (406)
[2019.11.13-19.19.05:166][344]LogModuleManager: Shutting down and abandoning module AutomationController (404)
[2019.11.13-19.19.05:166][344]LogModuleManager: Shutting down and abandoning module AutomationWorker (402)
[2019.11.13-19.19.05:166][344]LogModuleManager: Shutting down and abandoning module Voice (400)
[2019.11.13-19.19.05:171][344]LogModuleManager: Shutting down and abandoning module AIModule (398)
[2019.11.13-19.19.05:171][344]LogModuleManager: Shutting down and abandoning module GameplayDebugger (397)
[2019.11.13-19.19.05:171][344]LogModuleManager: Shutting down and abandoning module AITestSuite (395)
[2019.11.13-19.19.05:171][344]LogModuleManager: Shutting down and abandoning module NavigationSystem (393)
[2019.11.13-19.19.05:171][344]LogModuleManager: Shutting down and abandoning module OculusMR (390)
[2019.11.13-19.19.05:171][344]LogModuleManager: Shutting down and abandoning module WmfMediaFactory (388)
[2019.11.13-19.19.05:171][344]LogModuleManager: Shutting down and abandoning module WebMMediaFactory (386)
[2019.11.13-19.19.05:171][344]LogModuleManager: Shutting down and abandoning module WebMMedia (384)
[2019.11.13-19.19.05:171][344]LogModuleManager: Shutting down and abandoning module OpenExrWrapper (382)
[2019.11.13-19.19.05:171][344]LogModuleManager: Shutting down and abandoning module ImgMediaFactory (380)
[2019.11.13-19.19.05:171][344]LogModuleManager: Shutting down and abandoning module AvfMediaFactory (378)
[2019.11.13-19.19.05:171][344]LogModuleManager: Shutting down and abandoning module MagicLeapCameraPreviewFactory (376)
[2019.11.13-19.19.05:171][344]LogModuleManager: Shutting down and abandoning module MagicLeapMediaCodecFactory (374)
[2019.11.13-19.19.05:171][344]LogModuleManager: Shutting down and abandoning module MagicLeapMediaFactory (372)
[2019.11.13-19.19.05:171][344]LogModuleManager: Shutting down and abandoning module CharacterAI (370)
[2019.11.13-19.19.05:171][344]LogModuleManager: Shutting down and abandoning module SessionServices (368)
[2019.11.13-19.19.05:171][344]LogModuleManager: Shutting down and abandoning module MovieSceneCapture (366)
[2019.11.13-19.19.05:172][344]LogModuleManager: Shutting down and abandoning module LiveCoding (364)
[2019.11.13-19.19.05:172][344]LogModuleManager: Shutting down and abandoning module LevelSequence (362)
[2019.11.13-19.19.05:172][344]LogModuleManager: Shutting down and abandoning module MovieSceneTracks (360)
[2019.11.13-19.19.05:172][344]LogModuleManager: Shutting down and abandoning module MovieScene (358)
[2019.11.13-19.19.05:172][344]LogModuleManager: Shutting down and abandoning module StreamingPauseRendering (356)
[2019.11.13-19.19.05:172][344]LogModuleManager: Shutting down and abandoning module PortalServices (354)
[2019.11.13-19.19.05:172][344]LogModuleManager: Shutting down and abandoning module PortalRpc (352)
[2019.11.13-19.19.05:172][344]LogModuleManager: Shutting down and abandoning module MessagingRpc (350)
[2019.11.13-19.19.05:172][344]LogModuleManager: Shutting down and abandoning module ImageWriteQueue (348)
[2019.11.13-19.19.05:174][344]LogModuleManager: Shutting down and abandoning module ProfilerService (346)
[2019.11.13-19.19.05:278][344]LogModuleManager: Shutting down and abandoning module TaskGraph (344)
[2019.11.13-19.19.05:278][344]LogModuleManager: Shutting down and abandoning module SteamVRController (342)
[2019.11.13-19.19.05:278][344]LogModuleManager: Shutting down and abandoning module ProceduralMeshComponent (340)
[2019.11.13-19.19.05:278][344]LogModuleManager: Shutting down and abandoning module OculusInput (338)
[2019.11.13-19.19.05:278][344]LogModuleManager: Shutting down and abandoning module MobilePatchingUtils (336)
[2019.11.13-19.19.05:278][344]LogModuleManager: Shutting down and abandoning module EditableMesh (334)
[2019.11.13-19.19.05:278][344]LogModuleManager: Shutting down and abandoning module CustomMeshComponent (332)
[2019.11.13-19.19.05:278][344]LogModuleManager: Shutting down and abandoning module CableComponent (330)
[2019.11.13-19.19.05:278][344]LogModuleManager: Shutting down and abandoning module AudioCapture (328)
[2019.11.13-19.19.05:278][344]LogModuleManager: Shutting down and abandoning module ArchVisCharacter (326)
[2019.11.13-19.19.05:278][344]LogModuleManager: Shutting down and abandoning module AppleImageUtilsBlueprintSupport (324)
[2019.11.13-19.19.05:278][344]LogModuleManager: Shutting down and abandoning module AppleImageUtils (322)
[2019.11.13-19.19.05:278][344]LogModuleManager: Shutting down and abandoning module AndroidPermission (320)
[2019.11.13-19.19.05:278][344]LogModuleManager: Shutting down and abandoning module NUTUnrealEngine4 (318)
[2019.11.13-19.19.05:278][344]LogModuleManager: Shutting down and abandoning module NetcodeUnitTest (316)
[2019.11.13-19.19.05:278][344]LogModuleManager: Shutting down and abandoning module MediaCompositing (314)
[2019.11.13-19.19.05:278][344]LogModuleManager: Shutting down and abandoning module ImgMedia (312)
[2019.11.13-19.19.05:278][344]LogModuleManager: Shutting down and abandoning module MagicLeapHelperVulkan (310)
[2019.11.13-19.19.05:278][344]LogModuleManager: Shutting down and abandoning module MagicLeapHelperOpenGL (308)
[2019.11.13-19.19.05:278][344]LogModuleManager: Shutting down and abandoning module MagicLeapAudio (306)
[2019.11.13-19.19.05:278][344]LogModuleManager: Shutting down and abandoning module HTML5Networking (304)
[2019.11.13-19.19.05:278][344]LogModuleManager: Shutting down and abandoning module GeometryCacheTracks (302)
[2019.11.13-19.19.05:278][344]LogModuleManager: Shutting down and abandoning module GeometryCacheSequencer (301)
[2019.11.13-19.19.05:278][344]LogModuleManager: Shutting down and abandoning module GeometryCache (298)
[2019.11.13-19.19.05:279][344]LogModuleManager: Shutting down and abandoning module GeometryCacheEd (297)
[2019.11.13-19.19.05:279][344]LogModuleManager: Shutting down and abandoning module BackChannel (294)
[2019.11.13-19.19.05:279][344]LogModuleManager: Shutting down and abandoning module AutomationUtils (292)
[2019.11.13-19.19.05:279][344]LogModuleManager: Shutting down and abandoning module VariantManagerContent (290)
[2019.11.13-19.19.05:279][344]LogModuleManager: Shutting down and abandoning module CryptoKeysOpenSSL (288)
[2019.11.13-19.19.05:279][344]LogModuleManager: Shutting down and abandoning module CryptoKeys (286)
[2019.11.13-19.19.05:279][344]LogModuleManager: Shutting down and abandoning module VisualStudioSourceCodeAccess (284)
[2019.11.13-19.19.05:279][344]LogModuleManager: Shutting down and abandoning module HotReload (283)
[2019.11.13-19.19.05:279][344]LogModuleManager: Shutting down and abandoning module DirectoryWatcher (282)
[2019.11.13-19.19.05:279][344]LogModuleManager: Shutting down and abandoning module VisualStudioCodeSourceCodeAccess (278)
[2019.11.13-19.19.05:279][344]LogModuleManager: Shutting down and abandoning module UObjectPlugin (276)
[2019.11.13-19.19.05:279][344]LogModuleManager: Shutting down and abandoning module SubversionSourceControl (274)
[2019.11.13-19.19.05:279][344]LogModuleManager: Shutting down and abandoning module PerforceSourceControl (272)
[2019.11.13-19.19.05:279][344]LogModuleManager: Shutting down and abandoning module SourceControl (271)
[2019.11.13-19.19.05:279][344]LogModuleManager: Shutting down and abandoning module CLionSourceCodeAccess (268)
[2019.11.13-19.19.05:279][344]LogModuleManager: Shutting down and abandoning module ActorLayerUtilities (266)
[2019.11.13-19.19.05:279][344]LogModuleManager: Shutting down and abandoning module SignificanceManager (264)
[2019.11.13-19.19.05:279][344]LogModuleManager: Shutting down and abandoning module RuntimePhysXCooking (262)
[2019.11.13-19.19.05:279][344]LogModuleManager: Shutting down and abandoning module PhysXVehiclesEditor (260)
[2019.11.13-19.19.05:279][344]LogModuleManager: Shutting down and abandoning module LocationServicesBPLibrary (256)
[2019.11.13-19.19.05:279][344]LogModuleManager: Shutting down and abandoning module ActorSequence (254)
[2019.11.13-19.19.05:279][344]LogModuleManager: Shutting down and abandoning module UdpMessaging (252)
[2019.11.13-19.19.05:380][344]LogModuleManager: Shutting down and abandoning module TcpMessaging (250)
[2019.11.13-19.19.05:978][344]LogModuleManager: Shutting down and abandoning module MagicLeapIdentity (248)
[2019.11.13-19.19.05:978][344]LogModuleManager: Shutting down and abandoning module MagicLeapSecureStorage (246)
[2019.11.13-19.19.05:978][344]LogModuleManager: Shutting down and abandoning module MagicLeapHandTracking (244)
[2019.11.13-19.19.05:978][344]LogModuleManager: Shutting down and abandoning module MagicLeapEyeTracker (242)
[2019.11.13-19.19.05:978][344]LogModuleManager: Shutting down and abandoning module MagicLeapController (240)
[2019.11.13-19.19.05:978][344]LogSlate: Slate User Destroyed.  User Index 0, Is Virtual User: 0
[2019.11.13-19.19.05:978][344]LogModuleManager: Shutting down and abandoning module MagicLeapAR (238)
[2019.11.13-19.19.05:978][344]LogModuleManager: Shutting down and abandoning module AugmentedReality (237)
[2019.11.13-19.19.05:978][344]LogModuleManager: Shutting down and abandoning module GameplayTagsEditor (234)
[2019.11.13-19.19.05:978][344]LogModuleManager: Shutting down and abandoning module FacialAnimation (232)
[2019.11.13-19.19.05:978][344]LogModuleManager: Shutting down and abandoning module AssetManagerEditor (230)
[2019.11.13-19.19.05:978][344]LogModuleManager: Shutting down and abandoning module TreeMap (229)
[2019.11.13-19.19.05:978][344]LogModuleManager: Shutting down and abandoning module AnimationSharing (226)
[2019.11.13-19.19.05:978][344]LogModuleManager: Shutting down and abandoning module LightPropagationVolumeRuntime (224)
[2019.11.13-19.19.05:978][344]LogModuleManager: Shutting down and abandoning module Paper2D (222)
[2019.11.13-19.19.05:978][344]LogModuleManager: Shutting down and abandoning module WindowsMoviePlayer (220)
[2019.11.13-19.19.05:980][344]LogModuleManager: Shutting down and abandoning module WebMMoviePlayer (218)
[2019.11.13-19.19.05:980][344]LogModuleManager: Shutting down and abandoning module NetworkReplayStreaming (216)
[2019.11.13-19.19.05:980][344]LogModuleManager: Shutting down and abandoning module PacketHandler (214)
[2019.11.13-19.19.05:981][344]LogModuleManager: Shutting down and abandoning module ClothingSystemEditor (212)
[2019.11.13-19.19.05:981][344]LogModuleManager: Shutting down and abandoning module ClothingSystemRuntime (210)
[2019.11.13-19.19.05:981][344]LogModuleManager: Shutting down and abandoning module MediaAssets (208)
[2019.11.13-19.19.05:981][344]LogModuleManager: Shutting down and abandoning module Overlay (206)
[2019.11.13-19.19.05:981][344]LogModuleManager: Shutting down and abandoning module OverlayEditor (205)
[2019.11.13-19.19.05:981][344]LogModuleManager: Shutting down and abandoning module VREditor (202)
[2019.11.13-19.19.05:981][344]LogModuleManager: Shutting down and abandoning module StringTableEditor (200)
[2019.11.13-19.19.05:981][344]LogModuleManager: Shutting down and abandoning module GameplayTasksEditor (198)
[2019.11.13-19.19.05:981][344]LogModuleManager: Shutting down and abandoning module BehaviorTreeEditor (196)
[2019.11.13-19.19.05:981][344]LogModuleManager: Shutting down and abandoning module FunctionalTesting (194)
[2019.11.13-19.19.05:981][344]LogModuleManager: Shutting down and abandoning module CollisionAnalyzer (192)
[2019.11.13-19.19.05:981][344]LogModuleManager: Shutting down and abandoning module WorkspaceMenuStructure (191)
[2019.11.13-19.19.05:981][344]LogModuleManager: Shutting down and abandoning module UMG (188)
[2019.11.13-19.19.05:981][344]LogModuleManager: Shutting down and abandoning module UMGEditor (187)
[2019.11.13-19.19.05:981][344]LogModuleManager: Shutting down and abandoning module Sequencer (186)
[2019.11.13-19.19.05:981][344]LogModuleManager: Shutting down and abandoning module MessageLog (183)
[2019.11.13-19.19.05:981][344]LogModuleManager: Shutting down and abandoning module SlateReflector (178)
[2019.11.13-19.19.05:981][344]LogModuleManager: Shutting down and abandoning module Slate (176)
[2019.11.13-19.19.05:981][344]LogModuleManager: Shutting down and abandoning module LandscapeEditorUtilities (174)
[2019.11.13-19.19.05:981][344]LogModuleManager: Shutting down and abandoning module EditorStyle (172)
[2019.11.13-19.19.05:982][344]LogModuleManager: Shutting down and abandoning module UnrealEd (170)
[2019.11.13-19.19.05:982][344]LogModuleManager: Shutting down and abandoning module MRMesh (168)
[2019.11.13-19.19.05:982][344]LogModuleManager: Shutting down and abandoning module Messaging (166)
[2019.11.13-19.19.05:982][344]LogModuleManager: Shutting down and abandoning module SourceCodeAccess (164)
[2019.11.13-19.19.05:982][344]LogModuleManager: Shutting down and abandoning module HeadMountedDisplay (162)
[2019.11.13-19.19.05:982][344]LogModuleManager: Shutting down and abandoning module XAudio2 (160)
[2019.11.13-19.19.05:982][344]LogModuleManager: Shutting down and abandoning module Networking (158)
[2019.11.13-19.19.05:982][344]LogModuleManager: Shutting down and abandoning module Core (156)
[2019.11.13-19.19.05:982][344]LogModuleManager: Shutting down and abandoning module KismetCompiler (154)
[2019.11.13-19.19.05:982][344]LogModuleManager: Shutting down and abandoning module MeshUtilities (152)
[2019.11.13-19.19.05:982][344]LogModuleManager: Shutting down and abandoning module MeshMergeUtilities (151)
[2019.11.13-19.19.05:982][344]LogModuleManager: Shutting down and abandoning module MeshReductionInterface (150)
[2019.11.13-19.19.05:982][344]LogModuleManager: Shutting down and abandoning module SkeletalMeshReduction (149)
[2019.11.13-19.19.05:982][344]LogModuleManager: Shutting down and abandoning module ProxyLODMeshReduction (147)
[2019.11.13-19.19.05:982][344]LogModuleManager: Shutting down and abandoning module QuadricMeshReduction (145)
[2019.11.13-19.19.05:982][344]LogModuleManager: Shutting down and abandoning module MaterialBaking (141)
[2019.11.13-19.19.05:982][344]LogModuleManager: Shutting down and abandoning module NullInstallBundleManager (136)
[2019.11.13-19.19.05:982][344]LogModuleManager: Shutting down and abandoning module PIEPreviewDeviceProfileSelector (134)
[2019.11.13-19.19.05:982][344]LogModuleManager: Shutting down and abandoning module DerivedDataCache (132)
[2019.11.13-19.19.06:147][344]LogDerivedDataCache: Shutdown
[2019.11.13-19.19.06:147][344]LogModuleManager: Shutting down and abandoning module XGEController (130)
[2019.11.13-19.19.06:147][344]LogModuleManager: Shutting down and abandoning module TargetPlatform (128)
[2019.11.13-19.19.06:147][344]LogModuleManager: Shutting down and abandoning module VulkanShaderFormat (127)
[2019.11.13-19.19.06:147][344]LogModuleManager: Shutting down and abandoning module ShaderFormatVectorVM (125)
[2019.11.13-19.19.06:147][344]LogModuleManager: Shutting down and abandoning module ShaderFormatOpenGL (123)
[2019.11.13-19.19.06:147][344]LogModuleManager: Shutting down and abandoning module ShaderFormatD3D (121)
[2019.11.13-19.19.06:148][344]LogModuleManager: Shutting down and abandoning module MetalShaderFormat (119)
[2019.11.13-19.19.06:148][344]LogModuleManager: Shutting down and abandoning module TextureFormatUncompressed (117)
[2019.11.13-19.19.06:148][344]LogModuleManager: Shutting down and abandoning module TextureFormatPVR (115)
[2019.11.13-19.19.06:148][344]LogModuleManager: Shutting down and abandoning module TextureFormatDXT (113)
[2019.11.13-19.19.06:148][344]LogModuleManager: Shutting down and abandoning module TextureFormatIntelISPCTexComp (111)
[2019.11.13-19.19.06:148][344]LogModuleManager: Shutting down and abandoning module TextureFormatASTC (109)
[2019.11.13-19.19.06:148][344]LogModuleManager: Shutting down and abandoning module ImageWrapper (108)
[2019.11.13-19.19.06:148][344]LogModuleManager: Shutting down and abandoning module TextureFormatAndroid (105)
[2019.11.13-19.19.06:148][344]LogModuleManager: Shutting down and abandoning module AudioFormatOpus (103)
[2019.11.13-19.19.06:148][344]LogModuleManager: Shutting down and abandoning module AudioFormatOgg (101)
[2019.11.13-19.19.06:148][344]LogModuleManager: Shutting down and abandoning module AudioFormatADPCM (99)
[2019.11.13-19.19.06:148][344]LogModuleManager: Shutting down and abandoning module WindowsTargetPlatform (97)
[2019.11.13-19.19.06:148][344]LogModuleManager: Shutting down and abandoning module WindowsServerTargetPlatform (95)
[2019.11.13-19.19.06:148][344]LogModuleManager: Shutting down and abandoning module WindowsNoEditorTargetPlatform (93)
[2019.11.13-19.19.06:148][344]LogModuleManager: Shutting down and abandoning module WindowsClientTargetPlatform (91)
[2019.11.13-19.19.06:148][344]LogModuleManager: Shutting down and abandoning module InputCore (88)
[2019.11.13-19.19.06:148][344]LogModuleManager: Shutting down and abandoning module Settings (86)
[2019.11.13-19.19.06:148][344]LogModuleManager: Shutting down and abandoning module PhysXCooking (84)
[2019.11.13-19.19.06:148][344]LogModuleManager: Shutting down and abandoning module WindowsPlatformFeatures (82)
[2019.11.13-19.19.06:148][344]LogModuleManager: Shutting down and abandoning module GameplayMediaEncoder (81)
[2019.11.13-19.19.06:148][344]LogModuleManager: Shutting down and abandoning module SteamVR (78)
[2019.11.13-19.19.06:148][344]LogHMD: Freeing OpenVRDLLHandle.
[2019.11.13-19.19.06:148][344]LogModuleManager: Shutting down and abandoning module OculusHMD (76)
[2019.11.13-19.19.06:148][344]LogModuleManager: Shutting down and abandoning module ExampleDeviceProfileSelector (74)
[2019.11.13-19.19.06:148][344]LogModuleManager: Shutting down and abandoning module LauncherChunkInstaller (72)
[2019.11.13-19.19.06:148][344]LogModuleManager: Shutting down and abandoning module OnlineBlueprintSupport (70)
[2019.11.13-19.19.06:148][344]LogModuleManager: Shutting down and abandoning module OnlineSubsystem (66)
[2019.11.13-19.19.06:149][344]LogModuleManager: Shutting down and abandoning module XMPP (61)
[2019.11.13-19.19.06:149][344]LogModuleManager: Shutting down and abandoning module WebSockets (60)
[2019.11.13-19.19.06:181][344]LogModuleManager: Shutting down and abandoning module HTTP (57)
[2019.11.13-19.19.06:193][344]LogModuleManager: Shutting down and abandoning module SSL (56)
[2019.11.13-19.19.06:194][344]LogModuleManager: Shutting down and abandoning module WmfMedia (52)
[2019.11.13-19.19.06:195][344]LogModuleManager: Shutting down and abandoning module Media (51)
[2019.11.13-19.19.06:195][344]LogModuleManager: Shutting down and abandoning module MagicLeap (48)
[2019.11.13-19.19.06:195][344]LogModuleManager: Shutting down and abandoning module DatasmithContent (46)
[2019.11.13-19.19.06:195][344]LogModuleManager: Shutting down and abandoning module AISupportModule (44)
[2019.11.13-19.19.06:195][344]LogModuleManager: Shutting down and abandoning module PlatformCryptoOpenSSL (42)
[2019.11.13-19.19.06:195][344]LogModuleManager: Shutting down and abandoning module PlatformCrypto (40)
[2019.11.13-19.19.06:195][344]LogModuleManager: Shutting down and abandoning module AnimationModifiers (38)
[2019.11.13-19.19.06:195][344]LogModuleManager: Shutting down and abandoning module PropertyEditor (37)
[2019.11.13-19.19.06:195][344]LogModuleManager: Shutting down and abandoning module AudioEditor (34)
[2019.11.13-19.19.06:196][344]LogModuleManager: Shutting down and abandoning module TextureCompressor (32)
[2019.11.13-19.19.06:196][344]LogModuleManager: Shutting down and abandoning module RenderCore (30)
[2019.11.13-19.19.06:196][344]LogModuleManager: Shutting down and abandoning module Landscape (28)
[2019.11.13-19.19.06:196][344]LogModuleManager: Shutting down and abandoning module SlateRHIRenderer (26)
[2019.11.13-19.19.06:196][344]LogModuleManager: Shutting down and abandoning module OpenGLDrv (24)
[2019.11.13-19.19.06:196][344]LogModuleManager: Shutting down and abandoning module D3D11RHI (22)
[2019.11.13-19.19.06:196][344]LogModuleManager: Shutting down and abandoning module AnimGraphRuntime (20)
[2019.11.13-19.19.06:196][344]LogModuleManager: Shutting down and abandoning module Renderer (18)
[2019.11.13-19.19.06:196][344]LogModuleManager: Shutting down and abandoning module Engine (16)
[2019.11.13-19.19.06:196][344]LogModuleManager: Shutting down and abandoning module CoreUObject (14)
[2019.11.13-19.19.06:196][344]LogModuleManager: Shutting down and abandoning module NetworkFile (12)
[2019.11.13-19.19.06:196][344]LogModuleManager: Shutting down and abandoning module CookedIterativeFile (10)
[2019.11.13-19.19.06:196][344]LogModuleManager: Shutting down and abandoning module StreamingFile (8)
[2019.11.13-19.19.06:196][344]LogModuleManager: Shutting down and abandoning module SandboxFile (6)
[2019.11.13-19.19.06:196][344]LogModuleManager: Shutting down and abandoning module PakFile (4)
[2019.11.13-19.19.06:196][344]LogModuleManager: Shutting down and abandoning module RSA (3)
[2019.11.13-19.19.06:197][344]LogD3D11RHI: Shutdown
[2019.11.13-19.19.06:197][344]LogD3D11RHI: CleanupD3DDevice
[2019.11.13-19.19.06:197][344]LogRendererCore: FGlobalDynamicReadBuffer::Cleanup()
[2019.11.13-19.19.06:197][344]LogRendererCore: FGlobalDynamicReadBuffer::Cleanup()
[2019.11.13-19.19.06:197][344]LogRendererCore: FGlobalDynamicReadBuffer::Cleanup()
[2019.11.13-19.19.06:242][344]LogD3D11RHI: ~FD3D11DynamicRHI
[2019.11.13-19.19.06:247][344]LogExit: Exiting.
[2019.11.13-19.19.06:255][344]Log file closed, 11/13/19 11:19:06
