Log file open, 11/15/19 11:06:11
LogWindows: Failed to load 'aqProf.dll' (GetLastError=126)
LogWindows: File 'aqProf.dll' does not exist
LogWindows: Failed to load 'VtuneApi.dll' (GetLastError=126)
LogWindows: File 'VtuneApi.dll' does not exist
LogWindows: Failed to load 'VtuneApi32e.dll' (GetLastError=126)
LogWindows: File 'VtuneApi32e.dll' does not exist
LogConsoleResponse: Display: Failed to find resolution value strings in scalability ini. Falling back to default.
LogInit: Display: Running engine for game: Space_Game
LogPlatformFile: Not using cached read wrapper
LogTaskGraph: Started task graph with 5 named threads and 23 total threads with 3 sets of task threads.
LogStats: Stats thread started at 0.080945
LogD3D11RHI: Loaded GFSDK_Aftermath_Lib.x64.dll
LogICUInternationalization: ICU TimeZone Detection - Raw Offset: -8:00, Platform Override: ''
LogPluginManager: Mounting plugin Paper2D
LogPluginManager: Mounting plugin AISupport
LogPluginManager: Mounting plugin LightPropagationVolume
LogPluginManager: Mounting plugin ActorLayerUtilities
LogPluginManager: Mounting plugin AnimationSharing
LogPluginManager: Mounting plugin CLionSourceCodeAccess
LogPluginManager: Mounting plugin CodeLiteSourceCodeAccess
LogPluginManager: Mounting plugin GitSourceControl
LogPluginManager: Mounting plugin KDevelopSourceCodeAccess
LogPluginManager: Mounting plugin NullSourceCodeAccess
LogPluginManager: Mounting plugin PerforceSourceControl
LogPluginManager: Mounting plugin SubversionSourceControl
LogPluginManager: Mounting plugin UObjectPlugin
LogPluginManager: Mounting plugin VisualStudioCodeSourceCodeAccess
LogPluginManager: Mounting plugin VisualStudioSourceCodeAccess
LogPluginManager: Mounting plugin XCodeSourceCodeAccess
LogPluginManager: Mounting plugin AssetManagerEditor
LogPluginManager: Mounting plugin CryptoKeys
LogPluginManager: Mounting plugin CurveEditorTools
LogPluginManager: Mounting plugin DataValidation
LogPluginManager: Mounting plugin FacialAnimation
LogPluginManager: Mounting plugin GameplayTagsEditor
LogPluginManager: Mounting plugin MacGraphicsSwitching
LogPluginManager: Mounting plugin MaterialAnalyzer
LogPluginManager: Mounting plugin MobileLauncherProfileWizard
LogPluginManager: Mounting plugin PluginBrowser
LogPluginManager: Mounting plugin SpeedTreeImporter
LogPluginManager: Mounting plugin DatasmithContent
LogPluginManager: Mounting plugin VariantManagerContent
LogPluginManager: Mounting plugin AlembicImporter
LogPluginManager: Mounting plugin AutomationUtils
LogPluginManager: Mounting plugin BackChannel
LogPluginManager: Mounting plugin CharacterAI
LogPluginManager: Mounting plugin GeometryCache
LogPluginManager: Mounting plugin HTML5Networking
LogPluginManager: Mounting plugin PlatformCrypto
LogPluginManager: Mounting plugin ProxyLODPlugin
LogPluginManager: Mounting plugin SkeletalReduction
LogPluginManager: Mounting plugin MagicLeap
LogPluginManager: Mounting plugin MagicLeapMedia
LogPluginManager: Mounting plugin AndroidMedia
LogPluginManager: Mounting plugin AvfMedia
LogPluginManager: Mounting plugin ImgMedia
LogPluginManager: Mounting plugin MediaCompositing
LogPluginManager: Mounting plugin MediaPlayerEditor
LogPluginManager: Mounting plugin WebMMedia
LogPluginManager: Mounting plugin WmfMedia
LogPluginManager: Mounting plugin TcpMessaging
LogPluginManager: Mounting plugin UdpMessaging
LogPluginManager: Mounting plugin ActorSequence
LogPluginManager: Mounting plugin LevelSequenceEditor
LogPluginManager: Mounting plugin MatineeToLevelSequence
LogPluginManager: Mounting plugin NetcodeUnitTest
LogPluginManager: Mounting plugin NUTUnrealEngine4
LogPluginManager: Mounting plugin OnlineSubsystemGooglePlay
LogPluginManager: Mounting plugin OnlineSubsystemIOS
LogPluginManager: Mounting plugin OnlineSubsystem
LogPluginManager: Mounting plugin OnlineSubsystemNull
LogPluginManager: Mounting plugin OnlineSubsystemUtils
LogPluginManager: Mounting plugin LauncherChunkInstaller
LogPluginManager: Mounting plugin AndroidDeviceProfileSelector
LogPluginManager: Mounting plugin AndroidMoviePlayer
LogPluginManager: Mounting plugin AndroidPermission
LogPluginManager: Mounting plugin AppleImageUtils
LogPluginManager: Mounting plugin AppleMoviePlayer
LogPluginManager: Mounting plugin ArchVisCharacter
LogPluginManager: Mounting plugin AudioCapture
LogPluginManager: Mounting plugin CableComponent
LogPluginManager: Mounting plugin CustomMeshComponent
LogPluginManager: Mounting plugin EditableMesh
LogPluginManager: Mounting plugin ExampleDeviceProfileSelector
LogPluginManager: Mounting plugin GoogleCloudMessaging
LogPluginManager: Mounting plugin IOSDeviceProfileSelector
LogPluginManager: Mounting plugin LinuxDeviceProfileSelector
LogPluginManager: Mounting plugin LocationServicesBPLibrary
LogPluginManager: Mounting plugin MobilePatchingUtils
LogPluginManager: Mounting plugin OculusVR
LogPluginManager: Mounting plugin PhysXVehicles
LogPluginManager: Mounting plugin ProceduralMeshComponent
LogPluginManager: Mounting plugin RuntimePhysXCooking
LogPluginManager: Mounting plugin SignificanceManager
LogPluginManager: Mounting plugin SteamVR
LogPluginManager: Mounting plugin WebMMoviePlayer
LogPluginManager: Mounting plugin WindowsMoviePlayer
LogPluginManager: Mounting plugin ScreenshotTools
LogInit: Using libcurl 7.55.1-DEV
LogInit:  - built for x86_64-pc-win32
LogInit:  - supports SSL with OpenSSL/1.1.1
LogInit:  - supports HTTP deflate (compression) using libz 1.2.8
LogInit:  - other features:
LogInit:      CURL_VERSION_SSL
LogInit:      CURL_VERSION_LIBZ
LogInit:      CURL_VERSION_IPV6
LogInit:      CURL_VERSION_ASYNCHDNS
LogInit:      CURL_VERSION_LARGEFILE
LogInit:      CURL_VERSION_IDN
LogInit:  CurlRequestOptions (configurable via config and command line):
LogInit:  - bVerifyPeer = true  - Libcurl will verify peer certificate
LogInit:  - bUseHttpProxy = false  - Libcurl will NOT use HTTP proxy
LogInit:  - bDontReuseConnections = false  - Libcurl will reuse connections
LogInit:  - MaxHostConnections = 16  - Libcurl will limit the number of connections to a host
LogInit:  - LocalHostAddr = Default
LogInit:  - BufferSize = 65536
LogOnline: OSS: Creating online subsystem instance for: NULL
LogInit: WinSock: version 1.1 (2.2), MaxSocks=32767, MaxUdp=65467
LogInit: Build: ++UE4+Release-4.23-CL-8386587
LogInit: Engine Version: 4.23.0-8386587+++UE4+Release-4.23
LogInit: Compatible Engine Version: 4.23.0-8386587+++UE4+Release-4.23
LogInit: Net CL: 8386587
LogInit: OS: Windows 10 (Release 1803) (), CPU: Intel(R) Core(TM) i7-4790K CPU @ 4.00GHz, GPU: NVIDIA GeForce GTX 960
LogInit: Compiled (64-bit): Aug 31 2019 02:04:44
LogInit: Compiled with Visual C++: 19.16.27030.01
LogInit: Build Configuration: Development
LogInit: Branch Name: ++UE4+Release-4.23
LogInit: Command Line:  /Game/Levels/testmap -game -PIEVIACONSOLE -ResX=1280 -ResY=720 -Multiprocess -messaging -SessionName="Play in Standalone Game" -windowed
LogInit: Base Directory: D:/Program Files/Unreal Engine 4/UE_4.23/Engine/Binaries/Win64/
LogInit: Installed Engine Build: 1
LogDevObjectVersion: Number of dev versions registered: 23
LogDevObjectVersion:   Dev-Blueprints (B0D832E4-1F89-4F0D-ACCF-7EB736FD4AA2): 10
LogDevObjectVersion:   Dev-Build (E1C64328-A22C-4D53-A36C-8E866417BD8C): 0
LogDevObjectVersion:   Dev-Core (375EC13C-06E4-48FB-B500-84F0262A717E): 3
LogDevObjectVersion:   Dev-Editor (E4B068ED-F494-42E9-A231-DA0B2E46BB41): 34
LogDevObjectVersion:   Dev-Framework (CFFC743F-43B0-4480-9391-14DF171D2073): 35
LogDevObjectVersion:   Dev-Mobile (B02B49B5-BB20-44E9-A304-32B752E40360): 2
LogDevObjectVersion:   Dev-Networking (A4E4105C-59A1-49B5-A7C5-40C4547EDFEE): 0
LogDevObjectVersion:   Dev-Online (39C831C9-5AE6-47DC-9A44-9C173E1C8E7C): 0
LogDevObjectVersion:   Dev-Physics (78F01B33-EBEA-4F98-B9B4-84EACCB95AA2): 0
LogDevObjectVersion:   Dev-Platform (6631380F-2D4D-43E0-8009-CF276956A95A): 0
LogDevObjectVersion:   Dev-Rendering (12F88B9F-8875-4AFC-A67C-D90C383ABD29): 31
LogDevObjectVersion:   Dev-Sequencer (7B5AE74C-D270-4C10-A958-57980B212A5A): 11
LogDevObjectVersion:   Dev-VR (D7296918-1DD6-4BDD-9DE2-64A83CC13884): 2
LogDevObjectVersion:   Dev-LoadTimes (C2A15278-BFE7-4AFE-6C17-90FF531DF755): 1
LogDevObjectVersion:   Private-Geometry (6EACA3D4-40EC-4CC1-B786-8BED09428FC5): 3
LogDevObjectVersion:   Dev-AnimPhys (29E575DD-E0A3-4627-9D10-D276232CDCEA): 17
LogDevObjectVersion:   Dev-Anim (AF43A65D-7FD3-4947-9873-3E8ED9C1BB05): 2
LogDevObjectVersion:   Dev-ReflectionCapture (6B266CEC-1EC7-4B8F-A30B-E4D90942FC07): 1
LogDevObjectVersion:   Dev-Automation (0DF73D61-A23F-47EA-B727-89E90C41499A): 1
LogDevObjectVersion:   FortniteMain (601D1886-AC64-4F84-AA16-D3DE0DEAC7D6): 27
LogDevObjectVersion:   Dev-Enterprise (9DFFBCD6-494F-0158-E221-12823C92A888): 6
LogDevObjectVersion:   Dev-Niagara (F2AED0AC-9AFE-416F-8664-AA7FFA26D6FC): 1
LogDevObjectVersion:   Dev-Destruction (174F1F0B-B4C6-45A5-B13F-2EE8D0FB917D): 9
LogInit: Presizing for max 16777216 objects, including 0 objects not considered by GC, pre-allocating 0 bytes for permanent pool.
LogInit: Object subsystem initialized
LogConfig: Setting CVar [[con.DebugEarlyDefault:1]]
LogConfig: Setting CVar [[r.setres:1280x720]]
[2019.11.15-19.06.12:026][  0]LogConfig: Setting CVar [[con.DebugEarlyDefault:1]]
[2019.11.15-19.06.12:026][  0]LogConfig: Setting CVar [[r.setres:1280x720]]
[2019.11.15-19.06.12:026][  0]LogConfig: Applying CVar settings from Section [/Script/Engine.RendererSettings] File [D:/Unreal Projects/Von Smith/Space-Game/Space_Game/Saved/Config/Windows/Engine.ini]
[2019.11.15-19.06.12:026][  0]LogConfig: Setting CVar [[r.GPUCrashDebugging:0]]
[2019.11.15-19.06.12:026][  0]LogConfig: Applying CVar settings from Section [/Script/Engine.RendererOverrideSettings] File [D:/Unreal Projects/Von Smith/Space-Game/Space_Game/Saved/Config/Windows/Engine.ini]
[2019.11.15-19.06.12:026][  0]LogConfig: Applying CVar settings from Section [/Script/Engine.StreamingSettings] File [D:/Unreal Projects/Von Smith/Space-Game/Space_Game/Saved/Config/Windows/Engine.ini]
[2019.11.15-19.06.12:026][  0]LogConfig: Setting CVar [[s.MinBulkDataSizeForAsyncLoading:131072]]
[2019.11.15-19.06.12:026][  0]LogConfig: Setting CVar [[s.AsyncLoadingThreadEnabled:0]]
[2019.11.15-19.06.12:026][  0]LogConfig: Setting CVar [[s.EventDrivenLoaderEnabled:1]]
[2019.11.15-19.06.12:026][  0]LogConfig: Setting CVar [[s.WarnIfTimeLimitExceeded:0]]
[2019.11.15-19.06.12:026][  0]LogConfig: Setting CVar [[s.TimeLimitExceededMultiplier:1.5]]
[2019.11.15-19.06.12:026][  0]LogConfig: Setting CVar [[s.TimeLimitExceededMinTime:0.005]]
[2019.11.15-19.06.12:026][  0]LogConfig: Setting CVar [[s.UseBackgroundLevelStreaming:1]]
[2019.11.15-19.06.12:026][  0]LogConfig: Setting CVar [[s.PriorityAsyncLoadingExtraTime:15.0]]
[2019.11.15-19.06.12:026][  0]LogConfig: Setting CVar [[s.LevelStreamingActorsUpdateTimeLimit:5.0]]
[2019.11.15-19.06.12:026][  0]LogConfig: Setting CVar [[s.PriorityLevelStreamingActorsUpdateExtraTime:5.0]]
[2019.11.15-19.06.12:026][  0]LogConfig: Setting CVar [[s.LevelStreamingComponentsRegistrationGranularity:10]]
[2019.11.15-19.06.12:026][  0]LogConfig: Setting CVar [[s.UnregisterComponentsTimeLimit:1.0]]
[2019.11.15-19.06.12:026][  0]LogConfig: Setting CVar [[s.LevelStreamingComponentsUnregistrationGranularity:5]]
[2019.11.15-19.06.12:026][  0]LogConfig: Applying CVar settings from Section [/Script/Engine.GarbageCollectionSettings] File [D:/Unreal Projects/Von Smith/Space-Game/Space_Game/Saved/Config/Windows/Engine.ini]
[2019.11.15-19.06.12:026][  0]LogConfig: Setting CVar [[gc.MaxObjectsNotConsideredByGC:1]]
[2019.11.15-19.06.12:026][  0]LogConfig: Setting CVar [[gc.SizeOfPermanentObjectPool:0]]
[2019.11.15-19.06.12:026][  0]LogConfig: Setting CVar [[gc.FlushStreamingOnGC:0]]
[2019.11.15-19.06.12:026][  0]LogConfig: Setting CVar [[gc.NumRetriesBeforeForcingGC:10]]
[2019.11.15-19.06.12:026][  0]LogConfig: Setting CVar [[gc.AllowParallelGC:1]]
[2019.11.15-19.06.12:026][  0]LogConfig: Setting CVar [[gc.TimeBetweenPurgingPendingKillObjects:61.1]]
[2019.11.15-19.06.12:027][  0]LogConfig: Setting CVar [[gc.MaxObjectsInEditor:16777216]]
[2019.11.15-19.06.12:027][  0]LogConfig: Setting CVar [[gc.IncrementalBeginDestroyEnabled:1]]
[2019.11.15-19.06.12:027][  0]LogConfig: Setting CVar [[gc.CreateGCClusters:1]]
[2019.11.15-19.06.12:027][  0]LogConfig: Setting CVar [[gc.MinGCClusterSize:5]]
[2019.11.15-19.06.12:027][  0]LogConfig: Setting CVar [[gc.ActorClusteringEnabled:0]]
[2019.11.15-19.06.12:027][  0]LogConfig: Setting CVar [[gc.BlueprintClusteringEnabled:0]]
[2019.11.15-19.06.12:027][  0]LogConfig: Setting CVar [[gc.UseDisregardForGCOnDedicatedServers:0]]
[2019.11.15-19.06.12:027][  0]LogConfig: Applying CVar settings from Section [/Script/Engine.NetworkSettings] File [D:/Unreal Projects/Von Smith/Space-Game/Space_Game/Saved/Config/Windows/Engine.ini]
[2019.11.15-19.06.12:027][  0]LogConfig: Applying CVar settings from Section [/Script/UnrealEd.CookerSettings] File [D:/Unreal Projects/Von Smith/Space-Game/Space_Game/Saved/Config/Windows/Engine.ini]
[2019.11.15-19.06.12:030][  0]LogConfig: Applying CVar settings from Section [ViewDistanceQuality@3] File [D:/Unreal Projects/Von Smith/Space-Game/Space_Game/Saved/Config/Windows/Scalability.ini]
[2019.11.15-19.06.12:030][  0]LogConfig: Setting CVar [[r.SkeletalMeshLODBias:0]]
[2019.11.15-19.06.12:030][  0]LogConfig: Setting CVar [[r.ViewDistanceScale:1.0]]
[2019.11.15-19.06.12:030][  0]LogConfig: Applying CVar settings from Section [AntiAliasingQuality@3] File [D:/Unreal Projects/Von Smith/Space-Game/Space_Game/Saved/Config/Windows/Scalability.ini]
[2019.11.15-19.06.12:030][  0]LogConfig: Setting CVar [[r.PostProcessAAQuality:4]]
[2019.11.15-19.06.12:030][  0]LogConfig: Applying CVar settings from Section [ShadowQuality@3] File [D:/Unreal Projects/Von Smith/Space-Game/Space_Game/Saved/Config/Windows/Scalability.ini]
[2019.11.15-19.06.12:030][  0]LogConfig: Setting CVar [[r.LightFunctionQuality:1]]
[2019.11.15-19.06.12:030][  0]LogConfig: Setting CVar [[r.ShadowQuality:5]]
[2019.11.15-19.06.12:030][  0]LogConfig: Setting CVar [[r.Shadow.CSM.MaxCascades:10]]
[2019.11.15-19.06.12:030][  0]LogConfig: Setting CVar [[r.Shadow.MaxResolution:2048]]
[2019.11.15-19.06.12:030][  0]LogConfig: Setting CVar [[r.Shadow.MaxCSMResolution:2048]]
[2019.11.15-19.06.12:030][  0]LogConfig: Setting CVar [[r.Shadow.RadiusThreshold:0.01]]
[2019.11.15-19.06.12:030][  0]LogConfig: Setting CVar [[r.Shadow.DistanceScale:1.0]]
[2019.11.15-19.06.12:030][  0]LogConfig: Setting CVar [[r.Shadow.CSM.TransitionScale:1.0]]
[2019.11.15-19.06.12:030][  0]LogConfig: Setting CVar [[r.Shadow.PreShadowResolutionFactor:1.0]]
[2019.11.15-19.06.12:030][  0]LogConfig: Setting CVar [[r.DistanceFieldShadowing:1]]
[2019.11.15-19.06.12:030][  0]LogConfig: Setting CVar [[r.DistanceFieldAO:1]]
[2019.11.15-19.06.12:030][  0]LogConfig: Setting CVar [[r.AOQuality:2]]
[2019.11.15-19.06.12:030][  0]LogConfig: Setting CVar [[r.VolumetricFog:1]]
[2019.11.15-19.06.12:030][  0]LogConfig: Setting CVar [[r.VolumetricFog.GridPixelSize:8]]
[2019.11.15-19.06.12:030][  0]LogConfig: Setting CVar [[r.VolumetricFog.GridSizeZ:128]]
[2019.11.15-19.06.12:030][  0]LogConfig: Setting CVar [[r.VolumetricFog.HistoryMissSupersampleCount:4]]
[2019.11.15-19.06.12:030][  0]LogConfig: Setting CVar [[r.LightMaxDrawDistanceScale:1]]
[2019.11.15-19.06.12:030][  0]LogConfig: Setting CVar [[r.CapsuleShadows:1]]
[2019.11.15-19.06.12:030][  0]LogConfig: Applying CVar settings from Section [PostProcessQuality@3] File [D:/Unreal Projects/Von Smith/Space-Game/Space_Game/Saved/Config/Windows/Scalability.ini]
[2019.11.15-19.06.12:030][  0]LogConfig: Setting CVar [[r.MotionBlurQuality:4]]
[2019.11.15-19.06.12:030][  0]LogConfig: Setting CVar [[r.AmbientOcclusionMipLevelFactor:0.4]]
[2019.11.15-19.06.12:030][  0]LogConfig: Setting CVar [[r.AmbientOcclusionMaxQuality:100]]
[2019.11.15-19.06.12:030][  0]LogConfig: Setting CVar [[r.AmbientOcclusionLevels:-1]]
[2019.11.15-19.06.12:030][  0]LogConfig: Setting CVar [[r.AmbientOcclusionRadiusScale:1.0]]
[2019.11.15-19.06.12:030][  0]LogConfig: Setting CVar [[r.DepthOfFieldQuality:2]]
[2019.11.15-19.06.12:030][  0]LogConfig: Setting CVar [[r.RenderTargetPoolMin:400]]
[2019.11.15-19.06.12:030][  0]LogConfig: Setting CVar [[r.LensFlareQuality:2]]
[2019.11.15-19.06.12:030][  0]LogConfig: Setting CVar [[r.SceneColorFringeQuality:1]]
[2019.11.15-19.06.12:030][  0]LogConfig: Setting CVar [[r.EyeAdaptationQuality:2]]
[2019.11.15-19.06.12:030][  0]LogConfig: Setting CVar [[r.BloomQuality:5]]
[2019.11.15-19.06.12:030][  0]LogConfig: Setting CVar [[r.FastBlurThreshold:100]]
[2019.11.15-19.06.12:030][  0]LogConfig: Setting CVar [[r.Upscale.Quality:3]]
[2019.11.15-19.06.12:030][  0]LogConfig: Setting CVar [[r.Tonemapper.GrainQuantization:1]]
[2019.11.15-19.06.12:030][  0]LogConfig: Setting CVar [[r.LightShaftQuality:1]]
[2019.11.15-19.06.12:030][  0]LogConfig: Setting CVar [[r.Filter.SizeScale:1]]
[2019.11.15-19.06.12:030][  0]LogConfig: Setting CVar [[r.Tonemapper.Quality:5]]
[2019.11.15-19.06.12:031][  0]LogConfig: Setting CVar [[r.DOF.Gather.AccumulatorQuality:1        ; higher gathering accumulator quality]]
[2019.11.15-19.06.12:031][  0]LogConfig: Setting CVar [[r.DOF.Gather.PostfilterMethod:1          ; Median3x3 postfilering method]]
[2019.11.15-19.06.12:031][  0]LogConfig: Setting CVar [[r.DOF.Gather.EnableBokehSettings:0       ; no bokeh simulation when gathering]]
[2019.11.15-19.06.12:031][  0]LogConfig: Setting CVar [[r.DOF.Gather.RingCount:4                 ; medium number of samples when gathering]]
[2019.11.15-19.06.12:031][  0]LogConfig: Setting CVar [[r.DOF.Scatter.ForegroundCompositing:1    ; additive foreground scattering]]
[2019.11.15-19.06.12:031][  0]LogConfig: Setting CVar [[r.DOF.Scatter.BackgroundCompositing:2    ; additive background scattering]]
[2019.11.15-19.06.12:031][  0]LogConfig: Setting CVar [[r.DOF.Scatter.EnableBokehSettings:1      ; bokeh simulation when scattering]]
[2019.11.15-19.06.12:031][  0]LogConfig: Setting CVar [[r.DOF.Scatter.MaxSpriteRatio:0.1         ; only a maximum of 10% of scattered bokeh]]
[2019.11.15-19.06.12:031][  0]LogConfig: Setting CVar [[r.DOF.Recombine.Quality:1                ; cheap slight out of focus]]
[2019.11.15-19.06.12:031][  0]LogConfig: Setting CVar [[r.DOF.Recombine.EnableBokehSettings:0    ; no bokeh simulation on slight out of focus]]
[2019.11.15-19.06.12:031][  0]LogConfig: Setting CVar [[r.DOF.TemporalAAQuality:1                ; more stable temporal accumulation]]
[2019.11.15-19.06.12:031][  0]LogConfig: Setting CVar [[r.DOF.Kernel.MaxForegroundRadius:0.025]]
[2019.11.15-19.06.12:031][  0]LogConfig: Setting CVar [[r.DOF.Kernel.MaxBackgroundRadius:0.025]]
[2019.11.15-19.06.12:031][  0]LogConfig: Applying CVar settings from Section [TextureQuality@3] File [D:/Unreal Projects/Von Smith/Space-Game/Space_Game/Saved/Config/Windows/Scalability.ini]
[2019.11.15-19.06.12:031][  0]LogConfig: Setting CVar [[r.Streaming.MipBias:0]]
[2019.11.15-19.06.12:031][  0]LogConfig: Setting CVar [[r.Streaming.AmortizeCPUToGPUCopy:0]]
[2019.11.15-19.06.12:031][  0]LogConfig: Setting CVar [[r.Streaming.MaxNumTexturesToStreamPerFrame:0]]
[2019.11.15-19.06.12:031][  0]LogConfig: Setting CVar [[r.Streaming.Boost:1]]
[2019.11.15-19.06.12:031][  0]LogConfig: Setting CVar [[r.MaxAnisotropy:8]]
[2019.11.15-19.06.12:031][  0]LogConfig: Setting CVar [[r.Streaming.LimitPoolSizeToVRAM:0]]
[2019.11.15-19.06.12:031][  0]LogConfig: Setting CVar [[r.Streaming.PoolSize:1000]]
[2019.11.15-19.06.12:031][  0]LogConfig: Setting CVar [[r.Streaming.MaxEffectiveScreenSize:0]]
[2019.11.15-19.06.12:031][  0]LogConfig: Applying CVar settings from Section [EffectsQuality@3] File [D:/Unreal Projects/Von Smith/Space-Game/Space_Game/Saved/Config/Windows/Scalability.ini]
[2019.11.15-19.06.12:031][  0]LogConfig: Setting CVar [[r.TranslucencyLightingVolumeDim:64]]
[2019.11.15-19.06.12:031][  0]LogConfig: Setting CVar [[r.RefractionQuality:2]]
[2019.11.15-19.06.12:031][  0]LogConfig: Setting CVar [[r.SSR.Quality:3]]
[2019.11.15-19.06.12:031][  0]LogConfig: Setting CVar [[r.SceneColorFormat:4]]
[2019.11.15-19.06.12:031][  0]LogConfig: Setting CVar [[r.DetailMode:2]]
[2019.11.15-19.06.12:031][  0]LogConfig: Setting CVar [[r.TranslucencyVolumeBlur:1]]
[2019.11.15-19.06.12:031][  0]LogConfig: Setting CVar [[r.MaterialQualityLevel:1 ; High quality]]
[2019.11.15-19.06.12:031][  0]LogConfig: Setting CVar [[r.SSS.Scale:1]]
[2019.11.15-19.06.12:031][  0]LogConfig: Setting CVar [[r.SSS.SampleSet:2]]
[2019.11.15-19.06.12:031][  0]LogConfig: Setting CVar [[r.SSS.Quality:1]]
[2019.11.15-19.06.12:031][  0]LogConfig: Setting CVar [[r.SSS.HalfRes:1]]
[2019.11.15-19.06.12:031][  0]LogConfig: Setting CVar [[r.EmitterSpawnRateScale:1.0]]
[2019.11.15-19.06.12:031][  0]LogConfig: Setting CVar [[r.ParticleLightQuality:2]]
[2019.11.15-19.06.12:031][  0]LogConfig: Applying CVar settings from Section [FoliageQuality@3] File [D:/Unreal Projects/Von Smith/Space-Game/Space_Game/Saved/Config/Windows/Scalability.ini]
[2019.11.15-19.06.12:031][  0]LogConfig: Setting CVar [[foliage.DensityScale:1.0]]
[2019.11.15-19.06.12:031][  0]LogConfig: Setting CVar [[grass.DensityScale:1.0]]
[2019.11.15-19.06.12:031][  0]LogInit: Selected Device Profile: [Windows]
[2019.11.15-19.06.12:031][  0]LogInit: Applying CVar settings loaded from the selected device profile: [Windows]
[2019.11.15-19.06.12:033][  0]LogHAL: Display: Platform has ~ 8 GB [8538304512 / 8589934592 / 8], which maps to Default [LargestMinGB=32, LargerMinGB=12, DefaultMinGB=8, SmallerMinGB=6, SmallestMinGB=0)
[2019.11.15-19.06.12:033][  0]LogInit: Going up to parent DeviceProfile []
[2019.11.15-19.06.12:033][  0]LogConfig: Applying CVar settings from Section [ViewDistanceQuality@3] File [D:/Unreal Projects/Von Smith/Space-Game/Space_Game/Saved/Config/Windows/Scalability.ini]
[2019.11.15-19.06.12:034][  0]LogConfig: Setting CVar [[r.SkeletalMeshLODBias:0]]
[2019.11.15-19.06.12:034][  0]LogConfig: Setting CVar [[r.ViewDistanceScale:1.0]]
[2019.11.15-19.06.12:034][  0]LogConfig: Applying CVar settings from Section [AntiAliasingQuality@3] File [D:/Unreal Projects/Von Smith/Space-Game/Space_Game/Saved/Config/Windows/Scalability.ini]
[2019.11.15-19.06.12:034][  0]LogConfig: Setting CVar [[r.PostProcessAAQuality:4]]
[2019.11.15-19.06.12:034][  0]LogConfig: Applying CVar settings from Section [ShadowQuality@3] File [D:/Unreal Projects/Von Smith/Space-Game/Space_Game/Saved/Config/Windows/Scalability.ini]
[2019.11.15-19.06.12:034][  0]LogConfig: Setting CVar [[r.LightFunctionQuality:1]]
[2019.11.15-19.06.12:034][  0]LogConfig: Setting CVar [[r.ShadowQuality:5]]
[2019.11.15-19.06.12:034][  0]LogConfig: Setting CVar [[r.Shadow.CSM.MaxCascades:10]]
[2019.11.15-19.06.12:034][  0]LogConfig: Setting CVar [[r.Shadow.MaxResolution:2048]]
[2019.11.15-19.06.12:034][  0]LogConfig: Setting CVar [[r.Shadow.MaxCSMResolution:2048]]
[2019.11.15-19.06.12:034][  0]LogConfig: Setting CVar [[r.Shadow.RadiusThreshold:0.01]]
[2019.11.15-19.06.12:034][  0]LogConfig: Setting CVar [[r.Shadow.DistanceScale:1.0]]
[2019.11.15-19.06.12:034][  0]LogConfig: Setting CVar [[r.Shadow.CSM.TransitionScale:1.0]]
[2019.11.15-19.06.12:034][  0]LogConfig: Setting CVar [[r.Shadow.PreShadowResolutionFactor:1.0]]
[2019.11.15-19.06.12:034][  0]LogConfig: Setting CVar [[r.DistanceFieldShadowing:1]]
[2019.11.15-19.06.12:034][  0]LogConfig: Setting CVar [[r.DistanceFieldAO:1]]
[2019.11.15-19.06.12:034][  0]LogConfig: Setting CVar [[r.AOQuality:2]]
[2019.11.15-19.06.12:034][  0]LogConfig: Setting CVar [[r.VolumetricFog:1]]
[2019.11.15-19.06.12:034][  0]LogConfig: Setting CVar [[r.VolumetricFog.GridPixelSize:8]]
[2019.11.15-19.06.12:034][  0]LogConfig: Setting CVar [[r.VolumetricFog.GridSizeZ:128]]
[2019.11.15-19.06.12:034][  0]LogConfig: Setting CVar [[r.VolumetricFog.HistoryMissSupersampleCount:4]]
[2019.11.15-19.06.12:034][  0]LogConfig: Setting CVar [[r.LightMaxDrawDistanceScale:1]]
[2019.11.15-19.06.12:034][  0]LogConfig: Setting CVar [[r.CapsuleShadows:1]]
[2019.11.15-19.06.12:034][  0]LogConfig: Applying CVar settings from Section [PostProcessQuality@3] File [D:/Unreal Projects/Von Smith/Space-Game/Space_Game/Saved/Config/Windows/Scalability.ini]
[2019.11.15-19.06.12:034][  0]LogConfig: Setting CVar [[r.MotionBlurQuality:4]]
[2019.11.15-19.06.12:034][  0]LogConfig: Setting CVar [[r.AmbientOcclusionMipLevelFactor:0.4]]
[2019.11.15-19.06.12:034][  0]LogConfig: Setting CVar [[r.AmbientOcclusionMaxQuality:100]]
[2019.11.15-19.06.12:034][  0]LogConfig: Setting CVar [[r.AmbientOcclusionLevels:-1]]
[2019.11.15-19.06.12:034][  0]LogConfig: Setting CVar [[r.AmbientOcclusionRadiusScale:1.0]]
[2019.11.15-19.06.12:034][  0]LogConfig: Setting CVar [[r.DepthOfFieldQuality:2]]
[2019.11.15-19.06.12:034][  0]LogConfig: Setting CVar [[r.RenderTargetPoolMin:400]]
[2019.11.15-19.06.12:034][  0]LogConfig: Setting CVar [[r.LensFlareQuality:2]]
[2019.11.15-19.06.12:034][  0]LogConfig: Setting CVar [[r.SceneColorFringeQuality:1]]
[2019.11.15-19.06.12:034][  0]LogConfig: Setting CVar [[r.EyeAdaptationQuality:2]]
[2019.11.15-19.06.12:034][  0]LogConfig: Setting CVar [[r.BloomQuality:5]]
[2019.11.15-19.06.12:034][  0]LogConfig: Setting CVar [[r.FastBlurThreshold:100]]
[2019.11.15-19.06.12:034][  0]LogConfig: Setting CVar [[r.Upscale.Quality:3]]
[2019.11.15-19.06.12:034][  0]LogConfig: Setting CVar [[r.Tonemapper.GrainQuantization:1]]
[2019.11.15-19.06.12:034][  0]LogConfig: Setting CVar [[r.LightShaftQuality:1]]
[2019.11.15-19.06.12:034][  0]LogConfig: Setting CVar [[r.Filter.SizeScale:1]]
[2019.11.15-19.06.12:034][  0]LogConfig: Setting CVar [[r.Tonemapper.Quality:5]]
[2019.11.15-19.06.12:034][  0]LogConfig: Setting CVar [[r.DOF.Gather.AccumulatorQuality:1        ; higher gathering accumulator quality]]
[2019.11.15-19.06.12:034][  0]LogConfig: Setting CVar [[r.DOF.Gather.PostfilterMethod:1          ; Median3x3 postfilering method]]
[2019.11.15-19.06.12:034][  0]LogConfig: Setting CVar [[r.DOF.Gather.EnableBokehSettings:0       ; no bokeh simulation when gathering]]
[2019.11.15-19.06.12:034][  0]LogConfig: Setting CVar [[r.DOF.Gather.RingCount:4                 ; medium number of samples when gathering]]
[2019.11.15-19.06.12:034][  0]LogConfig: Setting CVar [[r.DOF.Scatter.ForegroundCompositing:1    ; additive foreground scattering]]
[2019.11.15-19.06.12:034][  0]LogConfig: Setting CVar [[r.DOF.Scatter.BackgroundCompositing:2    ; additive background scattering]]
[2019.11.15-19.06.12:034][  0]LogConfig: Setting CVar [[r.DOF.Scatter.EnableBokehSettings:1      ; bokeh simulation when scattering]]
[2019.11.15-19.06.12:034][  0]LogConfig: Setting CVar [[r.DOF.Scatter.MaxSpriteRatio:0.1         ; only a maximum of 10% of scattered bokeh]]
[2019.11.15-19.06.12:034][  0]LogConfig: Setting CVar [[r.DOF.Recombine.Quality:1                ; cheap slight out of focus]]
[2019.11.15-19.06.12:034][  0]LogConfig: Setting CVar [[r.DOF.Recombine.EnableBokehSettings:0    ; no bokeh simulation on slight out of focus]]
[2019.11.15-19.06.12:034][  0]LogConfig: Setting CVar [[r.DOF.TemporalAAQuality:1                ; more stable temporal accumulation]]
[2019.11.15-19.06.12:034][  0]LogConfig: Setting CVar [[r.DOF.Kernel.MaxForegroundRadius:0.025]]
[2019.11.15-19.06.12:034][  0]LogConfig: Setting CVar [[r.DOF.Kernel.MaxBackgroundRadius:0.025]]
[2019.11.15-19.06.12:034][  0]LogConfig: Applying CVar settings from Section [TextureQuality@3] File [D:/Unreal Projects/Von Smith/Space-Game/Space_Game/Saved/Config/Windows/Scalability.ini]
[2019.11.15-19.06.12:034][  0]LogConfig: Setting CVar [[r.Streaming.MipBias:0]]
[2019.11.15-19.06.12:034][  0]LogConfig: Setting CVar [[r.Streaming.AmortizeCPUToGPUCopy:0]]
[2019.11.15-19.06.12:034][  0]LogConfig: Setting CVar [[r.Streaming.MaxNumTexturesToStreamPerFrame:0]]
[2019.11.15-19.06.12:034][  0]LogConfig: Setting CVar [[r.Streaming.Boost:1]]
[2019.11.15-19.06.12:034][  0]LogConfig: Setting CVar [[r.MaxAnisotropy:8]]
[2019.11.15-19.06.12:034][  0]LogConfig: Setting CVar [[r.Streaming.LimitPoolSizeToVRAM:0]]
[2019.11.15-19.06.12:034][  0]LogConfig: Setting CVar [[r.Streaming.PoolSize:1000]]
[2019.11.15-19.06.12:034][  0]LogConfig: Setting CVar [[r.Streaming.MaxEffectiveScreenSize:0]]
[2019.11.15-19.06.12:034][  0]LogConfig: Applying CVar settings from Section [EffectsQuality@3] File [D:/Unreal Projects/Von Smith/Space-Game/Space_Game/Saved/Config/Windows/Scalability.ini]
[2019.11.15-19.06.12:034][  0]LogConfig: Setting CVar [[r.TranslucencyLightingVolumeDim:64]]
[2019.11.15-19.06.12:034][  0]LogConfig: Setting CVar [[r.RefractionQuality:2]]
[2019.11.15-19.06.12:034][  0]LogConfig: Setting CVar [[r.SSR.Quality:3]]
[2019.11.15-19.06.12:034][  0]LogConfig: Setting CVar [[r.SceneColorFormat:4]]
[2019.11.15-19.06.12:034][  0]LogConfig: Setting CVar [[r.DetailMode:2]]
[2019.11.15-19.06.12:034][  0]LogConfig: Setting CVar [[r.TranslucencyVolumeBlur:1]]
[2019.11.15-19.06.12:034][  0]LogConfig: Setting CVar [[r.MaterialQualityLevel:1 ; High quality]]
[2019.11.15-19.06.12:034][  0]LogConfig: Setting CVar [[r.SSS.Scale:1]]
[2019.11.15-19.06.12:034][  0]LogConfig: Setting CVar [[r.SSS.SampleSet:2]]
[2019.11.15-19.06.12:034][  0]LogConfig: Setting CVar [[r.SSS.Quality:1]]
[2019.11.15-19.06.12:034][  0]LogConfig: Setting CVar [[r.SSS.HalfRes:1]]
[2019.11.15-19.06.12:034][  0]LogConfig: Setting CVar [[r.EmitterSpawnRateScale:1.0]]
[2019.11.15-19.06.12:034][  0]LogConfig: Setting CVar [[r.ParticleLightQuality:2]]
[2019.11.15-19.06.12:034][  0]LogConfig: Applying CVar settings from Section [FoliageQuality@3] File [D:/Unreal Projects/Von Smith/Space-Game/Space_Game/Saved/Config/Windows/Scalability.ini]
[2019.11.15-19.06.12:034][  0]LogConfig: Setting CVar [[foliage.DensityScale:1.0]]
[2019.11.15-19.06.12:034][  0]LogConfig: Setting CVar [[grass.DensityScale:1.0]]
[2019.11.15-19.06.12:034][  0]LogConfig: Applying CVar settings from Section [Startup] File [../../../Engine/Config/ConsoleVariables.ini]
[2019.11.15-19.06.12:035][  0]LogConfig: Setting CVar [[net.UseAdaptiveNetUpdateFrequency:0]]
[2019.11.15-19.06.12:035][  0]LogConfig: Setting CVar [[p.chaos.AllowCreatePhysxBodies:1]]
[2019.11.15-19.06.12:035][  0]LogConfig: Applying CVar settings from Section [ConsoleVariables] File [D:/Unreal Projects/Von Smith/Space-Game/Space_Game/Saved/Config/Windows/Engine.ini]
[2019.11.15-19.06.12:035][  0]LogInit: Computer: IT00-177084
[2019.11.15-19.06.12:035][  0]LogInit: User: vsmith1868
[2019.11.15-19.06.12:035][  0]LogInit: CPU Page size=4096, Cores=4
[2019.11.15-19.06.12:035][  0]LogInit: High frequency timer resolution =3.905119 MHz
[2019.11.15-19.06.12:035][  0]LogMemory: Memory total: Physical=8.0GB (8GB approx)
[2019.11.15-19.06.12:035][  0]LogMemory: Platform Memory Stats for Windows
[2019.11.15-19.06.12:035][  0]LogMemory: Process Physical Memory: 100.51 MB used, 100.51 MB peak
[2019.11.15-19.06.12:035][  0]LogMemory: Process Virtual Memory: 100.30 MB used, 100.30 MB peak
[2019.11.15-19.06.12:035][  0]LogMemory: Physical Memory: 5489.26 MB used,  2653.50 MB free, 8142.76 MB total
[2019.11.15-19.06.12:035][  0]LogMemory: Virtual Memory: 4679.91 MB used,  134213048.00 MB free, 134217728.00 MB total
[2019.11.15-19.06.12:038][  0]LogWindows: WindowsPlatformFeatures enabled
[2019.11.15-19.06.12:060][  0]LogInit: Using OS detected language (en-US).
[2019.11.15-19.06.12:060][  0]LogInit: Using OS detected locale (en-US).
[2019.11.15-19.06.12:060][  0]LogTextLocalizationManager: No specific localization for 'en-US' exists, so the 'en' localization will be used.
[2019.11.15-19.06.12:285][  0]LogSlate: New Slate User Created.  User Index 0, Is Virtual User: 0
[2019.11.15-19.06.12:285][  0]LogSlate: Slate User Registered.  User Index 0, Is Virtual User: 0
[2019.11.15-19.06.12:291][  0]LogHMD: Failed to initialize OpenVR with code 110
[2019.11.15-19.06.12:291][  0]LogD3D11RHI: D3D11 adapters:
[2019.11.15-19.06.12:333][  0]LogD3D11RHI:    0. 'NVIDIA GeForce GTX 960' (Feature Level 11_0)
[2019.11.15-19.06.12:333][  0]LogD3D11RHI:       2016/0/4071 MB DedicatedVideo/DedicatedSystem/SharedSystem, Outputs:1, VendorId:0x10de
[2019.11.15-19.06.12:335][  0]LogD3D11RHI:    1. 'Microsoft Basic Render Driver' (Feature Level 11_0)
[2019.11.15-19.06.12:335][  0]LogD3D11RHI:       0/0/4071 MB DedicatedVideo/DedicatedSystem/SharedSystem, Outputs:0, VendorId:0x1414
[2019.11.15-19.06.12:335][  0]LogD3D11RHI: Chosen D3D11 Adapter: 0
[2019.11.15-19.06.12:341][  0]LogD3D11RHI: Creating new Direct3DDevice
[2019.11.15-19.06.12:341][  0]LogD3D11RHI:     GPU DeviceId: 0x1401 (for the marketing name, search the web for "GPU Device Id")
[2019.11.15-19.06.12:341][  0]LogWindows: EnumDisplayDevices:
[2019.11.15-19.06.12:341][  0]LogWindows:    0. 'NVIDIA GeForce GTX 960' (P:1 D:1)
[2019.11.15-19.06.12:341][  0]LogWindows:    1. 'NVIDIA GeForce GTX 960' (P:0 D:0)
[2019.11.15-19.06.12:342][  0]LogWindows:    2. 'NVIDIA GeForce GTX 960' (P:0 D:0)
[2019.11.15-19.06.12:342][  0]LogWindows:    3. 'NVIDIA GeForce GTX 960' (P:0 D:0)
[2019.11.15-19.06.12:342][  0]LogWindows: DebugString: FoundDriverCount:4 
[2019.11.15-19.06.12:342][  0]LogD3D11RHI:     Adapter Name: NVIDIA GeForce GTX 960
[2019.11.15-19.06.12:342][  0]LogD3D11RHI:   Driver Version: 388.13 (internal:23.21.13.8813, unified:388.13)
[2019.11.15-19.06.12:342][  0]LogD3D11RHI:      Driver Date: 10-27-2017
[2019.11.15-19.06.12:342][  0]LogRHI: Texture pool is 1411 MB (70% of 2016 MB)
[2019.11.15-19.06.12:368][  0]LogD3D11RHI: Async texture creation enabled
[2019.11.15-19.06.12:379][  0]LogD3D11RHI: GPU Timing Frequency: 1000.000000 (Debug: 2 1)
[2019.11.15-19.06.12:676][  0]LogTemp: Display: Module 'WindowsClientTargetPlatform' loaded TargetPlatform 'WindowsClient'
[2019.11.15-19.06.12:682][  0]LogTemp: Display: Module 'WindowsNoEditorTargetPlatform' loaded TargetPlatform 'WindowsNoEditor'
[2019.11.15-19.06.12:689][  0]LogTemp: Display: Module 'WindowsServerTargetPlatform' loaded TargetPlatform 'WindowsServer'
[2019.11.15-19.06.12:692][  0]LogTemp: Display: Module 'WindowsTargetPlatform' loaded TargetPlatform 'Windows'
[2019.11.15-19.06.12:692][  0]LogTargetPlatformManager: Display: Building Assets For Windows
[2019.11.15-19.06.12:700][  0]LogAudioDebug: Display: Lib vorbis DLL was dynamically loaded.
[2019.11.15-19.06.12:740][  0]LogShaderCompilers: Guid format shader working directory is -14 characters bigger than the processId version (../../../../../../Unreal Projects/Von Smith/Space-Game/Space_Game/Intermediate/Shaders/WorkingDirectory/8544/).
[2019.11.15-19.06.12:740][  0]LogShaderCompilers: Cleaned the shader compiler working directory 'C:/Users/vsmith1868/AppData/Local/Temp/UnrealShaderWorkingDir/3DD334E843EE05968B34B78FBDD2A699/'.
[2019.11.15-19.06.12:742][  0]LogXGEController: Cannot use XGE Controller as Incredibuild is not installed on this machine.
[2019.11.15-19.06.12:742][  0]LogShaderCompilers: Cannot use XGE Shader Compiler as Incredibuild is not installed on this machine.
[2019.11.15-19.06.12:742][  0]LogShaderCompilers: Display: Using Local Shader Compiler.
[2019.11.15-19.06.13:249][  0]LogDerivedDataCache: Display: Max Cache Size: 512 MB
[2019.11.15-19.06.13:317][  0]LogDerivedDataCache: Loaded boot cache 0.07s 73MB C:/Users/vsmith1868/AppData/Local/UnrealEngine/4.23/DerivedDataCache/Boot.ddc.
[2019.11.15-19.06.13:318][  0]LogDerivedDataCache: Display: Loaded Boot cache: C:/Users/vsmith1868/AppData/Local/UnrealEngine/4.23/DerivedDataCache/Boot.ddc
[2019.11.15-19.06.13:318][  0]LogDerivedDataCache: FDerivedDataBackendGraph:  Pak pak cache file ../../../../../../Unreal Projects/Von Smith/Space-Game/Space_Game/DerivedDataCache/DDC.ddp not found, will not use a pak cache.
[2019.11.15-19.06.13:318][  0]LogDerivedDataCache: Unable to find inner node Pak for hierarchical cache Hierarchy.
[2019.11.15-19.06.13:318][  0]LogDerivedDataCache: FDerivedDataBackendGraph:  CompressedPak pak cache file ../../../../../../Unreal Projects/Von Smith/Space-Game/Space_Game/DerivedDataCache/Compressed.ddp not found, will not use a pak cache.
[2019.11.15-19.06.13:318][  0]LogDerivedDataCache: Unable to find inner node CompressedPak for hierarchical cache Hierarchy.
[2019.11.15-19.06.13:327][  0]LogDerivedDataCache: Display: Pak cache opened for reading ../../../Engine/DerivedDataCache/Compressed.ddp.
[2019.11.15-19.06.13:328][  0]LogDerivedDataCache: FDerivedDataBackendGraph:  EnterprisePak pak cache file ../../../Enterprise/DerivedDataCache/Compressed.ddp not found, will not use a pak cache.
[2019.11.15-19.06.13:328][  0]LogDerivedDataCache: Unable to find inner node EnterprisePak for hierarchical cache Hierarchy.
[2019.11.15-19.06.13:329][  0]LogDerivedDataCache: Using Local data cache path C:/Users/vsmith1868/AppData/Local/UnrealEngine/Common/DerivedDataCache: Writable
[2019.11.15-19.06.13:329][  0]LogDerivedDataCache: Shared data cache path not found in *engine.ini, will not use an Shared cache.
[2019.11.15-19.06.13:329][  0]LogDerivedDataCache: Unable to find inner node Shared for hierarchical cache Hierarchy.
[2019.11.15-19.06.13:348][  0]LogMaterial: Verifying Global Shaders for PCD3D_SM5
[2019.11.15-19.06.13:350][  0]LogSlate: Using FreeType 2.6.0
[2019.11.15-19.06.13:351][  0]LogSlate: SlateFontServices - WITH_FREETYPE: 1, WITH_HARFBUZZ: 1
[2019.11.15-19.06.13:438][  0]LogInit: Using OS detected language (en-US).
[2019.11.15-19.06.13:438][  0]LogInit: Using OS detected locale (en-US).
[2019.11.15-19.06.13:438][  0]LogTextLocalizationManager: No localization for 'en-US' exists, so 'en' will be used for the language.
[2019.11.15-19.06.13:438][  0]LogTextLocalizationManager: No localization for 'en-US' exists, so 'en' will be used for the locale.
[2019.11.15-19.06.13:438][  0]LogSlate: FontCache flush requested. Reason: Culture for localization was changed
[2019.11.15-19.06.13:438][  0]LogSlate: FontCache flush requested. Reason: Culture for localization was changed
[2019.11.15-19.06.13:439][  0]LogTextLocalizationManager: Compacting localization data took   0.00ms
[2019.11.15-19.06.13:443][  0]LogAssetRegistry: FAssetRegistry took 0.0016 seconds to start up
[2019.11.15-19.06.13:622][  0]LogPackageLocalizationCache: Processed 12 localized package path(s) for 1 prioritized culture(s) in 0.000449 seconds
[2019.11.15-19.06.13:664][  0]LogInit: Selected Device Profile: [Windows]
[2019.11.15-19.06.13:780][  0]LogMeshReduction: Using QuadricMeshReduction for automatic static mesh reduction
[2019.11.15-19.06.13:780][  0]LogMeshReduction: Using SimplygonMeshReduction for automatic skeletal mesh reduction
[2019.11.15-19.06.13:780][  0]LogMeshReduction: Using ProxyLODMeshReduction for automatic mesh merging
[2019.11.15-19.06.13:780][  0]LogMeshReduction: No distributed automatic mesh merging module available
[2019.11.15-19.06.13:780][  0]LogMeshMerging: No distributed automatic mesh merging module available
[2019.11.15-19.06.13:788][  0]LogNetVersion: Space_Game 1.0.0, NetCL: 8386587, EngineNetVer: 11, GameNetVer: 0 (Checksum: 1558173762)
[2019.11.15-19.06.14:205][  0]LogMoviePlayer: Initializing movie player
[2019.11.15-19.06.14:291][  0]LogTcpMessaging: Initializing TcpMessaging bridge
[2019.11.15-19.06.14:293][  0]LogUdpMessaging: Initializing bridge on interface 0.0.0.0:0 to multicast group 230.0.0.1:6666.
[2019.11.15-19.06.14:322][  0]SourceControl: Source control is disabled
[2019.11.15-19.06.14:322][  0]SourceControl: Source control is disabled
[2019.11.15-19.06.14:323][  0]SourceControl: Source control is disabled
[2019.11.15-19.06.14:357][  0]LogAndroidPermission: UAndroidPermissionCallbackProxy::GetInstance
[2019.11.15-19.06.14:444][  0]LogOcInput: OculusInput pre-init called
[2019.11.15-19.06.14:453][  0]LogUObjectArray: 48866 objects as part of root set at end of initial load.
[2019.11.15-19.06.14:453][  0]LogUObjectAllocator: 8609784 out of 0 bytes used by permanent object pool.
[2019.11.15-19.06.14:453][  0]LogUObjectArray: CloseDisregardForGC: 0/0 objects in disregard for GC pool
[2019.11.15-19.06.14:502][  0]LogEngine: Initializing Engine...
[2019.11.15-19.06.14:502][  0]LogHMD: Failed to initialize OpenVR with code 110
[2019.11.15-19.06.14:503][  0]LogStats: UGameplayTagsManager::InitializeManager -  0.000 s
[2019.11.15-19.06.14:651][  0]LogInit: Initializing FReadOnlyCVARCache
[2019.11.15-19.06.14:664][  0]LogInit: XAudio2 using 'Speakers (Logitech USB Headset)' : 2 channels at 48 kHz using 16 bits per sample (channel mask 0x3)
[2019.11.15-19.06.14:678][  0]LogInit: FAudioDevice initialized.
[2019.11.15-19.06.14:678][  0]LogNetVersion: Set ProjectVersion to 1.0.0.0. Version Checksum will be recalculated on next use.
[2019.11.15-19.06.14:691][  0]LogInit: Texture streaming: Enabled
[2019.11.15-19.06.14:816][  0]LogSlate: Updating window title bar state: overlay mode, drag disabled, window buttons hidden, title bar hidden
[2019.11.15-19.06.14:817][  0]LogInit: Display: Game Engine Initialized.
[2019.11.15-19.06.14:859][  0]LogInit: Display: Starting Game.
[2019.11.15-19.06.14:859][  0]LogNet: Browse: /Game/Levels/testmap?Name=Player
[2019.11.15-19.06.14:859][  0]LogLoad: LoadMap: /Game/Levels/testmap?Name=Player
[2019.11.15-19.06.14:859][  0]LogWorld: BeginTearingDown for /Temp/Untitled_0
[2019.11.15-19.06.14:860][  0]LogWorld: UWorld::CleanupWorld for Untitled, bSessionEnded=true, bCleanupResources=true
[2019.11.15-19.06.14:891][  0]LogUObjectHash: Compacting FUObjectHashTables data took   1.37ms
[2019.11.15-19.06.15:217][  0]LogAIModule: Creating AISystem for world testmap
[2019.11.15-19.06.15:224][  0]LogLoad: Game class is 'FirstPersonGameMode_C'
[2019.11.15-19.06.15:258][  0]LogWorld: Bringing World /Game/Levels/testmap.testmap up for play (max tick rate 0) at 2019.11.15-11.06.15
[2019.11.15-19.06.15:261][  0]LogWorld: Bringing up level for play took: 0.035835
[2019.11.15-19.06.15:267][  0]LogLoad: Took 0.407912 seconds to LoadMap(/Game/Levels/testmap)
[2019.11.15-19.06.15:290][  0]LogRenderer: Reallocating scene render targets to support 1280x720 Format 10 NumSamples 1 (Frame:1).
[2019.11.15-19.06.15:291][  0]LogLoad: (Engine Initialization) Total time: 4.57 seconds
[2019.11.15-19.06.15:291][  0]LogLoad: (Engine Initialization) Total Blueprint compile time: 0.00 seconds
[2019.11.15-19.06.15:331][  0]LogWindowsTextInputMethodSystem: Display: IME system now deactivated.
[2019.11.15-19.06.15:333][  0]LogContentStreaming: Texture pool size now 1000 MB
[2019.11.15-19.06.26:664][700]PIE: Warning: FirstPersonProjectile_C_13.Orange FirstPersonProjectileMesh has to have 'Simulate Physics' enabled if you'd like to AddImpulse. 
[2019.11.15-19.06.27:163][731]PIE: Warning: FirstPersonProjectile_C_15.Orange FirstPersonProjectileMesh has to have 'Simulate Physics' enabled if you'd like to AddImpulse. 
[2019.11.15-19.06.27:389][745]PIE: Warning: FirstPersonProjectile_C_17.Orange FirstPersonProjectileMesh has to have 'Simulate Physics' enabled if you'd like to AddImpulse. 
[2019.11.15-19.06.27:583][757]PIE: Warning: FirstPersonProjectile_C_19.Orange FirstPersonProjectileMesh has to have 'Simulate Physics' enabled if you'd like to AddImpulse. 
[2019.11.15-19.06.27:663][762]PIE: Warning: FirstPersonProjectile_C_20.Orange FirstPersonProjectileMesh has to have 'Simulate Physics' enabled if you'd like to AddImpulse. 
[2019.11.15-19.06.27:889][776]PIE: Warning: FirstPersonProjectile_C_22.Orange FirstPersonProjectileMesh has to have 'Simulate Physics' enabled if you'd like to AddImpulse. 
[2019.11.15-19.06.27:905][777]PIE: Warning: FirstPersonProjectile_C_23.Orange FirstPersonProjectileMesh has to have 'Simulate Physics' enabled if you'd like to AddImpulse. 
[2019.11.15-19.06.28:082][788]PIE: Warning: FirstPersonProjectile_C_25.Orange FirstPersonProjectileMesh has to have 'Simulate Physics' enabled if you'd like to AddImpulse. 
[2019.11.15-19.06.28:099][789]PIE: Warning: FirstPersonProjectile_C_27.Orange FirstPersonProjectileMesh has to have 'Simulate Physics' enabled if you'd like to AddImpulse. 
[2019.11.15-19.06.28:163][793]PIE: Warning: FirstPersonProjectile_C_28.Orange FirstPersonProjectileMesh has to have 'Simulate Physics' enabled if you'd like to AddImpulse. 
[2019.11.15-19.06.28:389][807]PIE: Warning: FirstPersonProjectile_C_30.Orange FirstPersonProjectileMesh has to have 'Simulate Physics' enabled if you'd like to AddImpulse. 
[2019.11.15-19.06.28:406][808]PIE: Warning: FirstPersonProjectile_C_31.Orange FirstPersonProjectileMesh has to have 'Simulate Physics' enabled if you'd like to AddImpulse. 
[2019.11.15-19.06.28:503][814]PIE: Warning: FirstPersonProjectile_C_33.Orange FirstPersonProjectileMesh has to have 'Simulate Physics' enabled if you'd like to AddImpulse. 
[2019.11.15-19.06.28:583][819]PIE: Warning: FirstPersonProjectile_C_34.Orange FirstPersonProjectileMesh has to have 'Simulate Physics' enabled if you'd like to AddImpulse. 
[2019.11.15-19.06.28:664][824]PIE: Warning: FirstPersonProjectile_C_36.Orange FirstPersonProjectileMesh has to have 'Simulate Physics' enabled if you'd like to AddImpulse. 
[2019.11.15-19.06.28:889][838]PIE: Warning: FirstPersonProjectile_C_38.Orange FirstPersonProjectileMesh has to have 'Simulate Physics' enabled if you'd like to AddImpulse. 
[2019.11.15-19.06.28:906][839]PIE: Warning: FirstPersonProjectile_C_39.Orange FirstPersonProjectileMesh has to have 'Simulate Physics' enabled if you'd like to AddImpulse. 
[2019.11.15-19.06.28:906][839]PIE: Warning: FirstPersonProjectile_C_40.Orange FirstPersonProjectileMesh has to have 'Simulate Physics' enabled if you'd like to AddImpulse. 
[2019.11.15-19.06.29:004][845]PIE: Warning: FirstPersonProjectile_C_42.Orange FirstPersonProjectileMesh has to have 'Simulate Physics' enabled if you'd like to AddImpulse. 
[2019.11.15-19.06.29:084][850]PIE: Warning: FirstPersonProjectile_C_43.Orange FirstPersonProjectileMesh has to have 'Simulate Physics' enabled if you'd like to AddImpulse. 
[2019.11.15-19.06.29:100][851]PIE: Warning: FirstPersonProjectile_C_44.Orange FirstPersonProjectileMesh has to have 'Simulate Physics' enabled if you'd like to AddImpulse. 
[2019.11.15-19.06.29:116][852]PIE: Warning: FirstPersonProjectile_C_45.Orange FirstPersonProjectileMesh has to have 'Simulate Physics' enabled if you'd like to AddImpulse. 
[2019.11.15-19.06.29:164][855]PIE: Warning: FirstPersonProjectile_C_46.Orange FirstPersonProjectileMesh has to have 'Simulate Physics' enabled if you'd like to AddImpulse. 
[2019.11.15-19.06.29:390][869]PIE: Warning: FirstPersonProjectile_C_48.Orange FirstPersonProjectileMesh has to have 'Simulate Physics' enabled if you'd like to AddImpulse. 
[2019.11.15-19.06.29:390][869]PIE: Warning: FirstPersonProjectile_C_49.Orange FirstPersonProjectileMesh has to have 'Simulate Physics' enabled if you'd like to AddImpulse. 
[2019.11.15-19.06.29:406][870]PIE: Warning: FirstPersonProjectile_C_50.Orange FirstPersonProjectileMesh has to have 'Simulate Physics' enabled if you'd like to AddImpulse. 
[2019.11.15-19.06.29:503][876]PIE: Warning: FirstPersonProjectile_C_52.Orange FirstPersonProjectileMesh has to have 'Simulate Physics' enabled if you'd like to AddImpulse. 
[2019.11.15-19.06.29:584][881]PIE: Warning: FirstPersonProjectile_C_53.Orange FirstPersonProjectileMesh has to have 'Simulate Physics' enabled if you'd like to AddImpulse. 
[2019.11.15-19.06.29:600][882]PIE: Warning: FirstPersonProjectile_C_54.Orange FirstPersonProjectileMesh has to have 'Simulate Physics' enabled if you'd like to AddImpulse. 
[2019.11.15-19.06.29:616][883]PIE: Warning: FirstPersonProjectile_C_55.Orange FirstPersonProjectileMesh has to have 'Simulate Physics' enabled if you'd like to AddImpulse. 
[2019.11.15-19.06.29:777][893]PIE: Warning: FirstPersonProjectile_C_57.Orange FirstPersonProjectileMesh has to have 'Simulate Physics' enabled if you'd like to AddImpulse. 
[2019.11.15-19.06.29:890][900]PIE: Warning: FirstPersonProjectile_C_59.Orange FirstPersonProjectileMesh has to have 'Simulate Physics' enabled if you'd like to AddImpulse. 
[2019.11.15-19.06.29:891][900]PIE: Warning: FirstPersonProjectile_C_60.Orange FirstPersonProjectileMesh has to have 'Simulate Physics' enabled if you'd like to AddImpulse. 
[2019.11.15-19.06.29:906][901]PIE: Warning: FirstPersonProjectile_C_61.Orange FirstPersonProjectileMesh has to have 'Simulate Physics' enabled if you'd like to AddImpulse. 
[2019.11.15-19.06.30:003][907]PIE: Warning: FirstPersonProjectile_C_63.Orange FirstPersonProjectileMesh has to have 'Simulate Physics' enabled if you'd like to AddImpulse. 
[2019.11.15-19.06.30:084][912]PIE: Warning: FirstPersonProjectile_C_64.Orange FirstPersonProjectileMesh has to have 'Simulate Physics' enabled if you'd like to AddImpulse. 
[2019.11.15-19.06.30:100][913]PIE: Warning: FirstPersonProjectile_C_65.Orange FirstPersonProjectileMesh has to have 'Simulate Physics' enabled if you'd like to AddImpulse. 
[2019.11.15-19.06.30:116][914]PIE: Warning: FirstPersonProjectile_C_66.Orange FirstPersonProjectileMesh has to have 'Simulate Physics' enabled if you'd like to AddImpulse. 
[2019.11.15-19.06.30:165][917]PIE: Warning: FirstPersonProjectile_C_68.Orange FirstPersonProjectileMesh has to have 'Simulate Physics' enabled if you'd like to AddImpulse. 
[2019.11.15-19.06.30:277][924]PIE: Warning: FirstPersonProjectile_C_69.Orange FirstPersonProjectileMesh has to have 'Simulate Physics' enabled if you'd like to AddImpulse. 
[2019.11.15-19.06.30:390][931]PIE: Warning: FirstPersonProjectile_C_71.Orange FirstPersonProjectileMesh has to have 'Simulate Physics' enabled if you'd like to AddImpulse. 
[2019.11.15-19.06.30:406][932]PIE: Warning: FirstPersonProjectile_C_72.Orange FirstPersonProjectileMesh has to have 'Simulate Physics' enabled if you'd like to AddImpulse. 
[2019.11.15-19.06.30:584][943]PIE: Warning: FirstPersonProjectile_C_74.Orange FirstPersonProjectileMesh has to have 'Simulate Physics' enabled if you'd like to AddImpulse. 
[2019.11.15-19.06.30:600][944]PIE: Warning: FirstPersonProjectile_C_75.Orange FirstPersonProjectileMesh has to have 'Simulate Physics' enabled if you'd like to AddImpulse. 
[2019.11.15-19.06.30:777][955]PIE: Warning: FirstPersonProjectile_C_77.Orange FirstPersonProjectileMesh has to have 'Simulate Physics' enabled if you'd like to AddImpulse. 
[2019.11.15-19.06.30:890][962]PIE: Warning: FirstPersonProjectile_C_79.Orange FirstPersonProjectileMesh has to have 'Simulate Physics' enabled if you'd like to AddImpulse. 
[2019.11.15-19.06.30:906][963]PIE: Warning: FirstPersonProjectile_C_80.Orange FirstPersonProjectileMesh has to have 'Simulate Physics' enabled if you'd like to AddImpulse. 
[2019.11.15-19.06.31:084][974]PIE: Warning: FirstPersonProjectile_C_82.Orange FirstPersonProjectileMesh has to have 'Simulate Physics' enabled if you'd like to AddImpulse. 
[2019.11.15-19.06.31:277][986]PIE: Warning: FirstPersonProjectile_C_84.Orange FirstPersonProjectileMesh has to have 'Simulate Physics' enabled if you'd like to AddImpulse. 
[2019.11.15-19.06.31:390][993]PIE: Warning: FirstPersonProjectile_C_86.Orange FirstPersonProjectileMesh has to have 'Simulate Physics' enabled if you'd like to AddImpulse. 
[2019.11.15-19.06.31:406][994]PIE: Warning: FirstPersonProjectile_C_87.Orange FirstPersonProjectileMesh has to have 'Simulate Physics' enabled if you'd like to AddImpulse. 
[2019.11.15-19.06.31:584][  5]PIE: Warning: FirstPersonProjectile_C_89.Orange FirstPersonProjectileMesh has to have 'Simulate Physics' enabled if you'd like to AddImpulse. 
[2019.11.15-19.06.31:600][  6]PIE: Warning: FirstPersonProjectile_C_90.Orange FirstPersonProjectileMesh has to have 'Simulate Physics' enabled if you'd like to AddImpulse. 
[2019.11.15-19.06.31:665][ 10]PIE: Warning: FirstPersonProjectile_C_91.Orange FirstPersonProjectileMesh has to have 'Simulate Physics' enabled if you'd like to AddImpulse. 
[2019.11.15-19.06.31:778][ 17]PIE: Warning: FirstPersonProjectile_C_93.Orange FirstPersonProjectileMesh has to have 'Simulate Physics' enabled if you'd like to AddImpulse. 
[2019.11.15-19.06.31:890][ 24]PIE: Warning: FirstPersonProjectile_C_95.Orange FirstPersonProjectileMesh has to have 'Simulate Physics' enabled if you'd like to AddImpulse. 
[2019.11.15-19.06.31:907][ 25]PIE: Warning: FirstPersonProjectile_C_96.Orange FirstPersonProjectileMesh has to have 'Simulate Physics' enabled if you'd like to AddImpulse. 
[2019.11.15-19.06.32:084][ 36]PIE: Warning: FirstPersonProjectile_C_98.Orange FirstPersonProjectileMesh has to have 'Simulate Physics' enabled if you'd like to AddImpulse. 
[2019.11.15-19.06.32:100][ 37]PIE: Warning: FirstPersonProjectile_C_99.Orange FirstPersonProjectileMesh has to have 'Simulate Physics' enabled if you'd like to AddImpulse. 
[2019.11.15-19.06.32:165][ 41]PIE: Warning: FirstPersonProjectile_C_101.Orange FirstPersonProjectileMesh has to have 'Simulate Physics' enabled if you'd like to AddImpulse. 
[2019.11.15-19.06.32:390][ 55]PIE: Warning: FirstPersonProjectile_C_102.Orange FirstPersonProjectileMesh has to have 'Simulate Physics' enabled if you'd like to AddImpulse. 
[2019.11.15-19.06.32:407][ 56]PIE: Warning: FirstPersonProjectile_C_103.Orange FirstPersonProjectileMesh has to have 'Simulate Physics' enabled if you'd like to AddImpulse. 
[2019.11.15-19.06.32:584][ 67]PIE: Warning: FirstPersonProjectile_C_104.Orange FirstPersonProjectileMesh has to have 'Simulate Physics' enabled if you'd like to AddImpulse. 
[2019.11.15-19.06.32:600][ 68]PIE: Warning: FirstPersonProjectile_C_105.Orange FirstPersonProjectileMesh has to have 'Simulate Physics' enabled if you'd like to AddImpulse. 
[2019.11.15-19.06.32:665][ 72]PIE: Warning: FirstPersonProjectile_C_106.Orange FirstPersonProjectileMesh has to have 'Simulate Physics' enabled if you'd like to AddImpulse. 
[2019.11.15-19.06.32:891][ 86]PIE: Warning: FirstPersonProjectile_C_108.Orange FirstPersonProjectileMesh has to have 'Simulate Physics' enabled if you'd like to AddImpulse. 
[2019.11.15-19.06.32:905][ 87]LogCharacterMovement: bp_zombie7 is stuck and failed to move! Velocity: X=30.78 Y=-12.08 Z=0.00 Location: X=1187.57 Y=-1113.89 Z=209.52 Normal: X=-0.32 Y=0.78 Z=0.53 PenetrationDepth:0.000 Actor:bp_shooter5 Component:Right Leg BoneName:None (0 other events since notify)
[2019.11.15-19.06.33:084][ 98]PIE: Warning: FirstPersonProjectile_C_110.Orange FirstPersonProjectileMesh has to have 'Simulate Physics' enabled if you'd like to AddImpulse. 
[2019.11.15-19.06.33:100][ 99]PIE: Warning: FirstPersonProjectile_C_111.Orange FirstPersonProjectileMesh has to have 'Simulate Physics' enabled if you'd like to AddImpulse. 
[2019.11.15-19.06.33:390][117]PIE: Warning: FirstPersonProjectile_C_114.Orange FirstPersonProjectileMesh has to have 'Simulate Physics' enabled if you'd like to AddImpulse. 
[2019.11.15-19.06.33:600][130]PIE: Warning: FirstPersonProjectile_C_116.Orange FirstPersonProjectileMesh has to have 'Simulate Physics' enabled if you'd like to AddImpulse. 
[2019.11.15-19.06.33:890][148]PIE: Warning: FirstPersonProjectile_C_118.Orange FirstPersonProjectileMesh has to have 'Simulate Physics' enabled if you'd like to AddImpulse. 
[2019.11.15-19.06.34:100][161]PIE: Warning: FirstPersonProjectile_C_120.Orange FirstPersonProjectileMesh has to have 'Simulate Physics' enabled if you'd like to AddImpulse. 
[2019.11.15-19.06.34:599][192]PIE: Warning: FirstPersonProjectile_C_124.Orange FirstPersonProjectileMesh has to have 'Simulate Physics' enabled if you'd like to AddImpulse. 
[2019.11.15-19.06.34:664][196]PIE: Warning: FirstPersonProjectile_C_125.Orange FirstPersonProjectileMesh has to have 'Simulate Physics' enabled if you'd like to AddImpulse. 
[2019.11.15-19.06.34:890][210]PIE: Warning: FirstPersonProjectile_C_128.Orange FirstPersonProjectileMesh has to have 'Simulate Physics' enabled if you'd like to AddImpulse. 
[2019.11.15-19.06.34:937][213]LogCharacterMovement: bp_zombie6 is stuck and failed to move! Velocity: X=301.43 Y=109.74 Z=0.00 Location: X=2883.75 Y=-1216.31 Z=74.87 Normal: X=-0.12 Y=0.85 Z=-0.52 PenetrationDepth:2.177 Actor:bp_zombie3_5 Component:knife001 BoneName:None (0 other events since notify)
[2019.11.15-19.06.35:018][218]LogCharacterMovement: bp_zombie12 is stuck and failed to move! Velocity: X=294.82 Y=144.93 Z=0.00 Location: X=2818.21 Y=-1134.11 Z=79.07 Normal: X=-0.92 Y=0.38 Z=0.00 PenetrationDepth:0.145 Actor:bp_zombie6 Component:Arms BoneName:None (0 other events since notify)
[2019.11.15-19.06.35:100][223]PIE: Warning: FirstPersonProjectile_C_130.Orange FirstPersonProjectileMesh has to have 'Simulate Physics' enabled if you'd like to AddImpulse. 
[2019.11.15-19.06.35:390][241]PIE: Warning: FirstPersonProjectile_C_132.Orange FirstPersonProjectileMesh has to have 'Simulate Physics' enabled if you'd like to AddImpulse. 
[2019.11.15-19.06.35:599][254]PIE: Warning: FirstPersonProjectile_C_134.Orange FirstPersonProjectileMesh has to have 'Simulate Physics' enabled if you'd like to AddImpulse. 
[2019.11.15-19.06.35:936][275]LogCharacterMovement: bp_zombie6 is stuck and failed to move! Velocity: X=69.37 Y=343.06 Z=0.00 Location: X=2920.51 Y=-1203.10 Z=74.32 Normal: X=-0.87 Y=0.33 Z=-0.37 PenetrationDepth:9.824 Actor:bp_zombie3_5 Component:knife001 BoneName:None (55 other events since notify)
[2019.11.15-19.06.36:099][285]PIE: Warning: FirstPersonProjectile_C_138.Orange FirstPersonProjectileMesh has to have 'Simulate Physics' enabled if you'd like to AddImpulse. 
[2019.11.15-19.06.36:164][289]PIE: Warning: FirstPersonProjectile_C_139.Orange FirstPersonProjectileMesh has to have 'Simulate Physics' enabled if you'd like to AddImpulse. 
[2019.11.15-19.06.36:663][320]PIE: Warning: FirstPersonProjectile_C_142.Orange FirstPersonProjectileMesh has to have 'Simulate Physics' enabled if you'd like to AddImpulse. 
[2019.11.15-19.06.36:936][337]LogCharacterMovement: bp_zombie6 is stuck and failed to move! Velocity: X=69.37 Y=343.06 Z=0.00 Location: X=2920.51 Y=-1203.10 Z=74.32 Normal: X=-0.67 Y=0.54 Z=-0.51 PenetrationDepth:14.684 Actor:bp_zombie3_5 Component:knife001 BoneName:None (61 other events since notify)
[2019.11.15-19.06.37:163][351]PIE: Warning: FirstPersonProjectile_C_145.Orange FirstPersonProjectileMesh has to have 'Simulate Physics' enabled if you'd like to AddImpulse. 
[2019.11.15-19.06.37:390][365]PIE: Warning: FirstPersonProjectile_C_147.Orange FirstPersonProjectileMesh has to have 'Simulate Physics' enabled if you'd like to AddImpulse. 
[2019.11.15-19.06.37:664][382]PIE: Warning: FirstPersonProjectile_C_149.Orange FirstPersonProjectileMesh has to have 'Simulate Physics' enabled if you'd like to AddImpulse. 
[2019.11.15-19.06.37:889][396]PIE: Warning: FirstPersonProjectile_C_151.Orange FirstPersonProjectileMesh has to have 'Simulate Physics' enabled if you'd like to AddImpulse. 
[2019.11.15-19.06.37:936][399]LogCharacterMovement: bp_zombie6 is stuck and failed to move! Velocity: X=69.37 Y=343.06 Z=0.00 Location: X=2920.51 Y=-1203.10 Z=74.32 Normal: X=-0.38 Y=0.76 Z=-0.52 PenetrationDepth:11.696 Actor:bp_zombie3_5 Component:knife001 BoneName:None (61 other events since notify)
[2019.11.15-19.06.38:099][409]PIE: Warning: FirstPersonProjectile_C_153.Orange FirstPersonProjectileMesh has to have 'Simulate Physics' enabled if you'd like to AddImpulse. 
[2019.11.15-19.06.38:164][413]PIE: Warning: FirstPersonProjectile_C_155.Orange FirstPersonProjectileMesh has to have 'Simulate Physics' enabled if you'd like to AddImpulse. 
[2019.11.15-19.06.38:390][427]PIE: Warning: FirstPersonProjectile_C_157.Orange FirstPersonProjectileMesh has to have 'Simulate Physics' enabled if you'd like to AddImpulse. 
[2019.11.15-19.06.38:599][440]PIE: Warning: FirstPersonProjectile_C_159.Orange FirstPersonProjectileMesh has to have 'Simulate Physics' enabled if you'd like to AddImpulse. 
[2019.11.15-19.06.38:664][444]PIE: Warning: FirstPersonProjectile_C_160.Orange FirstPersonProjectileMesh has to have 'Simulate Physics' enabled if you'd like to AddImpulse. 
[2019.11.15-19.06.38:889][458]PIE: Warning: FirstPersonProjectile_C_162.Orange FirstPersonProjectileMesh has to have 'Simulate Physics' enabled if you'd like to AddImpulse. 
[2019.11.15-19.06.39:099][471]PIE: Warning: FirstPersonProjectile_C_163.Orange FirstPersonProjectileMesh has to have 'Simulate Physics' enabled if you'd like to AddImpulse. 
[2019.11.15-19.06.39:164][475]PIE: Warning: FirstPersonProjectile_C_164.Orange FirstPersonProjectileMesh has to have 'Simulate Physics' enabled if you'd like to AddImpulse. 
[2019.11.15-19.06.39:389][489]PIE: Warning: FirstPersonProjectile_C_165.Orange FirstPersonProjectileMesh has to have 'Simulate Physics' enabled if you'd like to AddImpulse. 
[2019.11.15-19.06.39:599][502]PIE: Warning: FirstPersonProjectile_C_167.Orange FirstPersonProjectileMesh has to have 'Simulate Physics' enabled if you'd like to AddImpulse. 
[2019.11.15-19.06.39:663][506]PIE: Warning: FirstPersonProjectile_C_168.Orange FirstPersonProjectileMesh has to have 'Simulate Physics' enabled if you'd like to AddImpulse. 
[2019.11.15-19.06.39:889][520]PIE: Warning: FirstPersonProjectile_C_170.Orange FirstPersonProjectileMesh has to have 'Simulate Physics' enabled if you'd like to AddImpulse. 
[2019.11.15-19.06.40:099][533]PIE: Warning: FirstPersonProjectile_C_172.Orange FirstPersonProjectileMesh has to have 'Simulate Physics' enabled if you'd like to AddImpulse. 
[2019.11.15-19.06.40:163][537]PIE: Warning: FirstPersonProjectile_C_174.Orange FirstPersonProjectileMesh has to have 'Simulate Physics' enabled if you'd like to AddImpulse. 
[2019.11.15-19.06.40:389][551]PIE: Warning: FirstPersonProjectile_C_176.Orange FirstPersonProjectileMesh has to have 'Simulate Physics' enabled if you'd like to AddImpulse. 
[2019.11.15-19.06.40:599][564]PIE: Warning: FirstPersonProjectile_C_178.Orange FirstPersonProjectileMesh has to have 'Simulate Physics' enabled if you'd like to AddImpulse. 
[2019.11.15-19.06.40:663][568]PIE: Warning: FirstPersonProjectile_C_179.Orange FirstPersonProjectileMesh has to have 'Simulate Physics' enabled if you'd like to AddImpulse. 
[2019.11.15-19.06.40:890][582]PIE: Warning: FirstPersonProjectile_C_180.Orange FirstPersonProjectileMesh has to have 'Simulate Physics' enabled if you'd like to AddImpulse. 
[2019.11.15-19.06.41:099][595]PIE: Warning: FirstPersonProjectile_C_181.Orange FirstPersonProjectileMesh has to have 'Simulate Physics' enabled if you'd like to AddImpulse. 
[2019.11.15-19.06.41:163][599]PIE: Warning: FirstPersonProjectile_C_182.Orange FirstPersonProjectileMesh has to have 'Simulate Physics' enabled if you'd like to AddImpulse. 
[2019.11.15-19.06.41:389][613]PIE: Warning: FirstPersonProjectile_C_183.Orange FirstPersonProjectileMesh has to have 'Simulate Physics' enabled if you'd like to AddImpulse. 
[2019.11.15-19.06.41:664][630]PIE: Warning: FirstPersonProjectile_C_186.Orange FirstPersonProjectileMesh has to have 'Simulate Physics' enabled if you'd like to AddImpulse. 
[2019.11.15-19.06.41:889][644]PIE: Warning: FirstPersonProjectile_C_188.Orange FirstPersonProjectileMesh has to have 'Simulate Physics' enabled if you'd like to AddImpulse. 
[2019.11.15-19.06.42:163][661]PIE: Warning: FirstPersonProjectile_C_191.Orange FirstPersonProjectileMesh has to have 'Simulate Physics' enabled if you'd like to AddImpulse. 
[2019.11.15-19.06.42:390][675]PIE: Warning: FirstPersonProjectile_C_193.Orange FirstPersonProjectileMesh has to have 'Simulate Physics' enabled if you'd like to AddImpulse. 
[2019.11.15-19.06.43:099][719]PIE: Warning: FirstPersonProjectile_C_198.Orange FirstPersonProjectileMesh has to have 'Simulate Physics' enabled if you'd like to AddImpulse. 
[2019.11.15-19.06.43:163][723]PIE: Warning: FirstPersonProjectile_C_199.Orange FirstPersonProjectileMesh has to have 'Simulate Physics' enabled if you'd like to AddImpulse. 
[2019.11.15-19.06.43:599][750]PIE: Warning: FirstPersonProjectile_C_202.Orange FirstPersonProjectileMesh has to have 'Simulate Physics' enabled if you'd like to AddImpulse. 
[2019.11.15-19.06.43:663][754]PIE: Warning: FirstPersonProjectile_C_203.Orange FirstPersonProjectileMesh has to have 'Simulate Physics' enabled if you'd like to AddImpulse. 
[2019.11.15-19.06.44:100][781]PIE: Warning: FirstPersonProjectile_C_207.Orange FirstPersonProjectileMesh has to have 'Simulate Physics' enabled if you'd like to AddImpulse. 
[2019.11.15-19.06.44:164][785]PIE: Warning: FirstPersonProjectile_C_208.Orange FirstPersonProjectileMesh has to have 'Simulate Physics' enabled if you'd like to AddImpulse. 
[2019.11.15-19.06.44:599][812]PIE: Warning: FirstPersonProjectile_C_210.Orange FirstPersonProjectileMesh has to have 'Simulate Physics' enabled if you'd like to AddImpulse. 
[2019.11.15-19.06.44:663][816]PIE: Warning: FirstPersonProjectile_C_211.Orange FirstPersonProjectileMesh has to have 'Simulate Physics' enabled if you'd like to AddImpulse. 
[2019.11.15-19.06.44:889][830]PIE: Warning: FirstPersonProjectile_C_212.Orange FirstPersonProjectileMesh has to have 'Simulate Physics' enabled if you'd like to AddImpulse. 
[2019.11.15-19.06.45:098][843]PIE: Warning: FirstPersonProjectile_C_214.Orange FirstPersonProjectileMesh has to have 'Simulate Physics' enabled if you'd like to AddImpulse. 
[2019.11.15-19.06.45:389][861]PIE: Warning: FirstPersonProjectile_C_217.Orange FirstPersonProjectileMesh has to have 'Simulate Physics' enabled if you'd like to AddImpulse. 
[2019.11.15-19.06.45:599][874]PIE: Warning: FirstPersonProjectile_C_219.Orange FirstPersonProjectileMesh has to have 'Simulate Physics' enabled if you'd like to AddImpulse. 
[2019.11.15-19.06.45:889][892]PIE: Warning: FirstPersonProjectile_C_220.Orange FirstPersonProjectileMesh has to have 'Simulate Physics' enabled if you'd like to AddImpulse. 
[2019.11.15-19.06.46:098][905]PIE: Warning: FirstPersonProjectile_C_221.Orange FirstPersonProjectileMesh has to have 'Simulate Physics' enabled if you'd like to AddImpulse. 
[2019.11.15-19.06.46:389][923]PIE: Warning: FirstPersonProjectile_C_222.Orange FirstPersonProjectileMesh has to have 'Simulate Physics' enabled if you'd like to AddImpulse. 
[2019.11.15-19.06.46:599][936]PIE: Warning: FirstPersonProjectile_C_223.Orange FirstPersonProjectileMesh has to have 'Simulate Physics' enabled if you'd like to AddImpulse. 
[2019.11.15-19.06.46:889][954]PIE: Warning: FirstPersonProjectile_C_224.Orange FirstPersonProjectileMesh has to have 'Simulate Physics' enabled if you'd like to AddImpulse. 
[2019.11.15-19.09.13:913][ 69]LogWindowsDesktop: Alt-F4 pressed!
[2019.11.15-19.09.13:920][ 69]LogSlate: Window 'Space_Game (64-bit Development PCD3D_SM5) ' being destroyed
[2019.11.15-19.09.13:921][ 69]LogWindowsTextInputMethodSystem: Display: IME system now deactivated.
[2019.11.15-19.09.13:924][ 69]LogWindowsTextInputMethodSystem: Display: IME system now deactivated.
[2019.11.15-19.09.13:925][ 69]LogSlate: Updating window title bar state: overlay mode, drag disabled, window buttons hidden, title bar hidden
[2019.11.15-19.09.13:925][ 69]LogEngine: All Windows Closed
[2019.11.15-19.09.13:925][ 69]LogWindows: FPlatformMisc::RequestExit(0)
[2019.11.15-19.09.13:931][ 70]LogWorld: BeginTearingDown for /Game/Levels/testmap
[2019.11.15-19.09.13:932][ 70]LogWorld: UWorld::CleanupWorld for testmap, bSessionEnded=true, bCleanupResources=true
[2019.11.15-19.09.14:600][ 70]LogExit: Preparing to exit.
[2019.11.15-19.09.14:600][ 70]LogMoviePlayer: Shutting down movie player
[2019.11.15-19.09.15:388][ 70]LogSlate: Updating window title bar state: overlay mode, drag disabled, window buttons hidden, title bar hidden
[2019.11.15-19.09.15:393][ 70]LogDemo: Cleaned up 0 splitscreen connections with owner deletion
[2019.11.15-19.09.15:399][ 70]LogExit: Game engine shut down
[2019.11.15-19.09.15:466][ 70]LogExit: Object subsystem successfully closed.
[2019.11.15-19.09.15:486][ 70]LogShaderCompilers: Display: Shaders left to compile 0
[2019.11.15-19.09.15:495][ 70]LogModuleManager: Shutting down and abandoning module SequenceRecorderSections (408)
[2019.11.15-19.09.15:495][ 70]LogModuleManager: Shutting down and abandoning module SequenceRecorder (406)
[2019.11.15-19.09.15:495][ 70]LogModuleManager: Shutting down and abandoning module AutomationController (404)
[2019.11.15-19.09.15:495][ 70]LogModuleManager: Shutting down and abandoning module AutomationWorker (402)
[2019.11.15-19.09.15:495][ 70]LogModuleManager: Shutting down and abandoning module Voice (400)
[2019.11.15-19.09.15:495][ 70]LogModuleManager: Shutting down and abandoning module AIModule (398)
[2019.11.15-19.09.15:495][ 70]LogModuleManager: Shutting down and abandoning module GameplayDebugger (397)
[2019.11.15-19.09.15:495][ 70]LogModuleManager: Shutting down and abandoning module AITestSuite (395)
[2019.11.15-19.09.15:495][ 70]LogModuleManager: Shutting down and abandoning module NavigationSystem (393)
[2019.11.15-19.09.15:495][ 70]LogModuleManager: Shutting down and abandoning module OculusMR (390)
[2019.11.15-19.09.15:495][ 70]LogModuleManager: Shutting down and abandoning module WmfMediaFactory (388)
[2019.11.15-19.09.15:495][ 70]LogModuleManager: Shutting down and abandoning module WebMMediaFactory (386)
[2019.11.15-19.09.15:495][ 70]LogModuleManager: Shutting down and abandoning module WebMMedia (384)
[2019.11.15-19.09.15:495][ 70]LogModuleManager: Shutting down and abandoning module OpenExrWrapper (382)
[2019.11.15-19.09.15:495][ 70]LogModuleManager: Shutting down and abandoning module ImgMediaFactory (380)
[2019.11.15-19.09.15:495][ 70]LogModuleManager: Shutting down and abandoning module AvfMediaFactory (378)
[2019.11.15-19.09.15:495][ 70]LogModuleManager: Shutting down and abandoning module MagicLeapCameraPreviewFactory (376)
[2019.11.15-19.09.15:496][ 70]LogModuleManager: Shutting down and abandoning module MagicLeapMediaCodecFactory (374)
[2019.11.15-19.09.15:496][ 70]LogModuleManager: Shutting down and abandoning module MagicLeapMediaFactory (372)
[2019.11.15-19.09.15:496][ 70]LogModuleManager: Shutting down and abandoning module CharacterAI (370)
[2019.11.15-19.09.15:496][ 70]LogModuleManager: Shutting down and abandoning module SessionServices (368)
[2019.11.15-19.09.15:496][ 70]LogModuleManager: Shutting down and abandoning module MovieSceneCapture (366)
[2019.11.15-19.09.15:496][ 70]LogModuleManager: Shutting down and abandoning module LiveCoding (364)
[2019.11.15-19.09.15:496][ 70]LogModuleManager: Shutting down and abandoning module LevelSequence (362)
[2019.11.15-19.09.15:496][ 70]LogModuleManager: Shutting down and abandoning module MovieSceneTracks (360)
[2019.11.15-19.09.15:496][ 70]LogModuleManager: Shutting down and abandoning module MovieScene (358)
[2019.11.15-19.09.15:496][ 70]LogModuleManager: Shutting down and abandoning module StreamingPauseRendering (356)
[2019.11.15-19.09.15:496][ 70]LogModuleManager: Shutting down and abandoning module PortalServices (354)
[2019.11.15-19.09.15:496][ 70]LogModuleManager: Shutting down and abandoning module PortalRpc (352)
[2019.11.15-19.09.15:496][ 70]LogModuleManager: Shutting down and abandoning module MessagingRpc (350)
[2019.11.15-19.09.15:496][ 70]LogModuleManager: Shutting down and abandoning module ImageWriteQueue (348)
[2019.11.15-19.09.15:497][ 70]LogModuleManager: Shutting down and abandoning module ProfilerService (346)
[2019.11.15-19.09.15:548][ 70]LogModuleManager: Shutting down and abandoning module TaskGraph (344)
[2019.11.15-19.09.15:548][ 70]LogModuleManager: Shutting down and abandoning module SteamVRController (342)
[2019.11.15-19.09.15:548][ 70]LogModuleManager: Shutting down and abandoning module ProceduralMeshComponent (340)
[2019.11.15-19.09.15:548][ 70]LogModuleManager: Shutting down and abandoning module OculusInput (338)
[2019.11.15-19.09.15:548][ 70]LogModuleManager: Shutting down and abandoning module MobilePatchingUtils (336)
[2019.11.15-19.09.15:548][ 70]LogModuleManager: Shutting down and abandoning module EditableMesh (334)
[2019.11.15-19.09.15:548][ 70]LogModuleManager: Shutting down and abandoning module CustomMeshComponent (332)
[2019.11.15-19.09.15:548][ 70]LogModuleManager: Shutting down and abandoning module CableComponent (330)
[2019.11.15-19.09.15:548][ 70]LogModuleManager: Shutting down and abandoning module AudioCapture (328)
[2019.11.15-19.09.15:548][ 70]LogModuleManager: Shutting down and abandoning module ArchVisCharacter (326)
[2019.11.15-19.09.15:548][ 70]LogModuleManager: Shutting down and abandoning module AppleImageUtilsBlueprintSupport (324)
[2019.11.15-19.09.15:548][ 70]LogModuleManager: Shutting down and abandoning module AppleImageUtils (322)
[2019.11.15-19.09.15:548][ 70]LogModuleManager: Shutting down and abandoning module AndroidPermission (320)
[2019.11.15-19.09.15:548][ 70]LogModuleManager: Shutting down and abandoning module NUTUnrealEngine4 (318)
[2019.11.15-19.09.15:548][ 70]LogModuleManager: Shutting down and abandoning module NetcodeUnitTest (316)
[2019.11.15-19.09.15:548][ 70]LogModuleManager: Shutting down and abandoning module MediaCompositing (314)
[2019.11.15-19.09.15:548][ 70]LogModuleManager: Shutting down and abandoning module ImgMedia (312)
[2019.11.15-19.09.15:548][ 70]LogModuleManager: Shutting down and abandoning module MagicLeapHelperVulkan (310)
[2019.11.15-19.09.15:548][ 70]LogModuleManager: Shutting down and abandoning module MagicLeapHelperOpenGL (308)
[2019.11.15-19.09.15:548][ 70]LogModuleManager: Shutting down and abandoning module MagicLeapAudio (306)
[2019.11.15-19.09.15:548][ 70]LogModuleManager: Shutting down and abandoning module HTML5Networking (304)
[2019.11.15-19.09.15:548][ 70]LogModuleManager: Shutting down and abandoning module GeometryCacheTracks (302)
[2019.11.15-19.09.15:548][ 70]LogModuleManager: Shutting down and abandoning module GeometryCacheSequencer (301)
[2019.11.15-19.09.15:548][ 70]LogModuleManager: Shutting down and abandoning module GeometryCache (298)
[2019.11.15-19.09.15:548][ 70]LogModuleManager: Shutting down and abandoning module GeometryCacheEd (297)
[2019.11.15-19.09.15:548][ 70]LogModuleManager: Shutting down and abandoning module BackChannel (294)
[2019.11.15-19.09.15:548][ 70]LogModuleManager: Shutting down and abandoning module AutomationUtils (292)
[2019.11.15-19.09.15:548][ 70]LogModuleManager: Shutting down and abandoning module VariantManagerContent (290)
[2019.11.15-19.09.15:548][ 70]LogModuleManager: Shutting down and abandoning module CryptoKeysOpenSSL (288)
[2019.11.15-19.09.15:548][ 70]LogModuleManager: Shutting down and abandoning module CryptoKeys (286)
[2019.11.15-19.09.15:548][ 70]LogModuleManager: Shutting down and abandoning module VisualStudioSourceCodeAccess (284)
[2019.11.15-19.09.15:548][ 70]LogModuleManager: Shutting down and abandoning module HotReload (283)
[2019.11.15-19.09.15:548][ 70]LogModuleManager: Shutting down and abandoning module DirectoryWatcher (282)
[2019.11.15-19.09.15:548][ 70]LogModuleManager: Shutting down and abandoning module VisualStudioCodeSourceCodeAccess (278)
[2019.11.15-19.09.15:548][ 70]LogModuleManager: Shutting down and abandoning module UObjectPlugin (276)
[2019.11.15-19.09.15:548][ 70]LogModuleManager: Shutting down and abandoning module SubversionSourceControl (274)
[2019.11.15-19.09.15:548][ 70]LogModuleManager: Shutting down and abandoning module PerforceSourceControl (272)
[2019.11.15-19.09.15:548][ 70]LogModuleManager: Shutting down and abandoning module SourceControl (271)
[2019.11.15-19.09.15:548][ 70]LogModuleManager: Shutting down and abandoning module CLionSourceCodeAccess (268)
[2019.11.15-19.09.15:548][ 70]LogModuleManager: Shutting down and abandoning module ActorLayerUtilities (266)
[2019.11.15-19.09.15:548][ 70]LogModuleManager: Shutting down and abandoning module SignificanceManager (264)
[2019.11.15-19.09.15:548][ 70]LogModuleManager: Shutting down and abandoning module RuntimePhysXCooking (262)
[2019.11.15-19.09.15:548][ 70]LogModuleManager: Shutting down and abandoning module PhysXVehiclesEditor (260)
[2019.11.15-19.09.15:548][ 70]LogModuleManager: Shutting down and abandoning module LocationServicesBPLibrary (256)
[2019.11.15-19.09.15:548][ 70]LogModuleManager: Shutting down and abandoning module ActorSequence (254)
[2019.11.15-19.09.15:548][ 70]LogModuleManager: Shutting down and abandoning module UdpMessaging (252)
[2019.11.15-19.09.15:650][ 70]LogModuleManager: Shutting down and abandoning module TcpMessaging (250)
[2019.11.15-19.09.15:750][ 70]LogModuleManager: Shutting down and abandoning module MagicLeapIdentity (248)
[2019.11.15-19.09.15:750][ 70]LogModuleManager: Shutting down and abandoning module MagicLeapSecureStorage (246)
[2019.11.15-19.09.15:750][ 70]LogModuleManager: Shutting down and abandoning module MagicLeapHandTracking (244)
[2019.11.15-19.09.15:750][ 70]LogModuleManager: Shutting down and abandoning module MagicLeapEyeTracker (242)
[2019.11.15-19.09.15:750][ 70]LogModuleManager: Shutting down and abandoning module MagicLeapController (240)
[2019.11.15-19.09.15:750][ 70]LogSlate: Slate User Destroyed.  User Index 0, Is Virtual User: 0
[2019.11.15-19.09.15:750][ 70]LogModuleManager: Shutting down and abandoning module MagicLeapAR (238)
[2019.11.15-19.09.15:750][ 70]LogModuleManager: Shutting down and abandoning module AugmentedReality (237)
[2019.11.15-19.09.15:750][ 70]LogModuleManager: Shutting down and abandoning module GameplayTagsEditor (234)
[2019.11.15-19.09.15:750][ 70]LogModuleManager: Shutting down and abandoning module FacialAnimation (232)
[2019.11.15-19.09.15:750][ 70]LogModuleManager: Shutting down and abandoning module AssetManagerEditor (230)
[2019.11.15-19.09.15:750][ 70]LogModuleManager: Shutting down and abandoning module TreeMap (229)
[2019.11.15-19.09.15:750][ 70]LogModuleManager: Shutting down and abandoning module AnimationSharing (226)
[2019.11.15-19.09.15:750][ 70]LogModuleManager: Shutting down and abandoning module LightPropagationVolumeRuntime (224)
[2019.11.15-19.09.15:750][ 70]LogModuleManager: Shutting down and abandoning module Paper2D (222)
[2019.11.15-19.09.15:750][ 70]LogModuleManager: Shutting down and abandoning module WindowsMoviePlayer (220)
[2019.11.15-19.09.15:752][ 70]LogModuleManager: Shutting down and abandoning module WebMMoviePlayer (218)
[2019.11.15-19.09.15:752][ 70]LogModuleManager: Shutting down and abandoning module NetworkReplayStreaming (216)
[2019.11.15-19.09.15:752][ 70]LogModuleManager: Shutting down and abandoning module PacketHandler (214)
[2019.11.15-19.09.15:752][ 70]LogModuleManager: Shutting down and abandoning module ClothingSystemEditor (212)
[2019.11.15-19.09.15:752][ 70]LogModuleManager: Shutting down and abandoning module ClothingSystemRuntime (210)
[2019.11.15-19.09.15:752][ 70]LogModuleManager: Shutting down and abandoning module MediaAssets (208)
[2019.11.15-19.09.15:752][ 70]LogModuleManager: Shutting down and abandoning module Overlay (206)
[2019.11.15-19.09.15:752][ 70]LogModuleManager: Shutting down and abandoning module OverlayEditor (205)
[2019.11.15-19.09.15:752][ 70]LogModuleManager: Shutting down and abandoning module VREditor (202)
[2019.11.15-19.09.15:752][ 70]LogModuleManager: Shutting down and abandoning module StringTableEditor (200)
[2019.11.15-19.09.15:752][ 70]LogModuleManager: Shutting down and abandoning module GameplayTasksEditor (198)
[2019.11.15-19.09.15:752][ 70]LogModuleManager: Shutting down and abandoning module BehaviorTreeEditor (196)
[2019.11.15-19.09.15:752][ 70]LogModuleManager: Shutting down and abandoning module FunctionalTesting (194)
[2019.11.15-19.09.15:752][ 70]LogModuleManager: Shutting down and abandoning module CollisionAnalyzer (192)
[2019.11.15-19.09.15:752][ 70]LogModuleManager: Shutting down and abandoning module WorkspaceMenuStructure (191)
[2019.11.15-19.09.15:752][ 70]LogModuleManager: Shutting down and abandoning module UMG (188)
[2019.11.15-19.09.15:752][ 70]LogModuleManager: Shutting down and abandoning module UMGEditor (187)
[2019.11.15-19.09.15:752][ 70]LogModuleManager: Shutting down and abandoning module Sequencer (186)
[2019.11.15-19.09.15:752][ 70]LogModuleManager: Shutting down and abandoning module MessageLog (183)
[2019.11.15-19.09.15:752][ 70]LogModuleManager: Shutting down and abandoning module SlateReflector (178)
[2019.11.15-19.09.15:752][ 70]LogModuleManager: Shutting down and abandoning module Slate (176)
[2019.11.15-19.09.15:752][ 70]LogModuleManager: Shutting down and abandoning module LandscapeEditorUtilities (174)
[2019.11.15-19.09.15:752][ 70]LogModuleManager: Shutting down and abandoning module EditorStyle (172)
[2019.11.15-19.09.15:753][ 70]LogModuleManager: Shutting down and abandoning module UnrealEd (170)
[2019.11.15-19.09.15:753][ 70]LogModuleManager: Shutting down and abandoning module MRMesh (168)
[2019.11.15-19.09.15:753][ 70]LogModuleManager: Shutting down and abandoning module Messaging (166)
[2019.11.15-19.09.15:753][ 70]LogModuleManager: Shutting down and abandoning module SourceCodeAccess (164)
[2019.11.15-19.09.15:753][ 70]LogModuleManager: Shutting down and abandoning module HeadMountedDisplay (162)
[2019.11.15-19.09.15:753][ 70]LogModuleManager: Shutting down and abandoning module XAudio2 (160)
[2019.11.15-19.09.15:753][ 70]LogModuleManager: Shutting down and abandoning module Networking (158)
[2019.11.15-19.09.15:753][ 70]LogModuleManager: Shutting down and abandoning module Core (156)
[2019.11.15-19.09.15:753][ 70]LogModuleManager: Shutting down and abandoning module KismetCompiler (154)
[2019.11.15-19.09.15:753][ 70]LogModuleManager: Shutting down and abandoning module MeshUtilities (152)
[2019.11.15-19.09.15:753][ 70]LogModuleManager: Shutting down and abandoning module MeshMergeUtilities (151)
[2019.11.15-19.09.15:753][ 70]LogModuleManager: Shutting down and abandoning module MeshReductionInterface (150)
[2019.11.15-19.09.15:753][ 70]LogModuleManager: Shutting down and abandoning module SkeletalMeshReduction (149)
[2019.11.15-19.09.15:753][ 70]LogModuleManager: Shutting down and abandoning module ProxyLODMeshReduction (147)
[2019.11.15-19.09.15:753][ 70]LogModuleManager: Shutting down and abandoning module QuadricMeshReduction (145)
[2019.11.15-19.09.15:753][ 70]LogModuleManager: Shutting down and abandoning module MaterialBaking (141)
[2019.11.15-19.09.15:753][ 70]LogModuleManager: Shutting down and abandoning module NullInstallBundleManager (136)
[2019.11.15-19.09.15:753][ 70]LogModuleManager: Shutting down and abandoning module PIEPreviewDeviceProfileSelector (134)
[2019.11.15-19.09.15:753][ 70]LogModuleManager: Shutting down and abandoning module DerivedDataCache (132)
[2019.11.15-19.09.15:771][ 70]LogDerivedDataCache: Shutdown
[2019.11.15-19.09.15:771][ 70]LogModuleManager: Shutting down and abandoning module XGEController (130)
[2019.11.15-19.09.15:771][ 70]LogModuleManager: Shutting down and abandoning module TargetPlatform (128)
[2019.11.15-19.09.15:771][ 70]LogModuleManager: Shutting down and abandoning module VulkanShaderFormat (127)
[2019.11.15-19.09.15:771][ 70]LogModuleManager: Shutting down and abandoning module ShaderFormatVectorVM (125)
[2019.11.15-19.09.15:771][ 70]LogModuleManager: Shutting down and abandoning module ShaderFormatOpenGL (123)
[2019.11.15-19.09.15:771][ 70]LogModuleManager: Shutting down and abandoning module ShaderFormatD3D (121)
[2019.11.15-19.09.15:771][ 70]LogModuleManager: Shutting down and abandoning module MetalShaderFormat (119)
[2019.11.15-19.09.15:771][ 70]LogModuleManager: Shutting down and abandoning module TextureFormatUncompressed (117)
[2019.11.15-19.09.15:771][ 70]LogModuleManager: Shutting down and abandoning module TextureFormatPVR (115)
[2019.11.15-19.09.15:771][ 70]LogModuleManager: Shutting down and abandoning module TextureFormatDXT (113)
[2019.11.15-19.09.15:771][ 70]LogModuleManager: Shutting down and abandoning module TextureFormatIntelISPCTexComp (111)
[2019.11.15-19.09.15:771][ 70]LogModuleManager: Shutting down and abandoning module TextureFormatASTC (109)
[2019.11.15-19.09.15:771][ 70]LogModuleManager: Shutting down and abandoning module ImageWrapper (108)
[2019.11.15-19.09.15:771][ 70]LogModuleManager: Shutting down and abandoning module TextureFormatAndroid (105)
[2019.11.15-19.09.15:771][ 70]LogModuleManager: Shutting down and abandoning module AudioFormatOpus (103)
[2019.11.15-19.09.15:771][ 70]LogModuleManager: Shutting down and abandoning module AudioFormatOgg (101)
[2019.11.15-19.09.15:771][ 70]LogModuleManager: Shutting down and abandoning module AudioFormatADPCM (99)
[2019.11.15-19.09.15:771][ 70]LogModuleManager: Shutting down and abandoning module WindowsTargetPlatform (97)
[2019.11.15-19.09.15:771][ 70]LogModuleManager: Shutting down and abandoning module WindowsServerTargetPlatform (95)
[2019.11.15-19.09.15:771][ 70]LogModuleManager: Shutting down and abandoning module WindowsNoEditorTargetPlatform (93)
[2019.11.15-19.09.15:771][ 70]LogModuleManager: Shutting down and abandoning module WindowsClientTargetPlatform (91)
[2019.11.15-19.09.15:772][ 70]LogModuleManager: Shutting down and abandoning module InputCore (88)
[2019.11.15-19.09.15:772][ 70]LogModuleManager: Shutting down and abandoning module Settings (86)
[2019.11.15-19.09.15:772][ 70]LogModuleManager: Shutting down and abandoning module PhysXCooking (84)
[2019.11.15-19.09.15:772][ 70]LogModuleManager: Shutting down and abandoning module WindowsPlatformFeatures (82)
[2019.11.15-19.09.15:772][ 70]LogModuleManager: Shutting down and abandoning module GameplayMediaEncoder (81)
[2019.11.15-19.09.15:772][ 70]LogModuleManager: Shutting down and abandoning module SteamVR (78)
[2019.11.15-19.09.15:772][ 70]LogHMD: Freeing OpenVRDLLHandle.
[2019.11.15-19.09.15:772][ 70]LogModuleManager: Shutting down and abandoning module OculusHMD (76)
[2019.11.15-19.09.15:772][ 70]LogModuleManager: Shutting down and abandoning module ExampleDeviceProfileSelector (74)
[2019.11.15-19.09.15:772][ 70]LogModuleManager: Shutting down and abandoning module LauncherChunkInstaller (72)
[2019.11.15-19.09.15:772][ 70]LogModuleManager: Shutting down and abandoning module OnlineBlueprintSupport (70)
[2019.11.15-19.09.15:772][ 70]LogModuleManager: Shutting down and abandoning module OnlineSubsystem (66)
[2019.11.15-19.09.15:772][ 70]LogModuleManager: Shutting down and abandoning module XMPP (61)
[2019.11.15-19.09.15:772][ 70]LogModuleManager: Shutting down and abandoning module WebSockets (60)
[2019.11.15-19.09.15:779][ 70]LogModuleManager: Shutting down and abandoning module HTTP (57)
[2019.11.15-19.09.15:792][ 70]LogModuleManager: Shutting down and abandoning module SSL (56)
[2019.11.15-19.09.15:793][ 70]LogModuleManager: Shutting down and abandoning module WmfMedia (52)
[2019.11.15-19.09.15:793][ 70]LogModuleManager: Shutting down and abandoning module Media (51)
[2019.11.15-19.09.15:793][ 70]LogModuleManager: Shutting down and abandoning module MagicLeap (48)
[2019.11.15-19.09.15:793][ 70]LogModuleManager: Shutting down and abandoning module DatasmithContent (46)
[2019.11.15-19.09.15:793][ 70]LogModuleManager: Shutting down and abandoning module AISupportModule (44)
[2019.11.15-19.09.15:793][ 70]LogModuleManager: Shutting down and abandoning module PlatformCryptoOpenSSL (42)
[2019.11.15-19.09.15:793][ 70]LogModuleManager: Shutting down and abandoning module PlatformCrypto (40)
[2019.11.15-19.09.15:793][ 70]LogModuleManager: Shutting down and abandoning module AnimationModifiers (38)
[2019.11.15-19.09.15:793][ 70]LogModuleManager: Shutting down and abandoning module PropertyEditor (37)
[2019.11.15-19.09.15:793][ 70]LogModuleManager: Shutting down and abandoning module AudioEditor (34)
[2019.11.15-19.09.15:793][ 70]LogModuleManager: Shutting down and abandoning module TextureCompressor (32)
[2019.11.15-19.09.15:794][ 70]LogModuleManager: Shutting down and abandoning module RenderCore (30)
[2019.11.15-19.09.15:794][ 70]LogModuleManager: Shutting down and abandoning module Landscape (28)
[2019.11.15-19.09.15:794][ 70]LogModuleManager: Shutting down and abandoning module SlateRHIRenderer (26)
[2019.11.15-19.09.15:794][ 70]LogModuleManager: Shutting down and abandoning module OpenGLDrv (24)
[2019.11.15-19.09.15:794][ 70]LogModuleManager: Shutting down and abandoning module D3D11RHI (22)
[2019.11.15-19.09.15:794][ 70]LogModuleManager: Shutting down and abandoning module AnimGraphRuntime (20)
[2019.11.15-19.09.15:794][ 70]LogModuleManager: Shutting down and abandoning module Renderer (18)
[2019.11.15-19.09.15:794][ 70]LogModuleManager: Shutting down and abandoning module Engine (16)
[2019.11.15-19.09.15:794][ 70]LogModuleManager: Shutting down and abandoning module CoreUObject (14)
[2019.11.15-19.09.15:794][ 70]LogModuleManager: Shutting down and abandoning module NetworkFile (12)
[2019.11.15-19.09.15:794][ 70]LogModuleManager: Shutting down and abandoning module CookedIterativeFile (10)
[2019.11.15-19.09.15:794][ 70]LogModuleManager: Shutting down and abandoning module StreamingFile (8)
[2019.11.15-19.09.15:794][ 70]LogModuleManager: Shutting down and abandoning module SandboxFile (6)
[2019.11.15-19.09.15:794][ 70]LogModuleManager: Shutting down and abandoning module PakFile (4)
[2019.11.15-19.09.15:794][ 70]LogModuleManager: Shutting down and abandoning module RSA (3)
[2019.11.15-19.09.15:794][ 70]LogD3D11RHI: Shutdown
[2019.11.15-19.09.15:794][ 70]LogD3D11RHI: CleanupD3DDevice
[2019.11.15-19.09.15:795][ 70]LogRendererCore: FGlobalDynamicReadBuffer::Cleanup()
[2019.11.15-19.09.15:795][ 70]LogRendererCore: FGlobalDynamicReadBuffer::Cleanup()
[2019.11.15-19.09.15:795][ 70]LogRendererCore: FGlobalDynamicReadBuffer::Cleanup()
[2019.11.15-19.09.15:845][ 70]LogD3D11RHI: ~FD3D11DynamicRHI
[2019.11.15-19.09.15:849][ 70]LogExit: Exiting.
[2019.11.15-19.09.15:888][ 70]Log file closed, 11/15/19 11:09:15
