Log file open, 11/15/19 10:55:54
LogWindows: Failed to load 'aqProf.dll' (GetLastError=126)
LogWindows: File 'aqProf.dll' does not exist
LogWindows: Failed to load 'VtuneApi.dll' (GetLastError=126)
LogWindows: File 'VtuneApi.dll' does not exist
LogWindows: Failed to load 'VtuneApi32e.dll' (GetLastError=126)
LogWindows: File 'VtuneApi32e.dll' does not exist
LogConsoleResponse: Display: Failed to find resolution value strings in scalability ini. Falling back to default.
LogInit: Display: Running engine for game: Space_Game
LogPlatformFile: Not using cached read wrapper
LogTaskGraph: Started task graph with 5 named threads and 23 total threads with 3 sets of task threads.
LogStats: Stats thread started at 0.080075
LogD3D11RHI: Loaded GFSDK_Aftermath_Lib.x64.dll
LogICUInternationalization: ICU TimeZone Detection - Raw Offset: -8:00, Platform Override: ''
LogPluginManager: Mounting plugin Paper2D
LogPluginManager: Mounting plugin AISupport
LogPluginManager: Mounting plugin LightPropagationVolume
LogPluginManager: Mounting plugin ActorLayerUtilities
LogPluginManager: Mounting plugin AnimationSharing
LogPluginManager: Mounting plugin CLionSourceCodeAccess
LogPluginManager: Mounting plugin CodeLiteSourceCodeAccess
LogPluginManager: Mounting plugin GitSourceControl
LogPluginManager: Mounting plugin KDevelopSourceCodeAccess
LogPluginManager: Mounting plugin NullSourceCodeAccess
LogPluginManager: Mounting plugin PerforceSourceControl
LogPluginManager: Mounting plugin SubversionSourceControl
LogPluginManager: Mounting plugin UObjectPlugin
LogPluginManager: Mounting plugin VisualStudioCodeSourceCodeAccess
LogPluginManager: Mounting plugin VisualStudioSourceCodeAccess
LogPluginManager: Mounting plugin XCodeSourceCodeAccess
LogPluginManager: Mounting plugin AssetManagerEditor
LogPluginManager: Mounting plugin CryptoKeys
LogPluginManager: Mounting plugin CurveEditorTools
LogPluginManager: Mounting plugin DataValidation
LogPluginManager: Mounting plugin FacialAnimation
LogPluginManager: Mounting plugin GameplayTagsEditor
LogPluginManager: Mounting plugin MacGraphicsSwitching
LogPluginManager: Mounting plugin MaterialAnalyzer
LogPluginManager: Mounting plugin MobileLauncherProfileWizard
LogPluginManager: Mounting plugin PluginBrowser
LogPluginManager: Mounting plugin SpeedTreeImporter
LogPluginManager: Mounting plugin DatasmithContent
LogPluginManager: Mounting plugin VariantManagerContent
LogPluginManager: Mounting plugin AlembicImporter
LogPluginManager: Mounting plugin AutomationUtils
LogPluginManager: Mounting plugin BackChannel
LogPluginManager: Mounting plugin CharacterAI
LogPluginManager: Mounting plugin GeometryCache
LogPluginManager: Mounting plugin HTML5Networking
LogPluginManager: Mounting plugin PlatformCrypto
LogPluginManager: Mounting plugin ProxyLODPlugin
LogPluginManager: Mounting plugin SkeletalReduction
LogPluginManager: Mounting plugin MagicLeap
LogPluginManager: Mounting plugin MagicLeapMedia
LogPluginManager: Mounting plugin AndroidMedia
LogPluginManager: Mounting plugin AvfMedia
LogPluginManager: Mounting plugin ImgMedia
LogPluginManager: Mounting plugin MediaCompositing
LogPluginManager: Mounting plugin MediaPlayerEditor
LogPluginManager: Mounting plugin WebMMedia
LogPluginManager: Mounting plugin WmfMedia
LogPluginManager: Mounting plugin TcpMessaging
LogPluginManager: Mounting plugin UdpMessaging
LogPluginManager: Mounting plugin ActorSequence
LogPluginManager: Mounting plugin LevelSequenceEditor
LogPluginManager: Mounting plugin MatineeToLevelSequence
LogPluginManager: Mounting plugin NetcodeUnitTest
LogPluginManager: Mounting plugin NUTUnrealEngine4
LogPluginManager: Mounting plugin OnlineSubsystemGooglePlay
LogPluginManager: Mounting plugin OnlineSubsystemIOS
LogPluginManager: Mounting plugin OnlineSubsystem
LogPluginManager: Mounting plugin OnlineSubsystemNull
LogPluginManager: Mounting plugin OnlineSubsystemUtils
LogPluginManager: Mounting plugin LauncherChunkInstaller
LogPluginManager: Mounting plugin AndroidDeviceProfileSelector
LogPluginManager: Mounting plugin AndroidMoviePlayer
LogPluginManager: Mounting plugin AndroidPermission
LogPluginManager: Mounting plugin AppleImageUtils
LogPluginManager: Mounting plugin AppleMoviePlayer
LogPluginManager: Mounting plugin ArchVisCharacter
LogPluginManager: Mounting plugin AudioCapture
LogPluginManager: Mounting plugin CableComponent
LogPluginManager: Mounting plugin CustomMeshComponent
LogPluginManager: Mounting plugin EditableMesh
LogPluginManager: Mounting plugin ExampleDeviceProfileSelector
LogPluginManager: Mounting plugin GoogleCloudMessaging
LogPluginManager: Mounting plugin IOSDeviceProfileSelector
LogPluginManager: Mounting plugin LinuxDeviceProfileSelector
LogPluginManager: Mounting plugin LocationServicesBPLibrary
LogPluginManager: Mounting plugin MobilePatchingUtils
LogPluginManager: Mounting plugin OculusVR
LogPluginManager: Mounting plugin PhysXVehicles
LogPluginManager: Mounting plugin ProceduralMeshComponent
LogPluginManager: Mounting plugin RuntimePhysXCooking
LogPluginManager: Mounting plugin SignificanceManager
LogPluginManager: Mounting plugin SteamVR
LogPluginManager: Mounting plugin WebMMoviePlayer
LogPluginManager: Mounting plugin WindowsMoviePlayer
LogPluginManager: Mounting plugin ScreenshotTools
LogInit: Using libcurl 7.55.1-DEV
LogInit:  - built for x86_64-pc-win32
LogInit:  - supports SSL with OpenSSL/1.1.1
LogInit:  - supports HTTP deflate (compression) using libz 1.2.8
LogInit:  - other features:
LogInit:      CURL_VERSION_SSL
LogInit:      CURL_VERSION_LIBZ
LogInit:      CURL_VERSION_IPV6
LogInit:      CURL_VERSION_ASYNCHDNS
LogInit:      CURL_VERSION_LARGEFILE
LogInit:      CURL_VERSION_IDN
LogInit:  CurlRequestOptions (configurable via config and command line):
LogInit:  - bVerifyPeer = true  - Libcurl will verify peer certificate
LogInit:  - bUseHttpProxy = false  - Libcurl will NOT use HTTP proxy
LogInit:  - bDontReuseConnections = false  - Libcurl will reuse connections
LogInit:  - MaxHostConnections = 16  - Libcurl will limit the number of connections to a host
LogInit:  - LocalHostAddr = Default
LogInit:  - BufferSize = 65536
LogOnline: OSS: Creating online subsystem instance for: NULL
LogInit: WinSock: version 1.1 (2.2), MaxSocks=32767, MaxUdp=65467
LogInit: Build: ++UE4+Release-4.23-CL-8386587
LogInit: Engine Version: 4.23.0-8386587+++UE4+Release-4.23
LogInit: Compatible Engine Version: 4.23.0-8386587+++UE4+Release-4.23
LogInit: Net CL: 8386587
LogInit: OS: Windows 10 (Release 1803) (), CPU: Intel(R) Core(TM) i7-4790K CPU @ 4.00GHz, GPU: NVIDIA GeForce GTX 960
LogInit: Compiled (64-bit): Aug 31 2019 02:04:44
LogInit: Compiled with Visual C++: 19.16.27030.01
LogInit: Build Configuration: Development
LogInit: Branch Name: ++UE4+Release-4.23
LogInit: Command Line:  /Game/Levels/testmap -game -PIEVIACONSOLE -ResX=1280 -ResY=720 -Multiprocess -messaging -SessionName="Play in Standalone Game" -windowed
LogInit: Base Directory: D:/Program Files/Unreal Engine 4/UE_4.23/Engine/Binaries/Win64/
LogInit: Installed Engine Build: 1
LogDevObjectVersion: Number of dev versions registered: 23
LogDevObjectVersion:   Dev-Blueprints (B0D832E4-1F89-4F0D-ACCF-7EB736FD4AA2): 10
LogDevObjectVersion:   Dev-Build (E1C64328-A22C-4D53-A36C-8E866417BD8C): 0
LogDevObjectVersion:   Dev-Core (375EC13C-06E4-48FB-B500-84F0262A717E): 3
LogDevObjectVersion:   Dev-Editor (E4B068ED-F494-42E9-A231-DA0B2E46BB41): 34
LogDevObjectVersion:   Dev-Framework (CFFC743F-43B0-4480-9391-14DF171D2073): 35
LogDevObjectVersion:   Dev-Mobile (B02B49B5-BB20-44E9-A304-32B752E40360): 2
LogDevObjectVersion:   Dev-Networking (A4E4105C-59A1-49B5-A7C5-40C4547EDFEE): 0
LogDevObjectVersion:   Dev-Online (39C831C9-5AE6-47DC-9A44-9C173E1C8E7C): 0
LogDevObjectVersion:   Dev-Physics (78F01B33-EBEA-4F98-B9B4-84EACCB95AA2): 0
LogDevObjectVersion:   Dev-Platform (6631380F-2D4D-43E0-8009-CF276956A95A): 0
LogDevObjectVersion:   Dev-Rendering (12F88B9F-8875-4AFC-A67C-D90C383ABD29): 31
LogDevObjectVersion:   Dev-Sequencer (7B5AE74C-D270-4C10-A958-57980B212A5A): 11
LogDevObjectVersion:   Dev-VR (D7296918-1DD6-4BDD-9DE2-64A83CC13884): 2
LogDevObjectVersion:   Dev-LoadTimes (C2A15278-BFE7-4AFE-6C17-90FF531DF755): 1
LogDevObjectVersion:   Private-Geometry (6EACA3D4-40EC-4CC1-B786-8BED09428FC5): 3
LogDevObjectVersion:   Dev-AnimPhys (29E575DD-E0A3-4627-9D10-D276232CDCEA): 17
LogDevObjectVersion:   Dev-Anim (AF43A65D-7FD3-4947-9873-3E8ED9C1BB05): 2
LogDevObjectVersion:   Dev-ReflectionCapture (6B266CEC-1EC7-4B8F-A30B-E4D90942FC07): 1
LogDevObjectVersion:   Dev-Automation (0DF73D61-A23F-47EA-B727-89E90C41499A): 1
LogDevObjectVersion:   FortniteMain (601D1886-AC64-4F84-AA16-D3DE0DEAC7D6): 27
LogDevObjectVersion:   Dev-Enterprise (9DFFBCD6-494F-0158-E221-12823C92A888): 6
LogDevObjectVersion:   Dev-Niagara (F2AED0AC-9AFE-416F-8664-AA7FFA26D6FC): 1
LogDevObjectVersion:   Dev-Destruction (174F1F0B-B4C6-45A5-B13F-2EE8D0FB917D): 9
LogInit: Presizing for max 16777216 objects, including 0 objects not considered by GC, pre-allocating 0 bytes for permanent pool.
LogInit: Object subsystem initialized
LogConfig: Setting CVar [[con.DebugEarlyDefault:1]]
LogConfig: Setting CVar [[r.setres:1280x720]]
[2019.11.15-18.55.54:548][  0]LogConfig: Setting CVar [[con.DebugEarlyDefault:1]]
[2019.11.15-18.55.54:548][  0]LogConfig: Setting CVar [[r.setres:1280x720]]
[2019.11.15-18.55.54:548][  0]LogConfig: Applying CVar settings from Section [/Script/Engine.RendererSettings] File [D:/Unreal Projects/Von Smith/Space-Game/Space_Game/Saved/Config/Windows/Engine.ini]
[2019.11.15-18.55.54:548][  0]LogConfig: Setting CVar [[r.GPUCrashDebugging:0]]
[2019.11.15-18.55.54:548][  0]LogConfig: Applying CVar settings from Section [/Script/Engine.RendererOverrideSettings] File [D:/Unreal Projects/Von Smith/Space-Game/Space_Game/Saved/Config/Windows/Engine.ini]
[2019.11.15-18.55.54:548][  0]LogConfig: Applying CVar settings from Section [/Script/Engine.StreamingSettings] File [D:/Unreal Projects/Von Smith/Space-Game/Space_Game/Saved/Config/Windows/Engine.ini]
[2019.11.15-18.55.54:548][  0]LogConfig: Setting CVar [[s.MinBulkDataSizeForAsyncLoading:131072]]
[2019.11.15-18.55.54:548][  0]LogConfig: Setting CVar [[s.AsyncLoadingThreadEnabled:0]]
[2019.11.15-18.55.54:548][  0]LogConfig: Setting CVar [[s.EventDrivenLoaderEnabled:1]]
[2019.11.15-18.55.54:548][  0]LogConfig: Setting CVar [[s.WarnIfTimeLimitExceeded:0]]
[2019.11.15-18.55.54:548][  0]LogConfig: Setting CVar [[s.TimeLimitExceededMultiplier:1.5]]
[2019.11.15-18.55.54:548][  0]LogConfig: Setting CVar [[s.TimeLimitExceededMinTime:0.005]]
[2019.11.15-18.55.54:548][  0]LogConfig: Setting CVar [[s.UseBackgroundLevelStreaming:1]]
[2019.11.15-18.55.54:548][  0]LogConfig: Setting CVar [[s.PriorityAsyncLoadingExtraTime:15.0]]
[2019.11.15-18.55.54:549][  0]LogConfig: Setting CVar [[s.LevelStreamingActorsUpdateTimeLimit:5.0]]
[2019.11.15-18.55.54:549][  0]LogConfig: Setting CVar [[s.PriorityLevelStreamingActorsUpdateExtraTime:5.0]]
[2019.11.15-18.55.54:549][  0]LogConfig: Setting CVar [[s.LevelStreamingComponentsRegistrationGranularity:10]]
[2019.11.15-18.55.54:549][  0]LogConfig: Setting CVar [[s.UnregisterComponentsTimeLimit:1.0]]
[2019.11.15-18.55.54:549][  0]LogConfig: Setting CVar [[s.LevelStreamingComponentsUnregistrationGranularity:5]]
[2019.11.15-18.55.54:549][  0]LogConfig: Applying CVar settings from Section [/Script/Engine.GarbageCollectionSettings] File [D:/Unreal Projects/Von Smith/Space-Game/Space_Game/Saved/Config/Windows/Engine.ini]
[2019.11.15-18.55.54:549][  0]LogConfig: Setting CVar [[gc.MaxObjectsNotConsideredByGC:1]]
[2019.11.15-18.55.54:549][  0]LogConfig: Setting CVar [[gc.SizeOfPermanentObjectPool:0]]
[2019.11.15-18.55.54:549][  0]LogConfig: Setting CVar [[gc.FlushStreamingOnGC:0]]
[2019.11.15-18.55.54:549][  0]LogConfig: Setting CVar [[gc.NumRetriesBeforeForcingGC:10]]
[2019.11.15-18.55.54:549][  0]LogConfig: Setting CVar [[gc.AllowParallelGC:1]]
[2019.11.15-18.55.54:549][  0]LogConfig: Setting CVar [[gc.TimeBetweenPurgingPendingKillObjects:61.1]]
[2019.11.15-18.55.54:549][  0]LogConfig: Setting CVar [[gc.MaxObjectsInEditor:16777216]]
[2019.11.15-18.55.54:549][  0]LogConfig: Setting CVar [[gc.IncrementalBeginDestroyEnabled:1]]
[2019.11.15-18.55.54:549][  0]LogConfig: Setting CVar [[gc.CreateGCClusters:1]]
[2019.11.15-18.55.54:549][  0]LogConfig: Setting CVar [[gc.MinGCClusterSize:5]]
[2019.11.15-18.55.54:549][  0]LogConfig: Setting CVar [[gc.ActorClusteringEnabled:0]]
[2019.11.15-18.55.54:549][  0]LogConfig: Setting CVar [[gc.BlueprintClusteringEnabled:0]]
[2019.11.15-18.55.54:549][  0]LogConfig: Setting CVar [[gc.UseDisregardForGCOnDedicatedServers:0]]
[2019.11.15-18.55.54:549][  0]LogConfig: Applying CVar settings from Section [/Script/Engine.NetworkSettings] File [D:/Unreal Projects/Von Smith/Space-Game/Space_Game/Saved/Config/Windows/Engine.ini]
[2019.11.15-18.55.54:549][  0]LogConfig: Applying CVar settings from Section [/Script/UnrealEd.CookerSettings] File [D:/Unreal Projects/Von Smith/Space-Game/Space_Game/Saved/Config/Windows/Engine.ini]
[2019.11.15-18.55.54:551][  0]LogConfig: Applying CVar settings from Section [ViewDistanceQuality@3] File [D:/Unreal Projects/Von Smith/Space-Game/Space_Game/Saved/Config/Windows/Scalability.ini]
[2019.11.15-18.55.54:551][  0]LogConfig: Setting CVar [[r.SkeletalMeshLODBias:0]]
[2019.11.15-18.55.54:551][  0]LogConfig: Setting CVar [[r.ViewDistanceScale:1.0]]
[2019.11.15-18.55.54:551][  0]LogConfig: Applying CVar settings from Section [AntiAliasingQuality@3] File [D:/Unreal Projects/Von Smith/Space-Game/Space_Game/Saved/Config/Windows/Scalability.ini]
[2019.11.15-18.55.54:551][  0]LogConfig: Setting CVar [[r.PostProcessAAQuality:4]]
[2019.11.15-18.55.54:551][  0]LogConfig: Applying CVar settings from Section [ShadowQuality@3] File [D:/Unreal Projects/Von Smith/Space-Game/Space_Game/Saved/Config/Windows/Scalability.ini]
[2019.11.15-18.55.54:551][  0]LogConfig: Setting CVar [[r.LightFunctionQuality:1]]
[2019.11.15-18.55.54:551][  0]LogConfig: Setting CVar [[r.ShadowQuality:5]]
[2019.11.15-18.55.54:552][  0]LogConfig: Setting CVar [[r.Shadow.CSM.MaxCascades:10]]
[2019.11.15-18.55.54:552][  0]LogConfig: Setting CVar [[r.Shadow.MaxResolution:2048]]
[2019.11.15-18.55.54:552][  0]LogConfig: Setting CVar [[r.Shadow.MaxCSMResolution:2048]]
[2019.11.15-18.55.54:552][  0]LogConfig: Setting CVar [[r.Shadow.RadiusThreshold:0.01]]
[2019.11.15-18.55.54:552][  0]LogConfig: Setting CVar [[r.Shadow.DistanceScale:1.0]]
[2019.11.15-18.55.54:552][  0]LogConfig: Setting CVar [[r.Shadow.CSM.TransitionScale:1.0]]
[2019.11.15-18.55.54:552][  0]LogConfig: Setting CVar [[r.Shadow.PreShadowResolutionFactor:1.0]]
[2019.11.15-18.55.54:552][  0]LogConfig: Setting CVar [[r.DistanceFieldShadowing:1]]
[2019.11.15-18.55.54:552][  0]LogConfig: Setting CVar [[r.DistanceFieldAO:1]]
[2019.11.15-18.55.54:552][  0]LogConfig: Setting CVar [[r.AOQuality:2]]
[2019.11.15-18.55.54:552][  0]LogConfig: Setting CVar [[r.VolumetricFog:1]]
[2019.11.15-18.55.54:552][  0]LogConfig: Setting CVar [[r.VolumetricFog.GridPixelSize:8]]
[2019.11.15-18.55.54:552][  0]LogConfig: Setting CVar [[r.VolumetricFog.GridSizeZ:128]]
[2019.11.15-18.55.54:552][  0]LogConfig: Setting CVar [[r.VolumetricFog.HistoryMissSupersampleCount:4]]
[2019.11.15-18.55.54:552][  0]LogConfig: Setting CVar [[r.LightMaxDrawDistanceScale:1]]
[2019.11.15-18.55.54:552][  0]LogConfig: Setting CVar [[r.CapsuleShadows:1]]
[2019.11.15-18.55.54:552][  0]LogConfig: Applying CVar settings from Section [PostProcessQuality@3] File [D:/Unreal Projects/Von Smith/Space-Game/Space_Game/Saved/Config/Windows/Scalability.ini]
[2019.11.15-18.55.54:552][  0]LogConfig: Setting CVar [[r.MotionBlurQuality:4]]
[2019.11.15-18.55.54:552][  0]LogConfig: Setting CVar [[r.AmbientOcclusionMipLevelFactor:0.4]]
[2019.11.15-18.55.54:552][  0]LogConfig: Setting CVar [[r.AmbientOcclusionMaxQuality:100]]
[2019.11.15-18.55.54:552][  0]LogConfig: Setting CVar [[r.AmbientOcclusionLevels:-1]]
[2019.11.15-18.55.54:552][  0]LogConfig: Setting CVar [[r.AmbientOcclusionRadiusScale:1.0]]
[2019.11.15-18.55.54:552][  0]LogConfig: Setting CVar [[r.DepthOfFieldQuality:2]]
[2019.11.15-18.55.54:552][  0]LogConfig: Setting CVar [[r.RenderTargetPoolMin:400]]
[2019.11.15-18.55.54:552][  0]LogConfig: Setting CVar [[r.LensFlareQuality:2]]
[2019.11.15-18.55.54:552][  0]LogConfig: Setting CVar [[r.SceneColorFringeQuality:1]]
[2019.11.15-18.55.54:552][  0]LogConfig: Setting CVar [[r.EyeAdaptationQuality:2]]
[2019.11.15-18.55.54:552][  0]LogConfig: Setting CVar [[r.BloomQuality:5]]
[2019.11.15-18.55.54:552][  0]LogConfig: Setting CVar [[r.FastBlurThreshold:100]]
[2019.11.15-18.55.54:552][  0]LogConfig: Setting CVar [[r.Upscale.Quality:3]]
[2019.11.15-18.55.54:552][  0]LogConfig: Setting CVar [[r.Tonemapper.GrainQuantization:1]]
[2019.11.15-18.55.54:552][  0]LogConfig: Setting CVar [[r.LightShaftQuality:1]]
[2019.11.15-18.55.54:552][  0]LogConfig: Setting CVar [[r.Filter.SizeScale:1]]
[2019.11.15-18.55.54:552][  0]LogConfig: Setting CVar [[r.Tonemapper.Quality:5]]
[2019.11.15-18.55.54:552][  0]LogConfig: Setting CVar [[r.DOF.Gather.AccumulatorQuality:1        ; higher gathering accumulator quality]]
[2019.11.15-18.55.54:552][  0]LogConfig: Setting CVar [[r.DOF.Gather.PostfilterMethod:1          ; Median3x3 postfilering method]]
[2019.11.15-18.55.54:552][  0]LogConfig: Setting CVar [[r.DOF.Gather.EnableBokehSettings:0       ; no bokeh simulation when gathering]]
[2019.11.15-18.55.54:552][  0]LogConfig: Setting CVar [[r.DOF.Gather.RingCount:4                 ; medium number of samples when gathering]]
[2019.11.15-18.55.54:552][  0]LogConfig: Setting CVar [[r.DOF.Scatter.ForegroundCompositing:1    ; additive foreground scattering]]
[2019.11.15-18.55.54:552][  0]LogConfig: Setting CVar [[r.DOF.Scatter.BackgroundCompositing:2    ; additive background scattering]]
[2019.11.15-18.55.54:552][  0]LogConfig: Setting CVar [[r.DOF.Scatter.EnableBokehSettings:1      ; bokeh simulation when scattering]]
[2019.11.15-18.55.54:552][  0]LogConfig: Setting CVar [[r.DOF.Scatter.MaxSpriteRatio:0.1         ; only a maximum of 10% of scattered bokeh]]
[2019.11.15-18.55.54:552][  0]LogConfig: Setting CVar [[r.DOF.Recombine.Quality:1                ; cheap slight out of focus]]
[2019.11.15-18.55.54:552][  0]LogConfig: Setting CVar [[r.DOF.Recombine.EnableBokehSettings:0    ; no bokeh simulation on slight out of focus]]
[2019.11.15-18.55.54:552][  0]LogConfig: Setting CVar [[r.DOF.TemporalAAQuality:1                ; more stable temporal accumulation]]
[2019.11.15-18.55.54:552][  0]LogConfig: Setting CVar [[r.DOF.Kernel.MaxForegroundRadius:0.025]]
[2019.11.15-18.55.54:552][  0]LogConfig: Setting CVar [[r.DOF.Kernel.MaxBackgroundRadius:0.025]]
[2019.11.15-18.55.54:552][  0]LogConfig: Applying CVar settings from Section [TextureQuality@3] File [D:/Unreal Projects/Von Smith/Space-Game/Space_Game/Saved/Config/Windows/Scalability.ini]
[2019.11.15-18.55.54:552][  0]LogConfig: Setting CVar [[r.Streaming.MipBias:0]]
[2019.11.15-18.55.54:552][  0]LogConfig: Setting CVar [[r.Streaming.AmortizeCPUToGPUCopy:0]]
[2019.11.15-18.55.54:552][  0]LogConfig: Setting CVar [[r.Streaming.MaxNumTexturesToStreamPerFrame:0]]
[2019.11.15-18.55.54:552][  0]LogConfig: Setting CVar [[r.Streaming.Boost:1]]
[2019.11.15-18.55.54:552][  0]LogConfig: Setting CVar [[r.MaxAnisotropy:8]]
[2019.11.15-18.55.54:552][  0]LogConfig: Setting CVar [[r.Streaming.LimitPoolSizeToVRAM:0]]
[2019.11.15-18.55.54:552][  0]LogConfig: Setting CVar [[r.Streaming.PoolSize:1000]]
[2019.11.15-18.55.54:552][  0]LogConfig: Setting CVar [[r.Streaming.MaxEffectiveScreenSize:0]]
[2019.11.15-18.55.54:552][  0]LogConfig: Applying CVar settings from Section [EffectsQuality@3] File [D:/Unreal Projects/Von Smith/Space-Game/Space_Game/Saved/Config/Windows/Scalability.ini]
[2019.11.15-18.55.54:552][  0]LogConfig: Setting CVar [[r.TranslucencyLightingVolumeDim:64]]
[2019.11.15-18.55.54:552][  0]LogConfig: Setting CVar [[r.RefractionQuality:2]]
[2019.11.15-18.55.54:552][  0]LogConfig: Setting CVar [[r.SSR.Quality:3]]
[2019.11.15-18.55.54:552][  0]LogConfig: Setting CVar [[r.SceneColorFormat:4]]
[2019.11.15-18.55.54:552][  0]LogConfig: Setting CVar [[r.DetailMode:2]]
[2019.11.15-18.55.54:552][  0]LogConfig: Setting CVar [[r.TranslucencyVolumeBlur:1]]
[2019.11.15-18.55.54:552][  0]LogConfig: Setting CVar [[r.MaterialQualityLevel:1 ; High quality]]
[2019.11.15-18.55.54:552][  0]LogConfig: Setting CVar [[r.SSS.Scale:1]]
[2019.11.15-18.55.54:552][  0]LogConfig: Setting CVar [[r.SSS.SampleSet:2]]
[2019.11.15-18.55.54:552][  0]LogConfig: Setting CVar [[r.SSS.Quality:1]]
[2019.11.15-18.55.54:552][  0]LogConfig: Setting CVar [[r.SSS.HalfRes:1]]
[2019.11.15-18.55.54:552][  0]LogConfig: Setting CVar [[r.EmitterSpawnRateScale:1.0]]
[2019.11.15-18.55.54:552][  0]LogConfig: Setting CVar [[r.ParticleLightQuality:2]]
[2019.11.15-18.55.54:552][  0]LogConfig: Applying CVar settings from Section [FoliageQuality@3] File [D:/Unreal Projects/Von Smith/Space-Game/Space_Game/Saved/Config/Windows/Scalability.ini]
[2019.11.15-18.55.54:552][  0]LogConfig: Setting CVar [[foliage.DensityScale:1.0]]
[2019.11.15-18.55.54:552][  0]LogConfig: Setting CVar [[grass.DensityScale:1.0]]
[2019.11.15-18.55.54:552][  0]LogInit: Selected Device Profile: [Windows]
[2019.11.15-18.55.54:552][  0]LogInit: Applying CVar settings loaded from the selected device profile: [Windows]
[2019.11.15-18.55.54:555][  0]LogHAL: Display: Platform has ~ 8 GB [8538304512 / 8589934592 / 8], which maps to Default [LargestMinGB=32, LargerMinGB=12, DefaultMinGB=8, SmallerMinGB=6, SmallestMinGB=0)
[2019.11.15-18.55.54:555][  0]LogInit: Going up to parent DeviceProfile []
[2019.11.15-18.55.54:555][  0]LogConfig: Applying CVar settings from Section [ViewDistanceQuality@3] File [D:/Unreal Projects/Von Smith/Space-Game/Space_Game/Saved/Config/Windows/Scalability.ini]
[2019.11.15-18.55.54:555][  0]LogConfig: Setting CVar [[r.SkeletalMeshLODBias:0]]
[2019.11.15-18.55.54:555][  0]LogConfig: Setting CVar [[r.ViewDistanceScale:1.0]]
[2019.11.15-18.55.54:555][  0]LogConfig: Applying CVar settings from Section [AntiAliasingQuality@3] File [D:/Unreal Projects/Von Smith/Space-Game/Space_Game/Saved/Config/Windows/Scalability.ini]
[2019.11.15-18.55.54:555][  0]LogConfig: Setting CVar [[r.PostProcessAAQuality:4]]
[2019.11.15-18.55.54:555][  0]LogConfig: Applying CVar settings from Section [ShadowQuality@3] File [D:/Unreal Projects/Von Smith/Space-Game/Space_Game/Saved/Config/Windows/Scalability.ini]
[2019.11.15-18.55.54:555][  0]LogConfig: Setting CVar [[r.LightFunctionQuality:1]]
[2019.11.15-18.55.54:555][  0]LogConfig: Setting CVar [[r.ShadowQuality:5]]
[2019.11.15-18.55.54:555][  0]LogConfig: Setting CVar [[r.Shadow.CSM.MaxCascades:10]]
[2019.11.15-18.55.54:555][  0]LogConfig: Setting CVar [[r.Shadow.MaxResolution:2048]]
[2019.11.15-18.55.54:555][  0]LogConfig: Setting CVar [[r.Shadow.MaxCSMResolution:2048]]
[2019.11.15-18.55.54:555][  0]LogConfig: Setting CVar [[r.Shadow.RadiusThreshold:0.01]]
[2019.11.15-18.55.54:555][  0]LogConfig: Setting CVar [[r.Shadow.DistanceScale:1.0]]
[2019.11.15-18.55.54:555][  0]LogConfig: Setting CVar [[r.Shadow.CSM.TransitionScale:1.0]]
[2019.11.15-18.55.54:555][  0]LogConfig: Setting CVar [[r.Shadow.PreShadowResolutionFactor:1.0]]
[2019.11.15-18.55.54:555][  0]LogConfig: Setting CVar [[r.DistanceFieldShadowing:1]]
[2019.11.15-18.55.54:555][  0]LogConfig: Setting CVar [[r.DistanceFieldAO:1]]
[2019.11.15-18.55.54:555][  0]LogConfig: Setting CVar [[r.AOQuality:2]]
[2019.11.15-18.55.54:555][  0]LogConfig: Setting CVar [[r.VolumetricFog:1]]
[2019.11.15-18.55.54:555][  0]LogConfig: Setting CVar [[r.VolumetricFog.GridPixelSize:8]]
[2019.11.15-18.55.54:555][  0]LogConfig: Setting CVar [[r.VolumetricFog.GridSizeZ:128]]
[2019.11.15-18.55.54:555][  0]LogConfig: Setting CVar [[r.VolumetricFog.HistoryMissSupersampleCount:4]]
[2019.11.15-18.55.54:555][  0]LogConfig: Setting CVar [[r.LightMaxDrawDistanceScale:1]]
[2019.11.15-18.55.54:555][  0]LogConfig: Setting CVar [[r.CapsuleShadows:1]]
[2019.11.15-18.55.54:555][  0]LogConfig: Applying CVar settings from Section [PostProcessQuality@3] File [D:/Unreal Projects/Von Smith/Space-Game/Space_Game/Saved/Config/Windows/Scalability.ini]
[2019.11.15-18.55.54:555][  0]LogConfig: Setting CVar [[r.MotionBlurQuality:4]]
[2019.11.15-18.55.54:555][  0]LogConfig: Setting CVar [[r.AmbientOcclusionMipLevelFactor:0.4]]
[2019.11.15-18.55.54:555][  0]LogConfig: Setting CVar [[r.AmbientOcclusionMaxQuality:100]]
[2019.11.15-18.55.54:555][  0]LogConfig: Setting CVar [[r.AmbientOcclusionLevels:-1]]
[2019.11.15-18.55.54:555][  0]LogConfig: Setting CVar [[r.AmbientOcclusionRadiusScale:1.0]]
[2019.11.15-18.55.54:555][  0]LogConfig: Setting CVar [[r.DepthOfFieldQuality:2]]
[2019.11.15-18.55.54:555][  0]LogConfig: Setting CVar [[r.RenderTargetPoolMin:400]]
[2019.11.15-18.55.54:555][  0]LogConfig: Setting CVar [[r.LensFlareQuality:2]]
[2019.11.15-18.55.54:555][  0]LogConfig: Setting CVar [[r.SceneColorFringeQuality:1]]
[2019.11.15-18.55.54:555][  0]LogConfig: Setting CVar [[r.EyeAdaptationQuality:2]]
[2019.11.15-18.55.54:556][  0]LogConfig: Setting CVar [[r.BloomQuality:5]]
[2019.11.15-18.55.54:556][  0]LogConfig: Setting CVar [[r.FastBlurThreshold:100]]
[2019.11.15-18.55.54:556][  0]LogConfig: Setting CVar [[r.Upscale.Quality:3]]
[2019.11.15-18.55.54:556][  0]LogConfig: Setting CVar [[r.Tonemapper.GrainQuantization:1]]
[2019.11.15-18.55.54:556][  0]LogConfig: Setting CVar [[r.LightShaftQuality:1]]
[2019.11.15-18.55.54:556][  0]LogConfig: Setting CVar [[r.Filter.SizeScale:1]]
[2019.11.15-18.55.54:556][  0]LogConfig: Setting CVar [[r.Tonemapper.Quality:5]]
[2019.11.15-18.55.54:556][  0]LogConfig: Setting CVar [[r.DOF.Gather.AccumulatorQuality:1        ; higher gathering accumulator quality]]
[2019.11.15-18.55.54:556][  0]LogConfig: Setting CVar [[r.DOF.Gather.PostfilterMethod:1          ; Median3x3 postfilering method]]
[2019.11.15-18.55.54:556][  0]LogConfig: Setting CVar [[r.DOF.Gather.EnableBokehSettings:0       ; no bokeh simulation when gathering]]
[2019.11.15-18.55.54:556][  0]LogConfig: Setting CVar [[r.DOF.Gather.RingCount:4                 ; medium number of samples when gathering]]
[2019.11.15-18.55.54:556][  0]LogConfig: Setting CVar [[r.DOF.Scatter.ForegroundCompositing:1    ; additive foreground scattering]]
[2019.11.15-18.55.54:556][  0]LogConfig: Setting CVar [[r.DOF.Scatter.BackgroundCompositing:2    ; additive background scattering]]
[2019.11.15-18.55.54:556][  0]LogConfig: Setting CVar [[r.DOF.Scatter.EnableBokehSettings:1      ; bokeh simulation when scattering]]
[2019.11.15-18.55.54:556][  0]LogConfig: Setting CVar [[r.DOF.Scatter.MaxSpriteRatio:0.1         ; only a maximum of 10% of scattered bokeh]]
[2019.11.15-18.55.54:556][  0]LogConfig: Setting CVar [[r.DOF.Recombine.Quality:1                ; cheap slight out of focus]]
[2019.11.15-18.55.54:556][  0]LogConfig: Setting CVar [[r.DOF.Recombine.EnableBokehSettings:0    ; no bokeh simulation on slight out of focus]]
[2019.11.15-18.55.54:556][  0]LogConfig: Setting CVar [[r.DOF.TemporalAAQuality:1                ; more stable temporal accumulation]]
[2019.11.15-18.55.54:556][  0]LogConfig: Setting CVar [[r.DOF.Kernel.MaxForegroundRadius:0.025]]
[2019.11.15-18.55.54:556][  0]LogConfig: Setting CVar [[r.DOF.Kernel.MaxBackgroundRadius:0.025]]
[2019.11.15-18.55.54:556][  0]LogConfig: Applying CVar settings from Section [TextureQuality@3] File [D:/Unreal Projects/Von Smith/Space-Game/Space_Game/Saved/Config/Windows/Scalability.ini]
[2019.11.15-18.55.54:556][  0]LogConfig: Setting CVar [[r.Streaming.MipBias:0]]
[2019.11.15-18.55.54:556][  0]LogConfig: Setting CVar [[r.Streaming.AmortizeCPUToGPUCopy:0]]
[2019.11.15-18.55.54:556][  0]LogConfig: Setting CVar [[r.Streaming.MaxNumTexturesToStreamPerFrame:0]]
[2019.11.15-18.55.54:556][  0]LogConfig: Setting CVar [[r.Streaming.Boost:1]]
[2019.11.15-18.55.54:556][  0]LogConfig: Setting CVar [[r.MaxAnisotropy:8]]
[2019.11.15-18.55.54:556][  0]LogConfig: Setting CVar [[r.Streaming.LimitPoolSizeToVRAM:0]]
[2019.11.15-18.55.54:556][  0]LogConfig: Setting CVar [[r.Streaming.PoolSize:1000]]
[2019.11.15-18.55.54:556][  0]LogConfig: Setting CVar [[r.Streaming.MaxEffectiveScreenSize:0]]
[2019.11.15-18.55.54:556][  0]LogConfig: Applying CVar settings from Section [EffectsQuality@3] File [D:/Unreal Projects/Von Smith/Space-Game/Space_Game/Saved/Config/Windows/Scalability.ini]
[2019.11.15-18.55.54:556][  0]LogConfig: Setting CVar [[r.TranslucencyLightingVolumeDim:64]]
[2019.11.15-18.55.54:556][  0]LogConfig: Setting CVar [[r.RefractionQuality:2]]
[2019.11.15-18.55.54:556][  0]LogConfig: Setting CVar [[r.SSR.Quality:3]]
[2019.11.15-18.55.54:556][  0]LogConfig: Setting CVar [[r.SceneColorFormat:4]]
[2019.11.15-18.55.54:556][  0]LogConfig: Setting CVar [[r.DetailMode:2]]
[2019.11.15-18.55.54:556][  0]LogConfig: Setting CVar [[r.TranslucencyVolumeBlur:1]]
[2019.11.15-18.55.54:556][  0]LogConfig: Setting CVar [[r.MaterialQualityLevel:1 ; High quality]]
[2019.11.15-18.55.54:556][  0]LogConfig: Setting CVar [[r.SSS.Scale:1]]
[2019.11.15-18.55.54:556][  0]LogConfig: Setting CVar [[r.SSS.SampleSet:2]]
[2019.11.15-18.55.54:556][  0]LogConfig: Setting CVar [[r.SSS.Quality:1]]
[2019.11.15-18.55.54:556][  0]LogConfig: Setting CVar [[r.SSS.HalfRes:1]]
[2019.11.15-18.55.54:556][  0]LogConfig: Setting CVar [[r.EmitterSpawnRateScale:1.0]]
[2019.11.15-18.55.54:556][  0]LogConfig: Setting CVar [[r.ParticleLightQuality:2]]
[2019.11.15-18.55.54:556][  0]LogConfig: Applying CVar settings from Section [FoliageQuality@3] File [D:/Unreal Projects/Von Smith/Space-Game/Space_Game/Saved/Config/Windows/Scalability.ini]
[2019.11.15-18.55.54:556][  0]LogConfig: Setting CVar [[foliage.DensityScale:1.0]]
[2019.11.15-18.55.54:556][  0]LogConfig: Setting CVar [[grass.DensityScale:1.0]]
[2019.11.15-18.55.54:556][  0]LogConfig: Applying CVar settings from Section [Startup] File [../../../Engine/Config/ConsoleVariables.ini]
[2019.11.15-18.55.54:556][  0]LogConfig: Setting CVar [[net.UseAdaptiveNetUpdateFrequency:0]]
[2019.11.15-18.55.54:556][  0]LogConfig: Setting CVar [[p.chaos.AllowCreatePhysxBodies:1]]
[2019.11.15-18.55.54:556][  0]LogConfig: Applying CVar settings from Section [ConsoleVariables] File [D:/Unreal Projects/Von Smith/Space-Game/Space_Game/Saved/Config/Windows/Engine.ini]
[2019.11.15-18.55.54:556][  0]LogInit: Computer: IT00-177084
[2019.11.15-18.55.54:556][  0]LogInit: User: vsmith1868
[2019.11.15-18.55.54:556][  0]LogInit: CPU Page size=4096, Cores=4
[2019.11.15-18.55.54:556][  0]LogInit: High frequency timer resolution =3.905119 MHz
[2019.11.15-18.55.54:557][  0]LogMemory: Memory total: Physical=8.0GB (8GB approx)
[2019.11.15-18.55.54:557][  0]LogMemory: Platform Memory Stats for Windows
[2019.11.15-18.55.54:557][  0]LogMemory: Process Physical Memory: 100.31 MB used, 100.31 MB peak
[2019.11.15-18.55.54:557][  0]LogMemory: Process Virtual Memory: 100.32 MB used, 100.32 MB peak
[2019.11.15-18.55.54:557][  0]LogMemory: Physical Memory: 5513.94 MB used,  2628.82 MB free, 8142.76 MB total
[2019.11.15-18.55.54:557][  0]LogMemory: Virtual Memory: 4679.91 MB used,  134213048.00 MB free, 134217728.00 MB total
[2019.11.15-18.55.54:559][  0]LogWindows: WindowsPlatformFeatures enabled
[2019.11.15-18.55.54:581][  0]LogInit: Using OS detected language (en-US).
[2019.11.15-18.55.54:581][  0]LogInit: Using OS detected locale (en-US).
[2019.11.15-18.55.54:582][  0]LogTextLocalizationManager: No specific localization for 'en-US' exists, so the 'en' localization will be used.
[2019.11.15-18.55.54:797][  0]LogSlate: New Slate User Created.  User Index 0, Is Virtual User: 0
[2019.11.15-18.55.54:797][  0]LogSlate: Slate User Registered.  User Index 0, Is Virtual User: 0
[2019.11.15-18.55.54:805][  0]LogHMD: Failed to initialize OpenVR with code 110
[2019.11.15-18.55.54:805][  0]LogD3D11RHI: D3D11 adapters:
[2019.11.15-18.55.54:847][  0]LogD3D11RHI:    0. 'NVIDIA GeForce GTX 960' (Feature Level 11_0)
[2019.11.15-18.55.54:847][  0]LogD3D11RHI:       2016/0/4071 MB DedicatedVideo/DedicatedSystem/SharedSystem, Outputs:1, VendorId:0x10de
[2019.11.15-18.55.54:849][  0]LogD3D11RHI:    1. 'Microsoft Basic Render Driver' (Feature Level 11_0)
[2019.11.15-18.55.54:849][  0]LogD3D11RHI:       0/0/4071 MB DedicatedVideo/DedicatedSystem/SharedSystem, Outputs:0, VendorId:0x1414
[2019.11.15-18.55.54:849][  0]LogD3D11RHI: Chosen D3D11 Adapter: 0
[2019.11.15-18.55.54:855][  0]LogD3D11RHI: Creating new Direct3DDevice
[2019.11.15-18.55.54:855][  0]LogD3D11RHI:     GPU DeviceId: 0x1401 (for the marketing name, search the web for "GPU Device Id")
[2019.11.15-18.55.54:855][  0]LogWindows: EnumDisplayDevices:
[2019.11.15-18.55.54:855][  0]LogWindows:    0. 'NVIDIA GeForce GTX 960' (P:1 D:1)
[2019.11.15-18.55.54:855][  0]LogWindows:    1. 'NVIDIA GeForce GTX 960' (P:0 D:0)
[2019.11.15-18.55.54:855][  0]LogWindows:    2. 'NVIDIA GeForce GTX 960' (P:0 D:0)
[2019.11.15-18.55.54:856][  0]LogWindows:    3. 'NVIDIA GeForce GTX 960' (P:0 D:0)
[2019.11.15-18.55.54:856][  0]LogWindows: DebugString: FoundDriverCount:4 
[2019.11.15-18.55.54:856][  0]LogD3D11RHI:     Adapter Name: NVIDIA GeForce GTX 960
[2019.11.15-18.55.54:856][  0]LogD3D11RHI:   Driver Version: 388.13 (internal:23.21.13.8813, unified:388.13)
[2019.11.15-18.55.54:856][  0]LogD3D11RHI:      Driver Date: 10-27-2017
[2019.11.15-18.55.54:856][  0]LogRHI: Texture pool is 1411 MB (70% of 2016 MB)
[2019.11.15-18.55.54:882][  0]LogD3D11RHI: Async texture creation enabled
[2019.11.15-18.55.54:893][  0]LogD3D11RHI: GPU Timing Frequency: 1000.000000 (Debug: 2 1)
[2019.11.15-18.55.55:197][  0]LogTemp: Display: Module 'WindowsClientTargetPlatform' loaded TargetPlatform 'WindowsClient'
[2019.11.15-18.55.55:203][  0]LogTemp: Display: Module 'WindowsNoEditorTargetPlatform' loaded TargetPlatform 'WindowsNoEditor'
[2019.11.15-18.55.55:210][  0]LogTemp: Display: Module 'WindowsServerTargetPlatform' loaded TargetPlatform 'WindowsServer'
[2019.11.15-18.55.55:214][  0]LogTemp: Display: Module 'WindowsTargetPlatform' loaded TargetPlatform 'Windows'
[2019.11.15-18.55.55:214][  0]LogTargetPlatformManager: Display: Building Assets For Windows
[2019.11.15-18.55.55:221][  0]LogAudioDebug: Display: Lib vorbis DLL was dynamically loaded.
[2019.11.15-18.55.55:262][  0]LogShaderCompilers: Guid format shader working directory is -13 characters bigger than the processId version (../../../../../../Unreal Projects/Von Smith/Space-Game/Space_Game/Intermediate/Shaders/WorkingDirectory/904/).
[2019.11.15-18.55.55:262][  0]LogShaderCompilers: Cleaned the shader compiler working directory 'C:/Users/vsmith1868/AppData/Local/Temp/UnrealShaderWorkingDir/8F26697D4053E89A703B4882570C94F5/'.
[2019.11.15-18.55.55:264][  0]LogXGEController: Cannot use XGE Controller as Incredibuild is not installed on this machine.
[2019.11.15-18.55.55:264][  0]LogShaderCompilers: Cannot use XGE Shader Compiler as Incredibuild is not installed on this machine.
[2019.11.15-18.55.55:264][  0]LogShaderCompilers: Display: Using Local Shader Compiler.
[2019.11.15-18.55.55:777][  0]LogDerivedDataCache: Display: Max Cache Size: 512 MB
[2019.11.15-18.55.55:845][  0]LogDerivedDataCache: Loaded boot cache 0.07s 73MB C:/Users/vsmith1868/AppData/Local/UnrealEngine/4.23/DerivedDataCache/Boot.ddc.
[2019.11.15-18.55.55:845][  0]LogDerivedDataCache: Display: Loaded Boot cache: C:/Users/vsmith1868/AppData/Local/UnrealEngine/4.23/DerivedDataCache/Boot.ddc
[2019.11.15-18.55.55:845][  0]LogDerivedDataCache: FDerivedDataBackendGraph:  Pak pak cache file ../../../../../../Unreal Projects/Von Smith/Space-Game/Space_Game/DerivedDataCache/DDC.ddp not found, will not use a pak cache.
[2019.11.15-18.55.55:845][  0]LogDerivedDataCache: Unable to find inner node Pak for hierarchical cache Hierarchy.
[2019.11.15-18.55.55:846][  0]LogDerivedDataCache: FDerivedDataBackendGraph:  CompressedPak pak cache file ../../../../../../Unreal Projects/Von Smith/Space-Game/Space_Game/DerivedDataCache/Compressed.ddp not found, will not use a pak cache.
[2019.11.15-18.55.55:846][  0]LogDerivedDataCache: Unable to find inner node CompressedPak for hierarchical cache Hierarchy.
[2019.11.15-18.55.55:855][  0]LogDerivedDataCache: Display: Pak cache opened for reading ../../../Engine/DerivedDataCache/Compressed.ddp.
[2019.11.15-18.55.55:855][  0]LogDerivedDataCache: FDerivedDataBackendGraph:  EnterprisePak pak cache file ../../../Enterprise/DerivedDataCache/Compressed.ddp not found, will not use a pak cache.
[2019.11.15-18.55.55:855][  0]LogDerivedDataCache: Unable to find inner node EnterprisePak for hierarchical cache Hierarchy.
[2019.11.15-18.55.55:857][  0]LogDerivedDataCache: Using Local data cache path C:/Users/vsmith1868/AppData/Local/UnrealEngine/Common/DerivedDataCache: Writable
[2019.11.15-18.55.55:857][  0]LogDerivedDataCache: Shared data cache path not found in *engine.ini, will not use an Shared cache.
[2019.11.15-18.55.55:857][  0]LogDerivedDataCache: Unable to find inner node Shared for hierarchical cache Hierarchy.
[2019.11.15-18.55.55:875][  0]LogMaterial: Verifying Global Shaders for PCD3D_SM5
[2019.11.15-18.55.55:877][  0]LogSlate: Using FreeType 2.6.0
[2019.11.15-18.55.55:878][  0]LogSlate: SlateFontServices - WITH_FREETYPE: 1, WITH_HARFBUZZ: 1
[2019.11.15-18.55.55:967][  0]LogInit: Using OS detected language (en-US).
[2019.11.15-18.55.55:967][  0]LogInit: Using OS detected locale (en-US).
[2019.11.15-18.55.55:967][  0]LogTextLocalizationManager: No localization for 'en-US' exists, so 'en' will be used for the language.
[2019.11.15-18.55.55:967][  0]LogTextLocalizationManager: No localization for 'en-US' exists, so 'en' will be used for the locale.
[2019.11.15-18.55.55:967][  0]LogSlate: FontCache flush requested. Reason: Culture for localization was changed
[2019.11.15-18.55.55:967][  0]LogSlate: FontCache flush requested. Reason: Culture for localization was changed
[2019.11.15-18.55.55:968][  0]LogTextLocalizationManager: Compacting localization data took   0.00ms
[2019.11.15-18.55.55:972][  0]LogAssetRegistry: FAssetRegistry took 0.0016 seconds to start up
[2019.11.15-18.55.56:152][  0]LogPackageLocalizationCache: Processed 12 localized package path(s) for 1 prioritized culture(s) in 0.000445 seconds
[2019.11.15-18.55.56:195][  0]LogInit: Selected Device Profile: [Windows]
[2019.11.15-18.55.56:314][  0]LogMeshReduction: Using QuadricMeshReduction for automatic static mesh reduction
[2019.11.15-18.55.56:314][  0]LogMeshReduction: Using SimplygonMeshReduction for automatic skeletal mesh reduction
[2019.11.15-18.55.56:314][  0]LogMeshReduction: Using ProxyLODMeshReduction for automatic mesh merging
[2019.11.15-18.55.56:314][  0]LogMeshReduction: No distributed automatic mesh merging module available
[2019.11.15-18.55.56:314][  0]LogMeshMerging: No distributed automatic mesh merging module available
[2019.11.15-18.55.56:321][  0]LogNetVersion: Space_Game 1.0.0, NetCL: 8386587, EngineNetVer: 11, GameNetVer: 0 (Checksum: 1558173762)
[2019.11.15-18.55.56:750][  0]LogMoviePlayer: Initializing movie player
[2019.11.15-18.55.56:836][  0]LogTcpMessaging: Initializing TcpMessaging bridge
[2019.11.15-18.55.56:838][  0]LogUdpMessaging: Initializing bridge on interface 0.0.0.0:0 to multicast group 230.0.0.1:6666.
[2019.11.15-18.55.56:864][  0]SourceControl: Source control is disabled
[2019.11.15-18.55.56:864][  0]SourceControl: Source control is disabled
[2019.11.15-18.55.56:865][  0]SourceControl: Source control is disabled
[2019.11.15-18.55.56:899][  0]LogAndroidPermission: UAndroidPermissionCallbackProxy::GetInstance
[2019.11.15-18.55.56:989][  0]LogOcInput: OculusInput pre-init called
[2019.11.15-18.55.56:998][  0]LogUObjectArray: 48866 objects as part of root set at end of initial load.
[2019.11.15-18.55.56:998][  0]LogUObjectAllocator: 8609784 out of 0 bytes used by permanent object pool.
[2019.11.15-18.55.56:998][  0]LogUObjectArray: CloseDisregardForGC: 0/0 objects in disregard for GC pool
[2019.11.15-18.55.57:046][  0]LogEngine: Initializing Engine...
[2019.11.15-18.55.57:047][  0]LogHMD: Failed to initialize OpenVR with code 110
[2019.11.15-18.55.57:048][  0]LogStats: UGameplayTagsManager::InitializeManager -  0.000 s
[2019.11.15-18.55.57:200][  0]LogInit: Initializing FReadOnlyCVARCache
[2019.11.15-18.55.57:213][  0]LogInit: XAudio2 using 'Speakers (Logitech USB Headset)' : 2 channels at 48 kHz using 16 bits per sample (channel mask 0x3)
[2019.11.15-18.55.57:228][  0]LogInit: FAudioDevice initialized.
[2019.11.15-18.55.57:228][  0]LogNetVersion: Set ProjectVersion to 1.0.0.0. Version Checksum will be recalculated on next use.
[2019.11.15-18.55.57:238][  0]LogInit: Texture streaming: Enabled
[2019.11.15-18.55.57:359][  0]LogSlate: Updating window title bar state: overlay mode, drag disabled, window buttons hidden, title bar hidden
[2019.11.15-18.55.57:360][  0]LogInit: Display: Game Engine Initialized.
[2019.11.15-18.55.57:402][  0]LogInit: Display: Starting Game.
[2019.11.15-18.55.57:403][  0]LogNet: Browse: /Game/Levels/testmap?Name=Player
[2019.11.15-18.55.57:403][  0]LogLoad: LoadMap: /Game/Levels/testmap?Name=Player
[2019.11.15-18.55.57:403][  0]LogWorld: BeginTearingDown for /Temp/Untitled_0
[2019.11.15-18.55.57:404][  0]LogWorld: UWorld::CleanupWorld for Untitled, bSessionEnded=true, bCleanupResources=true
[2019.11.15-18.55.57:432][  0]LogUObjectHash: Compacting FUObjectHashTables data took   1.44ms
[2019.11.15-18.55.57:745][  0]LogAIModule: Creating AISystem for world testmap
[2019.11.15-18.55.57:753][  0]LogLoad: Game class is 'FirstPersonGameMode_C'
[2019.11.15-18.55.57:789][  0]LogWorld: Bringing World /Game/Levels/testmap.testmap up for play (max tick rate 0) at 2019.11.15-10.55.57
[2019.11.15-18.55.57:792][  0]LogWorld: Bringing up level for play took: 0.038958
[2019.11.15-18.55.57:800][  0]LogLoad: Took 0.397018 seconds to LoadMap(/Game/Levels/testmap)
[2019.11.15-18.55.57:821][  0]LogRenderer: Reallocating scene render targets to support 1280x720 Format 10 NumSamples 1 (Frame:1).
[2019.11.15-18.55.57:822][  0]LogLoad: (Engine Initialization) Total time: 4.56 seconds
[2019.11.15-18.55.57:822][  0]LogLoad: (Engine Initialization) Total Blueprint compile time: 0.00 seconds
[2019.11.15-18.55.57:862][  0]LogWindowsTextInputMethodSystem: Display: IME system now deactivated.
[2019.11.15-18.55.57:864][  0]LogContentStreaming: Texture pool size now 1000 MB
[2019.11.15-18.56.08:917][670]LogSpawn: Warning: SpawnActor failed because of collision at the spawn location [X=-185.518 Y=224.788 Z=98.966] for [FirstPersonProjectile_C]
[2019.11.15-18.57.05:311][166]PIE: Warning: FirstPersonProjectile_C_138.Orange FirstPersonProjectileMesh has to have 'Simulate Physics' enabled if you'd like to AddImpulse. 
[2019.11.15-18.57.05:633][186]PIE: Warning: FirstPersonProjectile_C_139.Orange FirstPersonProjectileMesh has to have 'Simulate Physics' enabled if you'd like to AddImpulse. 
[2019.11.15-18.57.05:714][191]PIE: Warning: FirstPersonProjectile_C_140.Orange FirstPersonProjectileMesh has to have 'Simulate Physics' enabled if you'd like to AddImpulse. 
[2019.11.15-18.57.05:746][193]PIE: Warning: FirstPersonProjectile_C_141.Orange FirstPersonProjectileMesh has to have 'Simulate Physics' enabled if you'd like to AddImpulse. 
[2019.11.15-18.57.05:778][195]PIE: Warning: FirstPersonProjectile_C_142.Orange FirstPersonProjectileMesh has to have 'Simulate Physics' enabled if you'd like to AddImpulse. 
[2019.11.15-18.57.05:811][197]PIE: Warning: FirstPersonProjectile_C_143.Orange FirstPersonProjectileMesh has to have 'Simulate Physics' enabled if you'd like to AddImpulse. 
[2019.11.15-18.57.06:134][217]PIE: Warning: FirstPersonProjectile_C_145.Orange FirstPersonProjectileMesh has to have 'Simulate Physics' enabled if you'd like to AddImpulse. 
[2019.11.15-18.57.06:134][217]PIE: Warning: FirstPersonProjectile_C_146.Orange FirstPersonProjectileMesh has to have 'Simulate Physics' enabled if you'd like to AddImpulse. 
[2019.11.15-18.57.06:246][224]PIE: Warning: FirstPersonProjectile_C_147.Orange FirstPersonProjectileMesh has to have 'Simulate Physics' enabled if you'd like to AddImpulse. 
[2019.11.15-18.57.06:295][227]PIE: Warning: FirstPersonProjectile_C_148.Orange FirstPersonProjectileMesh has to have 'Simulate Physics' enabled if you'd like to AddImpulse. 
[2019.11.15-18.57.06:311][228]PIE: Warning: FirstPersonProjectile_C_149.Orange FirstPersonProjectileMesh has to have 'Simulate Physics' enabled if you'd like to AddImpulse. 
[2019.11.15-18.57.06:633][248]PIE: Warning: FirstPersonProjectile_C_151.Orange FirstPersonProjectileMesh has to have 'Simulate Physics' enabled if you'd like to AddImpulse. 
[2019.11.15-18.57.06:634][248]PIE: Warning: FirstPersonProjectile_C_152.Orange FirstPersonProjectileMesh has to have 'Simulate Physics' enabled if you'd like to AddImpulse. 
[2019.11.15-18.57.06:634][248]PIE: Warning: FirstPersonProjectile_C_153.Orange FirstPersonProjectileMesh has to have 'Simulate Physics' enabled if you'd like to AddImpulse. 
[2019.11.15-18.57.06:635][248]PIE: Warning: FirstPersonProjectile_C_154.Orange FirstPersonProjectileMesh has to have 'Simulate Physics' enabled if you'd like to AddImpulse. 
[2019.11.15-18.57.06:747][255]PIE: Warning: FirstPersonProjectile_C_156.Orange FirstPersonProjectileMesh has to have 'Simulate Physics' enabled if you'd like to AddImpulse. 
[2019.11.15-18.57.06:763][256]PIE: Warning: FirstPersonProjectile_C_157.Orange FirstPersonProjectileMesh has to have 'Simulate Physics' enabled if you'd like to AddImpulse. 
[2019.11.15-18.57.06:779][257]PIE: Warning: FirstPersonProjectile_C_158.Orange FirstPersonProjectileMesh has to have 'Simulate Physics' enabled if you'd like to AddImpulse. 
[2019.11.15-18.57.06:795][258]PIE: Warning: FirstPersonProjectile_C_159.Orange FirstPersonProjectileMesh has to have 'Simulate Physics' enabled if you'd like to AddImpulse. 
[2019.11.15-18.57.06:811][259]PIE: Warning: FirstPersonProjectile_C_160.Orange FirstPersonProjectileMesh has to have 'Simulate Physics' enabled if you'd like to AddImpulse. 
[2019.11.15-18.57.07:133][279]PIE: Warning: FirstPersonProjectile_C_162.Orange FirstPersonProjectileMesh has to have 'Simulate Physics' enabled if you'd like to AddImpulse. 
[2019.11.15-18.57.07:134][279]PIE: Warning: FirstPersonProjectile_C_163.Orange FirstPersonProjectileMesh has to have 'Simulate Physics' enabled if you'd like to AddImpulse. 
[2019.11.15-18.57.07:134][279]PIE: Warning: FirstPersonProjectile_C_164.Orange FirstPersonProjectileMesh has to have 'Simulate Physics' enabled if you'd like to AddImpulse. 
[2019.11.15-18.57.07:135][279]PIE: Warning: FirstPersonProjectile_C_165.Orange FirstPersonProjectileMesh has to have 'Simulate Physics' enabled if you'd like to AddImpulse. 
[2019.11.15-18.57.07:214][284]PIE: Warning: FirstPersonProjectile_C_166.Orange FirstPersonProjectileMesh has to have 'Simulate Physics' enabled if you'd like to AddImpulse. 
[2019.11.15-18.57.07:247][286]PIE: Warning: FirstPersonProjectile_C_167.Orange FirstPersonProjectileMesh has to have 'Simulate Physics' enabled if you'd like to AddImpulse. 
[2019.11.15-18.57.07:263][287]PIE: Warning: FirstPersonProjectile_C_168.Orange FirstPersonProjectileMesh has to have 'Simulate Physics' enabled if you'd like to AddImpulse. 
[2019.11.15-18.57.07:279][288]PIE: Warning: FirstPersonProjectile_C_169.Orange FirstPersonProjectileMesh has to have 'Simulate Physics' enabled if you'd like to AddImpulse. 
[2019.11.15-18.57.07:295][289]PIE: Warning: FirstPersonProjectile_C_170.Orange FirstPersonProjectileMesh has to have 'Simulate Physics' enabled if you'd like to AddImpulse. 
[2019.11.15-18.57.07:312][290]PIE: Warning: FirstPersonProjectile_C_172.Orange FirstPersonProjectileMesh has to have 'Simulate Physics' enabled if you'd like to AddImpulse. 
[2019.11.15-18.57.07:633][310]PIE: Warning: FirstPersonProjectile_C_174.Orange FirstPersonProjectileMesh has to have 'Simulate Physics' enabled if you'd like to AddImpulse. 
[2019.11.15-18.57.07:634][310]PIE: Warning: FirstPersonProjectile_C_175.Orange FirstPersonProjectileMesh has to have 'Simulate Physics' enabled if you'd like to AddImpulse. 
[2019.11.15-18.57.07:634][310]PIE: Warning: FirstPersonProjectile_C_176.Orange FirstPersonProjectileMesh has to have 'Simulate Physics' enabled if you'd like to AddImpulse. 
[2019.11.15-18.57.07:635][310]PIE: Warning: FirstPersonProjectile_C_177.Orange FirstPersonProjectileMesh has to have 'Simulate Physics' enabled if you'd like to AddImpulse. 
[2019.11.15-18.57.07:715][315]PIE: Warning: FirstPersonProjectile_C_179.Orange FirstPersonProjectileMesh has to have 'Simulate Physics' enabled if you'd like to AddImpulse. 
[2019.11.15-18.57.07:747][317]PIE: Warning: FirstPersonProjectile_C_180.Orange FirstPersonProjectileMesh has to have 'Simulate Physics' enabled if you'd like to AddImpulse. 
[2019.11.15-18.57.07:779][319]PIE: Warning: FirstPersonProjectile_C_181.Orange FirstPersonProjectileMesh has to have 'Simulate Physics' enabled if you'd like to AddImpulse. 
[2019.11.15-18.57.07:795][320]PIE: Warning: FirstPersonProjectile_C_182.Orange FirstPersonProjectileMesh has to have 'Simulate Physics' enabled if you'd like to AddImpulse. 
[2019.11.15-18.57.07:811][321]PIE: Warning: FirstPersonProjectile_C_183.Orange FirstPersonProjectileMesh has to have 'Simulate Physics' enabled if you'd like to AddImpulse. 
[2019.11.15-18.57.08:135][341]PIE: Warning: FirstPersonProjectile_C_186.Orange FirstPersonProjectileMesh has to have 'Simulate Physics' enabled if you'd like to AddImpulse. 
[2019.11.15-18.57.08:135][341]PIE: Warning: FirstPersonProjectile_C_187.Orange FirstPersonProjectileMesh has to have 'Simulate Physics' enabled if you'd like to AddImpulse. 
[2019.11.15-18.57.08:135][341]PIE: Warning: FirstPersonProjectile_C_188.Orange FirstPersonProjectileMesh has to have 'Simulate Physics' enabled if you'd like to AddImpulse. 
[2019.11.15-18.57.08:136][341]PIE: Warning: FirstPersonProjectile_C_189.Orange FirstPersonProjectileMesh has to have 'Simulate Physics' enabled if you'd like to AddImpulse. 
[2019.11.15-18.57.08:215][346]PIE: Warning: FirstPersonProjectile_C_190.Orange FirstPersonProjectileMesh has to have 'Simulate Physics' enabled if you'd like to AddImpulse. 
[2019.11.15-18.57.08:247][348]PIE: Warning: FirstPersonProjectile_C_191.Orange FirstPersonProjectileMesh has to have 'Simulate Physics' enabled if you'd like to AddImpulse. 
[2019.11.15-18.57.08:264][349]PIE: Warning: FirstPersonProjectile_C_192.Orange FirstPersonProjectileMesh has to have 'Simulate Physics' enabled if you'd like to AddImpulse. 
[2019.11.15-18.57.08:280][350]PIE: Warning: FirstPersonProjectile_C_194.Orange FirstPersonProjectileMesh has to have 'Simulate Physics' enabled if you'd like to AddImpulse. 
[2019.11.15-18.57.08:296][351]PIE: Warning: FirstPersonProjectile_C_195.Orange FirstPersonProjectileMesh has to have 'Simulate Physics' enabled if you'd like to AddImpulse. 
[2019.11.15-18.57.08:312][352]PIE: Warning: FirstPersonProjectile_C_196.Orange FirstPersonProjectileMesh has to have 'Simulate Physics' enabled if you'd like to AddImpulse. 
[2019.11.15-18.57.08:635][372]PIE: Warning: FirstPersonProjectile_C_198.Orange FirstPersonProjectileMesh has to have 'Simulate Physics' enabled if you'd like to AddImpulse. 
[2019.11.15-18.57.08:635][372]PIE: Warning: FirstPersonProjectile_C_199.Orange FirstPersonProjectileMesh has to have 'Simulate Physics' enabled if you'd like to AddImpulse. 
[2019.11.15-18.57.08:636][372]PIE: Warning: FirstPersonProjectile_C_200.Orange FirstPersonProjectileMesh has to have 'Simulate Physics' enabled if you'd like to AddImpulse. 
[2019.11.15-18.57.08:715][377]PIE: Warning: FirstPersonProjectile_C_202.Orange FirstPersonProjectileMesh has to have 'Simulate Physics' enabled if you'd like to AddImpulse. 
[2019.11.15-18.57.08:748][379]PIE: Warning: FirstPersonProjectile_C_203.Orange FirstPersonProjectileMesh has to have 'Simulate Physics' enabled if you'd like to AddImpulse. 
[2019.11.15-18.57.08:764][380]PIE: Warning: FirstPersonProjectile_C_204.Orange FirstPersonProjectileMesh has to have 'Simulate Physics' enabled if you'd like to AddImpulse. 
[2019.11.15-18.57.08:780][381]PIE: Warning: FirstPersonProjectile_C_205.Orange FirstPersonProjectileMesh has to have 'Simulate Physics' enabled if you'd like to AddImpulse. 
[2019.11.15-18.57.08:796][382]PIE: Warning: FirstPersonProjectile_C_206.Orange FirstPersonProjectileMesh has to have 'Simulate Physics' enabled if you'd like to AddImpulse. 
[2019.11.15-18.57.08:812][383]PIE: Warning: FirstPersonProjectile_C_207.Orange FirstPersonProjectileMesh has to have 'Simulate Physics' enabled if you'd like to AddImpulse. 
[2019.11.15-18.57.09:135][403]PIE: Warning: FirstPersonProjectile_C_210.Orange FirstPersonProjectileMesh has to have 'Simulate Physics' enabled if you'd like to AddImpulse. 
[2019.11.15-18.57.09:135][403]PIE: Warning: FirstPersonProjectile_C_211.Orange FirstPersonProjectileMesh has to have 'Simulate Physics' enabled if you'd like to AddImpulse. 
[2019.11.15-18.57.09:215][408]PIE: Warning: FirstPersonProjectile_C_212.Orange FirstPersonProjectileMesh has to have 'Simulate Physics' enabled if you'd like to AddImpulse. 
[2019.11.15-18.57.09:264][411]PIE: Warning: FirstPersonProjectile_C_213.Orange FirstPersonProjectileMesh has to have 'Simulate Physics' enabled if you'd like to AddImpulse. 
[2019.11.15-18.57.09:280][412]PIE: Warning: FirstPersonProjectile_C_214.Orange FirstPersonProjectileMesh has to have 'Simulate Physics' enabled if you'd like to AddImpulse. 
[2019.11.15-18.57.09:296][413]PIE: Warning: FirstPersonProjectile_C_215.Orange FirstPersonProjectileMesh has to have 'Simulate Physics' enabled if you'd like to AddImpulse. 
[2019.11.15-18.57.09:312][414]PIE: Warning: FirstPersonProjectile_C_216.Orange FirstPersonProjectileMesh has to have 'Simulate Physics' enabled if you'd like to AddImpulse. 
[2019.11.15-18.57.09:635][434]PIE: Warning: FirstPersonProjectile_C_219.Orange FirstPersonProjectileMesh has to have 'Simulate Physics' enabled if you'd like to AddImpulse. 
[2019.11.15-18.57.09:715][439]PIE: Warning: FirstPersonProjectile_C_220.Orange FirstPersonProjectileMesh has to have 'Simulate Physics' enabled if you'd like to AddImpulse. 
[2019.11.15-18.57.09:764][442]PIE: Warning: FirstPersonProjectile_C_221.Orange FirstPersonProjectileMesh has to have 'Simulate Physics' enabled if you'd like to AddImpulse. 
[2019.11.15-18.57.09:780][443]PIE: Warning: FirstPersonProjectile_C_222.Orange FirstPersonProjectileMesh has to have 'Simulate Physics' enabled if you'd like to AddImpulse. 
[2019.11.15-18.57.09:796][444]PIE: Warning: FirstPersonProjectile_C_223.Orange FirstPersonProjectileMesh has to have 'Simulate Physics' enabled if you'd like to AddImpulse. 
[2019.11.15-18.57.09:812][445]PIE: Warning: FirstPersonProjectile_C_224.Orange FirstPersonProjectileMesh has to have 'Simulate Physics' enabled if you'd like to AddImpulse. 
[2019.11.15-18.57.10:134][465]PIE: Warning: FirstPersonProjectile_C_227.Orange FirstPersonProjectileMesh has to have 'Simulate Physics' enabled if you'd like to AddImpulse. 
[2019.11.15-18.57.10:216][470]PIE: Warning: FirstPersonProjectile_C_228.Orange FirstPersonProjectileMesh has to have 'Simulate Physics' enabled if you'd like to AddImpulse. 
[2019.11.15-18.57.10:265][473]PIE: Warning: FirstPersonProjectile_C_230.Orange FirstPersonProjectileMesh has to have 'Simulate Physics' enabled if you'd like to AddImpulse. 
[2019.11.15-18.57.10:296][475]PIE: Warning: FirstPersonProjectile_C_231.Orange FirstPersonProjectileMesh has to have 'Simulate Physics' enabled if you'd like to AddImpulse. 
[2019.11.15-18.57.10:635][496]PIE: Warning: FirstPersonProjectile_C_233.Orange FirstPersonProjectileMesh has to have 'Simulate Physics' enabled if you'd like to AddImpulse. 
[2019.11.15-18.57.10:764][504]PIE: Warning: FirstPersonProjectile_C_235.Orange FirstPersonProjectileMesh has to have 'Simulate Physics' enabled if you'd like to AddImpulse. 
[2019.11.15-18.57.10:780][505]PIE: Warning: FirstPersonProjectile_C_236.Orange FirstPersonProjectileMesh has to have 'Simulate Physics' enabled if you'd like to AddImpulse. 
[2019.11.15-18.57.10:796][506]PIE: Warning: FirstPersonProjectile_C_237.Orange FirstPersonProjectileMesh has to have 'Simulate Physics' enabled if you'd like to AddImpulse. 
[2019.11.15-18.57.10:812][507]PIE: Warning: FirstPersonProjectile_C_238.Orange FirstPersonProjectileMesh has to have 'Simulate Physics' enabled if you'd like to AddImpulse. 
[2019.11.15-18.57.11:135][527]PIE: Warning: FirstPersonProjectile_C_240.Orange FirstPersonProjectileMesh has to have 'Simulate Physics' enabled if you'd like to AddImpulse. 
[2019.11.15-18.57.11:135][527]PIE: Warning: FirstPersonProjectile_C_241.Orange FirstPersonProjectileMesh has to have 'Simulate Physics' enabled if you'd like to AddImpulse. 
[2019.11.15-18.57.11:263][535]PIE: Warning: FirstPersonProjectile_C_243.Orange FirstPersonProjectileMesh has to have 'Simulate Physics' enabled if you'd like to AddImpulse. 
[2019.11.15-18.57.11:279][536]PIE: Warning: FirstPersonProjectile_C_244.Orange FirstPersonProjectileMesh has to have 'Simulate Physics' enabled if you'd like to AddImpulse. 
[2019.11.15-18.57.11:311][538]PIE: Warning: FirstPersonProjectile_C_245.Orange FirstPersonProjectileMesh has to have 'Simulate Physics' enabled if you'd like to AddImpulse. 
[2019.11.15-18.57.11:634][558]PIE: Warning: FirstPersonProjectile_C_247.Orange FirstPersonProjectileMesh has to have 'Simulate Physics' enabled if you'd like to AddImpulse. 
[2019.11.15-18.57.11:714][563]PIE: Warning: FirstPersonProjectile_C_249.Orange FirstPersonProjectileMesh has to have 'Simulate Physics' enabled if you'd like to AddImpulse. 
[2019.11.15-18.57.11:764][566]PIE: Warning: FirstPersonProjectile_C_250.Orange FirstPersonProjectileMesh has to have 'Simulate Physics' enabled if you'd like to AddImpulse. 
[2019.11.15-18.57.11:779][567]PIE: Warning: FirstPersonProjectile_C_251.Orange FirstPersonProjectileMesh has to have 'Simulate Physics' enabled if you'd like to AddImpulse. 
[2019.11.15-18.57.11:812][569]PIE: Warning: FirstPersonProjectile_C_252.Orange FirstPersonProjectileMesh has to have 'Simulate Physics' enabled if you'd like to AddImpulse. 
[2019.11.15-18.57.12:134][589]PIE: Warning: FirstPersonProjectile_C_254.Orange FirstPersonProjectileMesh has to have 'Simulate Physics' enabled if you'd like to AddImpulse. 
[2019.11.15-18.57.12:215][594]PIE: Warning: FirstPersonProjectile_C_255.Orange FirstPersonProjectileMesh has to have 'Simulate Physics' enabled if you'd like to AddImpulse. 
[2019.11.15-18.57.12:263][597]PIE: Warning: FirstPersonProjectile_C_257.Orange FirstPersonProjectileMesh has to have 'Simulate Physics' enabled if you'd like to AddImpulse. 
[2019.11.15-18.57.12:312][600]PIE: Warning: FirstPersonProjectile_C_258.Orange FirstPersonProjectileMesh has to have 'Simulate Physics' enabled if you'd like to AddImpulse. 
[2019.11.15-18.57.12:715][625]PIE: Warning: FirstPersonProjectile_C_261.Orange FirstPersonProjectileMesh has to have 'Simulate Physics' enabled if you'd like to AddImpulse. 
[2019.11.15-18.57.12:763][628]PIE: Warning: FirstPersonProjectile_C_262.Orange FirstPersonProjectileMesh has to have 'Simulate Physics' enabled if you'd like to AddImpulse. 
[2019.11.15-18.57.12:811][631]PIE: Warning: FirstPersonProjectile_C_263.Orange FirstPersonProjectileMesh has to have 'Simulate Physics' enabled if you'd like to AddImpulse. 
[2019.11.15-18.57.13:134][651]PIE: Warning: FirstPersonProjectile_C_266.Orange FirstPersonProjectileMesh has to have 'Simulate Physics' enabled if you'd like to AddImpulse. 
[2019.11.15-18.57.13:214][656]PIE: Warning: FirstPersonProjectile_C_267.Orange FirstPersonProjectileMesh has to have 'Simulate Physics' enabled if you'd like to AddImpulse. 
[2019.11.15-18.57.13:311][662]PIE: Warning: FirstPersonProjectile_C_268.Orange FirstPersonProjectileMesh has to have 'Simulate Physics' enabled if you'd like to AddImpulse. 
[2019.11.15-18.57.13:634][682]PIE: Warning: FirstPersonProjectile_C_271.Orange FirstPersonProjectileMesh has to have 'Simulate Physics' enabled if you'd like to AddImpulse. 
[2019.11.15-18.57.13:714][687]PIE: Warning: FirstPersonProjectile_C_272.Orange FirstPersonProjectileMesh has to have 'Simulate Physics' enabled if you'd like to AddImpulse. 
[2019.11.15-18.57.13:812][693]PIE: Warning: FirstPersonProjectile_C_273.Orange FirstPersonProjectileMesh has to have 'Simulate Physics' enabled if you'd like to AddImpulse. 
[2019.11.15-18.57.14:134][713]PIE: Warning: FirstPersonProjectile_C_276.Orange FirstPersonProjectileMesh has to have 'Simulate Physics' enabled if you'd like to AddImpulse. 
[2019.11.15-18.57.14:215][718]PIE: Warning: FirstPersonProjectile_C_277.Orange FirstPersonProjectileMesh has to have 'Simulate Physics' enabled if you'd like to AddImpulse. 
[2019.11.15-18.57.14:311][724]PIE: Warning: FirstPersonProjectile_C_279.Orange FirstPersonProjectileMesh has to have 'Simulate Physics' enabled if you'd like to AddImpulse. 
[2019.11.15-18.57.14:715][749]PIE: Warning: FirstPersonProjectile_C_282.Orange FirstPersonProjectileMesh has to have 'Simulate Physics' enabled if you'd like to AddImpulse. 
[2019.11.15-18.57.14:811][755]PIE: Warning: FirstPersonProjectile_C_283.Orange FirstPersonProjectileMesh has to have 'Simulate Physics' enabled if you'd like to AddImpulse. 
[2019.11.15-18.57.15:215][780]PIE: Warning: FirstPersonProjectile_C_286.Orange FirstPersonProjectileMesh has to have 'Simulate Physics' enabled if you'd like to AddImpulse. 
[2019.11.15-18.57.15:312][786]PIE: Warning: FirstPersonProjectile_C_287.Orange FirstPersonProjectileMesh has to have 'Simulate Physics' enabled if you'd like to AddImpulse. 
[2019.11.15-18.57.15:634][806]PIE: Warning: FirstPersonProjectile_C_290.Orange FirstPersonProjectileMesh has to have 'Simulate Physics' enabled if you'd like to AddImpulse. 
[2019.11.15-18.57.15:715][811]PIE: Warning: FirstPersonProjectile_C_291.Orange FirstPersonProjectileMesh has to have 'Simulate Physics' enabled if you'd like to AddImpulse. 
[2019.11.15-18.57.15:812][817]PIE: Warning: FirstPersonProjectile_C_292.Orange FirstPersonProjectileMesh has to have 'Simulate Physics' enabled if you'd like to AddImpulse. 
[2019.11.15-18.57.16:134][837]PIE: Warning: FirstPersonProjectile_C_295.Orange FirstPersonProjectileMesh has to have 'Simulate Physics' enabled if you'd like to AddImpulse. 
[2019.11.15-18.57.16:215][842]PIE: Warning: FirstPersonProjectile_C_296.Orange FirstPersonProjectileMesh has to have 'Simulate Physics' enabled if you'd like to AddImpulse. 
[2019.11.15-18.57.16:311][848]PIE: Warning: FirstPersonProjectile_C_297.Orange FirstPersonProjectileMesh has to have 'Simulate Physics' enabled if you'd like to AddImpulse. 
[2019.11.15-18.57.16:634][868]PIE: Warning: FirstPersonProjectile_C_300.Orange FirstPersonProjectileMesh has to have 'Simulate Physics' enabled if you'd like to AddImpulse. 
[2019.11.15-18.57.16:715][873]PIE: Warning: FirstPersonProjectile_C_301.Orange FirstPersonProjectileMesh has to have 'Simulate Physics' enabled if you'd like to AddImpulse. 
[2019.11.15-18.57.16:812][879]PIE: Warning: FirstPersonProjectile_C_303.Orange FirstPersonProjectileMesh has to have 'Simulate Physics' enabled if you'd like to AddImpulse. 
[2019.11.15-18.57.17:134][899]PIE: Warning: FirstPersonProjectile_C_305.Orange FirstPersonProjectileMesh has to have 'Simulate Physics' enabled if you'd like to AddImpulse. 
[2019.11.15-18.57.17:215][904]PIE: Warning: FirstPersonProjectile_C_306.Orange FirstPersonProjectileMesh has to have 'Simulate Physics' enabled if you'd like to AddImpulse. 
[2019.11.15-18.57.17:311][910]PIE: Warning: FirstPersonProjectile_C_308.Orange FirstPersonProjectileMesh has to have 'Simulate Physics' enabled if you'd like to AddImpulse. 
[2019.11.15-18.57.17:634][930]PIE: Warning: FirstPersonProjectile_C_310.Orange FirstPersonProjectileMesh has to have 'Simulate Physics' enabled if you'd like to AddImpulse. 
[2019.11.15-18.57.17:715][935]PIE: Warning: FirstPersonProjectile_C_312.Orange FirstPersonProjectileMesh has to have 'Simulate Physics' enabled if you'd like to AddImpulse. 
[2019.11.15-18.57.17:812][941]PIE: Warning: FirstPersonProjectile_C_313.Orange FirstPersonProjectileMesh has to have 'Simulate Physics' enabled if you'd like to AddImpulse. 
[2019.11.15-18.57.18:134][961]PIE: Warning: FirstPersonProjectile_C_316.Orange FirstPersonProjectileMesh has to have 'Simulate Physics' enabled if you'd like to AddImpulse. 
[2019.11.15-18.57.18:215][966]PIE: Warning: FirstPersonProjectile_C_317.Orange FirstPersonProjectileMesh has to have 'Simulate Physics' enabled if you'd like to AddImpulse. 
[2019.11.15-18.57.18:311][972]PIE: Warning: FirstPersonProjectile_C_318.Orange FirstPersonProjectileMesh has to have 'Simulate Physics' enabled if you'd like to AddImpulse. 
[2019.11.15-18.57.18:634][992]PIE: Warning: FirstPersonProjectile_C_320.Orange FirstPersonProjectileMesh has to have 'Simulate Physics' enabled if you'd like to AddImpulse. 
[2019.11.15-18.57.18:714][997]PIE: Warning: FirstPersonProjectile_C_321.Orange FirstPersonProjectileMesh has to have 'Simulate Physics' enabled if you'd like to AddImpulse. 
[2019.11.15-18.57.18:812][  3]PIE: Warning: FirstPersonProjectile_C_323.Orange FirstPersonProjectileMesh has to have 'Simulate Physics' enabled if you'd like to AddImpulse. 
[2019.11.15-18.57.19:134][ 23]PIE: Warning: FirstPersonProjectile_C_325.Orange FirstPersonProjectileMesh has to have 'Simulate Physics' enabled if you'd like to AddImpulse. 
[2019.11.15-18.57.19:215][ 28]PIE: Warning: FirstPersonProjectile_C_326.Orange FirstPersonProjectileMesh has to have 'Simulate Physics' enabled if you'd like to AddImpulse. 
[2019.11.15-18.57.19:311][ 34]PIE: Warning: FirstPersonProjectile_C_328.Orange FirstPersonProjectileMesh has to have 'Simulate Physics' enabled if you'd like to AddImpulse. 
[2019.11.15-18.57.19:634][ 54]PIE: Warning: FirstPersonProjectile_C_330.Orange FirstPersonProjectileMesh has to have 'Simulate Physics' enabled if you'd like to AddImpulse. 
[2019.11.15-18.57.19:715][ 59]PIE: Warning: FirstPersonProjectile_C_332.Orange FirstPersonProjectileMesh has to have 'Simulate Physics' enabled if you'd like to AddImpulse. 
[2019.11.15-18.57.19:811][ 65]PIE: Warning: FirstPersonProjectile_C_333.Orange FirstPersonProjectileMesh has to have 'Simulate Physics' enabled if you'd like to AddImpulse. 
[2019.11.15-18.57.20:215][ 90]PIE: Warning: FirstPersonProjectile_C_335.Orange FirstPersonProjectileMesh has to have 'Simulate Physics' enabled if you'd like to AddImpulse. 
[2019.11.15-18.57.20:312][ 96]PIE: Warning: FirstPersonProjectile_C_336.Orange FirstPersonProjectileMesh has to have 'Simulate Physics' enabled if you'd like to AddImpulse. 
[2019.11.15-18.57.20:714][121]PIE: Warning: FirstPersonProjectile_C_339.Orange FirstPersonProjectileMesh has to have 'Simulate Physics' enabled if you'd like to AddImpulse. 
[2019.11.15-18.57.20:812][127]PIE: Warning: FirstPersonProjectile_C_341.Orange FirstPersonProjectileMesh has to have 'Simulate Physics' enabled if you'd like to AddImpulse. 
[2019.11.15-18.57.21:134][147]PIE: Warning: FirstPersonProjectile_C_343.Orange FirstPersonProjectileMesh has to have 'Simulate Physics' enabled if you'd like to AddImpulse. 
[2019.11.15-18.57.21:215][152]PIE: Warning: FirstPersonProjectile_C_345.Orange FirstPersonProjectileMesh has to have 'Simulate Physics' enabled if you'd like to AddImpulse. 
[2019.11.15-18.57.21:312][158]PIE: Warning: FirstPersonProjectile_C_346.Orange FirstPersonProjectileMesh has to have 'Simulate Physics' enabled if you'd like to AddImpulse. 
[2019.11.15-18.57.21:633][178]PIE: Warning: FirstPersonProjectile_C_348.Orange FirstPersonProjectileMesh has to have 'Simulate Physics' enabled if you'd like to AddImpulse. 
[2019.11.15-18.57.22:134][209]PIE: Warning: FirstPersonProjectile_C_351.Orange FirstPersonProjectileMesh has to have 'Simulate Physics' enabled if you'd like to AddImpulse. 
[2019.11.15-18.57.22:634][240]PIE: Warning: FirstPersonProjectile_C_354.Orange FirstPersonProjectileMesh has to have 'Simulate Physics' enabled if you'd like to AddImpulse. 
[2019.11.15-18.57.23:134][271]PIE: Warning: FirstPersonProjectile_C_357.Orange FirstPersonProjectileMesh has to have 'Simulate Physics' enabled if you'd like to AddImpulse. 
[2019.11.15-18.57.23:634][302]PIE: Warning: FirstPersonProjectile_C_360.Orange FirstPersonProjectileMesh has to have 'Simulate Physics' enabled if you'd like to AddImpulse. 
[2019.11.15-18.57.24:134][333]PIE: Warning: FirstPersonProjectile_C_363.Orange FirstPersonProjectileMesh has to have 'Simulate Physics' enabled if you'd like to AddImpulse. 
[2019.11.15-18.57.24:634][364]PIE: Warning: FirstPersonProjectile_C_366.Orange FirstPersonProjectileMesh has to have 'Simulate Physics' enabled if you'd like to AddImpulse. 
[2019.11.15-18.57.25:134][395]PIE: Warning: FirstPersonProjectile_C_369.Orange FirstPersonProjectileMesh has to have 'Simulate Physics' enabled if you'd like to AddImpulse. 
[2019.11.15-18.57.25:634][426]PIE: Warning: FirstPersonProjectile_C_372.Orange FirstPersonProjectileMesh has to have 'Simulate Physics' enabled if you'd like to AddImpulse. 
[2019.11.15-18.57.26:134][457]PIE: Warning: FirstPersonProjectile_C_376.Orange FirstPersonProjectileMesh has to have 'Simulate Physics' enabled if you'd like to AddImpulse. 
[2019.11.15-18.57.26:634][488]PIE: Warning: FirstPersonProjectile_C_379.Orange FirstPersonProjectileMesh has to have 'Simulate Physics' enabled if you'd like to AddImpulse. 
[2019.11.15-18.57.35:455][ 35]LogWindowsDesktop: Alt-F4 pressed!
[2019.11.15-18.57.35:460][ 35]LogSlate: Window 'Space_Game (64-bit Development PCD3D_SM5) ' being destroyed
[2019.11.15-18.57.35:460][ 35]LogWindowsTextInputMethodSystem: Display: IME system now deactivated.
[2019.11.15-18.57.35:463][ 35]LogWindowsTextInputMethodSystem: Display: IME system now deactivated.
[2019.11.15-18.57.35:464][ 35]LogSlate: Updating window title bar state: overlay mode, drag disabled, window buttons hidden, title bar hidden
[2019.11.15-18.57.35:465][ 35]LogEngine: All Windows Closed
[2019.11.15-18.57.35:465][ 35]LogWindows: FPlatformMisc::RequestExit(0)
[2019.11.15-18.57.35:470][ 36]LogWorld: BeginTearingDown for /Game/Levels/testmap
[2019.11.15-18.57.35:470][ 36]LogWorld: UWorld::CleanupWorld for testmap, bSessionEnded=true, bCleanupResources=true
[2019.11.15-18.57.36:098][ 36]LogExit: Preparing to exit.
[2019.11.15-18.57.36:098][ 36]LogMoviePlayer: Shutting down movie player
[2019.11.15-18.57.36:905][ 36]LogSlate: Updating window title bar state: overlay mode, drag disabled, window buttons hidden, title bar hidden
[2019.11.15-18.57.36:911][ 36]LogDemo: Cleaned up 0 splitscreen connections with owner deletion
[2019.11.15-18.57.36:917][ 36]LogExit: Game engine shut down
[2019.11.15-18.57.36:981][ 36]LogExit: Object subsystem successfully closed.
[2019.11.15-18.57.36:991][ 36]LogShaderCompilers: Display: Shaders left to compile 0
[2019.11.15-18.57.37:000][ 36]LogModuleManager: Shutting down and abandoning module SequenceRecorderSections (408)
[2019.11.15-18.57.37:000][ 36]LogModuleManager: Shutting down and abandoning module SequenceRecorder (406)
[2019.11.15-18.57.37:000][ 36]LogModuleManager: Shutting down and abandoning module AutomationController (404)
[2019.11.15-18.57.37:001][ 36]LogModuleManager: Shutting down and abandoning module AutomationWorker (402)
[2019.11.15-18.57.37:001][ 36]LogModuleManager: Shutting down and abandoning module Voice (400)
[2019.11.15-18.57.37:001][ 36]LogModuleManager: Shutting down and abandoning module AIModule (398)
[2019.11.15-18.57.37:001][ 36]LogModuleManager: Shutting down and abandoning module GameplayDebugger (397)
[2019.11.15-18.57.37:001][ 36]LogModuleManager: Shutting down and abandoning module AITestSuite (395)
[2019.11.15-18.57.37:001][ 36]LogModuleManager: Shutting down and abandoning module NavigationSystem (393)
[2019.11.15-18.57.37:001][ 36]LogModuleManager: Shutting down and abandoning module OculusMR (390)
[2019.11.15-18.57.37:001][ 36]LogModuleManager: Shutting down and abandoning module WmfMediaFactory (388)
[2019.11.15-18.57.37:001][ 36]LogModuleManager: Shutting down and abandoning module WebMMediaFactory (386)
[2019.11.15-18.57.37:001][ 36]LogModuleManager: Shutting down and abandoning module WebMMedia (384)
[2019.11.15-18.57.37:001][ 36]LogModuleManager: Shutting down and abandoning module OpenExrWrapper (382)
[2019.11.15-18.57.37:001][ 36]LogModuleManager: Shutting down and abandoning module ImgMediaFactory (380)
[2019.11.15-18.57.37:001][ 36]LogModuleManager: Shutting down and abandoning module AvfMediaFactory (378)
[2019.11.15-18.57.37:001][ 36]LogModuleManager: Shutting down and abandoning module MagicLeapCameraPreviewFactory (376)
[2019.11.15-18.57.37:001][ 36]LogModuleManager: Shutting down and abandoning module MagicLeapMediaCodecFactory (374)
[2019.11.15-18.57.37:001][ 36]LogModuleManager: Shutting down and abandoning module MagicLeapMediaFactory (372)
[2019.11.15-18.57.37:001][ 36]LogModuleManager: Shutting down and abandoning module CharacterAI (370)
[2019.11.15-18.57.37:001][ 36]LogModuleManager: Shutting down and abandoning module SessionServices (368)
[2019.11.15-18.57.37:001][ 36]LogModuleManager: Shutting down and abandoning module MovieSceneCapture (366)
[2019.11.15-18.57.37:001][ 36]LogModuleManager: Shutting down and abandoning module LiveCoding (364)
[2019.11.15-18.57.37:001][ 36]LogModuleManager: Shutting down and abandoning module LevelSequence (362)
[2019.11.15-18.57.37:001][ 36]LogModuleManager: Shutting down and abandoning module MovieSceneTracks (360)
[2019.11.15-18.57.37:001][ 36]LogModuleManager: Shutting down and abandoning module MovieScene (358)
[2019.11.15-18.57.37:001][ 36]LogModuleManager: Shutting down and abandoning module StreamingPauseRendering (356)
[2019.11.15-18.57.37:001][ 36]LogModuleManager: Shutting down and abandoning module PortalServices (354)
[2019.11.15-18.57.37:001][ 36]LogModuleManager: Shutting down and abandoning module PortalRpc (352)
[2019.11.15-18.57.37:001][ 36]LogModuleManager: Shutting down and abandoning module MessagingRpc (350)
[2019.11.15-18.57.37:001][ 36]LogModuleManager: Shutting down and abandoning module ImageWriteQueue (348)
[2019.11.15-18.57.37:003][ 36]LogModuleManager: Shutting down and abandoning module ProfilerService (346)
[2019.11.15-18.57.37:176][ 36]LogModuleManager: Shutting down and abandoning module TaskGraph (344)
[2019.11.15-18.57.37:176][ 36]LogModuleManager: Shutting down and abandoning module SteamVRController (342)
[2019.11.15-18.57.37:176][ 36]LogModuleManager: Shutting down and abandoning module ProceduralMeshComponent (340)
[2019.11.15-18.57.37:176][ 36]LogModuleManager: Shutting down and abandoning module OculusInput (338)
[2019.11.15-18.57.37:176][ 36]LogModuleManager: Shutting down and abandoning module MobilePatchingUtils (336)
[2019.11.15-18.57.37:176][ 36]LogModuleManager: Shutting down and abandoning module EditableMesh (334)
[2019.11.15-18.57.37:176][ 36]LogModuleManager: Shutting down and abandoning module CustomMeshComponent (332)
[2019.11.15-18.57.37:176][ 36]LogModuleManager: Shutting down and abandoning module CableComponent (330)
[2019.11.15-18.57.37:176][ 36]LogModuleManager: Shutting down and abandoning module AudioCapture (328)
[2019.11.15-18.57.37:176][ 36]LogModuleManager: Shutting down and abandoning module ArchVisCharacter (326)
[2019.11.15-18.57.37:176][ 36]LogModuleManager: Shutting down and abandoning module AppleImageUtilsBlueprintSupport (324)
[2019.11.15-18.57.37:176][ 36]LogModuleManager: Shutting down and abandoning module AppleImageUtils (322)
[2019.11.15-18.57.37:176][ 36]LogModuleManager: Shutting down and abandoning module AndroidPermission (320)
[2019.11.15-18.57.37:176][ 36]LogModuleManager: Shutting down and abandoning module NUTUnrealEngine4 (318)
[2019.11.15-18.57.37:176][ 36]LogModuleManager: Shutting down and abandoning module NetcodeUnitTest (316)
[2019.11.15-18.57.37:176][ 36]LogModuleManager: Shutting down and abandoning module MediaCompositing (314)
[2019.11.15-18.57.37:176][ 36]LogModuleManager: Shutting down and abandoning module ImgMedia (312)
[2019.11.15-18.57.37:176][ 36]LogModuleManager: Shutting down and abandoning module MagicLeapHelperVulkan (310)
[2019.11.15-18.57.37:176][ 36]LogModuleManager: Shutting down and abandoning module MagicLeapHelperOpenGL (308)
[2019.11.15-18.57.37:176][ 36]LogModuleManager: Shutting down and abandoning module MagicLeapAudio (306)
[2019.11.15-18.57.37:176][ 36]LogModuleManager: Shutting down and abandoning module HTML5Networking (304)
[2019.11.15-18.57.37:176][ 36]LogModuleManager: Shutting down and abandoning module GeometryCacheTracks (302)
[2019.11.15-18.57.37:176][ 36]LogModuleManager: Shutting down and abandoning module GeometryCacheSequencer (301)
[2019.11.15-18.57.37:176][ 36]LogModuleManager: Shutting down and abandoning module GeometryCache (298)
[2019.11.15-18.57.37:176][ 36]LogModuleManager: Shutting down and abandoning module GeometryCacheEd (297)
[2019.11.15-18.57.37:176][ 36]LogModuleManager: Shutting down and abandoning module BackChannel (294)
[2019.11.15-18.57.37:176][ 36]LogModuleManager: Shutting down and abandoning module AutomationUtils (292)
[2019.11.15-18.57.37:176][ 36]LogModuleManager: Shutting down and abandoning module VariantManagerContent (290)
[2019.11.15-18.57.37:177][ 36]LogModuleManager: Shutting down and abandoning module CryptoKeysOpenSSL (288)
[2019.11.15-18.57.37:177][ 36]LogModuleManager: Shutting down and abandoning module CryptoKeys (286)
[2019.11.15-18.57.37:177][ 36]LogModuleManager: Shutting down and abandoning module VisualStudioSourceCodeAccess (284)
[2019.11.15-18.57.37:177][ 36]LogModuleManager: Shutting down and abandoning module HotReload (283)
[2019.11.15-18.57.37:177][ 36]LogModuleManager: Shutting down and abandoning module DirectoryWatcher (282)
[2019.11.15-18.57.37:177][ 36]LogModuleManager: Shutting down and abandoning module VisualStudioCodeSourceCodeAccess (278)
[2019.11.15-18.57.37:177][ 36]LogModuleManager: Shutting down and abandoning module UObjectPlugin (276)
[2019.11.15-18.57.37:177][ 36]LogModuleManager: Shutting down and abandoning module SubversionSourceControl (274)
[2019.11.15-18.57.37:177][ 36]LogModuleManager: Shutting down and abandoning module PerforceSourceControl (272)
[2019.11.15-18.57.37:177][ 36]LogModuleManager: Shutting down and abandoning module SourceControl (271)
[2019.11.15-18.57.37:177][ 36]LogModuleManager: Shutting down and abandoning module CLionSourceCodeAccess (268)
[2019.11.15-18.57.37:177][ 36]LogModuleManager: Shutting down and abandoning module ActorLayerUtilities (266)
[2019.11.15-18.57.37:177][ 36]LogModuleManager: Shutting down and abandoning module SignificanceManager (264)
[2019.11.15-18.57.37:177][ 36]LogModuleManager: Shutting down and abandoning module RuntimePhysXCooking (262)
[2019.11.15-18.57.37:177][ 36]LogModuleManager: Shutting down and abandoning module PhysXVehiclesEditor (260)
[2019.11.15-18.57.37:177][ 36]LogModuleManager: Shutting down and abandoning module LocationServicesBPLibrary (256)
[2019.11.15-18.57.37:177][ 36]LogModuleManager: Shutting down and abandoning module ActorSequence (254)
[2019.11.15-18.57.37:177][ 36]LogModuleManager: Shutting down and abandoning module UdpMessaging (252)
